2026-03-03 05:18:04.220 [info] Reading sessions from keychain...
2026-03-03 05:18:04.220 [info] Getting sessions for all scopes...
2026-03-03 05:18:06.734 [info] Got stored sessions!
2026-03-03 05:18:06.734 [info] Got 1 verified sessions.
2026-03-03 05:18:06.735 [info] Got 1 sessions for ...
2026-03-03 05:18:06.735 [info] Getting sessions for all scopes...
2026-03-03 05:18:06.735 [info] Got 1 sessions for ...
2026-03-03 05:18:06.735 [info] Getting sessions for all scopes...
2026-03-03 05:18:06.735 [info] Got 1 sessions for ...
2026-03-03 05:18:06.735 [info] Getting sessions for all scopes...
2026-03-03 05:18:06.735 [info] Got 1 sessions for ...
2026-03-03 05:18:06.735 [info] Getting sessions for all scopes...
2026-03-03 05:18:06.735 [info] Got 1 sessions for ...
2026-03-03 05:18:06.735 [info] Getting sessions for all scopes...
2026-03-03 05:18:06.735 [info] Got 1 sessions for ...
2026-03-03 05:18:06.735 [info] Getting sessions for all scopes...
2026-03-03 05:18:06.735 [info] Got 1 sessions for ...
2026-03-03 05:18:06.799 [info] Getting sessions for all scopes...
2026-03-03 05:18:06.799 [info] Got 1 sessions for ...
2026-03-03 05:18:06.991 [info] Getting sessions for read:user,repo,user:email,workflow...
2026-03-03 05:18:06.991 [info] Got 1 sessions for read:user,repo,user:email,workflow...
2026-03-03 05:18:07.237 [info] Getting sessions for all scopes...
2026-03-03 05:18:07.237 [info] Got 1 sessions for ...
2026-03-03 05:18:07.703 [info] Getting sessions for read:user,repo,user:email,workflow...
2026-03-03 05:18:07.703 [info] Got 1 sessions for read:user,repo,user:email,workflow...
2026-03-03 05:18:08.520 [info] Getting sessions for all scopes...
2026-03-03 05:18:08.520 [info] Got 1 sessions for ...
2026-03-03 05:18:08.717 [info] FetcherService: Electron fetch failed with status: 429 
2026-03-03 05:18:08.718 [info] Unable to resolve optional EDU details. Status: 429 
2026-03-03 05:18:08.787 [info] Getting sessions for all scopes...
2026-03-03 05:18:08.787 [info] Got 1 sessions for ...
2026-03-03 05:18:08.788 [info] Getting sessions for all scopes...
2026-03-03 05:18:08.788 [info] Got 1 sessions for ...
2026-03-03 05:18:08.842 [info] Getting sessions for read:user,repo,user:email,workflow...
2026-03-03 05:18:08.842 [info] Got 1 sessions for read:user,repo,user:email,workflow...
2026-03-03 05:18:09.040 [info] Getting sessions for all scopes...
2026-03-03 05:18:09.040 [info] Got 1 sessions for ...
2026-03-03 05:18:09.041 [info] Getting sessions for all scopes...
2026-03-03 05:18:09.041 [info] Got 1 sessions for ...
2026-03-03 05:18:09.053 [info] Getting sessions for read:user,repo,user:email,workflow...
2026-03-03 05:18:09.053 [info] Got 1 sessions for read:user,repo,user:email,workflow...
2026-03-03 05:18:09.075 [info] Getting sessions for all scopes...
2026-03-03 05:18:09.075 [info] Got 1 sessions for ...
2026-03-03 05:18:09.076 [info] Getting sessions for all scopes...
2026-03-03 05:18:09.076 [info] Got 1 sessions for ...
2026-03-03 05:18:09.250 [info] Getting sessions for all scopes...
2026-03-03 05:18:09.250 [info] Got 1 sessions for ...
2026-03-03 05:18:09.254 [info] Getting sessions for read:user,repo,user:email,workflow...
2026-03-03 05:18:09.254 [info] Got 1 sessions for read:user,repo,user:email,workflow...
2026-03-03 05:18:09.712 [info] Getting sessions for all scopes...
2026-03-03 05:18:09.712 [info] Got 1 sessions for ...
2026-03-03 05:18:09.713 [info] Getting sessions for read:user,repo,user:email,workflow...
2026-03-03 05:18:09.713 [info] Got 1 sessions for read:user,repo,user:email,workflow...
2026-03-03 05:57:34.068 [info] Getting sessions for all scopes...
2026-03-03 05:57:34.069 [info] Got 1 sessions for ...
2026-03-03 05:57:34.070 [info] Getting sessions for read:user,repo,user:email,workflow...
2026-03-03 05:57:34.070 [info] Got 1 sessions for read:user,repo,user:email,workflow...
2026-03-03 05:57:34.142 [info] Getting sessions for all scopes...
2026-03-03 05:57:34.142 [info] Got 1 sessions for ...
2026-03-03 05:57:34.142 [info] Getting sessions for all scopes...
2026-03-03 05:57:34.142 [info] Got 1 sessions for ...
2026-03-03 05:57:34.622 [info] Getting sessions for all scopes...
2026-03-03 05:57:34.622 [info] Got 1 sessions for ...
2026-03-03 05:57:34.639 [info] Getting sessions for all scopes...
2026-03-03 05:57:34.639 [info] Got 1 sessions for ...
2026-03-03 05:57:34.641 [info] Getting sessions for read:user,repo,user:email,workflow...
2026-03-03 05:57:34.641 [info] Got 1 sessions for read:user,repo,user:email,workflow...
2026-03-03 05:57:34.642 [info] Getting sessions for all scopes...
2026-03-03 05:57:34.642 [info] Got 1 sessions for ...
2026-03-03 05:57:34.643 [info] Getting sessions for read:user,repo,user:email,workflow...
2026-03-03 05:57:34.643 [info] Got 1 sessions for read:user,repo,user:email,workflow...
2026-03-03 05:57:35.076 [info] Getting sessions for all scopes...
2026-03-03 05:57:35.076 [info] Got 1 sessions for ...
2026-03-03 05:57:35.076 [info] Getting sessions for all scopes...
2026-03-03 05:57:35.076 [info] Got 1 sessions for ...
2026-03-03 05:57:35.096 [info] Getting sessions for read:user,repo,user:email,workflow...
2026-03-03 05:57:35.096 [info] Got 1 sessions for read:user,repo,user:email,workflow...
2026-03-03 05:57:35.101 [info] Getting sessions for all scopes...
2026-03-03 05:57:35.101 [info] Got 1 sessions for ...
2026-03-03 05:57:35.117 [info] Getting sessions for read:user,repo,user:email,workflow...
2026-03-03 05:57:35.117 [info] Got 1 sessions for read:user,repo,user:email,workflow...
2026-03-03 06:18:49.058 [info] Getting sessions for all scopes...
2026-03-03 06:18:49.058 [info] Got 1 sessions for ...
2026-03-03 06:18:49.060 [info] Getting sessions for read:user,repo,user:email,workflow...
2026-03-03 06:18:49.060 [info] Got 1 sessions for read:user,repo,user:email,workflow...
2026-03-03 06:18:49.448 [info] Getting sessions for all scopes...
2026-03-03 06:18:49.448 [info] Got 1 sessions for ...
2026-03-03 06:18:49.448 [info] Getting sessions for all scopes...
2026-03-03 06:18:49.449 [info] Got 1 sessions for ...
2026-03-03 06:18:49.450 [info] Getting sessions for read:user,repo,user:email,workflow...
2026-03-03 06:18:49.450 [info] Got 1 sessions for read:user,repo,user:email,workflow...
2026-03-03 06:18:49.455 [info] Getting sessions for all scopes...
2026-03-03 06:18:49.455 [info] Got 1 sessions for ...
2026-03-03 06:18:49.456 [info] Getting sessions for read:user,repo,user:email,workflow...
2026-03-03 06:18:49.456 [info] Got 1 sessions for read:user,repo,user:email,workflow...
2026-03-03 06:19:46.127 [info] Getting sessions for all scopes...
2026-03-03 06:19:46.127 [info] Got 1 sessions for ...
2026-03-03 06:19:46.128 [info] Getting sessions for read:user,repo,user:email,workflow...
2026-03-03 06:19:46.128 [info] Got 1 sessions for read:user,repo,user:email,workflow...
2026-03-03 06:28:02.844 [info] Getting sessions for all scopes...
2026-03-03 06:28:02.844 [info] Got 1 sessions for ...
2026-03-03 06:28:02.845 [info] Getting sessions for read:user,repo,user:email,workflow...
2026-03-03 06:28:02.845 [info] Got 1 sessions for read:user,repo,user:email,workflow...
