2026-02-28 05:10:00.038 [info] Reading sessions from keychain...
2026-02-28 05:10:00.038 [info] Getting sessions for all scopes...
2026-02-28 05:10:19.829 [info] Got 0 sessions for ...
2026-02-28 05:10:19.830 [info] Getting sessions for all scopes...
2026-02-28 05:10:19.830 [info] Got 0 sessions for ...
2026-02-28 05:10:19.830 [info] Getting sessions for all scopes...
2026-02-28 05:10:19.830 [info] Got 0 sessions for ...
2026-02-28 05:10:19.830 [info] Getting sessions for all scopes...
2026-02-28 05:10:19.830 [info] Got 0 sessions for ...
2026-02-28 05:10:19.867 [info] Getting sessions for all scopes...
2026-02-28 05:10:19.867 [info] Got 0 sessions for ...
2026-02-28 05:10:19.939 [info] Getting sessions for all scopes...
2026-02-28 05:10:19.939 [info] Got 0 sessions for ...
2026-02-28 06:16:20.967 [info] Getting sessions for all scopes...
2026-02-28 06:16:20.967 [info] Got 0 sessions for ...
2026-02-28 06:16:20.968 [info] Getting sessions for all scopes...
2026-02-28 06:16:20.968 [info] Got 0 sessions for ...
2026-02-28 06:16:21.040 [info] Getting sessions for user:email...
2026-02-28 06:16:21.040 [info] Got 0 sessions for user:email...
2026-02-28 06:16:21.040 [info] Getting sessions for read:user,repo,user:email,workflow...
2026-02-28 06:16:21.040 [info] Got 0 sessions for read:user,repo,user:email,workflow...
2026-02-28 06:16:21.183 [info] Getting sessions for all scopes...
2026-02-28 06:16:21.183 [info] Got 0 sessions for ...
2026-02-28 06:16:21.183 [info] Getting sessions for all scopes...
2026-02-28 06:16:21.183 [info] Got 0 sessions for ...
2026-02-28 06:16:21.183 [info] Getting sessions for all scopes...
2026-02-28 06:16:21.183 [info] Got 0 sessions for ...
2026-02-28 06:16:21.190 [info] Getting sessions for user:email...
2026-02-28 06:16:21.190 [info] Got 0 sessions for user:email...
2026-02-28 06:16:21.191 [info] Getting sessions for read:user,repo,user:email,workflow...
2026-02-28 06:16:21.191 [info] Got 0 sessions for read:user,repo,user:email,workflow...
2026-02-28 06:16:21.995 [info] Getting sessions for all scopes...
2026-02-28 06:16:21.995 [info] Got 0 sessions for ...
2026-02-28 06:16:21.995 [info] Getting sessions for all scopes...
2026-02-28 06:16:21.995 [info] Got 0 sessions for ...
2026-02-28 06:16:22.035 [info] Getting sessions for all scopes...
2026-02-28 06:16:22.035 [info] Got 0 sessions for ...
2026-02-28 06:16:22.039 [info] Getting sessions for all scopes...
2026-02-28 06:16:22.039 [info] Got 0 sessions for ...
2026-02-28 06:16:22.039 [info] Getting sessions for user:email...
2026-02-28 06:16:22.039 [info] Got 0 sessions for user:email...
2026-02-28 06:16:22.039 [info] Getting sessions for read:user,repo,user:email,workflow...
2026-02-28 06:16:22.039 [info] Got 0 sessions for read:user,repo,user:email,workflow...
2026-02-28 06:16:22.058 [info] Getting sessions for all scopes...
2026-02-28 06:16:22.058 [info] Got 0 sessions for ...
2026-02-28 06:16:22.066 [info] Getting sessions for all scopes...
2026-02-28 06:16:22.066 [info] Got 0 sessions for ...
2026-02-28 06:16:22.081 [info] Getting sessions for user:email...
2026-02-28 06:16:22.081 [info] Got 0 sessions for user:email...
2026-02-28 06:16:22.082 [info] Getting sessions for read:user,repo,user:email,workflow...
2026-02-28 06:16:22.082 [info] Got 0 sessions for read:user,repo,user:email,workflow...
2026-02-28 06:16:23.705 [info] Getting sessions for all scopes...
2026-02-28 06:16:23.705 [info] Got 0 sessions for ...
2026-02-28 06:16:23.706 [info] Getting sessions for all scopes...
2026-02-28 06:16:23.706 [info] Got 0 sessions for ...
2026-02-28 06:16:46.864 [info] Logging in with 'any' account...
2026-02-28 06:16:46.864 [info] Logging in for the following scopes: read:user repo user:email workflow
2026-02-28 06:16:46.935 [info] Trying with local server... (read:user repo user:email workflow)
2026-02-28 06:17:55.637 [info] Exchanging code for token...
2026-02-28 06:17:55.917 [info] Token exchange success!
2026-02-28 06:17:55.918 [info] Getting user info...
2026-02-28 06:17:56.250 [info] Got account info!
2026-02-28 06:17:56.250 [info] Storing 1 sessions...
2026-02-28 06:17:56.253 [info] Reading sessions from keychain...
2026-02-28 06:17:56.253 [info] Stored 1 sessions!
2026-02-28 06:17:56.253 [info] Login success!
2026-02-28 06:17:56.256 [info] Got stored sessions!
2026-02-28 06:17:56.256 [info] Got 1 verified sessions.
2026-02-28 06:17:56.257 [info] Getting sessions for all scopes...
2026-02-28 06:17:56.257 [info] Got 1 sessions for ...
2026-02-28 06:17:56.257 [info] Getting sessions for all scopes...
2026-02-28 06:17:56.257 [info] Got 1 sessions for ...
2026-02-28 06:17:56.260 [info] Getting sessions for read:user,repo,user:email,workflow...
2026-02-28 06:17:56.260 [info] Got 1 sessions for read:user,repo,user:email,workflow...
2026-02-28 06:17:56.268 [info] Getting sessions for all scopes...
2026-02-28 06:17:56.268 [info] Got 1 sessions for ...
2026-02-28 06:17:56.269 [info] Getting sessions for read:user,repo,user:email,workflow...
2026-02-28 06:17:56.269 [info] Got 1 sessions for read:user,repo,user:email,workflow...
2026-02-28 06:17:56.355 [info] Getting sessions for all scopes...
2026-02-28 06:17:56.355 [info] Got 1 sessions for ...
2026-02-28 06:17:56.356 [info] Getting sessions for all scopes...
2026-02-28 06:17:56.356 [info] Got 1 sessions for ...
2026-02-28 06:17:56.507 [info] FetcherService: Electron fetch failed with status: 429 
2026-02-28 06:17:56.507 [info] Unable to resolve optional EDU details. Status: 429 
2026-02-28 06:17:56.721 [info] Getting sessions for all scopes...
2026-02-28 06:17:56.721 [info] Got 1 sessions for ...
2026-02-28 06:17:56.722 [info] Getting sessions for all scopes...
2026-02-28 06:17:56.722 [info] Got 1 sessions for ...
2026-02-28 06:17:56.723 [info] Getting sessions for read:user,repo,user:email,workflow...
2026-02-28 06:17:56.723 [info] Got 1 sessions for read:user,repo,user:email,workflow...
2026-02-28 06:17:56.731 [info] Getting sessions for all scopes...
2026-02-28 06:17:56.731 [info] Got 1 sessions for ...
2026-02-28 06:17:56.731 [info] Getting sessions for all scopes...
2026-02-28 06:17:56.731 [info] Got 1 sessions for ...
2026-02-28 06:17:56.732 [info] Getting sessions for read:user,repo,user:email,workflow...
2026-02-28 06:17:56.732 [info] Got 1 sessions for read:user,repo,user:email,workflow...
2026-02-28 06:17:56.916 [info] Getting sessions for all scopes...
2026-02-28 06:17:56.916 [info] Got 1 sessions for ...
2026-02-28 06:17:56.917 [info] Getting sessions for read:user,repo,user:email,workflow...
2026-02-28 06:17:56.917 [info] Got 1 sessions for read:user,repo,user:email,workflow...
2026-02-28 06:17:57.411 [info] Getting sessions for all scopes...
2026-02-28 06:17:57.411 [info] Got 1 sessions for ...
2026-02-28 06:17:57.412 [info] Getting sessions for read:user,repo,user:email,workflow...
2026-02-28 06:17:57.412 [info] Got 1 sessions for read:user,repo,user:email,workflow...
2026-02-28 06:18:10.752 [info] Reading sessions from keychain...
2026-02-28 06:18:10.752 [info] Got stored sessions!
2026-02-28 06:18:10.752 [info] Got 1 verified sessions.
2026-02-28 06:18:10.752 [info] Getting sessions for all scopes...
2026-02-28 06:18:10.752 [info] Got 1 sessions for ...
2026-02-28 06:18:10.752 [info] Getting sessions for all scopes...
2026-02-28 06:18:10.752 [info] Got 1 sessions for ...
2026-02-28 06:18:10.752 [info] Getting sessions for all scopes...
2026-02-28 06:18:10.752 [info] Got 1 sessions for ...
2026-02-28 06:18:10.752 [info] Getting sessions for all scopes...
2026-02-28 06:18:10.752 [info] Got 1 sessions for ...
2026-02-28 06:18:10.752 [info] Getting sessions for all scopes...
2026-02-28 06:18:10.752 [info] Got 1 sessions for ...
2026-02-28 06:18:10.752 [info] Getting sessions for all scopes...
2026-02-28 06:18:10.752 [info] Got 1 sessions for ...
2026-02-28 06:18:10.752 [info] Getting sessions for all scopes...
2026-02-28 06:18:10.752 [info] Got 1 sessions for ...
2026-02-28 06:18:12.100 [info] Getting sessions for read:user,repo,user:email,workflow...
2026-02-28 06:18:12.100 [info] Got 1 sessions for read:user,repo,user:email,workflow...
2026-02-28 06:18:12.143 [info] Getting sessions for all scopes...
2026-02-28 06:18:12.143 [info] Got 1 sessions for ...
2026-02-28 06:18:12.497 [info] Getting sessions for all scopes...
2026-02-28 06:18:12.497 [info] Got 1 sessions for ...
2026-02-28 06:18:12.638 [info] FetcherService: Electron fetch failed with status: 429 
2026-02-28 06:18:12.639 [info] Unable to resolve optional EDU details. Status: 429 
2026-02-28 06:18:12.655 [info] Getting sessions for read:user,repo,user:email,workflow...
2026-02-28 06:18:12.655 [info] Got 1 sessions for read:user,repo,user:email,workflow...
2026-02-28 06:18:13.117 [info] Getting sessions for all scopes...
2026-02-28 06:18:13.117 [info] Got 1 sessions for ...
2026-02-28 06:18:13.214 [info] Getting sessions for all scopes...
2026-02-28 06:18:13.214 [info] Got 1 sessions for ...
2026-02-28 06:18:13.262 [info] Getting sessions for read:user,repo,user:email,workflow...
2026-02-28 06:18:13.262 [info] Got 1 sessions for read:user,repo,user:email,workflow...
2026-02-28 06:18:13.425 [info] Getting sessions for all scopes...
2026-02-28 06:18:13.425 [info] Got 1 sessions for ...
2026-02-28 06:18:13.435 [info] Getting sessions for all scopes...
2026-02-28 06:18:13.435 [info] Got 1 sessions for ...
2026-02-28 06:18:13.463 [info] Getting sessions for read:user,repo,user:email,workflow...
2026-02-28 06:18:13.463 [info] Got 1 sessions for read:user,repo,user:email,workflow...
2026-02-28 06:18:13.504 [info] Getting sessions for all scopes...
2026-02-28 06:18:13.504 [info] Got 1 sessions for ...
2026-02-28 06:18:13.544 [info] Getting sessions for all scopes...
2026-02-28 06:18:13.544 [info] Got 1 sessions for ...
2026-02-28 06:18:13.705 [info] Getting sessions for all scopes...
2026-02-28 06:18:13.705 [info] Got 1 sessions for ...
2026-02-28 06:18:13.725 [info] Getting sessions for read:user,repo,user:email,workflow...
2026-02-28 06:18:13.725 [info] Got 1 sessions for read:user,repo,user:email,workflow...
2026-02-28 06:18:13.960 [info] Getting sessions for all scopes...
2026-02-28 06:18:13.960 [info] Got 1 sessions for ...
2026-02-28 06:18:14.056 [info] Getting sessions for all scopes...
2026-02-28 06:18:14.056 [info] Got 1 sessions for ...
2026-02-28 06:18:14.057 [info] Getting sessions for read:user,repo,user:email,workflow...
2026-02-28 06:18:14.057 [info] Got 1 sessions for read:user,repo,user:email,workflow...
2026-02-28 06:19:16.511 [info] Getting sessions for all scopes...
2026-02-28 06:19:16.511 [info] Got 1 sessions for ...
2026-02-28 06:19:16.511 [info] Getting sessions for all scopes...
2026-02-28 06:19:16.511 [info] Got 1 sessions for ...
2026-02-28 06:39:29.290 [info] Getting sessions for all scopes...
2026-02-28 06:39:29.290 [info] Got 1 sessions for ...
2026-02-28 06:39:29.291 [info] Getting sessions for read:user,repo,user:email,workflow...
2026-02-28 06:39:29.291 [info] Got 1 sessions for read:user,repo,user:email,workflow...
2026-02-28 06:39:29.776 [info] Getting sessions for all scopes...
2026-02-28 06:39:29.776 [info] Got 1 sessions for ...
2026-02-28 06:39:29.777 [info] Getting sessions for all scopes...
2026-02-28 06:39:29.777 [info] Got 1 sessions for ...
2026-02-28 06:39:29.778 [info] Getting sessions for read:user,repo,user:email,workflow...
2026-02-28 06:39:29.778 [info] Got 1 sessions for read:user,repo,user:email,workflow...
2026-02-28 06:39:29.784 [info] Getting sessions for all scopes...
2026-02-28 06:39:29.784 [info] Got 1 sessions for ...
2026-02-28 06:39:29.785 [info] Getting sessions for read:user,repo,user:email,workflow...
2026-02-28 06:39:29.785 [info] Got 1 sessions for read:user,repo,user:email,workflow...
2026-02-28 06:48:46.348 [info] Getting sessions for all scopes...
2026-02-28 06:48:46.348 [info] Got 1 sessions for ...
2026-02-28 06:48:46.349 [info] Getting sessions for read:user,repo,user:email,workflow...
2026-02-28 06:48:46.349 [info] Got 1 sessions for read:user,repo,user:email,workflow...
2026-02-28 06:49:16.628 [info] Getting sessions for all scopes...
2026-02-28 06:49:16.628 [info] Got 1 sessions for ...
2026-02-28 06:49:16.995 [info] Getting sessions for read:user,repo,user:email,workflow...
2026-02-28 06:49:16.995 [info] Got 1 sessions for read:user,repo,user:email,workflow...
2026-02-28 07:00:35.480 [info] Getting sessions for all scopes...
2026-02-28 07:00:35.480 [info] Got 1 sessions for ...
2026-02-28 07:00:35.485 [info] Getting sessions for read:user,repo,user:email,workflow...
2026-02-28 07:00:35.485 [info] Got 1 sessions for read:user,repo,user:email,workflow...
2026-02-28 07:00:36.106 [info] Getting sessions for all scopes...
2026-02-28 07:00:36.106 [info] Got 1 sessions for ...
2026-02-28 07:00:36.106 [info] Getting sessions for all scopes...
2026-02-28 07:00:36.106 [info] Got 1 sessions for ...
2026-02-28 07:00:36.107 [info] Getting sessions for read:user,repo,user:email,workflow...
2026-02-28 07:00:36.107 [info] Got 1 sessions for read:user,repo,user:email,workflow...
2026-02-28 07:00:36.112 [info] Getting sessions for all scopes...
2026-02-28 07:00:36.112 [info] Got 1 sessions for ...
2026-02-28 07:00:36.113 [info] Getting sessions for read:user,repo,user:email,workflow...
2026-02-28 07:00:36.113 [info] Got 1 sessions for read:user,repo,user:email,workflow...
2026-02-28 07:02:29.367 [info] Getting sessions for all scopes...
2026-02-28 07:02:29.367 [info] Got 1 sessions for ...
2026-02-28 07:02:29.368 [info] Getting sessions for read:user,repo,user:email,workflow...
2026-02-28 07:02:29.368 [info] Got 1 sessions for read:user,repo,user:email,workflow...
2026-02-28 07:55:36.005 [info] Getting sessions for all scopes...
2026-02-28 07:55:36.005 [info] Got 1 sessions for ...
2026-02-28 07:55:36.006 [info] Getting sessions for read:user,repo,user:email,workflow...
2026-02-28 07:55:36.006 [info] Got 1 sessions for read:user,repo,user:email,workflow...
2026-02-28 07:55:36.563 [info] Getting sessions for all scopes...
2026-02-28 07:55:36.564 [info] Got 1 sessions for ...
2026-02-28 07:55:36.564 [info] Getting sessions for all scopes...
2026-02-28 07:55:36.564 [info] Got 1 sessions for ...
2026-02-28 07:55:36.565 [info] Getting sessions for read:user,repo,user:email,workflow...
2026-02-28 07:55:36.565 [info] Got 1 sessions for read:user,repo,user:email,workflow...
2026-02-28 07:55:36.569 [info] Getting sessions for all scopes...
2026-02-28 07:55:36.569 [info] Got 1 sessions for ...
2026-02-28 07:55:36.570 [info] Getting sessions for read:user,repo,user:email,workflow...
2026-02-28 07:55:36.570 [info] Got 1 sessions for read:user,repo,user:email,workflow...
2026-02-28 07:56:19.963 [info] Getting sessions for all scopes...
2026-02-28 07:56:19.963 [info] Got 1 sessions for ...
2026-02-28 07:56:19.965 [info] Getting sessions for read:user,repo,user:email,workflow...
2026-02-28 07:56:19.965 [info] Got 1 sessions for read:user,repo,user:email,workflow...
2026-02-28 08:16:43.924 [info] Getting sessions for all scopes...
2026-02-28 08:16:43.924 [info] Got 1 sessions for ...
2026-02-28 08:16:43.925 [info] Getting sessions for read:user,repo,user:email,workflow...
2026-02-28 08:16:43.925 [info] Got 1 sessions for read:user,repo,user:email,workflow...
2026-02-28 08:16:44.395 [info] Getting sessions for all scopes...
2026-02-28 08:16:44.395 [info] Got 1 sessions for ...
2026-02-28 08:16:44.395 [info] Getting sessions for all scopes...
2026-02-28 08:16:44.395 [info] Got 1 sessions for ...
2026-02-28 08:16:44.398 [info] Getting sessions for read:user,repo,user:email,workflow...
2026-02-28 08:16:44.398 [info] Got 1 sessions for read:user,repo,user:email,workflow...
2026-02-28 08:16:44.403 [info] Getting sessions for all scopes...
2026-02-28 08:16:44.403 [info] Got 1 sessions for ...
2026-02-28 08:16:44.405 [info] Getting sessions for read:user,repo,user:email,workflow...
2026-02-28 08:16:44.405 [info] Got 1 sessions for read:user,repo,user:email,workflow...
2026-02-28 08:19:17.113 [info] Getting sessions for all scopes...
2026-02-28 08:19:17.113 [info] Got 1 sessions for ...
2026-02-28 08:19:17.113 [info] Getting sessions for all scopes...
2026-02-28 08:19:17.114 [info] Got 1 sessions for ...
2026-02-28 08:22:49.567 [info] Getting sessions for all scopes...
2026-02-28 08:22:49.567 [info] Got 1 sessions for ...
2026-02-28 08:22:49.568 [info] Getting sessions for all scopes...
2026-02-28 08:22:49.568 [info] Got 1 sessions for ...
2026-02-28 08:22:50.014 [info] Getting sessions for all scopes...
2026-02-28 08:22:50.014 [info] Got 1 sessions for ...
2026-02-28 08:22:50.015 [info] Getting sessions for all scopes...
2026-02-28 08:22:50.015 [info] Got 1 sessions for ...
2026-02-28 08:22:51.126 [info] Getting sessions for all scopes...
2026-02-28 08:22:51.126 [info] Got 1 sessions for ...
2026-02-28 08:22:51.127 [info] Getting sessions for all scopes...
2026-02-28 08:22:51.127 [info] Got 1 sessions for ...
2026-02-28 08:22:51.783 [info] Getting sessions for all scopes...
2026-02-28 08:22:51.783 [info] Got 1 sessions for ...
2026-02-28 08:22:51.784 [info] Getting sessions for all scopes...
2026-02-28 08:22:51.784 [info] Got 1 sessions for ...
2026-02-28 08:22:52.102 [info] Getting sessions for all scopes...
2026-02-28 08:22:52.102 [info] Got 1 sessions for ...
2026-02-28 08:22:52.103 [info] Getting sessions for all scopes...
2026-02-28 08:22:52.103 [info] Got 1 sessions for ...
2026-02-28 09:09:25.937 [info] Getting sessions for all scopes...
2026-02-28 09:09:25.937 [info] Got 1 sessions for ...
2026-02-28 09:09:25.939 [info] Getting sessions for read:user,repo,user:email,workflow...
2026-02-28 09:09:25.939 [info] Got 1 sessions for read:user,repo,user:email,workflow...
2026-02-28 09:09:26.499 [info] Getting sessions for all scopes...
2026-02-28 09:09:26.499 [info] Got 1 sessions for ...
2026-02-28 09:09:26.500 [info] Getting sessions for all scopes...
2026-02-28 09:09:26.501 [info] Got 1 sessions for ...
2026-02-28 09:09:26.506 [info] Getting sessions for read:user,repo,user:email,workflow...
2026-02-28 09:09:26.506 [info] Got 1 sessions for read:user,repo,user:email,workflow...
2026-02-28 09:09:26.527 [info] Getting sessions for all scopes...
2026-02-28 09:09:26.528 [info] Got 1 sessions for ...
2026-02-28 09:09:26.530 [info] Getting sessions for read:user,repo,user:email,workflow...
2026-02-28 09:09:26.531 [info] Got 1 sessions for read:user,repo,user:email,workflow...
2026-02-28 09:15:29.251 [info] Getting sessions for all scopes...
2026-02-28 09:15:29.251 [info] Got 1 sessions for ...
2026-02-28 09:15:29.253 [info] Getting sessions for read:user,repo,user:email,workflow...
2026-02-28 09:15:29.253 [info] Got 1 sessions for read:user,repo,user:email,workflow...
2026-02-28 09:34:39.822 [info] Getting sessions for all scopes...
2026-02-28 09:34:39.822 [info] Got 1 sessions for ...
2026-02-28 09:34:39.822 [info] Getting sessions for read:user,repo,user:email,workflow...
2026-02-28 09:34:39.822 [info] Got 1 sessions for read:user,repo,user:email,workflow...
2026-02-28 09:34:40.410 [info] Getting sessions for all scopes...
2026-02-28 09:34:40.410 [info] Got 1 sessions for ...
2026-02-28 09:34:40.410 [info] Getting sessions for all scopes...
2026-02-28 09:34:40.410 [info] Got 1 sessions for ...
2026-02-28 09:34:40.411 [info] Getting sessions for read:user,repo,user:email,workflow...
2026-02-28 09:34:40.411 [info] Got 1 sessions for read:user,repo,user:email,workflow...
2026-02-28 09:34:40.415 [info] Getting sessions for all scopes...
2026-02-28 09:34:40.415 [info] Got 1 sessions for ...
2026-02-28 09:34:40.416 [info] Getting sessions for read:user,repo,user:email,workflow...
2026-02-28 09:34:40.416 [info] Got 1 sessions for read:user,repo,user:email,workflow...
