
=== 755252 ===
  CZ bbox voxels (hz,hy,hx)=(2,4,4); n=835
  CZ image features in 0.9s  nan rows=0/835
  HCR bbox voxels (hz,hy,hx)=(2,3,3); n=30804 level=2 xy_um=0.987
  HCR image features in 54.8s  nan rows=0/30804
  P1 putatives in 55.5s  K=5  n_cz=835 n_hcr=30804
  GT in top-5: 102/639
subject       feature      auc
 755252       dist_um 0.352941
 755252           cos 0.600490
 755252       cz_mean 0.500000
 755252        cz_std 0.500000
 755252        cz_p90 0.500000
 755252        cz_lap 0.500000
 755252      hcr_mean 0.747549
 755252       hcr_std 0.735294
 755252       hcr_p90 0.740196
 755252       hcr_lap 0.735294
 755252 abs_diff_mean 0.252451
 755252  abs_diff_std 0.274510
 755252  abs_diff_p90 0.259804
 755252  abs_diff_lap 0.264706
  baseline (z_dist+z_cos)                       AUC=0.684  n=510
  full (baseline + image feats)                 AUC=0.808  n=510

=== SUMMARY — within-CZ per-feature AUC ===
subject          755252
feature                
abs_diff_lap   0.264706
abs_diff_mean  0.252451
abs_diff_p90   0.259804
abs_diff_std   0.274510
cos            0.600490
cz_lap         0.500000
cz_mean        0.500000
cz_p90         0.500000
cz_std         0.500000
dist_um        0.352941
hcr_lap        0.735294
hcr_mean       0.747549
hcr_p90        0.740196
hcr_std        0.735294
