
=== 788406 ===
  hcr_img in 49.4s  n=17427
  hcr_quality range: [-2.31, 44.69]  mean=-0.00
  beta=  0.0  K=5=0.487  K=20=0.615  K=50=0.757  K=100=0.954  K=500=0.996  p50=5  p95=97
  beta=  5.0  K=5=0.465  K=20=0.638  K=50=0.784  K=100=0.961  K=500=0.996  p50=6  p95=96
  beta= 15.0  K=5=0.136  K=20=0.412  K=50=0.682  K=100=0.928  K=500=0.996  p50=27  p95=106
  beta= 30.0  K=5=0.024  K=20=0.085  K=50=0.231  K=100=0.449  K=500=0.996  p50=113  p95=231
  beta= 60.0  K=5=0.005  K=20=0.019  K=50=0.043  K=100=0.093  K=500=0.635  p50=412  p95=706

=== 755252 ===
  hcr_img in 37.3s  n=30804
  hcr_quality range: [-1.68, 72.46]  mean=0.00
  beta=  0.0  K=5=0.160  K=20=0.280  K=50=0.473  K=100=0.673  K=500=0.844  p50=48  p95=11998
  beta=  5.0  K=5=0.266  K=20=0.429  K=50=0.593  K=100=0.731  K=500=0.844  p50=26  p95=11572
  beta= 15.0  K=5=0.036  K=20=0.147  K=50=0.336  K=100=0.584  K=500=0.844  p50=73  p95=12059
  beta= 30.0  K=5=0.005  K=20=0.019  K=50=0.070  K=100=0.156  K=500=0.773  p50=270  p95=12636
  beta= 60.0  K=5=0.000  K=20=0.005  K=50=0.019  K=100=0.052  K=500=0.319  p50=673  p95=12651

=== 767022 ===
  hcr_img in 31.4s  n=14239
  hcr_quality range: [-1.78, 61.00]  mean=0.00
  beta=  0.0  K=5=0.241  K=20=0.480  K=50=0.591  K=100=0.762  K=500=0.858  p50=18  p95=5034
  beta=  5.0  K=5=0.211  K=20=0.507  K=50=0.607  K=100=0.777  K=500=0.859  p50=17  p95=5131
  beta= 15.0  K=5=0.025  K=20=0.140  K=50=0.439  K=100=0.692  K=500=0.859  p50=53  p95=5029
  beta= 30.0  K=5=0.009  K=20=0.023  K=50=0.079  K=100=0.240  K=500=0.861  p50=155  p95=5189
  beta= 60.0  K=5=0.004  K=20=0.011  K=50=0.028  K=100=0.068  K=500=0.671  p50=417  p95=5009

=== 782149 ===
  hcr_img in 30.4s  n=3831
  hcr_quality range: [-3.41, 27.76]  mean=-0.00
  beta=  0.0  K=5=0.000  K=20=0.000  K=50=0.000  K=100=0.000  K=500=0.000  p50=1878  p95=2561
  beta=  5.0  K=5=0.000  K=20=0.000  K=50=0.000  K=100=0.000  K=500=0.000  p50=1852  p95=2546
  beta= 15.0  K=5=0.000  K=20=0.000  K=50=0.000  K=100=0.000  K=500=0.000  p50=1826  p95=2570
  beta= 30.0  K=5=0.000  K=20=0.000  K=50=0.000  K=100=0.000  K=500=0.000  p50=1778  p95=2562
  beta= 60.0  K=5=0.000  K=20=0.000  K=50=0.000  K=100=0.007  K=500=0.043  p50=1709  p95=2674

wrote /root/capsule/code/full_automatic_execution_01/sessions/46_cz_image_features/topk_shift.csv

=== SUMMARY — GT-in-top-20 as a function of beta (HCR-quality weight) ===
subject    755252    767022  782149    788406
beta                                         
0.0      0.280125  0.480454     0.0  0.614994
5.0      0.428795  0.506936     0.0  0.637865
15.0     0.147105  0.139975     0.0  0.411690
30.0     0.018779  0.022699     0.0  0.085133
60.0     0.004695  0.011349     0.0  0.019060

=== SUMMARY — GT-in-top-5 (baseline) as function of beta ===
subject    755252    767022  782149    788406
beta                                         
0.0      0.159624  0.240858     0.0  0.486658
5.0      0.266041  0.210593     0.0  0.465057
15.0     0.035994  0.025221     0.0  0.135959
30.0     0.004695  0.008827     0.0  0.024142
60.0     0.000000  0.003783     0.0  0.005083
