2026-02-27 22:47:09.369 [info] [main] Log level: Info
2026-02-27 22:47:09.369 [info] [main] Validating found git in: "git"
2026-02-27 22:47:09.369 [info] [main] Using git "2.34.1" from "git"
2026-02-27 22:47:09.369 [info] [Model][doInitialScan] Initial repository scan started
2026-02-27 22:47:09.369 [info] > git rev-parse --show-toplevel [241ms]
2026-02-27 22:47:09.370 [info] > git rev-parse --git-dir --git-common-dir --show-superproject-working-tree [4ms]
2026-02-27 22:47:09.973 [info] [Model][openRepository] Opened repository (path): /root/capsule
2026-02-27 22:47:09.973 [info] [Model][openRepository] Opened repository (real path): /root/capsule
2026-02-27 22:47:09.973 [info] [Model][openRepository] Opened repository (kind): repository
2026-02-27 22:47:10.172 [info] > git rev-parse --show-toplevel [156ms]
2026-02-27 22:47:10.172 [info] > git config --get commit.template [161ms]
2026-02-27 22:47:10.223 [info] > git rev-parse --show-toplevel [16ms]
2026-02-27 22:47:10.230 [info] > git for-each-ref --format=%(refname)%00%(upstream:short)%00%(objectname)%00%(upstream:track)%00%(upstream:remotename)%00%(upstream:remoteref) refs/heads/master refs/remotes/master [16ms]
2026-02-27 22:47:10.232 [info] > git rev-parse --show-toplevel [4ms]
2026-02-27 22:47:10.250 [info] > git rev-parse --show-toplevel [14ms]
2026-02-27 22:47:10.264 [info] > git for-each-ref --sort -committerdate --format %(refname)%00%(objectname)%00%(*objectname) [16ms]
2026-02-27 22:47:10.270 [info] > git rev-parse --show-toplevel [15ms]
2026-02-27 22:47:10.286 [info] > git rev-parse --show-toplevel [4ms]
2026-02-27 22:47:10.347 [info] > git rev-parse --show-toplevel [29ms]
2026-02-27 22:47:10.402 [info] > git rev-parse --show-toplevel [46ms]
2026-02-27 22:47:10.437 [info] > git rev-parse --show-toplevel [2ms]
2026-02-27 22:47:10.486 [info] > git check-ignore -v -z --stdin [35ms]
2026-02-27 22:47:10.487 [info] > git rev-parse --show-toplevel [40ms]
2026-02-27 22:47:10.502 [info] > git status -z -uall [259ms]
2026-02-27 22:47:10.502 [info] > git rev-parse --show-toplevel [9ms]
2026-02-27 22:47:10.535 [info] > git for-each-ref --format=%(refname)%00%(upstream:short)%00%(objectname)%00%(upstream:track)%00%(upstream:remotename)%00%(upstream:remoteref) refs/heads/master refs/remotes/master [15ms]
2026-02-27 22:47:10.542 [info] > git config --get --local branch.master.vscode-merge-base [2ms]
2026-02-27 22:47:10.542 [warning] [Git][config] git config failed: Failed to execute git
2026-02-27 22:47:10.546 [info] > git config --get commit.template [12ms]
2026-02-27 22:47:10.547 [info] > git rev-parse --show-toplevel [19ms]
2026-02-27 22:47:10.556 [info] > git reflog master --grep-reflog=branch: Created from *. [10ms]
2026-02-27 22:47:10.561 [info] > git for-each-ref --format=%(refname)%00%(upstream:short)%00%(objectname)%00%(upstream:track)%00%(upstream:remotename)%00%(upstream:remoteref) refs/heads/master refs/remotes/master [6ms]
2026-02-27 22:47:10.561 [info] > git rev-parse --show-toplevel [11ms]
2026-02-27 22:47:10.563 [info] [Model][doInitialScan] Initial repository scan completed - repositories (1), closed repositories (0), parent repositories (0), unsafe repositories (0)
2026-02-27 22:47:10.576 [info] > git show --textconv :environment/postInstall.full [8ms]
2026-02-27 22:47:10.576 [info] > git ls-files --stage -- environment/postInstall.full [3ms]
2026-02-27 22:47:10.581 [info] > git symbolic-ref --short refs/remotes/origin/HEAD [20ms]
2026-02-27 22:47:10.588 [info] > git for-each-ref --format=%(refname)%00%(upstream:short)%00%(objectname)%00%(upstream:track)%00%(upstream:remotename)%00%(upstream:remoteref) refs/heads/origin/master refs/remotes/origin/master [2ms]
2026-02-27 22:47:10.593 [info] > git cat-file -s 4a5f620e0e1ea0c6551c37c3f4419b7d04546de7 [12ms]
2026-02-27 22:47:10.617 [info] > git for-each-ref --sort -committerdate --format %(refname)%00%(objectname)%00%(*objectname) [14ms]
2026-02-27 22:47:10.617 [info] > git config --add --local branch.master.vscode-merge-base origin/master [25ms]
2026-02-27 22:47:10.624 [info] > git status -z -uall [26ms] (cancelled)
2026-02-27 22:47:10.629 [info] > git config --get commit.template [6ms]
2026-02-27 22:47:10.630 [info] > git for-each-ref --format=%(refname)%00%(upstream:short)%00%(objectname)%00%(upstream:track)%00%(upstream:remotename)%00%(upstream:remoteref) refs/heads/master refs/remotes/master [1ms]
2026-02-27 22:47:10.643 [info] > git for-each-ref --sort -committerdate --format %(refname)%00%(objectname)%00%(*objectname) [2ms]
2026-02-27 22:47:10.708 [info] > git blame --root --incremental 4dbc9ae08cf00fc0814ed23ba854b0db0a4e3d7e -- environment/postInstall.full [44ms]
2026-02-27 22:47:10.728 [info] > git check-ignore -v -z --stdin [7ms]
2026-02-27 22:47:10.843 [info] > git check-ignore -v -z --stdin [1ms]
2026-02-27 22:47:10.865 [info] > git status -z -uall [230ms]
2026-02-27 22:47:10.881 [info] > git merge-base refs/heads/master refs/remotes/origin/master [6ms]
2026-02-27 22:47:10.890 [info] > git diff --raw --numstat --diff-filter=ADMR -z --find-renames=50% 4dbc9ae08cf00fc0814ed23ba854b0db0a4e3d7e...refs/remotes/origin/master -- [3ms]
2026-02-27 22:47:10.890 [info] > git merge-base refs/heads/master refs/remotes/origin/master [9ms]
2026-02-27 22:47:10.897 [info] > git diff --raw --numstat --diff-filter=ADMR -z --find-renames=50% 4dbc9ae08cf00fc0814ed23ba854b0db0a4e3d7e...refs/remotes/origin/master -- [1ms]
2026-02-27 22:47:11.188 [info] > git check-ignore -v -z --stdin [2ms]
2026-02-27 22:47:14.774 [info] > git config --get commit.template [14ms]
2026-02-27 22:47:14.780 [info] > git for-each-ref --format=%(refname)%00%(upstream:short)%00%(objectname)%00%(upstream:track)%00%(upstream:remotename)%00%(upstream:remoteref) refs/heads/master refs/remotes/master [8ms]
2026-02-27 22:47:14.831 [info] > git for-each-ref --sort -committerdate --format %(refname)%00%(objectname)%00%(*objectname) [2ms]
2026-02-27 22:47:15.104 [info] > git status -z -uall [306ms]
2026-02-27 22:47:15.442 [info] > git check-ignore -v -z --stdin [2ms]
2026-02-27 22:47:25.150 [info] > git config --get commit.template [7ms]
2026-02-27 22:47:25.150 [info] > git for-each-ref --format=%(refname)%00%(upstream:short)%00%(objectname)%00%(upstream:track)%00%(upstream:remotename)%00%(upstream:remoteref) refs/heads/master refs/remotes/master [1ms]
2026-02-27 22:47:25.163 [info] > git for-each-ref --sort -committerdate --format %(refname)%00%(objectname)%00%(*objectname) [1ms]
2026-02-27 22:47:25.384 [info] > git status -z -uall [228ms]
2026-02-27 22:47:25.705 [info] > git check-ignore -v -z --stdin [2ms]
2026-02-27 22:47:31.266 [info] > git config --get commit.template [6ms]
2026-02-27 22:47:31.267 [info] > git for-each-ref --format=%(refname)%00%(upstream:short)%00%(objectname)%00%(upstream:track)%00%(upstream:remotename)%00%(upstream:remoteref) refs/heads/master refs/remotes/master [1ms]
2026-02-27 22:47:31.281 [info] > git for-each-ref --sort -committerdate --format %(refname)%00%(objectname)%00%(*objectname) [1ms]
2026-02-27 22:47:31.500 [info] > git status -z -uall [227ms]
2026-02-27 22:47:31.820 [info] > git check-ignore -v -z --stdin [1ms]
2026-02-27 22:47:36.520 [info] > git config --get commit.template [8ms]
2026-02-27 22:47:36.520 [info] > git for-each-ref --format=%(refname)%00%(upstream:short)%00%(objectname)%00%(upstream:track)%00%(upstream:remotename)%00%(upstream:remoteref) refs/heads/master refs/remotes/master [1ms]
2026-02-27 22:47:36.534 [info] > git for-each-ref --sort -committerdate --format %(refname)%00%(objectname)%00%(*objectname) [1ms]
2026-02-27 22:47:36.754 [info] > git status -z -uall [227ms]
2026-02-27 22:47:37.075 [info] > git check-ignore -v -z --stdin [1ms]
2026-02-27 22:47:41.771 [info] > git config --get commit.template [7ms]
2026-02-27 22:47:41.772 [info] > git for-each-ref --format=%(refname)%00%(upstream:short)%00%(objectname)%00%(upstream:track)%00%(upstream:remotename)%00%(upstream:remoteref) refs/heads/master refs/remotes/master [1ms]
2026-02-27 22:47:41.783 [info] > git for-each-ref --sort -committerdate --format %(refname)%00%(objectname)%00%(*objectname) [1ms]
2026-02-27 22:47:41.801 [info] > git check-ignore -v -z --stdin [2ms]
2026-02-27 22:47:42.006 [info] > git status -z -uall [228ms]
2026-02-27 22:47:47.024 [info] > git config --get commit.template [8ms]
2026-02-27 22:47:47.024 [info] > git for-each-ref --format=%(refname)%00%(upstream:short)%00%(objectname)%00%(upstream:track)%00%(upstream:remotename)%00%(upstream:remoteref) refs/heads/master refs/remotes/master [1ms]
2026-02-27 22:47:47.039 [info] > git for-each-ref --sort -committerdate --format %(refname)%00%(objectname)%00%(*objectname) [1ms]
2026-02-27 22:47:47.257 [info] > git status -z -uall [227ms]
2026-02-27 22:47:50.391 [info] > git check-ignore -v -z --stdin [2ms]
2026-02-27 22:47:50.411 [info] > git show --textconv :environment/postInstall [6ms]
2026-02-27 22:47:50.412 [info] > git ls-files --stage -- environment/postInstall [1ms]
2026-02-27 22:47:50.420 [info] > git cat-file -s 69bbfe1c5a690b7b552ef0419dc7b3b57a68c166 [1ms]
2026-02-27 22:47:50.442 [info] > git blame --root --incremental 4dbc9ae08cf00fc0814ed23ba854b0db0a4e3d7e -- environment/postInstall [3ms]
2026-02-27 22:47:50.764 [info] > git check-ignore -v -z --stdin [2ms]
2026-02-27 22:47:52.857 [info] > git config --get commit.template [6ms]
2026-02-27 22:47:52.858 [info] > git for-each-ref --format=%(refname)%00%(upstream:short)%00%(objectname)%00%(upstream:track)%00%(upstream:remotename)%00%(upstream:remoteref) refs/heads/master refs/remotes/master [2ms]
2026-02-27 22:47:52.872 [info] > git for-each-ref --sort -committerdate --format %(refname)%00%(objectname)%00%(*objectname) [2ms]
2026-02-27 22:47:53.092 [info] > git status -z -uall [228ms]
2026-02-27 22:47:53.412 [info] > git check-ignore -v -z --stdin [1ms]
2026-02-27 22:47:57.761 [info] > git check-ignore -v -z --stdin [2ms]
2026-02-27 22:47:57.976 [info] > git check-ignore -v -z --stdin [2ms]
2026-02-27 22:47:58.854 [info] > git config --get commit.template [8ms]
2026-02-27 22:47:58.855 [info] > git for-each-ref --format=%(refname)%00%(upstream:short)%00%(objectname)%00%(upstream:track)%00%(upstream:remotename)%00%(upstream:remoteref) refs/heads/master refs/remotes/master [2ms]
2026-02-27 22:47:58.869 [info] > git for-each-ref --sort -committerdate --format %(refname)%00%(objectname)%00%(*objectname) [2ms]
2026-02-27 22:47:59.088 [info] > git status -z -uall [227ms]
2026-02-27 22:47:59.408 [info] > git check-ignore -v -z --stdin [2ms]
2026-02-27 22:48:00.445 [info] > git check-ignore -v -z --stdin [1ms]
2026-02-27 22:48:03.570 [info] > git check-ignore -v -z --stdin [2ms]
2026-02-27 22:48:04.103 [info] > git config --get commit.template [7ms]
2026-02-27 22:48:04.104 [info] > git for-each-ref --format=%(refname)%00%(upstream:short)%00%(objectname)%00%(upstream:track)%00%(upstream:remotename)%00%(upstream:remoteref) refs/heads/master refs/remotes/master [2ms]
2026-02-27 22:48:04.116 [info] > git for-each-ref --sort -committerdate --format %(refname)%00%(objectname)%00%(*objectname) [1ms]
2026-02-27 22:48:04.337 [info] > git status -z -uall [228ms]
2026-02-27 22:48:04.658 [info] > git check-ignore -v -z --stdin [1ms]
2026-02-27 22:48:07.147 [info] > git check-ignore -v -z --stdin [2ms]
2026-02-27 22:48:09.066 [info] > git check-ignore -v -z --stdin [2ms]
2026-02-27 22:48:09.352 [info] > git config --get commit.template [6ms]
2026-02-27 22:48:09.353 [info] > git for-each-ref --format=%(refname)%00%(upstream:short)%00%(objectname)%00%(upstream:track)%00%(upstream:remotename)%00%(upstream:remoteref) refs/heads/master refs/remotes/master [1ms]
2026-02-27 22:48:09.366 [info] > git for-each-ref --sort -committerdate --format %(refname)%00%(objectname)%00%(*objectname) [1ms]
2026-02-27 22:48:09.586 [info] > git status -z -uall [227ms]
2026-02-27 22:48:09.906 [info] > git check-ignore -v -z --stdin [1ms]
2026-02-27 22:48:12.226 [info] > git check-ignore -v -z --stdin [2ms]
2026-02-27 22:48:14.603 [info] > git config --get commit.template [7ms]
2026-02-27 22:48:14.604 [info] > git for-each-ref --format=%(refname)%00%(upstream:short)%00%(objectname)%00%(upstream:track)%00%(upstream:remotename)%00%(upstream:remoteref) refs/heads/master refs/remotes/master [2ms]
2026-02-27 22:48:14.618 [info] > git for-each-ref --sort -committerdate --format %(refname)%00%(objectname)%00%(*objectname) [1ms]
2026-02-27 22:48:14.838 [info] > git status -z -uall [227ms]
2026-02-27 22:48:15.158 [info] > git check-ignore -v -z --stdin [2ms]
2026-02-27 22:48:18.206 [info] > git check-ignore -v -z --stdin [1ms]
2026-02-27 22:48:18.230 [info] > git show --textconv :environment/postInstall.full [9ms]
2026-02-27 22:48:18.231 [info] > git ls-files --stage -- environment/postInstall.full [2ms]
2026-02-27 22:48:18.239 [info] > git cat-file -s 4a5f620e0e1ea0c6551c37c3f4419b7d04546de7 [2ms]
2026-02-27 22:48:19.855 [info] > git config --get commit.template [6ms]
2026-02-27 22:48:19.856 [info] > git for-each-ref --format=%(refname)%00%(upstream:short)%00%(objectname)%00%(upstream:track)%00%(upstream:remotename)%00%(upstream:remoteref) refs/heads/master refs/remotes/master [2ms]
2026-02-27 22:48:19.868 [info] > git for-each-ref --sort -committerdate --format %(refname)%00%(objectname)%00%(*objectname) [1ms]
2026-02-27 22:48:20.090 [info] > git status -z -uall [229ms]
2026-02-27 22:48:20.535 [info] > git check-ignore -v -z --stdin [2ms]
2026-02-27 22:48:20.549 [info] > git show --textconv :environment/postInstall [7ms]
2026-02-27 22:48:20.550 [info] > git ls-files --stage -- environment/postInstall [2ms]
2026-02-27 22:48:20.557 [info] > git cat-file -s 69bbfe1c5a690b7b552ef0419dc7b3b57a68c166 [1ms]
2026-02-27 22:48:25.107 [info] > git config --get commit.template [7ms]
2026-02-27 22:48:25.108 [info] > git for-each-ref --format=%(refname)%00%(upstream:short)%00%(objectname)%00%(upstream:track)%00%(upstream:remotename)%00%(upstream:remoteref) refs/heads/master refs/remotes/master [2ms]
2026-02-27 22:48:25.122 [info] > git for-each-ref --sort -committerdate --format %(refname)%00%(objectname)%00%(*objectname) [2ms]
2026-02-27 22:48:25.345 [info] > git status -z -uall [231ms]
2026-02-27 22:48:25.664 [info] > git check-ignore -v -z --stdin [2ms]
