2026-02-27 16:33:09.825 [info] [aebc6443-996d-45c2-90f0-388ff96faa56] Native Broker enabled: false
2026-02-27 16:33:10.805 [info] [getSessions] [all] starting
2026-02-27 16:33:10.805 [info] [getSessions] [all] returned 0 session(s)
2026-02-27 16:33:10.805 [info] [getSessions] [all] starting
2026-02-27 16:33:10.805 [info] [getSessions] [all] returned 0 session(s)
2026-02-27 16:33:10.805 [info] [getSessions] [all] starting
2026-02-27 16:33:10.805 [info] [getSessions] [all] returned 0 session(s)
2026-02-27 16:33:11.472 [info] [getSessions] [499b84ac-1321-427f-aa17-267ca6975798/.default offline_access] starting
2026-02-27 16:33:11.472 [info] [aebc6443-996d-45c2-90f0-388ff96faa56] Native Broker enabled: false
2026-02-27 16:33:12.424 [info] [getSessions] [499b84ac-1321-427f-aa17-267ca6975798/.default offline_access] returned 0 session(s)
2026-02-27 16:33:13.060 [info] [getSessions] [499b84ac-1321-427f-aa17-267ca6975798/.default offline_access] starting
2026-02-27 16:33:13.060 [info] [getSessions] [499b84ac-1321-427f-aa17-267ca6975798/.default offline_access] returned 0 session(s)
2026-02-27 17:08:34.072 [info] [getSessions] [499b84ac-1321-427f-aa17-267ca6975798/.default offline_access] starting
2026-02-27 17:08:34.073 [info] [getSessions] [499b84ac-1321-427f-aa17-267ca6975798/.default offline_access] returned 0 session(s)
2026-02-27 17:08:34.576 [info] [getSessions] [499b84ac-1321-427f-aa17-267ca6975798/.default offline_access] starting
2026-02-27 17:08:34.576 [info] [getSessions] [499b84ac-1321-427f-aa17-267ca6975798/.default offline_access] returned 0 session(s)
2026-02-27 17:30:54.637 [info] [getSessions] [499b84ac-1321-427f-aa17-267ca6975798/.default offline_access] starting
2026-02-27 17:30:54.637 [info] [getSessions] [499b84ac-1321-427f-aa17-267ca6975798/.default offline_access] returned 0 session(s)
2026-02-27 17:58:32.418 [info] [getSessions] [499b84ac-1321-427f-aa17-267ca6975798/.default offline_access] starting
2026-02-27 17:58:32.419 [info] [getSessions] [499b84ac-1321-427f-aa17-267ca6975798/.default offline_access] returned 0 session(s)
2026-02-27 18:19:33.758 [info] [getSessions] [499b84ac-1321-427f-aa17-267ca6975798/.default offline_access] starting
2026-02-27 18:19:33.758 [info] [getSessions] [499b84ac-1321-427f-aa17-267ca6975798/.default offline_access] returned 0 session(s)
2026-02-27 18:40:52.930 [info] [getSessions] [499b84ac-1321-427f-aa17-267ca6975798/.default offline_access] starting
2026-02-27 18:40:52.930 [info] [getSessions] [499b84ac-1321-427f-aa17-267ca6975798/.default offline_access] returned 0 session(s)
