
=== 788406 ===
/opt/conda/lib/python3.11/site-packages/zarr/core/metadata/v2.py:190: ZarrUserWarning: Found an empty list of filters in the array metadata document. This is contrary to the Zarr V2 specification, and will cause an error in the future. Use None (or Null in a JSON document) instead of an empty list of filters.
  warnings.warn(msg, ZarrUserWarning, stacklevel=1)
  n_cz=932, n_hcr_gfp=17427, n_gt=787
  pia fits (25.1s): CZ tilt=2.9° c=52; HCR tilt=2.8° c=6
  CZ depth: [5, 409] µm; HCR depth: [-16, 1254] µm
  PIA-ANCHORED: OR n<50=159 (gfp_dz-100, 0.9) sxy=1.53 sz=2.23 med=91; SS n<50=43 rank=219.2
  BASELINE XYZ: OR n<50=191 (gfp_dz-100, 0.4) sxy=1.64 sz=2.44 med=78

=== 755252 ===
/opt/conda/lib/python3.11/site-packages/zarr/core/metadata/v2.py:190: ZarrUserWarning: Found an empty list of filters in the array metadata document. This is contrary to the Zarr V2 specification, and will cause an error in the future. Use None (or Null in a JSON document) instead of an empty list of filters.
  warnings.warn(msg, ZarrUserWarning, stacklevel=1)
  n_cz=835, n_hcr_gfp=30804, n_gt=639
  pia fits (19.2s): CZ tilt=3.1° c=39; HCR tilt=9.3° c=142
  CZ depth: [4, 423] µm; HCR depth: [1, 1023] µm
  PIA-ANCHORED: OR n<50=170 (hcr_gfp, 0.6) sxy=1.75 sz=2.24 med=74; SS n<50=170 rank=449.3
  BASELINE XYZ: OR n<50=179 (hcr_gfp, 0.6) sxy=1.50 sz=2.23 med=74

=== 767022 ===
/opt/conda/lib/python3.11/site-packages/zarr/core/metadata/v2.py:190: ZarrUserWarning: Found an empty list of filters in the array metadata document. This is contrary to the Zarr V2 specification, and will cause an error in the future. Use None (or Null in a JSON document) instead of an empty list of filters.
  warnings.warn(msg, ZarrUserWarning, stacklevel=1)
  n_cz=926, n_hcr_gfp=14239, n_gt=793
  pia fits (17.2s): CZ tilt=0.7° c=43; HCR tilt=3.9° c=204
  CZ depth: [-4, 403] µm; HCR depth: [-17, 1031] µm
  PIA-ANCHORED: OR n<50=0 (None, None) sxy=nan sz=nan med=nan; SS n<50=0 rank=272.5
  BASELINE XYZ: OR n<50=0 (None, None) sxy=nan sz=nan med=nan

=== 782149 ===
/opt/conda/lib/python3.11/site-packages/zarr/core/metadata/v2.py:190: ZarrUserWarning: Found an empty list of filters in the array metadata document. This is contrary to the Zarr V2 specification, and will cause an error in the future. Use None (or Null in a JSON document) instead of an empty list of filters.
  warnings.warn(msg, ZarrUserWarning, stacklevel=1)
  n_cz=894, n_hcr_gfp=3831, n_gt=303
  pia fits (18.1s): CZ tilt=2.0° c=34; HCR tilt=11.1° c=6
  CZ depth: [3, 421] µm; HCR depth: [-25, 763] µm
  PIA-ANCHORED: OR n<50=0 (None, None) sxy=nan sz=nan med=nan; SS n<50=0 rank=32.6
  BASELINE XYZ: OR n<50=0 (None, None) sxy=nan sz=nan med=nan

=== SUMMARY ===
subject  n_gt  cz_tilt  hcr_tilt  cz_depth_extent  hcr_depth_extent  pia_or   pia_seed  pia_trim   pia_med  pia_sxy   pia_sz  pia_ss  xyz_or   xyz_seed  xyz_trim   xyz_med
 788406   787 2.900216  2.763086       403.930599       1269.913644     159 gfp_dz-100       0.9 90.913010 1.533200 2.233274      43     191 gfp_dz-100       0.4 77.603826
 755252   639 3.076531  9.328760       418.916529       1022.135281     170    hcr_gfp       0.6 73.508667 1.747086 2.242812     170     179    hcr_gfp       0.6 73.847033
 767022   793 0.657346  3.851363       407.090900       1048.380968       0        NaN       NaN       NaN      NaN      NaN       0       0        NaN       NaN       NaN
 782149   303 1.979230 11.074672       418.116711        787.779196       0        NaN       NaN       NaN      NaN      NaN       0       0        NaN       NaN       NaN
