/opt/conda/lib/python3.11/site-packages/zarr/core/metadata/v2.py:190: ZarrUserWarning: Found an empty list of filters in the array metadata document. This is contrary to the Zarr V2 specification, and will cause an error in the future. Use None (or Null in a JSON document) instead of an empty list of filters.
  warnings.warn(msg, ZarrUserWarning, stacklevel=1)
/opt/conda/lib/python3.11/site-packages/zarr/core/metadata/v2.py:190: ZarrUserWarning: Found an empty list of filters in the array metadata document. This is contrary to the Zarr V2 specification, and will cause an error in the future. Use None (or Null in a JSON document) instead of an empty list of filters.
  warnings.warn(msg, ZarrUserWarning, stacklevel=1)
  788406 K= 5 c_bar=  15  rec_id=0.202 r@5=0.202 r@10=0.202 r@20=0.210 n_pred=623/787 med=81 wall=55.2s
  788406 K= 5 c_bar=  30  rec_id=0.192 r@5=0.192 r@10=0.192 r@20=0.203 n_pred=637/787 med=83 wall=15.3s
  788406 K= 5 c_bar=  60  rec_id=0.135 r@5=0.135 r@10=0.135 r@20=0.144 n_pred=635/787 med=87 wall=17.4s
  788406 K=10 c_bar=  15  rec_id=0.196 r@5=0.196 r@10=0.196 r@20=0.205 n_pred=627/787 med=82 wall=15.3s
  788406 K=10 c_bar=  30  rec_id=0.182 r@5=0.182 r@10=0.182 r@20=0.191 n_pred=630/787 med=85 wall=15.5s
  788406 K=10 c_bar=  60  rec_id=0.131 r@5=0.131 r@10=0.131 r@20=0.141 n_pred=637/787 med=87 wall=18.3s
  788406 K=20 c_bar=  15  rec_id=0.168 r@5=0.168 r@10=0.168 r@20=0.180 n_pred=632/787 med=84 wall=15.1s
  788406 K=20 c_bar=  30  rec_id=0.174 r@5=0.174 r@10=0.174 r@20=0.184 n_pred=628/787 med=86 wall=15.4s
  788406 K=20 c_bar=  60  rec_id=0.122 r@5=0.122 r@10=0.122 r@20=0.133 n_pred=637/787 med=88 wall=18.8s
  788406 K=40 c_bar=  15  rec_id=0.154 r@5=0.154 r@10=0.154 r@20=0.165 n_pred=636/787 med=87 wall=15.2s
  788406 K=40 c_bar=  30  rec_id=0.163 r@5=0.163 r@10=0.163 r@20=0.170 n_pred=626/787 med=88 wall=15.4s
  788406 K=40 c_bar=  60  rec_id=0.107 r@5=0.107 r@10=0.107 r@20=0.117 n_pred=627/787 med=90 wall=19.0s
/opt/conda/lib/python3.11/site-packages/zarr/core/metadata/v2.py:190: ZarrUserWarning: Found an empty list of filters in the array metadata document. This is contrary to the Zarr V2 specification, and will cause an error in the future. Use None (or Null in a JSON document) instead of an empty list of filters.
  warnings.warn(msg, ZarrUserWarning, stacklevel=1)
/opt/conda/lib/python3.11/site-packages/zarr/core/metadata/v2.py:190: ZarrUserWarning: Found an empty list of filters in the array metadata document. This is contrary to the Zarr V2 specification, and will cause an error in the future. Use None (or Null in a JSON document) instead of an empty list of filters.
  warnings.warn(msg, ZarrUserWarning, stacklevel=1)
  755252 K= 5 c_bar=  15  rec_id=0.033 r@5=0.033 r@10=0.033 r@20=0.044 n_pred=542/639 med=103 wall=52.8s
  755252 K= 5 c_bar=  30  rec_id=0.033 r@5=0.033 r@10=0.033 r@20=0.041 n_pred=563/639 med=101 wall=26.5s
  755252 K= 5 c_bar=  60  rec_id=0.031 r@5=0.031 r@10=0.031 r@20=0.039 n_pred=566/639 med=101 wall=31.7s
  755252 K=10 c_bar=  15  rec_id=0.030 r@5=0.030 r@10=0.030 r@20=0.034 n_pred=555/639 med=102 wall=27.2s
  755252 K=10 c_bar=  30  rec_id=0.030 r@5=0.030 r@10=0.031 r@20=0.041 n_pred=548/639 med=102 wall=27.2s
  755252 K=10 c_bar=  60  rec_id=0.031 r@5=0.031 r@10=0.034 r@20=0.038 n_pred=554/639 med=100 wall=40.5s
  755252 K=20 c_bar=  15  rec_id=0.023 r@5=0.023 r@10=0.023 r@20=0.027 n_pred=546/639 med=99 wall=25.4s
  755252 K=20 c_bar=  30  rec_id=0.023 r@5=0.023 r@10=0.025 r@20=0.030 n_pred=554/639 med=100 wall=26.1s
  755252 K=20 c_bar=  60  rec_id=0.016 r@5=0.016 r@10=0.017 r@20=0.025 n_pred=563/639 med=99 wall=52.5s
  755252 K=40 c_bar=  15  rec_id=0.009 r@5=0.009 r@10=0.009 r@20=0.011 n_pred=548/639 med=99 wall=25.5s
  755252 K=40 c_bar=  30  rec_id=0.008 r@5=0.008 r@10=0.008 r@20=0.009 n_pred=557/639 med=100 wall=26.0s
  755252 K=40 c_bar=  60  rec_id=0.014 r@5=0.014 r@10=0.014 r@20=0.020 n_pred=572/639 med=99 wall=63.7s
/opt/conda/lib/python3.11/site-packages/zarr/core/metadata/v2.py:190: ZarrUserWarning: Found an empty list of filters in the array metadata document. This is contrary to the Zarr V2 specification, and will cause an error in the future. Use None (or Null in a JSON document) instead of an empty list of filters.
  warnings.warn(msg, ZarrUserWarning, stacklevel=1)
/opt/conda/lib/python3.11/site-packages/zarr/core/metadata/v2.py:190: ZarrUserWarning: Found an empty list of filters in the array metadata document. This is contrary to the Zarr V2 specification, and will cause an error in the future. Use None (or Null in a JSON document) instead of an empty list of filters.
  warnings.warn(msg, ZarrUserWarning, stacklevel=1)
  767022 K= 5 c_bar=  15  rec_id=0.081 r@5=0.081 r@10=0.082 r@20=0.108 n_pred=654/793 med=107 wall=37.5s
  767022 K= 5 c_bar=  30  rec_id=0.083 r@5=0.083 r@10=0.083 r@20=0.102 n_pred=657/793 med=106 wall=11.8s
  767022 K= 5 c_bar=  60  rec_id=0.076 r@5=0.076 r@10=0.077 r@20=0.101 n_pred=653/793 med=107 wall=12.4s
  767022 K=10 c_bar=  15  rec_id=0.110 r@5=0.110 r@10=0.111 r@20=0.131 n_pred=668/793 med=101 wall=11.6s
  767022 K=10 c_bar=  30  rec_id=0.088 r@5=0.088 r@10=0.090 r@20=0.107 n_pred=672/793 med=101 wall=11.6s
  767022 K=10 c_bar=  60  rec_id=0.095 r@5=0.096 r@10=0.098 r@20=0.121 n_pred=652/793 med=97 wall=13.3s
  767022 K=20 c_bar=  15  rec_id=0.105 r@5=0.105 r@10=0.106 r@20=0.127 n_pred=676/793 med=97 wall=11.6s
  767022 K=20 c_bar=  30  rec_id=0.095 r@5=0.095 r@10=0.096 r@20=0.117 n_pred=683/793 med=94 wall=11.4s
  767022 K=20 c_bar=  60  rec_id=0.106 r@5=0.107 r@10=0.108 r@20=0.130 n_pred=670/793 med=91 wall=14.6s
  767022 K=40 c_bar=  15  rec_id=0.111 r@5=0.111 r@10=0.113 r@20=0.131 n_pred=694/793 med=87 wall=11.6s
  767022 K=40 c_bar=  30  rec_id=0.091 r@5=0.091 r@10=0.092 r@20=0.111 n_pred=683/793 med=93 wall=11.5s
  767022 K=40 c_bar=  60  rec_id=0.103 r@5=0.106 r@10=0.108 r@20=0.126 n_pred=687/793 med=87 wall=15.8s
/opt/conda/lib/python3.11/site-packages/zarr/core/metadata/v2.py:190: ZarrUserWarning: Found an empty list of filters in the array metadata document. This is contrary to the Zarr V2 specification, and will cause an error in the future. Use None (or Null in a JSON document) instead of an empty list of filters.
  warnings.warn(msg, ZarrUserWarning, stacklevel=1)
/opt/conda/lib/python3.11/site-packages/zarr/core/metadata/v2.py:190: ZarrUserWarning: Found an empty list of filters in the array metadata document. This is contrary to the Zarr V2 specification, and will cause an error in the future. Use None (or Null in a JSON document) instead of an empty list of filters.
  warnings.warn(msg, ZarrUserWarning, stacklevel=1)
  782149 K= 5 c_bar=  15  rec_id=0.000 r@5=0.000 r@10=0.000 r@20=0.000 n_pred=145/303 med=1136 wall=35.7s
  782149 K= 5 c_bar=  30  rec_id=0.000 r@5=0.000 r@10=0.000 r@20=0.000 n_pred=152/303 med=1134 wall=7.0s
  782149 K= 5 c_bar=  60  rec_id=0.000 r@5=0.000 r@10=0.000 r@20=0.000 n_pred=147/303 med=1130 wall=7.3s
  782149 K=10 c_bar=  15  rec_id=0.000 r@5=0.000 r@10=0.000 r@20=0.000 n_pred=141/303 med=1128 wall=6.7s
  782149 K=10 c_bar=  30  rec_id=0.000 r@5=0.000 r@10=0.000 r@20=0.000 n_pred=143/303 med=1130 wall=6.9s
  782149 K=10 c_bar=  60  rec_id=0.000 r@5=0.000 r@10=0.000 r@20=0.000 n_pred=146/303 med=1128 wall=7.3s
  782149 K=20 c_bar=  15  rec_id=0.000 r@5=0.000 r@10=0.000 r@20=0.000 n_pred=137/303 med=1128 wall=7.0s
  782149 K=20 c_bar=  30  rec_id=0.000 r@5=0.000 r@10=0.000 r@20=0.000 n_pred=141/303 med=1128 wall=6.9s
  782149 K=20 c_bar=  60  rec_id=0.000 r@5=0.000 r@10=0.000 r@20=0.000 n_pred=138/303 med=1129 wall=7.3s
  782149 K=40 c_bar=  15  rec_id=0.000 r@5=0.000 r@10=0.000 r@20=0.000 n_pred=139/303 med=1127 wall=6.8s
  782149 K=40 c_bar=  30  rec_id=0.000 r@5=0.000 r@10=0.000 r@20=0.000 n_pred=138/303 med=1128 wall=6.9s
  782149 K=40 c_bar=  60  rec_id=0.000 r@5=0.000 r@10=0.000 r@20=0.000 n_pred=131/303 med=1129 wall=7.5s

=== BEST PER SUBJECT (by r@20) ===
  788406: K=5 c_bar=15 r@20=0.210 r@5=0.202 recall_id=0.202
  755252: K=5 c_bar=15 r@20=0.044 r@5=0.033 recall_id=0.033
  767022: K=10 c_bar=15 r@20=0.131 r@5=0.110 recall_id=0.110
  782149: K=5 c_bar=15 r@20=0.000 r@5=0.000 recall_id=0.000
