2026-02-26 21:41:03.882 [info] RunInTerminalTool: Command rewritten by Fxt: Prepended with a space to exclude from shell history []
2026-02-26 21:41:03.970 [info] RunInTerminalTool#CommandLineAutoApproveAnalyzer: Parsed sub-commands via bash grammar [["nl -ba /root/capsule/environment/postInstall","sed -n '1,260p'"]]
2026-02-26 21:41:03.972 [info] RunInTerminalTool#CommandLineAutoApproveAnalyzer: All sub-commands auto-approved [null]
2026-02-26 21:41:03.972 [info] RunInTerminalTool#CommandLineAutoApproveAnalyzer: - Command 'nl -ba /root/capsule/environment/postInstall' is approved by allow list rule: nl [null]
2026-02-26 21:41:03.972 [info] RunInTerminalTool#CommandLineAutoApproveAnalyzer: - Command 'sed -n '1,260p'' is approved by allow list rule: sed [null]
2026-02-26 21:41:03.972 [info] RunInTerminalTool#CommandLineAutoApproveAnalyzer: - Command line 'nl -ba /root/capsule/environment/postInstall | sed -n '1,260p'' has no matching auto approve entries [null]
2026-02-26 21:41:03.988 [info] RunInTerminalTool#CommandLineFileWriteAnalyzer: File writes detected [[]]
2026-02-26 21:41:09.449 [info] ToolTerminalCreator#createTerminal: Waiting 4999ms for shell integration []
2026-02-26 21:41:09.681 [info] ToolTerminalCreator#_waitForShellIntegration: Rich SI available eventually []
2026-02-26 21:41:09.682 [info] ToolTerminalCreator#_waitForShellIntegration: Promise complete, disposing store []
2026-02-26 21:41:09.682 [info] ToolTerminalCreator#createTerminal: Waiting up to 2s for PromptInputModel state to change []
2026-02-26 21:41:24.417 [info] RunInTerminalTool: Command rewritten by Fxt: Prepended with a space to exclude from shell history []
2026-02-26 21:41:24.434 [info] RunInTerminalTool#CommandLineAutoApproveAnalyzer: Parsed sub-commands via bash grammar [["code --user-data-dir=/root/capsule/code/vscode-data --no-sandbox --list-extensions","grep -E 'ms-python.python|ms-toolsai.jupyter'","true"]]
2026-02-26 21:41:24.435 [info] RunInTerminalTool#CommandLineAutoApproveAnalyzer: All sub-commands NOT auto-approved [null]
2026-02-26 21:41:24.435 [info] RunInTerminalTool#CommandLineAutoApproveAnalyzer: Command line NOT auto-approved [null]
2026-02-26 21:41:24.435 [info] RunInTerminalTool#CommandLineAutoApproveAnalyzer: - Command 'code --user-data-dir=/root/capsule/code/vscode-data --no-sandbox --list-extensions' has no matching auto approve entries [null]
2026-02-26 21:41:24.436 [info] RunInTerminalTool#CommandLineAutoApproveAnalyzer: - Command 'grep -E 'ms-python.python|ms-toolsai.jupyter'' is approved by allow list rule: grep [null]
2026-02-26 21:41:24.436 [info] RunInTerminalTool#CommandLineAutoApproveAnalyzer: - Command 'true' has no matching auto approve entries [null]
2026-02-26 21:41:24.436 [info] RunInTerminalTool#CommandLineAutoApproveAnalyzer: - Command line 'code --user-data-dir=/root/capsule/code/vscode-data --no-sandbox --list-extensions | grep -E 'ms-python.python|ms-toolsai.jupyter' || true' has no matching auto approve entries [null]
2026-02-26 21:41:24.444 [info] RunInTerminalTool#CommandLineFileWriteAnalyzer: File writes detected [[]]
2026-02-26 21:41:34.719 [info] RunInTerminalTool: Command rewritten by Fxt: Prepended with a space to exclude from shell history []
2026-02-26 21:41:42.560 [warning] Shell integration failed to add capabilities within 10 seconds []
2026-02-26 21:44:54.856 [warning] Shell integration failed to add capabilities within 10 seconds []
2026-02-26 21:44:55.742 [info] RunInTerminalTool: Command rewritten by Fxt: Prepended with a space to exclude from shell history []
2026-02-26 21:44:55.759 [info] RunInTerminalTool#CommandLineAutoApproveAnalyzer: Parsed sub-commands via bash grammar [["bash -n /root/capsule/environment/postInstall","echo OK"]]
2026-02-26 21:44:55.760 [info] RunInTerminalTool#CommandLineAutoApproveAnalyzer: All sub-commands NOT auto-approved [null]
2026-02-26 21:44:55.760 [info] RunInTerminalTool#CommandLineAutoApproveAnalyzer: Command line NOT auto-approved [null]
2026-02-26 21:44:55.760 [info] RunInTerminalTool#CommandLineAutoApproveAnalyzer: - Command 'bash -n /root/capsule/environment/postInstall' has no matching auto approve entries [null]
2026-02-26 21:44:55.760 [info] RunInTerminalTool#CommandLineAutoApproveAnalyzer: - Command 'echo OK' is approved by allow list rule: echo [null]
2026-02-26 21:44:55.760 [info] RunInTerminalTool#CommandLineAutoApproveAnalyzer: - Command line 'bash -n /root/capsule/environment/postInstall && echo OK' has no matching auto approve entries [null]
2026-02-26 21:44:55.768 [info] RunInTerminalTool#CommandLineFileWriteAnalyzer: File writes detected [[]]
2026-02-26 21:45:04.482 [info] RunInTerminalTool: Command rewritten by Fxt: Prepended with a space to exclude from shell history []
2026-02-26 21:45:04.499 [info] RunInTerminalTool#CommandLineAutoApproveAnalyzer: Parsed sub-commands via bash grammar [["nl -ba /root/capsule/environment/postInstall","sed -n '105,150p'"]]
2026-02-26 21:45:04.499 [info] RunInTerminalTool#CommandLineAutoApproveAnalyzer: All sub-commands auto-approved [null]
2026-02-26 21:45:04.499 [info] RunInTerminalTool#CommandLineAutoApproveAnalyzer: - Command 'nl -ba /root/capsule/environment/postInstall' is approved by allow list rule: nl [null]
2026-02-26 21:45:04.499 [info] RunInTerminalTool#CommandLineAutoApproveAnalyzer: - Command 'sed -n '105,150p'' is approved by allow list rule: sed [null]
2026-02-26 21:45:04.500 [info] RunInTerminalTool#CommandLineAutoApproveAnalyzer: - Command line 'nl -ba /root/capsule/environment/postInstall | sed -n '105,150p'' has no matching auto approve entries [null]
2026-02-26 21:45:04.507 [info] RunInTerminalTool#CommandLineFileWriteAnalyzer: File writes detected [[]]
