2025-10-17 00:35:34.998 [info] Reading sessions from keychain...
2025-10-17 00:35:35.004 [info] Getting sessions for all scopes...
2025-10-17 00:35:35.084 [info] Got 0 sessions for ...
2025-10-17 00:35:35.084 [info] Getting sessions for all scopes...
2025-10-17 00:35:35.084 [info] Got 0 sessions for ...
2025-10-17 00:35:35.084 [info] Getting sessions for all scopes...
2025-10-17 00:35:35.084 [info] Got 0 sessions for ...
2025-10-17 00:35:35.084 [info] Getting sessions for all scopes...
2025-10-17 00:35:35.084 [info] Got 0 sessions for ...
2025-10-17 00:35:35.085 [info] Getting sessions for all scopes...
2025-10-17 00:35:35.085 [info] Got 0 sessions for ...
2025-10-17 00:35:35.085 [info] Getting sessions for all scopes...
2025-10-17 00:35:35.085 [info] Got 0 sessions for ...
2025-10-17 00:35:35.085 [info] Getting sessions for all scopes...
2025-10-17 00:35:35.085 [info] Got 0 sessions for ...
2025-10-17 00:35:35.085 [info] Getting sessions for all scopes...
2025-10-17 00:35:35.085 [info] Got 0 sessions for ...
2025-10-17 00:35:35.088 [info] Getting sessions for all scopes...
2025-10-17 00:35:35.088 [info] Got 0 sessions for ...
2025-10-17 00:35:35.089 [info] Getting sessions for all scopes...
2025-10-17 00:35:35.089 [info] Got 0 sessions for ...
2025-10-17 00:35:35.089 [info] Getting sessions for all scopes...
2025-10-17 00:35:35.089 [info] Got 0 sessions for ...
2025-10-17 00:35:35.089 [info] Getting sessions for all scopes...
2025-10-17 00:35:35.089 [info] Got 0 sessions for ...
2025-10-17 00:35:35.089 [info] Getting sessions for all scopes...
2025-10-17 00:35:35.089 [info] Got 0 sessions for ...
2025-10-17 00:35:35.089 [info] Getting sessions for all scopes...
2025-10-17 00:35:35.089 [info] Got 0 sessions for ...
2025-10-17 00:35:35.172 [info] Getting sessions for all scopes...
2025-10-17 00:35:35.172 [info] Got 0 sessions for ...
2025-10-17 00:35:36.749 [info] Getting sessions for all scopes...
2025-10-17 00:35:36.749 [info] Got 0 sessions for ...
2025-10-17 00:35:36.816 [info] Getting sessions for all scopes...
2025-10-17 00:35:36.816 [info] Got 0 sessions for ...
2025-10-17 00:35:36.821 [info] Getting sessions for all scopes...
2025-10-17 00:35:36.821 [info] Got 0 sessions for ...
2025-10-17 00:37:07.087 [info] Reading sessions from keychain...
2025-10-17 00:37:07.087 [info] Getting sessions for all scopes...
2025-10-17 00:37:07.087 [info] Got 0 sessions for ...
2025-10-17 00:37:07.087 [info] Getting sessions for all scopes...
2025-10-17 00:37:07.087 [info] Got 0 sessions for ...
2025-10-17 00:37:07.087 [info] Getting sessions for all scopes...
2025-10-17 00:37:07.087 [info] Got 0 sessions for ...
2025-10-17 00:37:07.087 [info] Getting sessions for all scopes...
2025-10-17 00:37:07.087 [info] Got 0 sessions for ...
2025-10-17 00:37:07.087 [info] Getting sessions for all scopes...
2025-10-17 00:37:07.087 [info] Got 0 sessions for ...
2025-10-17 00:37:07.087 [info] Getting sessions for all scopes...
2025-10-17 00:37:07.087 [info] Got 0 sessions for ...
2025-10-17 00:37:07.087 [info] Getting sessions for all scopes...
2025-10-17 00:37:07.087 [info] Got 0 sessions for ...
2025-10-17 00:37:07.087 [info] Getting sessions for all scopes...
2025-10-17 00:37:07.087 [info] Got 0 sessions for ...
2025-10-17 00:37:07.087 [info] Getting sessions for all scopes...
2025-10-17 00:37:07.087 [info] Got 0 sessions for ...
2025-10-17 00:37:07.087 [info] Getting sessions for all scopes...
2025-10-17 00:37:07.087 [info] Got 0 sessions for ...
2025-10-17 00:37:07.087 [info] Getting sessions for all scopes...
2025-10-17 00:37:07.087 [info] Got 0 sessions for ...
2025-10-17 00:37:07.087 [info] Getting sessions for all scopes...
2025-10-17 00:37:07.087 [info] Got 0 sessions for ...
2025-10-17 00:37:07.087 [info] Getting sessions for all scopes...
2025-10-17 00:37:07.087 [info] Got 0 sessions for ...
2025-10-17 00:37:07.087 [info] Getting sessions for all scopes...
2025-10-17 00:37:07.087 [info] Got 0 sessions for ...
2025-10-17 00:37:07.087 [info] Getting sessions for all scopes...
2025-10-17 00:37:07.087 [info] Got 0 sessions for ...
2025-10-17 00:37:07.339 [info] Getting sessions for all scopes...
2025-10-17 00:37:07.339 [info] Got 0 sessions for ...
2025-10-17 00:37:08.859 [info] Getting sessions for all scopes...
2025-10-17 00:37:08.859 [info] Got 0 sessions for ...
2025-10-17 00:37:08.859 [info] Getting sessions for all scopes...
2025-10-17 00:37:08.859 [info] Got 0 sessions for ...
2025-10-17 00:37:08.865 [info] Getting sessions for all scopes...
2025-10-17 00:37:08.865 [info] Got 0 sessions for ...
2025-10-17 02:55:37.440 [info] Getting sessions for all scopes...
2025-10-17 02:55:37.440 [info] Got 0 sessions for ...
2025-10-17 02:55:39.506 [info] Getting sessions for all scopes...
2025-10-17 02:55:39.506 [info] Got 0 sessions for ...
2025-10-17 03:03:00.410 [info] Getting sessions for all scopes...
2025-10-17 03:03:00.410 [info] Got 0 sessions for ...
2025-10-17 03:03:00.410 [info] Getting sessions for all scopes...
2025-10-17 03:03:00.411 [info] Got 0 sessions for ...
2025-10-17 03:03:00.663 [info] Getting sessions for user:email...
2025-10-17 03:03:00.663 [info] Got 0 sessions for user:email...
2025-10-17 03:03:01.001 [info] Getting sessions for read:user,repo,user:email,workflow...
2025-10-17 03:03:01.001 [info] Got 0 sessions for read:user,repo,user:email,workflow...
2025-10-17 03:03:01.041 [info] Getting sessions for all scopes...
2025-10-17 03:03:01.041 [info] Got 0 sessions for ...
2025-10-17 03:03:01.045 [info] Getting sessions for all scopes...
2025-10-17 03:03:01.045 [info] Got 0 sessions for ...
2025-10-17 03:03:01.045 [info] Getting sessions for read:user,repo,user:email,workflow...
2025-10-17 03:03:01.045 [info] Got 0 sessions for read:user,repo,user:email,workflow...
2025-10-17 03:03:01.046 [info] Getting sessions for all scopes...
2025-10-17 03:03:01.046 [info] Got 0 sessions for ...
2025-10-17 03:03:01.048 [info] Getting sessions for all scopes...
2025-10-17 03:03:01.048 [info] Got 0 sessions for ...
2025-10-17 03:03:01.050 [info] Getting sessions for read:user...
2025-10-17 03:03:01.050 [info] Got 0 sessions for read:user...
2025-10-17 03:03:01.053 [info] Getting sessions for user:email...
2025-10-17 03:03:01.053 [info] Got 0 sessions for user:email...
2025-10-17 03:03:01.060 [info] Getting sessions for user:email...
2025-10-17 03:03:01.060 [info] Got 0 sessions for user:email...
2025-10-17 03:03:01.303 [info] Getting sessions for all scopes...
2025-10-17 03:03:01.303 [info] Got 0 sessions for ...
2025-10-17 03:03:01.304 [info] Getting sessions for all scopes...
2025-10-17 03:03:01.304 [info] Got 0 sessions for ...
2025-10-17 03:03:01.304 [info] Getting sessions for all scopes...
2025-10-17 03:03:01.304 [info] Got 0 sessions for ...
2025-10-17 03:03:01.337 [info] Getting sessions for all scopes...
2025-10-17 03:03:01.337 [info] Got 0 sessions for ...
2025-10-17 03:03:01.525 [info] Getting sessions for user:email...
2025-10-17 03:03:01.525 [info] Got 0 sessions for user:email...
2025-10-17 03:03:01.525 [info] Getting sessions for read:user,repo,user:email,workflow...
2025-10-17 03:03:01.525 [info] Got 0 sessions for read:user,repo,user:email,workflow...
2025-10-17 03:03:01.608 [info] Getting sessions for all scopes...
2025-10-17 03:03:01.608 [info] Got 0 sessions for ...
2025-10-17 03:03:01.657 [info] Getting sessions for user:email...
2025-10-17 03:03:01.657 [info] Got 0 sessions for user:email...
2025-10-17 03:03:09.777 [info] Getting sessions for read:user,repo,user:email,workflow...
2025-10-17 03:03:09.777 [info] Got 0 sessions for read:user,repo,user:email,workflow...
2025-10-17 03:03:09.781 [info] Getting sessions for read:user...
2025-10-17 03:03:09.781 [info] Got 0 sessions for read:user...
2025-10-17 03:03:09.782 [info] Getting sessions for user:email...
2025-10-17 03:03:09.782 [info] Got 0 sessions for user:email...
2025-10-17 03:03:09.892 [info] Getting sessions for read:user,repo,user:email,workflow...
2025-10-17 03:03:09.892 [info] Got 0 sessions for read:user,repo,user:email,workflow...
2025-10-17 03:03:09.893 [info] Getting sessions for read:user...
2025-10-17 03:03:09.893 [info] Got 0 sessions for read:user...
2025-10-17 03:03:09.893 [info] Getting sessions for user:email...
2025-10-17 03:03:09.893 [info] Got 0 sessions for user:email...
2025-10-17 03:03:09.959 [info] Getting sessions for read:user,repo,user:email,workflow...
2025-10-17 03:03:09.959 [info] Got 0 sessions for read:user,repo,user:email,workflow...
2025-10-17 03:03:09.970 [info] Getting sessions for read:user...
2025-10-17 03:03:09.970 [info] Got 0 sessions for read:user...
2025-10-17 03:03:09.971 [info] Getting sessions for user:email...
2025-10-17 03:03:09.971 [info] Got 0 sessions for user:email...
2025-10-17 03:03:10.094 [info] Getting sessions for read:user,repo,user:email,workflow...
2025-10-17 03:03:10.094 [info] Got 0 sessions for read:user,repo,user:email,workflow...
2025-10-17 03:03:10.095 [info] Getting sessions for read:user...
2025-10-17 03:03:10.095 [info] Got 0 sessions for read:user...
2025-10-17 03:03:10.095 [info] Getting sessions for user:email...
2025-10-17 03:03:10.095 [info] Got 0 sessions for user:email...
2025-10-17 03:03:20.581 [info] Logging in with 'any' account...
2025-10-17 03:03:20.581 [info] Logging in for the following scopes: user:email
2025-10-17 03:03:20.610 [info] Trying with local server... (user:email)
2025-10-17 03:04:19.946 [info] Exchanging code for token...
2025-10-17 03:04:20.171 [info] Token exchange success!
2025-10-17 03:04:20.172 [info] Getting user info...
2025-10-17 03:04:20.353 [info] Got account info!
2025-10-17 03:04:20.353 [info] Storing 1 sessions...
2025-10-17 03:04:20.355 [info] Reading sessions from keychain...
2025-10-17 03:04:20.355 [info] Stored 1 sessions!
2025-10-17 03:04:20.355 [info] Login success!
2025-10-17 03:04:20.356 [info] Getting sessions for all scopes...
2025-10-17 03:04:20.359 [info] Got stored sessions!
2025-10-17 03:04:20.359 [info] Got 1 verified sessions.
2025-10-17 03:04:20.359 [info] Got 1 sessions for ...
2025-10-17 03:04:20.359 [info] Getting sessions for all scopes...
2025-10-17 03:04:20.359 [info] Got 1 sessions for ...
2025-10-17 03:04:20.360 [info] Getting sessions for all scopes...
2025-10-17 03:04:20.360 [info] Got 1 sessions for ...
2025-10-17 03:04:20.361 [info] Getting sessions for all scopes...
2025-10-17 03:04:20.361 [info] Got 1 sessions for ...
2025-10-17 03:04:20.361 [info] Getting sessions for all scopes...
2025-10-17 03:04:20.361 [info] Got 1 sessions for ...
2025-10-17 03:04:20.361 [info] Getting sessions for read:user,repo,user:email,workflow...
2025-10-17 03:04:20.361 [info] Got 0 sessions for read:user,repo,user:email,workflow...
2025-10-17 03:04:20.367 [info] Getting sessions for read:user,repo,user:email,workflow...
2025-10-17 03:04:20.367 [info] Got 0 sessions for read:user,repo,user:email,workflow...
2025-10-17 03:04:20.368 [info] Getting sessions for read:user...
2025-10-17 03:04:20.368 [info] Got 0 sessions for read:user...
2025-10-17 03:04:20.368 [info] Getting sessions for user:email...
2025-10-17 03:04:20.368 [info] Got 1 sessions for user:email...
2025-10-17 03:04:20.369 [info] Getting sessions for read:user,repo,user:email,workflow...
2025-10-17 03:04:20.369 [info] Got 0 sessions for read:user,repo,user:email,workflow...
2025-10-17 03:04:20.369 [info] Getting sessions for user:email...
2025-10-17 03:04:20.369 [info] Got 1 sessions for user:email...
2025-10-17 03:04:20.395 [info] Getting sessions for all scopes...
2025-10-17 03:04:20.395 [info] Got 1 sessions for ...
2025-10-17 03:04:20.396 [info] Getting sessions for read:user,repo,user:email,workflow...
2025-10-17 03:04:20.396 [info] Got 0 sessions for read:user,repo,user:email,workflow...
2025-10-17 03:04:20.401 [info] Getting sessions for user:email...
2025-10-17 03:04:20.401 [info] Got 1 sessions for user:email...
2025-10-17 03:04:20.595 [info] FetcherService: Electron fetch failed with status: 429 
2025-10-17 03:04:20.751 [info] Getting sessions for read:user,repo,user:email,workflow...
2025-10-17 03:04:20.751 [info] Got 0 sessions for read:user,repo,user:email,workflow...
2025-10-17 03:04:20.752 [info] Getting sessions for read:user...
2025-10-17 03:04:20.752 [info] Got 0 sessions for read:user...
2025-10-17 03:04:20.753 [info] Getting sessions for user:email...
2025-10-17 03:04:20.753 [info] Got 1 sessions for user:email...
2025-10-17 03:04:20.829 [info] Getting sessions for all scopes...
2025-10-17 03:04:20.829 [info] Got 1 sessions for ...
2025-10-17 03:04:20.853 [info] Getting sessions for all scopes...
2025-10-17 03:04:20.853 [info] Got 1 sessions for ...
2025-10-17 03:04:20.856 [info] Getting sessions for read:user,repo,user:email,workflow...
2025-10-17 03:04:20.856 [info] Got 0 sessions for read:user,repo,user:email,workflow...
2025-10-17 03:04:20.857 [info] Getting sessions for user:email...
2025-10-17 03:04:20.857 [info] Got 1 sessions for user:email...
2025-10-17 03:04:20.858 [info] Getting sessions for read:user,repo,user:email,workflow...
2025-10-17 03:04:20.858 [info] Got 0 sessions for read:user,repo,user:email,workflow...
2025-10-17 03:04:20.862 [info] Getting sessions for all scopes...
2025-10-17 03:04:20.862 [info] Got 1 sessions for ...
2025-10-17 03:04:20.863 [info] Getting sessions for read:user,repo,user:email,workflow...
2025-10-17 03:04:20.863 [info] Got 0 sessions for read:user,repo,user:email,workflow...
2025-10-17 03:04:20.864 [info] Getting sessions for user:email...
2025-10-17 03:04:20.864 [info] Got 1 sessions for user:email...
2025-10-17 03:04:20.874 [info] FetcherService: Node fetch failed with status: 429 Too Many Requests
2025-10-17 03:04:21.130 [info] FetcherService: Node http/s failed with status: 429 Too Many Requests
2025-10-17 03:04:21.556 [info] Getting sessions for all scopes...
2025-10-17 03:04:21.556 [info] Got 1 sessions for ...
2025-10-17 03:04:34.753 [info] Getting sessions for all scopes...
2025-10-17 03:04:34.753 [info] Got 1 sessions for ...
2025-10-17 03:04:34.759 [info] Getting sessions for read:user,repo,user:email,workflow...
2025-10-17 03:04:34.759 [info] Got 0 sessions for read:user,repo,user:email,workflow...
2025-10-17 03:04:34.761 [info] Getting sessions for read:user,repo,user:email,workflow...
2025-10-17 03:04:34.761 [info] Got 0 sessions for read:user,repo,user:email,workflow...
2025-10-17 03:04:34.775 [info] Getting sessions for all scopes...
2025-10-17 03:04:34.775 [info] Got 1 sessions for ...
2025-10-17 03:04:34.798 [info] Getting sessions for read:user,repo,user:email,workflow...
2025-10-17 03:04:34.798 [info] Got 0 sessions for read:user,repo,user:email,workflow...
2025-10-17 03:04:34.799 [info] Getting sessions for user:email...
2025-10-17 03:04:34.799 [info] Got 1 sessions for user:email...
2025-10-17 03:04:36.941 [info] Getting sessions for all scopes...
2025-10-17 03:04:36.941 [info] Got 1 sessions for ...
2025-10-17 03:04:36.942 [info] Getting sessions for read:user,repo,user:email,workflow...
2025-10-17 03:04:36.942 [info] Got 0 sessions for read:user,repo,user:email,workflow...
2025-10-17 03:04:36.943 [info] Getting sessions for user:email...
2025-10-17 03:04:36.943 [info] Got 1 sessions for user:email...
2025-10-17 03:04:37.620 [info] Getting sessions for read:user,repo,user:email,workflow...
2025-10-17 03:04:37.620 [info] Got 0 sessions for read:user,repo,user:email,workflow...
2025-10-17 03:04:37.620 [info] Getting sessions for read:user...
2025-10-17 03:04:37.620 [info] Got 0 sessions for read:user...
2025-10-17 03:04:37.621 [info] Getting sessions for user:email...
2025-10-17 03:04:37.621 [info] Got 1 sessions for user:email...
2025-10-17 03:04:37.927 [info] Getting sessions for read:user,repo,user:email,workflow...
2025-10-17 03:04:37.927 [info] Got 0 sessions for read:user,repo,user:email,workflow...
2025-10-17 03:04:37.928 [info] Getting sessions for read:user...
2025-10-17 03:04:37.928 [info] Got 0 sessions for read:user...
2025-10-17 03:04:37.930 [info] Getting sessions for user:email...
2025-10-17 03:04:37.930 [info] Got 1 sessions for user:email...
