2026-02-27 22:59:20.091 [info] Reading sessions from keychain...
2026-02-27 22:59:20.091 [info] Getting sessions for all scopes...
2026-02-27 22:59:23.421 [info] Got 0 sessions for ...
2026-02-27 22:59:23.422 [info] Getting sessions for all scopes...
2026-02-27 22:59:23.422 [info] Got 0 sessions for ...
2026-02-27 22:59:23.448 [info] Getting sessions for all scopes...
2026-02-27 22:59:23.448 [info] Got 0 sessions for ...
2026-02-27 22:59:24.754 [info] Getting sessions for all scopes...
2026-02-27 22:59:24.754 [info] Got 0 sessions for ...
2026-02-27 22:59:26.527 [info] Getting sessions for all scopes...
2026-02-27 22:59:26.527 [info] Got 0 sessions for ...
2026-02-27 23:01:12.577 [info] Getting sessions for read:user,repo,user:email,workflow...
2026-02-27 23:01:12.577 [info] Got 0 sessions for read:user,repo,user:email,workflow...
2026-02-27 23:01:14.707 [info] Logging in with 'any' account...
2026-02-27 23:01:14.707 [info] Logging in for the following scopes: read:user repo user:email workflow
2026-02-27 23:01:14.748 [info] Trying with local server... (read:user repo user:email workflow)
2026-02-27 23:01:57.800 [info] Exchanging code for token...
2026-02-27 23:01:58.125 [info] Token exchange success!
2026-02-27 23:01:58.126 [info] Getting user info...
2026-02-27 23:01:58.462 [info] Got account info!
2026-02-27 23:01:58.462 [info] Storing 1 sessions...
2026-02-27 23:01:58.465 [info] Reading sessions from keychain...
2026-02-27 23:01:58.465 [info] Stored 1 sessions!
2026-02-27 23:01:58.465 [info] Login success!
2026-02-27 23:01:58.469 [info] Got stored sessions!
2026-02-27 23:01:58.470 [info] Got 1 verified sessions.
2026-02-27 23:01:58.568 [info] Getting sessions for all scopes...
2026-02-27 23:01:58.568 [info] Got 1 sessions for ...
2026-02-27 23:01:58.569 [info] Getting sessions for all scopes...
2026-02-27 23:01:58.569 [info] Got 1 sessions for ...
2026-02-27 23:01:58.731 [info] FetcherService: Electron fetch failed with status: 429 
2026-02-27 23:01:58.731 [info] Unable to resolve optional EDU details. Status: 429 
