2026-02-26 21:37:02.639 [info] [test-by-project] Activating project-based testing mode
2026-02-26 21:37:02.639 [info] [test-by-project] Discovering projects for workspace: /root/capsule
2026-02-26 21:37:02.640 [info] Native locator: Refresh started
2026-02-26 21:37:02.640 [info] [test-by-project] Found 1 total Python projects from API
2026-02-26 21:37:02.640 [info] [test-by-project] Filtered to 1 projects in workspace
2026-02-26 21:37:02.640 [info] [test-by-project] Creating adapter for: capsule at file:///root/capsule
2026-02-26 21:37:02.673 [info] > conda info --json
2026-02-26 21:37:02.696 [info] > pyenv which python
2026-02-26 21:37:02.696 [info] cwd: .
2026-02-26 21:37:05.125 [info] Native locator: Refresh started
2026-02-26 21:37:05.125 [info] Native locator: Refresh started
2026-02-26 21:37:42.268 [info] Native locator: Refresh started
2026-02-26 21:39:09.642 [error] [test-by-project] Failed to create adapter for /root/capsule: [Error: Request 'configure' timed out after 30000ms
	at Timeout.<anonymous> (/root/.vscode/extensions/ms-python.vscode-python-envs-1.20.1-linux-x64/dist/extension.js:2:534062)
	at listOnTimeout (node:internal/timers:588:17)
	at process.processTimers (node:internal/timers:523:7)]
2026-02-26 21:39:09.642 [info] [test-by-project] All adapters failed, falling back to default project
2026-02-26 21:39:09.642 [info] [test-by-project] Creating default project for: /root/capsule
2026-02-26 21:39:09.642 [info] Native locator: Refresh finished in 127004 ms
2026-02-26 21:39:09.644 [error] [
  'Failed to activate a workspace, Class name = v, completed in 127005ms, has a falsy return value, Arg 1: <Uri:/root/capsule>, Arg 2: {"started":1772141821740}, Return Value: undefined',
  [Error: Python Environment Tools (PET) failed after 3 restart attempts. Please reload the window or check the output channel for details. To debug, run "Python Environments: Run Python Environment Tool (PET) in Terminal" from the Command Palette.
  	at S.ensureProcessRunning (/root/.vscode/extensions/ms-python.vscode-python-envs-1.20.1-linux-x64/dist/extension.js:2:535872)
  	at S.doRefresh (/root/.vscode/extensions/ms-python.vscode-python-envs-1.20.1-linux-x64/dist/extension.js:2:540575)
  	at c.workerFunc (/root/.vscode/extensions/ms-python.vscode-python-envs-1.20.1-linux-x64/dist/extension.js:2:535168)
  	at o.workFunc (/root/.vscode/extensions/ms-python.vscode-python-envs-1.20.1-linux-x64/dist/extension.js:2:287619)
  	at o.start (/root/.vscode/extensions/ms-python.vscode-python-envs-1.20.1-linux-x64/dist/extension.js:2:286434)]
]
2026-02-26 21:39:09.644 [error] Failure during activation. [Error: Python Environment Tools (PET) failed after 3 restart attempts. Please reload the window or check the output channel for details. To debug, run "Python Environments: Run Python Environment Tool (PET) in Terminal" from the Command Palette.
	at S.ensureProcessRunning (/root/.vscode/extensions/ms-python.vscode-python-envs-1.20.1-linux-x64/dist/extension.js:2:535872)
	at S.doRefresh (/root/.vscode/extensions/ms-python.vscode-python-envs-1.20.1-linux-x64/dist/extension.js:2:540575)
	at c.workerFunc (/root/.vscode/extensions/ms-python.vscode-python-envs-1.20.1-linux-x64/dist/extension.js:2:535168)
	at o.workFunc (/root/.vscode/extensions/ms-python.vscode-python-envs-1.20.1-linux-x64/dist/extension.js:2:287619)
	at o.start (/root/.vscode/extensions/ms-python.vscode-python-envs-1.20.1-linux-x64/dist/extension.js:2:286434)]
2026-02-26 21:39:09.644 [error] sendStartupTelemetry() failed. [Error: Python Environment Tools (PET) failed after 3 restart attempts. Please reload the window or check the output channel for details. To debug, run "Python Environments: Run Python Environment Tool (PET) in Terminal" from the Command Palette.
	at S.ensureProcessRunning (/root/.vscode/extensions/ms-python.vscode-python-envs-1.20.1-linux-x64/dist/extension.js:2:535872)
	at S.doRefresh (/root/.vscode/extensions/ms-python.vscode-python-envs-1.20.1-linux-x64/dist/extension.js:2:540575)
	at c.workerFunc (/root/.vscode/extensions/ms-python.vscode-python-envs-1.20.1-linux-x64/dist/extension.js:2:535168)
	at o.workFunc (/root/.vscode/extensions/ms-python.vscode-python-envs-1.20.1-linux-x64/dist/extension.js:2:287619)
	at o.start (/root/.vscode/extensions/ms-python.vscode-python-envs-1.20.1-linux-x64/dist/extension.js:2:286434)]
2026-02-26 21:39:09.645 [info] [test-by-project] Registered 1 project(s) for /root/capsule
2026-02-26 21:39:09.646 [info] [test-by-project] Activated 1 project(s) for /root/capsule
2026-02-26 21:39:09.646 [info] [test-by-project] Subscribed to Python project changes
2026-02-26 21:40:42.157 [info] Native locator: Refresh started
2026-02-26 21:40:42.159 [info] Native locator: Refresh finished in 3 ms
2026-02-26 21:41:09.750 [info] VS Code was launched from an activated environment: 'conda', selecting it as the interpreter for workspace.
2026-02-26 21:41:09.825 [info] Active interpreter [/root/capsule]:  /opt/conda/bin/python
2026-02-26 21:41:58.071 [info] Native locator: Refresh started
2026-02-26 21:41:58.072 [info] Native locator: Refresh finished in 2 ms
2026-02-26 21:42:00.438 [warning] User did not select a Python environment in Select Python Tool(2).
