2026-03-02 16:23:58.621 [info] Starting Python Locator /root/.vscode/extensions/ms-python.python-2026.2.0-linux-x64/python-env-tools/bin/pet server
2026-03-02 16:23:58.631 [info] Discovered manager: (Conda) /opt/conda/bin/conda
2026-03-02 16:23:58.632 [info] Discovered env: /opt/conda/bin/python
2026-03-02 16:23:58.635 [info] Discovered env: /bin/python3
2026-03-02 16:23:58.636 [info] Discovered env: /usr/bin/python3
2026-03-02 16:23:58.645 [info] Locator Conda took 405.865782ms
2026-03-02 16:23:58.645 [info] Locator Homebrew took 508.65µs
2026-03-02 16:23:58.645 [info] Locator LinuxGlobal took 415.426315ms
2026-03-02 16:23:58.645 [info] Locator PipEnv took 714.485µs
2026-03-02 16:23:58.645 [info] Locator Pixi took 189.724µs
2026-03-02 16:23:58.645 [info] Locator Poetry took 1.730417ms
2026-03-02 16:23:58.645 [info] Locator PyEnv took 1.735807ms
2026-03-02 16:23:58.645 [info] Locator Uv took 814.558µs
2026-03-02 16:23:58.645 [info] Locator Venv took 313.787µs
2026-03-02 16:23:58.645 [info] Locator VirtualEnv took 239.605µs
2026-03-02 16:23:58.645 [info] Locator VirtualEnvWrapper took 285.935µs
2026-03-02 16:23:58.645 [info] Locator GlobalVirtualEnvs took 1.710927ms
2026-03-02 16:23:58.645 [info] Locator Locators took 418.544101ms
2026-03-02 16:23:58.645 [info] Locator Path took 444.35649ms
2026-03-02 16:23:58.645 [info] Locator Workspaces took 5.341414ms
2026-03-02 16:23:58.646 [info] Refresh completed in 444ms
2026-03-02 16:23:59.180 [info] Discovered manager: (Conda) /opt/conda/bin/conda
2026-03-02 16:23:59.181 [info] Discovered env: /opt/conda/bin/python
2026-03-02 16:23:59.191 [info] Resolved Python Environment /opt/conda/bin/python
2026-03-02 16:23:59.355 [info] Discovered env: /bin/python3
2026-03-02 16:23:59.358 [info] Discovered env: /usr/bin/python3
2026-03-02 16:23:59.363 [info] Locator Conda took 76.085107ms
2026-03-02 16:23:59.363 [info] Locator Homebrew took 1.221616ms
2026-03-02 16:23:59.363 [info] Locator LinuxGlobal took 68.721172ms
2026-03-02 16:23:59.363 [info] Locator PipEnv took 59.541µs
2026-03-02 16:23:59.363 [info] Locator Pixi took 230.265µs
2026-03-02 16:23:59.363 [info] Locator Poetry took 420.108µs
2026-03-02 16:23:59.363 [info] Locator PyEnv took 536.961µs
2026-03-02 16:23:59.363 [info] Locator Uv took 55.831µs
2026-03-02 16:23:59.363 [info] Locator Venv took 477.25µs
2026-03-02 16:23:59.363 [info] Locator VirtualEnv took 573.232µs
2026-03-02 16:23:59.363 [info] Locator VirtualEnvWrapper took 294.136µs
2026-03-02 16:23:59.363 [info] Locator GlobalVirtualEnvs took 460.94µs
2026-03-02 16:23:59.364 [info] Locator Locators took 76.545608ms
2026-03-02 16:23:59.364 [info] Locator Path took 91.149828ms
2026-03-02 16:23:59.364 [info] Locator Workspaces took 4.472174ms
2026-03-02 16:23:59.364 [info] Refresh completed in 91ms
2026-03-02 16:23:59.365 [info] Resolved Python Environment /opt/conda/bin/python
2026-03-02 16:25:20.021 [info] Resolved Python Environment /opt/conda/bin/python
2026-03-02 16:38:32.991 [info] Resolved Python Environment /opt/conda/bin/python
2026-03-02 16:39:25.286 [info] Resolved Python Environment /opt/conda/bin/python
2026-03-02 16:39:57.581 [info] Resolved Python Environment /opt/conda/bin/python
2026-03-02 16:40:28.398 [info] Resolved Python Environment /opt/conda/bin/python
2026-03-02 16:41:36.992 [info] Resolved Python Environment /opt/conda/bin/python
2026-03-02 16:43:41.980 [info] Resolved Python Environment /opt/conda/bin/python
2026-03-02 16:44:12.964 [info] Resolved Python Environment /opt/conda/bin/python
2026-03-02 16:45:11.561 [info] Resolved Python Environment /opt/conda/bin/python
2026-03-02 16:45:57.900 [info] Resolved Python Environment /opt/conda/bin/python
2026-03-02 16:47:45.389 [info] Resolved Python Environment /opt/conda/bin/python
2026-03-02 16:48:16.293 [info] Resolved Python Environment /opt/conda/bin/python
2026-03-02 16:48:52.209 [info] Resolved Python Environment /opt/conda/bin/python
2026-03-02 16:49:23.926 [info] Resolved Python Environment /opt/conda/bin/python
2026-03-02 16:50:02.927 [info] Resolved Python Environment /opt/conda/bin/python
2026-03-02 16:51:07.149 [info] Resolved Python Environment /opt/conda/bin/python
2026-03-02 16:53:06.123 [info] Resolved Python Environment /opt/conda/bin/python
2026-03-02 16:54:38.431 [info] Resolved Python Environment /opt/conda/bin/python
2026-03-02 16:55:53.812 [info] Resolved Python Environment /opt/conda/bin/python
2026-03-02 16:56:25.877 [info] Resolved Python Environment /opt/conda/bin/python
2026-03-02 17:02:53.979 [info] Resolved Python Environment /opt/conda/bin/python
2026-03-02 17:04:59.166 [info] Resolved Python Environment /opt/conda/bin/python
2026-03-02 17:06:19.247 [info] Resolved Python Environment /opt/conda/bin/python
2026-03-02 17:08:13.791 [info] Resolved Python Environment /opt/conda/bin/python
2026-03-02 17:09:10.060 [info] Resolved Python Environment /opt/conda/bin/python
2026-03-02 17:10:59.200 [info] Resolved Python Environment /opt/conda/bin/python
2026-03-02 17:17:17.604 [info] Resolved Python Environment /opt/conda/bin/python
2026-03-02 17:21:27.700 [info] Resolved Python Environment /opt/conda/bin/python
2026-03-02 17:24:44.465 [info] Resolved Python Environment /opt/conda/bin/python
2026-03-02 17:25:30.112 [info] Resolved Python Environment /opt/conda/bin/python
2026-03-02 17:26:59.543 [info] Resolved Python Environment /opt/conda/bin/python
2026-03-02 17:27:50.910 [info] Resolved Python Environment /opt/conda/bin/python
2026-03-02 17:28:28.438 [info] Resolved Python Environment /opt/conda/bin/python
2026-03-02 17:29:10.871 [info] Resolved Python Environment /opt/conda/bin/python
2026-03-02 17:29:44.601 [info] Resolved Python Environment /opt/conda/bin/python
2026-03-02 17:40:15.888 [info] Resolved Python Environment /opt/conda/bin/python
2026-03-02 17:47:05.809 [info] Resolved Python Environment /opt/conda/bin/python
2026-03-02 17:47:37.744 [info] Resolved Python Environment /opt/conda/bin/python
2026-03-02 17:48:22.999 [info] Resolved Python Environment /opt/conda/bin/python
2026-03-02 17:51:39.086 [info] Resolved Python Environment /opt/conda/bin/python
2026-03-02 17:52:15.095 [info] Resolved Python Environment /opt/conda/bin/python
2026-03-02 17:52:48.700 [info] Resolved Python Environment /opt/conda/bin/python
2026-03-02 17:53:19.173 [info] Resolved Python Environment /opt/conda/bin/python
2026-03-02 17:54:46.709 [info] Resolved Python Environment /opt/conda/bin/python
2026-03-02 17:55:19.690 [info] Resolved Python Environment /opt/conda/bin/python
2026-03-02 17:56:01.849 [info] Resolved Python Environment /opt/conda/bin/python
2026-03-02 17:56:41.904 [info] Resolved Python Environment /opt/conda/bin/python
2026-03-02 17:57:31.730 [info] Resolved Python Environment /opt/conda/bin/python
2026-03-02 17:58:03.403 [info] Resolved Python Environment /opt/conda/bin/python
2026-03-02 17:58:35.192 [info] Resolved Python Environment /opt/conda/bin/python
2026-03-02 17:59:07.690 [info] Resolved Python Environment /opt/conda/bin/python
2026-03-02 18:00:05.296 [info] Resolved Python Environment /opt/conda/bin/python
2026-03-02 18:00:36.074 [info] Resolved Python Environment /opt/conda/bin/python
2026-03-02 18:01:36.578 [info] Resolved Python Environment /opt/conda/bin/python
2026-03-02 18:02:08.398 [info] Resolved Python Environment /opt/conda/bin/python
2026-03-02 18:03:00.297 [info] Resolved Python Environment /opt/conda/bin/python
2026-03-02 18:03:31.797 [info] Resolved Python Environment /opt/conda/bin/python
2026-03-02 18:04:47.973 [info] Resolved Python Environment /opt/conda/bin/python
2026-03-02 18:06:22.179 [info] Resolved Python Environment /opt/conda/bin/python
2026-03-02 18:06:53.137 [info] Resolved Python Environment /opt/conda/bin/python
2026-03-02 18:07:23.978 [info] Resolved Python Environment /opt/conda/bin/python
2026-03-02 18:08:33.115 [info] Resolved Python Environment /opt/conda/bin/python
2026-03-02 18:09:05.883 [info] Resolved Python Environment /opt/conda/bin/python
2026-03-02 18:09:36.488 [info] Resolved Python Environment /opt/conda/bin/python
2026-03-02 18:10:17.518 [info] Resolved Python Environment /opt/conda/bin/python
2026-03-02 18:10:49.511 [info] Resolved Python Environment /opt/conda/bin/python
2026-03-02 18:11:22.861 [info] Resolved Python Environment /opt/conda/bin/python
2026-03-02 18:11:58.443 [info] Resolved Python Environment /opt/conda/bin/python
2026-03-02 18:12:28.580 [info] Resolved Python Environment /opt/conda/bin/python
2026-03-02 18:13:04.362 [info] Resolved Python Environment /opt/conda/bin/python
2026-03-02 18:13:38.316 [info] Resolved Python Environment /opt/conda/bin/python
2026-03-02 18:14:15.999 [info] Resolved Python Environment /opt/conda/bin/python
2026-03-02 18:14:49.611 [info] Resolved Python Environment /opt/conda/bin/python
2026-03-02 18:15:52.347 [info] Resolved Python Environment /opt/conda/bin/python
2026-03-02 18:16:25.416 [info] Resolved Python Environment /opt/conda/bin/python
2026-03-02 18:17:19.481 [info] Resolved Python Environment /opt/conda/bin/python
2026-03-02 18:17:54.956 [info] Resolved Python Environment /opt/conda/bin/python
2026-03-02 18:25:28.219 [info] Resolved Python Environment /opt/conda/bin/python
2026-03-02 18:26:00.618 [info] Resolved Python Environment /opt/conda/bin/python
2026-03-02 18:26:40.339 [info] Resolved Python Environment /opt/conda/bin/python
2026-03-02 18:27:14.614 [info] Resolved Python Environment /opt/conda/bin/python
2026-03-02 18:27:50.711 [info] Resolved Python Environment /opt/conda/bin/python
2026-03-02 18:28:32.480 [info] Resolved Python Environment /opt/conda/bin/python
2026-03-02 18:29:49.322 [info] Resolved Python Environment /opt/conda/bin/python
2026-03-02 18:30:22.596 [info] Resolved Python Environment /opt/conda/bin/python
2026-03-02 18:31:18.076 [info] Resolved Python Environment /opt/conda/bin/python
2026-03-02 18:32:01.246 [info] Resolved Python Environment /opt/conda/bin/python
2026-03-02 18:32:44.899 [info] Resolved Python Environment /opt/conda/bin/python
2026-03-02 18:38:17.721 [info] Resolved Python Environment /opt/conda/bin/python
2026-03-02 18:39:26.281 [info] Resolved Python Environment /opt/conda/bin/python
2026-03-02 18:41:24.842 [info] Resolved Python Environment /opt/conda/bin/python
2026-03-02 18:42:50.818 [info] Resolved Python Environment /opt/conda/bin/python
2026-03-02 18:49:27.771 [info] Resolved Python Environment /opt/conda/bin/python
2026-03-02 18:59:19.689 [info] Resolved Python Environment /opt/conda/bin/python
2026-03-02 19:01:17.935 [info] Resolved Python Environment /opt/conda/bin/python
2026-03-02 19:02:54.756 [info] Resolved Python Environment /opt/conda/bin/python
2026-03-02 19:03:25.361 [info] Resolved Python Environment /opt/conda/bin/python
2026-03-02 19:04:01.448 [info] Resolved Python Environment /opt/conda/bin/python
2026-03-02 19:04:47.726 [info] Resolved Python Environment /opt/conda/bin/python
2026-03-02 19:05:40.071 [info] Resolved Python Environment /opt/conda/bin/python
2026-03-02 19:08:28.968 [info] Resolved Python Environment /opt/conda/bin/python
2026-03-02 19:09:12.360 [info] Resolved Python Environment /opt/conda/bin/python
2026-03-02 19:09:47.175 [info] Resolved Python Environment /opt/conda/bin/python
2026-03-02 19:10:40.031 [info] Resolved Python Environment /opt/conda/bin/python
2026-03-02 19:11:11.476 [info] Resolved Python Environment /opt/conda/bin/python
