2026-03-02 16:23:58.620 [info] Native locator: Refresh started
2026-03-02 16:23:58.632 [info] Conda environment manager found at: /opt/conda/bin/conda
2026-03-02 16:23:58.632 [info] Using conda: /opt/conda/bin/conda
2026-03-02 16:23:58.646 [info] Native locator: Refresh finished in 487 ms
2026-03-02 16:23:59.116 [info] Native locator: Refresh started
2026-03-02 16:23:59.133 [info] Native locator: Refresh started
2026-03-02 16:23:59.150 [info] > /opt/conda/bin/conda info --json
2026-03-02 16:23:59.180 [info] Conda environment manager found at: /opt/conda/bin/conda
2026-03-02 16:23:59.180 [info] Conda set to: /opt/conda/bin/conda
2026-03-02 16:23:59.203 [info] > pyenv which python
2026-03-02 16:23:59.203 [info] cwd: .
2026-03-02 16:23:59.364 [info] Native locator: Refresh finished in 249 ms
2026-03-02 16:23:59.957 [info] Python interpreter path: /opt/conda/bin/python
2026-03-02 16:23:59.959 [info] > /opt/conda/bin/conda config --get auto_activate_base
2026-03-02 16:23:59.992 [info] > /opt/conda/bin/conda run -p /opt/conda --no-capture-output python ~/.vscode/extensions/ms-python.python-2026.2.0-linux-x64/python_files/get_output_via_markers.py ~/.vscode/extensions/ms-python.python-2026.2.0-linux-x64/python_files/printEnvVariables.py
2026-03-02 16:23:59.992 [info] shell: bash
2026-03-02 16:23:59.992 [info] > /opt/conda/bin/conda run -p /opt/conda --no-capture-output python ~/.vscode/extensions/ms-python.python-2026.2.0-linux-x64/python_files/get_output_via_markers.py ~/.vscode/extensions/ms-python.python-2026.2.0-linux-x64/python_files/printEnvVariables.py
2026-03-02 16:23:59.992 [info] shell: bash
2026-03-02 16:23:59.992 [info] > /opt/conda/bin/conda run -p /opt/conda --no-capture-output python ~/.vscode/extensions/ms-python.python-2026.2.0-linux-x64/python_files/get_output_via_markers.py ~/.vscode/extensions/ms-python.python-2026.2.0-linux-x64/python_files/printEnvVariables.py
2026-03-02 16:23:59.992 [info] shell: bash
2026-03-02 16:23:59.992 [info] > /opt/conda/bin/conda run -p /opt/conda --no-capture-output python ~/.vscode/extensions/ms-python.python-2026.2.0-linux-x64/python_files/get_output_via_markers.py ~/.vscode/extensions/ms-python.python-2026.2.0-linux-x64/python_files/printEnvVariables.py
2026-03-02 16:23:59.992 [info] shell: bash
2026-03-02 16:23:59.992 [info] > /opt/conda/bin/conda run -p /opt/conda --no-capture-output python ~/.vscode/extensions/ms-python.python-2026.2.0-linux-x64/python_files/get_output_via_markers.py ~/.vscode/extensions/ms-python.python-2026.2.0-linux-x64/python_files/printEnvVariables.py
2026-03-02 16:23:59.992 [info] shell: bash
2026-03-02 16:23:59.992 [info] > /opt/conda/bin/conda run -p /opt/conda --no-capture-output python ~/.vscode/extensions/ms-python.python-2026.2.0-linux-x64/python_files/get_output_via_markers.py ~/.vscode/extensions/ms-python.python-2026.2.0-linux-x64/python_files/printEnvVariables.py
2026-03-02 16:23:59.992 [info] shell: bash
2026-03-02 16:24:02.052 [info] Starting Pylance language server.
2026-03-02 16:40:02.362 [info] > /opt/conda/bin/conda run -p /opt/conda --no-capture-output python ~/.vscode/extensions/ms-python.python-2026.2.0-linux-x64/python_files/get_output_via_markers.py ~/.vscode/extensions/ms-python.python-2026.2.0-linux-x64/python_files/printEnvVariables.py
2026-03-02 16:40:02.362 [info] shell: bash
2026-03-02 16:40:02.369 [info] Active interpreter [/root/capsule/code/260302_landmark_filtering.ipynb]:  /opt/conda/bin/python
2026-03-02 16:40:02.376 [info] > /opt/conda/bin/conda run -p /opt/conda --no-capture-output python ~/.vscode/extensions/ms-python.python-2026.2.0-linux-x64/python_files/get_output_via_markers.py ~/.vscode/extensions/ms-python.python-2026.2.0-linux-x64/python_files/printEnvVariables.py
2026-03-02 16:40:02.376 [info] shell: bash
2026-03-02 16:40:02.387 [info] > /opt/conda/bin/conda run -p /opt/conda --no-capture-output python ~/.vscode/extensions/ms-python.python-2026.2.0-linux-x64/python_files/get_output_via_markers.py ~/.vscode/extensions/ms-python.python-2026.2.0-linux-x64/python_files/printEnvVariables.py
2026-03-02 16:40:02.387 [info] shell: bash
2026-03-02 17:56:48.128 [info] > /opt/conda/bin/conda run -p /opt/conda --no-capture-output python ~/.vscode/extensions/ms-python.python-2026.2.0-linux-x64/python_files/get_output_via_markers.py ~/.vscode/extensions/ms-python.python-2026.2.0-linux-x64/python_files/printEnvVariables.py
2026-03-02 17:56:48.128 [info] shell: bash
2026-03-02 18:10:22.314 [info] > /opt/conda/bin/conda run -p /opt/conda --no-capture-output python ~/.vscode/extensions/ms-python.python-2026.2.0-linux-x64/python_files/get_output_via_markers.py ~/.vscode/extensions/ms-python.python-2026.2.0-linux-x64/python_files/printEnvVariables.py
2026-03-02 18:10:22.314 [info] shell: bash
2026-03-02 19:09:47.190 [info] > /opt/conda/bin/conda run -p /opt/conda --no-capture-output python ~/.vscode/extensions/ms-python.python-2026.2.0-linux-x64/python_files/get_output_via_markers.py ~/.vscode/extensions/ms-python.python-2026.2.0-linux-x64/python_files/printEnvVariables.py
2026-03-02 19:09:47.190 [info] shell: bash
