=== S38 v2 — G1 capacity × training length ===
  n_hcr=17427  val_samples=40  median_corr=193

--- A: baseline 48×3+2: hidden=48, n_layers=3, cross=2, iter=5000
  iter   loss     hit_frac  p<10  p<50  med
   200    1.97   0.235    0.236 0.256 269
   500    1.74   0.327    0.327 0.349 193
  1000    1.53   0.397    0.398 0.418 130
  2000    1.35   0.462    0.463 0.480 71
  3500    1.24   0.495    0.496 0.512 30
  5000    1.45   0.511    0.512 0.530 0
  total: 278s

--- B: wider 96×4+3: hidden=96, n_layers=4, cross=3, iter=5000
  iter   loss     hit_frac  p<10  p<50  med
   200    2.00   0.217    0.218 0.238 273
   500    1.69   0.332    0.333 0.354 186
  1000    1.49   0.405    0.405 0.426 115
  2000    1.30   0.483    0.484 0.502 49
  3500    1.15   0.525    0.526 0.541 0
  5000    1.36   0.559    0.560 0.576 0
  total: 326s
