Visual Studio Code (1.109.5, undefined, desktop)
Jupyter Extension Version: 2025.9.1.
Python Extension Version: 2026.2.0.
Python Environment Extension Version: 1.20.1.
Pylance Extension Version: 2026.1.1.
Platform: linux (x64).
Home = /root
Temp Storage folder ~/capsule/code/vscode-data/User/globalStorage/ms-toolsai.jupyter/version-2025.9.1
Workspace folder ~/capsule
05:18:08.722 [info] Starting Kernel (Python Path: /opt/conda/bin/python, Conda, 3.10.12) for '~/capsule/code/step_2_automatic_mapping_for_qc.ipynb' (disableUI=true)
05:18:08.724 [info] Starting Kernel (Python Path: /opt/conda/bin/python, Conda, 3.10.12) for '~/capsule/code/step_3_more_iterations.ipynb' (disableUI=true)
05:18:08.725 [info] Starting Kernel (Python Path: /opt/conda/bin/python, Conda, 3.10.12) for '~/capsule/code/260227_gfp_count_verification.ipynb' (disableUI=true)
05:18:08.725 [info] Starting Kernel (Python Path: /opt/conda/bin/python, Conda, 3.10.12) for '~/capsule/code/260227_landmark_checking.ipynb' (disableUI=true)
05:18:10.374 [info] Process Execution: /opt/conda/bin/python -c "import ipykernel; print(ipykernel.__version__); print("5dc3a68c-e34e-4080-9c3e-2a532b2ccb4d"); print(ipykernel.__file__)"
05:18:10.380 [info] Process Execution: /opt/conda/bin/python -m ipykernel_launcher --f=~/.local/share/jupyter/runtime/kernel-v3a6153c77ee641cb9c83f10e854c5543f11149e0f.json
    > cwd: ~/capsule/code
05:18:10.392 [info] Process Execution: /opt/conda/bin/python -c "import ipykernel; print(ipykernel.__version__); print("5dc3a68c-e34e-4080-9c3e-2a532b2ccb4d"); print(ipykernel.__file__)"
05:18:10.399 [info] Process Execution: /opt/conda/bin/python -m ipykernel_launcher --f=~/.local/share/jupyter/runtime/kernel-v331624e2a89ccb9a7183c780766e0c4427a7d0bd9.json
    > cwd: ~/capsule/code
05:18:10.406 [info] Process Execution: /opt/conda/bin/python -c "import ipykernel; print(ipykernel.__version__); print("5dc3a68c-e34e-4080-9c3e-2a532b2ccb4d"); print(ipykernel.__file__)"
05:18:10.414 [info] Process Execution: /opt/conda/bin/python -m ipykernel_launcher --f=~/.local/share/jupyter/runtime/kernel-v3390b7981722d79d5e360a9034842f7ba26a5e57d.json
    > cwd: ~/capsule/code
05:18:10.423 [info] Process Execution: /opt/conda/bin/python -c "import ipykernel; print(ipykernel.__version__); print("5dc3a68c-e34e-4080-9c3e-2a532b2ccb4d"); print(ipykernel.__file__)"
05:18:10.430 [info] Process Execution: /opt/conda/bin/python -m ipykernel_launcher --f=~/.local/share/jupyter/runtime/kernel-v3c1e27a188e61cc708c662dc9d91238b4fdb12737.json
    > cwd: ~/capsule/code
05:18:10.438 [info] Process Execution: /opt/conda/bin/python -m pip list
05:18:10.962 [info] Kernel successfully started
05:18:10.971 [info] Process Execution: /opt/conda/bin/python ~/.vscode/extensions/ms-toolsai.jupyter-2025.9.1-linux-x64/pythonFiles/printJupyterDataDir.py
05:18:11.008 [info] Kernel successfully started
05:18:11.010 [info] Kernel successfully started
05:18:11.028 [info] Kernel successfully started
05:18:11.786 [error] Widget Error: Failed to access CDN https://unpkg.com/ after 0 attempt(s), TypeError: Failed to fetch
05:18:11.786 [error] Widget Error: Failed to access CDN https://unpkg.com/ after 0 attempt(s), TypeError: Failed to fetch
05:58:26.965 [error] Widget Error: Failed to access CDN https://unpkg.com/ after 0 attempt(s), TypeError: Failed to fetch
06:18:33.270 [info] Disposing request as the cell (-1) was deleted ~/capsule/code/step_3_more_iterations.ipynb
06:18:35.397 [info] Disposing request as the cell (-1) was deleted ~/capsule/code/step_3_more_iterations.ipynb
06:19:09.310 [warn] Cell completed with errors [Iu [Error]: 'DataFrame' object has no attribute 'append'
	at n.execute (~/.vscode/extensions/ms-toolsai.jupyter-2025.9.1-linux-x64/dist/extension.node.js:302:4958)] {
  ename: 'AttributeError',
  evalue: "'DataFrame' object has no attribute 'append'",
  traceback: [
    '\x1B[0;31m---------------------------------------------------------------------------\x1B[0m',
    '\x1B[0;31mAttributeError\x1B[0m                            Traceback (most recent call last)',
    '\x1B[0;32m/tmp/ipykernel_1866/963780693.py\x1B[0m in \x1B[0;36m?\x1B[0;34m()\x1B[0m\n' +
      "\x1B[1;32m     34\x1B[0m                    \x1B[0;34m'czstack_z'\x1B[0m\x1B[0;34m:\x1B[0m \x1B[0mczstack_cell_centroids_df\x1B[0m\x1B[0;34m.\x1B[0m\x1B[0mloc\x1B[0m\x1B[0;34m[\x1B[0m\x1B[0mremoved_index\x1B[0m\x1B[0;34m,\x1B[0m \x1B[0;34m'czstack_z'\x1B[0m\x1B[0;34m]\x1B[0m\x1B[0;34m,\x1B[0m\x1B[0;34m\x1B[0m\x1B[0;34m\x1B[0m\x1B[0m\n" +
      "\x1B[1;32m     35\x1B[0m                    \x1B[0;34m'hcr_x'\x1B[0m\x1B[0;34m:\x1B[0m \x1B[0mnp\x1B[0m\x1B[0;34m.\x1B[0m\x1B[0mnan\x1B[0m\x1B[0;34m,\x1B[0m\x1B[0;34m\x1B[0m\x1B[0;34m\x1B[0m\x1B[0m\n" +
      "\x1B[1;32m     36\x1B[0m                    \x1B[0;34m'hcr_y'\x1B[0m\x1B[0;34m:\x1B[0m \x1B[0mnp\x1B[0m\x1B[0;34m.\x1B[0m\x1B[0mnan\x1B[0m\x1B[0;34m,\x1B[0m\x1B[0;34m\x1B[0m\x1B[0;34m\x1B[0m\x1B[0m\n" +
      "\x1B[1;32m     37\x1B[0m                    'hcr_z': np.nan}\n" +
      '\x1B[0;32m---> 38\x1B[0;31m         \x1B[0mcurrent_landmarks\x1B[0m \x1B[0;34m=\x1B[0m \x1B[0mcurrent_landmarks\x1B[0m\x1B[0;34m.\x1B[0m\x1B[0mappend\x1B[0m\x1B[0;34m(\x1B[0m\x1B[0mnew_row\x1B[0m\x1B[0;34m,\x1B[0m \x1B[0mignore_index\x1B[0m\x1B[0;34m=\x1B[0m\x1B[0;32mTrue\x1B[0m\x1B[0;34m)\x1B[0m\x1B[0;34m\x1B[0m\x1B[0;34m\x1B[0m\x1B[0m\n' +
      '\x1B[0m\x1B[1;32m     39\x1B[0m \x1B[0;32massert\x1B[0m \x1B[0mlen\x1B[0m\x1B[0;34m(\x1B[0m\x1B[0mcurrent_landmarks\x1B[0m\x1B[0;34m)\x1B[0m \x1B[0;34m==\x1B[0m \x1B[0mnum_roi_points\x1B[0m\x1B[0;34m\x1B[0m\x1B[0;34m\x1B[0m\x1B[0m\n' +
      '\x1B[1;32m     40\x1B[0m \x1B[0;34m\x1B[0m\x1B[0m\n' +
      "\x1B[1;32m     41\x1B[0m \x1B[0mactive_landmarks\x1B[0m \x1B[0;34m=\x1B[0m \x1B[0mcurrent_landmarks\x1B[0m\x1B[0;34m.\x1B[0m\x1B[0mquery\x1B[0m\x1B[0;34m(\x1B[0m\x1B[0;34m'active'\x1B[0m\x1B[0;34m)\x1B[0m\x1B[0;34m\x1B[0m\x1B[0;34m\x1B[0m\x1B[0m\n",
    '\x1B[0;32m/opt/conda/lib/python3.10/site-packages/pandas/core/generic.py\x1B[0m in \x1B[0;36m?\x1B[0;34m(self, name)\x1B[0m\n' +
      '\x1B[1;32m   6317\x1B[0m             \x1B[0;32mand\x1B[0m \x1B[0mname\x1B[0m \x1B[0;32mnot\x1B[0m \x1B[0;32min\x1B[0m \x1B[0mself\x1B[0m\x1B[0;34m.\x1B[0m\x1B[0m_accessors\x1B[0m\x1B[0;34m\x1B[0m\x1B[0;34m\x1B[0m\x1B[0m\n' +
      '\x1B[1;32m   6318\x1B[0m             \x1B[0;32mand\x1B[0m \x1B[0mself\x1B[0m\x1B[0;34m.\x1B[0m\x1B[0m_info_axis\x1B[0m\x1B[0;34m.\x1B[0m\x1B[0m_can_hold_identifiers_and_holds_name\x1B[0m\x1B[0;34m(\x1B[0m\x1B[0mname\x1B[0m\x1B[0;34m)\x1B[0m\x1B[0;34m\x1B[0m\x1B[0;34m\x1B[0m\x1B[0m\n' +
      '\x1B[1;32m   6319\x1B[0m         ):\n' +
      '\x1B[1;32m   6320\x1B[0m             \x1B[0;32mreturn\x1B[0m \x1B[0mself\x1B[0m\x1B[0;34m[\x1B[0m\x1B[0mname\x1B[0m\x1B[0;34m]\x1B[0m\x1B[0;34m\x1B[0m\x1B[0;34m\x1B[0m\x1B[0m\n' +
      '\x1B[0;32m-> 6321\x1B[0;31m         \x1B[0;32mreturn\x1B[0m \x1B[0mobject\x1B[0m\x1B[0;34m.\x1B[0m\x1B[0m__getattribute__\x1B[0m\x1B[0;34m(\x1B[0m\x1B[0mself\x1B[0m\x1B[0;34m,\x1B[0m \x1B[0mname\x1B[0m\x1B[0;34m)\x1B[0m\x1B[0;34m\x1B[0m\x1B[0;34m\x1B[0m\x1B[0m\n' +
      '\x1B[0m',
    "\x1B[0;31mAttributeError\x1B[0m: 'DataFrame' object has no attribute 'append'"
  ]
}
06:20:31.199 [warn] Cell completed with errors [Iu [Error]: AssertionError
	at n.execute (~/.vscode/extensions/ms-toolsai.jupyter-2025.9.1-linux-x64/dist/extension.node.js:302:4958)] {
  ename: 'AssertionError',
  evalue: '',
  traceback: [
    '\x1B[0;31m---------------------------------------------------------------------------\x1B[0m',
    '\x1B[0;31mAssertionError\x1B[0m                            Traceback (most recent call last)',
    'Cell \x1B[0;32mIn[20], line 39\x1B[0m\n' +
      "\x1B[1;32m     30\x1B[0m         new_row \x1B[38;5;241m=\x1B[39m {\x1B[38;5;124m'\x1B[39m\x1B[38;5;124mids\x1B[39m\x1B[38;5;124m'\x1B[39m: removed_id,\n" +
      "\x1B[1;32m     31\x1B[0m                    \x1B[38;5;124m'\x1B[39m\x1B[38;5;124mactive\x1B[39m\x1B[38;5;124m'\x1B[39m: \x1B[38;5;28;01mTrue\x1B[39;00m,\n" +
      "\x1B[1;32m     32\x1B[0m                    \x1B[38;5;124m'\x1B[39m\x1B[38;5;124mczstack_x\x1B[39m\x1B[38;5;124m'\x1B[39m: czstack_cell_centroids_df\x1B[38;5;241m.\x1B[39mloc[removed_index, \x1B[38;5;124m'\x1B[39m\x1B[38;5;124mczstack_x\x1B[39m\x1B[38;5;124m'\x1B[39m],\n" +
      '\x1B[0;32m   (...)\x1B[0m\n' +
      "\x1B[1;32m     36\x1B[0m                    \x1B[38;5;124m'\x1B[39m\x1B[38;5;124mhcr_y\x1B[39m\x1B[38;5;124m'\x1B[39m: np\x1B[38;5;241m.\x1B[39mnan,\n" +
      "\x1B[1;32m     37\x1B[0m                    \x1B[38;5;124m'\x1B[39m\x1B[38;5;124mhcr_z\x1B[39m\x1B[38;5;124m'\x1B[39m: np\x1B[38;5;241m.\x1B[39mnan}\n" +
      '\x1B[1;32m     38\x1B[0m         current_landmarks \x1B[38;5;241m=\x1B[39m pd\x1B[38;5;241m.\x1B[39mconcat([current_landmarks, pd\x1B[38;5;241m.\x1B[39mDataFrame([new_row])], ignore_index\x1B[38;5;241m=\x1B[39m\x1B[38;5;28;01mTrue\x1B[39;00m)\n' +
      '\x1B[0;32m---> 39\x1B[0m \x1B[38;5;28;01massert\x1B[39;00m \x1B[38;5;28mlen\x1B[39m(current_landmarks) \x1B[38;5;241m==\x1B[39m num_roi_points\n' +
      "\x1B[1;32m     41\x1B[0m active_landmarks \x1B[38;5;241m=\x1B[39m current_landmarks\x1B[38;5;241m.\x1B[39mquery(\x1B[38;5;124m'\x1B[39m\x1B[38;5;124mactive\x1B[39m\x1B[38;5;124m'\x1B[39m)\n" +
      "\x1B[1;32m     43\x1B[0m points_zstack \x1B[38;5;241m=\x1B[39m active_landmarks[[\x1B[38;5;124m'\x1B[39m\x1B[38;5;124mczstack_x\x1B[39m\x1B[38;5;124m'\x1B[39m, \x1B[38;5;124m'\x1B[39m\x1B[38;5;124mczstack_y\x1B[39m\x1B[38;5;124m'\x1B[39m, \x1B[38;5;124m'\x1B[39m\x1B[38;5;124mczstack_z\x1B[39m\x1B[38;5;124m'\x1B[39m]]\x1B[38;5;241m.\x1B[39mvalues\x1B[38;5;241m.\x1B[39mastype(np\x1B[38;5;241m.\x1B[39mfloat32)\n",
    '\x1B[0;31mAssertionError\x1B[0m: '
  ]
}
06:20:47.303 [warn] Cell completed with errors [Iu [Error]: AssertionError
	at n.execute (~/.vscode/extensions/ms-toolsai.jupyter-2025.9.1-linux-x64/dist/extension.node.js:302:4958)] {
  ename: 'AssertionError',
  evalue: '',
  traceback: [
    '\x1B[0;31m---------------------------------------------------------------------------\x1B[0m',
    '\x1B[0;31mAssertionError\x1B[0m                            Traceback (most recent call last)',
    'Cell \x1B[0;32mIn[21], line 39\x1B[0m\n' +
      "\x1B[1;32m     30\x1B[0m         new_row \x1B[38;5;241m=\x1B[39m {\x1B[38;5;124m'\x1B[39m\x1B[38;5;124mids\x1B[39m\x1B[38;5;124m'\x1B[39m: removed_id,\n" +
      "\x1B[1;32m     31\x1B[0m                    \x1B[38;5;124m'\x1B[39m\x1B[38;5;124mactive\x1B[39m\x1B[38;5;124m'\x1B[39m: \x1B[38;5;28;01mFalse\x1B[39;00m,\n" +
      "\x1B[1;32m     32\x1B[0m                    \x1B[38;5;124m'\x1B[39m\x1B[38;5;124mczstack_x\x1B[39m\x1B[38;5;124m'\x1B[39m: czstack_cell_centroids_df\x1B[38;5;241m.\x1B[39mloc[removed_index, \x1B[38;5;124m'\x1B[39m\x1B[38;5;124mczstack_x\x1B[39m\x1B[38;5;124m'\x1B[39m],\n" +
      '\x1B[0;32m   (...)\x1B[0m\n' +
      "\x1B[1;32m     36\x1B[0m                    \x1B[38;5;124m'\x1B[39m\x1B[38;5;124mhcr_y\x1B[39m\x1B[38;5;124m'\x1B[39m: np\x1B[38;5;241m.\x1B[39mnan,\n" +
      "\x1B[1;32m     37\x1B[0m                    \x1B[38;5;124m'\x1B[39m\x1B[38;5;124mhcr_z\x1B[39m\x1B[38;5;124m'\x1B[39m: np\x1B[38;5;241m.\x1B[39mnan}\n" +
      '\x1B[1;32m     38\x1B[0m         current_landmarks \x1B[38;5;241m=\x1B[39m pd\x1B[38;5;241m.\x1B[39mconcat([current_landmarks, pd\x1B[38;5;241m.\x1B[39mDataFrame([new_row])], ignore_index\x1B[38;5;241m=\x1B[39m\x1B[38;5;28;01mTrue\x1B[39;00m)\n' +
      '\x1B[0;32m---> 39\x1B[0m \x1B[38;5;28;01massert\x1B[39;00m \x1B[38;5;28mlen\x1B[39m(current_landmarks) \x1B[38;5;241m==\x1B[39m num_roi_points\n' +
      "\x1B[1;32m     41\x1B[0m active_landmarks \x1B[38;5;241m=\x1B[39m current_landmarks\x1B[38;5;241m.\x1B[39mquery(\x1B[38;5;124m'\x1B[39m\x1B[38;5;124mactive\x1B[39m\x1B[38;5;124m'\x1B[39m)\n" +
      "\x1B[1;32m     43\x1B[0m points_zstack \x1B[38;5;241m=\x1B[39m active_landmarks[[\x1B[38;5;124m'\x1B[39m\x1B[38;5;124mczstack_x\x1B[39m\x1B[38;5;124m'\x1B[39m, \x1B[38;5;124m'\x1B[39m\x1B[38;5;124mczstack_y\x1B[39m\x1B[38;5;124m'\x1B[39m, \x1B[38;5;124m'\x1B[39m\x1B[38;5;124mczstack_z\x1B[39m\x1B[38;5;124m'\x1B[39m]]\x1B[38;5;241m.\x1B[39mvalues\x1B[38;5;241m.\x1B[39mastype(np\x1B[38;5;241m.\x1B[39mfloat32)\n",
    '\x1B[0;31mAssertionError\x1B[0m: '
  ]
}
06:21:33.401 [warn] Cell completed with errors [Iu [Error]: 'int' object has no attribute 'replace'
	at n.execute (~/.vscode/extensions/ms-toolsai.jupyter-2025.9.1-linux-x64/dist/extension.node.js:302:4958)] {
  ename: 'AttributeError',
  evalue: "'int' object has no attribute 'replace'",
  traceback: [
    '\x1B[0;31m---------------------------------------------------------------------------\x1B[0m',
    '\x1B[0;31mAttributeError\x1B[0m                            Traceback (most recent call last)',
    'Cell \x1B[0;32mIn[24], line 29\x1B[0m\n' +
      '\x1B[1;32m     27\x1B[0m removed_czstack_ids \x1B[38;5;241m=\x1B[39m \x1B[38;5;28mlist\x1B[39m(\x1B[38;5;28mset\x1B[39m(all_czstack_ids) \x1B[38;5;241m-\x1B[39m \x1B[38;5;28mset\x1B[39m(czstack_ids_in_landmarks))\n' +
      '\x1B[1;32m     28\x1B[0m \x1B[38;5;28;01mfor\x1B[39;00m removed_id \x1B[38;5;129;01min\x1B[39;00m removed_czstack_ids:\n' +
      "\x1B[0;32m---> 29\x1B[0m     removed_index \x1B[38;5;241m=\x1B[39m \x1B[38;5;28mint\x1B[39m(\x1B[43mremoved_id\x1B[49m\x1B[38;5;241;43m.\x1B[39;49m\x1B[43mreplace\x1B[49m(\x1B[38;5;124m'\x1B[39m\x1B[38;5;124mcz_\x1B[39m\x1B[38;5;124m'\x1B[39m,\x1B[38;5;124m'\x1B[39m\x1B[38;5;124m'\x1B[39m))\n" +
      "\x1B[1;32m     30\x1B[0m     new_row \x1B[38;5;241m=\x1B[39m {\x1B[38;5;124m'\x1B[39m\x1B[38;5;124mids\x1B[39m\x1B[38;5;124m'\x1B[39m: removed_id,\n" +
      "\x1B[1;32m     31\x1B[0m                \x1B[38;5;124m'\x1B[39m\x1B[38;5;124mactive\x1B[39m\x1B[38;5;124m'\x1B[39m: \x1B[38;5;28;01mFalse\x1B[39;00m,\n" +
      "\x1B[1;32m     32\x1B[0m                \x1B[38;5;124m'\x1B[39m\x1B[38;5;124mczstack_x\x1B[39m\x1B[38;5;124m'\x1B[39m: czstack_cell_centroids_df\x1B[38;5;241m.\x1B[39mloc[removed_index, \x1B[38;5;124m'\x1B[39m\x1B[38;5;124mczstack_x\x1B[39m\x1B[38;5;124m'\x1B[39m],\n" +
      '\x1B[0;32m   (...)\x1B[0m\n' +
      "\x1B[1;32m     36\x1B[0m                \x1B[38;5;124m'\x1B[39m\x1B[38;5;124mhcr_y\x1B[39m\x1B[38;5;124m'\x1B[39m: np\x1B[38;5;241m.\x1B[39mnan,\n" +
      "\x1B[1;32m     37\x1B[0m                \x1B[38;5;124m'\x1B[39m\x1B[38;5;124mhcr_z\x1B[39m\x1B[38;5;124m'\x1B[39m: np\x1B[38;5;241m.\x1B[39mnan}\n" +
      '\x1B[1;32m     38\x1B[0m     current_landmarks \x1B[38;5;241m=\x1B[39m pd\x1B[38;5;241m.\x1B[39mconcat([current_landmarks, pd\x1B[38;5;241m.\x1B[39mDataFrame([new_row])], ignore_index\x1B[38;5;241m=\x1B[39m\x1B[38;5;28;01mTrue\x1B[39;00m)\n',
    "\x1B[0;31mAttributeError\x1B[0m: 'int' object has no attribute 'replace'"
  ]
}
06:22:05.200 [warn] Cell completed with errors [Iu [Error]: AssertionError
	at n.execute (~/.vscode/extensions/ms-toolsai.jupyter-2025.9.1-linux-x64/dist/extension.node.js:302:4958)] {
  ename: 'AssertionError',
  evalue: '',
  traceback: [
    '\x1B[0;31m---------------------------------------------------------------------------\x1B[0m',
    '\x1B[0;31mAssertionError\x1B[0m                            Traceback (most recent call last)',
    'Cell \x1B[0;32mIn[25], line 38\x1B[0m\n' +
      "\x1B[1;32m     29\x1B[0m         new_row \x1B[38;5;241m=\x1B[39m {\x1B[38;5;124m'\x1B[39m\x1B[38;5;124mids\x1B[39m\x1B[38;5;124m'\x1B[39m: \x1B[38;5;124mf\x1B[39m\x1B[38;5;124m'\x1B[39m\x1B[38;5;124mcz_\x1B[39m\x1B[38;5;132;01m{\x1B[39;00mremoved_id\x1B[38;5;132;01m}\x1B[39;00m\x1B[38;5;124m-hcr_nan\x1B[39m\x1B[38;5;124m'\x1B[39m,\n" +
      "\x1B[1;32m     30\x1B[0m                    \x1B[38;5;124m'\x1B[39m\x1B[38;5;124mactive\x1B[39m\x1B[38;5;124m'\x1B[39m: \x1B[38;5;28;01mFalse\x1B[39;00m,\n" +
      "\x1B[1;32m     31\x1B[0m                    \x1B[38;5;124m'\x1B[39m\x1B[38;5;124mczstack_x\x1B[39m\x1B[38;5;124m'\x1B[39m: czstack_cell_centroids_df\x1B[38;5;241m.\x1B[39mloc[removed_id, \x1B[38;5;124m'\x1B[39m\x1B[38;5;124mczstack_x\x1B[39m\x1B[38;5;124m'\x1B[39m],\n" +
      '\x1B[0;32m   (...)\x1B[0m\n' +
      "\x1B[1;32m     35\x1B[0m                    \x1B[38;5;124m'\x1B[39m\x1B[38;5;124mhcr_y\x1B[39m\x1B[38;5;124m'\x1B[39m: np\x1B[38;5;241m.\x1B[39mnan,\n" +
      "\x1B[1;32m     36\x1B[0m                    \x1B[38;5;124m'\x1B[39m\x1B[38;5;124mhcr_z\x1B[39m\x1B[38;5;124m'\x1B[39m: np\x1B[38;5;241m.\x1B[39mnan}\n" +
      '\x1B[1;32m     37\x1B[0m         current_landmarks \x1B[38;5;241m=\x1B[39m pd\x1B[38;5;241m.\x1B[39mconcat([current_landmarks, pd\x1B[38;5;241m.\x1B[39mDataFrame([new_row])], ignore_index\x1B[38;5;241m=\x1B[39m\x1B[38;5;28;01mTrue\x1B[39;00m)\n' +
      '\x1B[0;32m---> 38\x1B[0m \x1B[38;5;28;01massert\x1B[39;00m \x1B[38;5;28mlen\x1B[39m(current_landmarks) \x1B[38;5;241m==\x1B[39m num_roi_points\n' +
      "\x1B[1;32m     40\x1B[0m active_landmarks \x1B[38;5;241m=\x1B[39m current_landmarks\x1B[38;5;241m.\x1B[39mquery(\x1B[38;5;124m'\x1B[39m\x1B[38;5;124mactive\x1B[39m\x1B[38;5;124m'\x1B[39m)\n" +
      "\x1B[1;32m     42\x1B[0m points_zstack \x1B[38;5;241m=\x1B[39m active_landmarks[[\x1B[38;5;124m'\x1B[39m\x1B[38;5;124mczstack_x\x1B[39m\x1B[38;5;124m'\x1B[39m, \x1B[38;5;124m'\x1B[39m\x1B[38;5;124mczstack_y\x1B[39m\x1B[38;5;124m'\x1B[39m, \x1B[38;5;124m'\x1B[39m\x1B[38;5;124mczstack_z\x1B[39m\x1B[38;5;124m'\x1B[39m]]\x1B[38;5;241m.\x1B[39mvalues\x1B[38;5;241m.\x1B[39mastype(np\x1B[38;5;241m.\x1B[39mfloat32)\n",
    '\x1B[0;31mAssertionError\x1B[0m: '
  ]
}
06:32:58.591 [info] Starting Kernel (Python Path: /opt/conda/bin/python, Conda, 3.10.12) for '~/capsule/code/step_4_generate_coreg_table.ipynb' (disableUI=true)
06:32:59.404 [info] Process Execution: /opt/conda/bin/python -m pip list
06:32:59.414 [info] Process Execution: /opt/conda/bin/python -c "import ipykernel; print(ipykernel.__version__); print("5dc3a68c-e34e-4080-9c3e-2a532b2ccb4d"); print(ipykernel.__file__)"
06:32:59.422 [info] Process Execution: /opt/conda/bin/python -m ipykernel_launcher --f=~/.local/share/jupyter/runtime/kernel-v324e41a1971bbf91a1036c6f7ba583375cb38e600.json
    > cwd: ~/capsule/code
06:32:59.895 [info] Kernel successfully started
06:33:00.664 [error] Widget Error: Failed to access CDN https://unpkg.com/ after 0 attempt(s), TypeError: Failed to fetch
