2026-02-28 01:00:46.182 [info] Starting Python Locator /root/.vscode/extensions/ms-python.python-2026.2.0-linux-x64/python-env-tools/bin/pet server
2026-02-28 01:00:46.191 [info] Discovered manager: (Conda) /opt/conda/bin/conda
2026-02-28 01:00:46.191 [info] Discovered env: /opt/conda/bin/python
2026-02-28 01:00:46.193 [info] Discovered env: /usr/bin/python3
2026-02-28 01:00:46.195 [info] Discovered env: /bin/python3
2026-02-28 01:00:46.217 [info] Locator Conda took 107.065941ms
2026-02-28 01:00:46.217 [info] Locator Homebrew took 542.043µs
2026-02-28 01:00:46.217 [info] Locator LinuxGlobal took 119.17473ms
2026-02-28 01:00:46.217 [info] Locator PipEnv took 199.565µs
2026-02-28 01:00:46.217 [info] Locator Pixi took 117.033µs
2026-02-28 01:00:46.217 [info] Locator Poetry took 1.806501ms
2026-02-28 01:00:46.218 [info] Locator PyEnv took 1.783081ms
2026-02-28 01:00:46.218 [info] Locator Uv took 348.888µs
2026-02-28 01:00:46.218 [info] Locator Venv took 411.57µs
2026-02-28 01:00:46.218 [info] Locator VirtualEnv took 71.122µs
2026-02-28 01:00:46.218 [info] Locator VirtualEnvWrapper took 292.187µs
2026-02-28 01:00:46.218 [info] Locator GlobalVirtualEnvs took 480.472µs
2026-02-28 01:00:46.218 [info] Locator Locators took 121.864912ms
2026-02-28 01:00:46.218 [info] Locator Path took 144.531045ms
2026-02-28 01:00:46.218 [info] Locator Workspaces took 3.968412ms
2026-02-28 01:00:46.218 [info] Refresh completed in 144ms
2026-02-28 01:00:46.473 [info] Resolved Python Environment /opt/conda/bin/python
2026-02-28 01:00:46.717 [info] Discovered manager: (Conda) /opt/conda/bin/conda
2026-02-28 01:00:46.717 [info] Discovered env: /opt/conda/bin/python
2026-02-28 01:00:46.718 [info] Discovered env: /bin/python3
2026-02-28 01:00:46.718 [info] Discovered env: /usr/bin/python3
2026-02-28 01:00:46.719 [info] Locator Conda took 64.507857ms
2026-02-28 01:00:46.719 [info] Locator Homebrew took 595.694µs
2026-02-28 01:00:46.719 [info] Locator LinuxGlobal took 67.134678ms
2026-02-28 01:00:46.719 [info] Locator PipEnv took 40.321µs
2026-02-28 01:00:46.719 [info] Locator Pixi took 21.591µs
2026-02-28 01:00:46.719 [info] Locator Poetry took 302.447µs
2026-02-28 01:00:46.719 [info] Locator PyEnv took 263.926µs
2026-02-28 01:00:46.719 [info] Locator Uv took 39.781µs
2026-02-28 01:00:46.719 [info] Locator Venv took 119.653µs
2026-02-28 01:00:46.719 [info] Locator VirtualEnv took 133.064µs
2026-02-28 01:00:46.719 [info] Locator VirtualEnvWrapper took 90.553µs
2026-02-28 01:00:46.719 [info] Locator GlobalVirtualEnvs took 70.722µs
2026-02-28 01:00:46.719 [info] Locator Locators took 70.123506ms
2026-02-28 01:00:46.719 [info] Locator Path took 84.55844ms
2026-02-28 01:00:46.719 [info] Locator Workspaces took 3.236055ms
2026-02-28 01:00:46.719 [info] Refresh completed in 84ms
2026-02-28 01:00:46.720 [info] Resolved Python Environment /opt/conda/bin/python
2026-02-28 01:02:18.362 [info] Resolved Python Environment /opt/conda/bin/python
2026-02-28 01:10:24.967 [info] Resolved Python Environment /opt/conda/bin/python
2026-02-28 01:12:55.484 [info] Discovered manager: (Conda) /opt/conda/bin/conda
2026-02-28 01:12:55.487 [info] Discovered env: /opt/conda/bin/python
2026-02-28 01:12:55.492 [info] Resolved Python Environment /opt/conda/bin/python
2026-02-28 01:12:55.526 [info] Discovered env: /usr/bin/python3
2026-02-28 01:12:55.527 [info] Discovered env: /bin/python3
2026-02-28 01:12:55.551 [info] Locator Conda took 69.763231ms
2026-02-28 01:12:55.551 [info] Locator Homebrew took 99.793µs
2026-02-28 01:12:55.551 [info] Locator LinuxGlobal took 59.728637ms
2026-02-28 01:12:55.552 [info] Locator PipEnv took 123.043µs
2026-02-28 01:12:55.552 [info] Locator Pixi took 68.551µs
2026-02-28 01:12:55.552 [info] Locator Poetry took 356.378µs
2026-02-28 01:12:55.552 [info] Locator PyEnv took 342.088µs
2026-02-28 01:12:55.552 [info] Locator Uv took 41.611µs
2026-02-28 01:12:55.552 [info] Locator Venv took 149.394µs
2026-02-28 01:12:55.552 [info] Locator VirtualEnv took 121.773µs
2026-02-28 01:12:55.552 [info] Locator VirtualEnvWrapper took 71.932µs
2026-02-28 01:12:55.552 [info] Locator GlobalVirtualEnvs took 66.111µs
2026-02-28 01:12:55.552 [info] Locator Locators took 70.294223ms
2026-02-28 01:12:55.552 [info] Locator Path took 86.010678ms
2026-02-28 01:12:55.552 [info] Locator Workspaces took 3.148023ms
2026-02-28 01:12:55.553 [info] Refresh completed in 86ms
