2026-02-26 22:05:41.747 [info] RunInTerminalTool: Command rewritten by Fxt: Prepended with a space to exclude from shell history []
2026-02-26 22:05:41.833 [info] RunInTerminalTool#CommandLineAutoApproveAnalyzer: Parsed sub-commands via bash grammar [["code --version"]]
2026-02-26 22:05:41.834 [info] RunInTerminalTool#CommandLineAutoApproveAnalyzer: All sub-commands NOT auto-approved [null]
2026-02-26 22:05:41.834 [info] RunInTerminalTool#CommandLineAutoApproveAnalyzer: Command line NOT auto-approved [null]
2026-02-26 22:05:41.835 [info] RunInTerminalTool#CommandLineAutoApproveAnalyzer: - Command 'code --version' has no matching auto approve entries [null]
2026-02-26 22:05:41.835 [info] RunInTerminalTool#CommandLineAutoApproveAnalyzer: - Command line 'code --version' has no matching auto approve entries [null]
2026-02-26 22:05:41.842 [info] RunInTerminalTool#CommandLineFileWriteAnalyzer: File writes detected [[]]
2026-02-26 22:05:44.788 [info] ToolTerminalCreator#createTerminal: Waiting 4999ms for shell integration []
2026-02-26 22:05:44.985 [info] ToolTerminalCreator#_waitForShellIntegration: Rich SI available eventually []
2026-02-26 22:05:44.985 [info] ToolTerminalCreator#_waitForShellIntegration: Promise complete, disposing store []
2026-02-26 22:05:44.985 [info] ToolTerminalCreator#createTerminal: Waiting up to 2s for PromptInputModel state to change []
2026-02-26 22:05:45.346 [info] RunInTerminalTool: Command rewritten by Fxt: Prepended with a space to exclude from shell history []
2026-02-26 22:05:45.364 [info] RunInTerminalTool#CommandLineAutoApproveAnalyzer: Parsed sub-commands via bash grammar [["code --list-extensions","grep -E 'ms-python.python|ms-toolsai.jupyter'","true"]]
2026-02-26 22:05:45.365 [info] RunInTerminalTool#CommandLineAutoApproveAnalyzer: All sub-commands NOT auto-approved [null]
2026-02-26 22:05:45.365 [info] RunInTerminalTool#CommandLineAutoApproveAnalyzer: Command line NOT auto-approved [null]
2026-02-26 22:05:45.365 [info] RunInTerminalTool#CommandLineAutoApproveAnalyzer: - Command 'code --list-extensions' has no matching auto approve entries [null]
2026-02-26 22:05:45.366 [info] RunInTerminalTool#CommandLineAutoApproveAnalyzer: - Command 'grep -E 'ms-python.python|ms-toolsai.jupyter'' is approved by allow list rule: grep [null]
2026-02-26 22:05:45.366 [info] RunInTerminalTool#CommandLineAutoApproveAnalyzer: - Command 'true' has no matching auto approve entries [null]
2026-02-26 22:05:45.367 [info] RunInTerminalTool#CommandLineAutoApproveAnalyzer: - Command line 'code --list-extensions | grep -E 'ms-python.python|ms-toolsai.jupyter' || true' has no matching auto approve entries [null]
2026-02-26 22:05:45.375 [info] RunInTerminalTool#CommandLineFileWriteAnalyzer: File writes detected [[]]
2026-02-26 22:05:50.427 [info] RunInTerminalTool: Command rewritten by Fxt: Prepended with a space to exclude from shell history []
2026-02-26 22:05:50.449 [info] RunInTerminalTool#CommandLineAutoApproveAnalyzer: Parsed sub-commands via bash grammar [["code --user-data-dir=/root/capsule/code/vscode-data --no-sandbox --list-extensions","grep -E 'ms-python.python|ms-toolsai.jupyter'","true"]]
2026-02-26 22:05:50.450 [info] RunInTerminalTool#CommandLineAutoApproveAnalyzer: All sub-commands NOT auto-approved [null]
2026-02-26 22:05:50.450 [info] RunInTerminalTool#CommandLineAutoApproveAnalyzer: Command line NOT auto-approved [null]
2026-02-26 22:05:50.450 [info] RunInTerminalTool#CommandLineAutoApproveAnalyzer: - Command 'code --user-data-dir=/root/capsule/code/vscode-data --no-sandbox --list-extensions' has no matching auto approve entries [null]
2026-02-26 22:05:50.450 [info] RunInTerminalTool#CommandLineAutoApproveAnalyzer: - Command 'grep -E 'ms-python.python|ms-toolsai.jupyter'' is approved by allow list rule: grep [null]
2026-02-26 22:05:50.450 [info] RunInTerminalTool#CommandLineAutoApproveAnalyzer: - Command 'true' has no matching auto approve entries [null]
2026-02-26 22:05:50.451 [info] RunInTerminalTool#CommandLineAutoApproveAnalyzer: - Command line 'code --user-data-dir=/root/capsule/code/vscode-data --no-sandbox --list-extensions | grep -E 'ms-python.python|ms-toolsai.jupyter' || true' has no matching auto approve entries [null]
2026-02-26 22:05:50.458 [info] RunInTerminalTool#CommandLineFileWriteAnalyzer: File writes detected [[]]
2026-02-26 22:06:04.094 [warning] Shell integration failed to add capabilities within 10 seconds []
2026-02-26 22:06:08.517 [info] RunInTerminalTool: Command rewritten by Fxt: Prepended with a space to exclude from shell history []
2026-02-26 22:06:08.536 [info] RunInTerminalTool#CommandLineAutoApproveAnalyzer: Parsed sub-commands via bash grammar [["grep -R \"python\\.|jupyter\\.|kernel\" -n /root/capsule/code/vscode-data/User /root/.config/Code/User","true"]]
2026-02-26 22:06:08.537 [info] RunInTerminalTool#CommandLineAutoApproveAnalyzer: All sub-commands NOT auto-approved [null]
2026-02-26 22:06:08.537 [info] RunInTerminalTool#CommandLineAutoApproveAnalyzer: Command line NOT auto-approved [null]
2026-02-26 22:06:08.537 [info] RunInTerminalTool#CommandLineAutoApproveAnalyzer: - Command 'grep -R "python\.|jupyter\.|kernel" -n /root/capsule/code/vscode-data/User /root/.config/Code/User' is approved by allow list rule: grep [null]
2026-02-26 22:06:08.537 [info] RunInTerminalTool#CommandLineAutoApproveAnalyzer: - Command 'true' has no matching auto approve entries [null]
2026-02-26 22:06:08.537 [info] RunInTerminalTool#CommandLineAutoApproveAnalyzer: - Command line 'grep -R "python\.|jupyter\.|kernel" -n /root/capsule/code/vscode-data/User /root/.config/Code/User 2>/dev/null || true' has no matching auto approve entries [null]
2026-02-26 22:06:08.546 [info] RunInTerminalTool#CommandLineFileWriteAnalyzer: Detected cwd ["file:///root/capsule"]
2026-02-26 22:06:08.546 [info] RunInTerminalTool#CommandLineFileWriteAnalyzer: File writes detected [["Symbol(null device)"]]
2026-02-26 22:06:08.546 [info] RunInTerminalTool#CommandLineFileWriteAnalyzer: File write to null device allowed [null]
2026-02-26 22:06:45.038 [info] RunInTerminalTool: Command rewritten by Fxt: Prepended with a space to exclude from shell history []
2026-02-26 22:06:45.059 [info] RunInTerminalTool#CommandLineAutoApproveAnalyzer: Parsed sub-commands via bash grammar [["find /root/capsule/code/vscode-data -maxdepth 3 -type d -name logs -o -name exthost -o -name ms-python.python","sed -n '1,60p'"]]
2026-02-26 22:06:45.059 [info] RunInTerminalTool#CommandLineAutoApproveAnalyzer: All sub-commands auto-approved [null]
2026-02-26 22:06:45.059 [info] RunInTerminalTool#CommandLineAutoApproveAnalyzer: - Command 'find /root/capsule/code/vscode-data -maxdepth 3 -type d -name logs -o -name exthost -o -name ms-python.python' is approved by allow list rule: find [null]
2026-02-26 22:06:45.059 [info] RunInTerminalTool#CommandLineAutoApproveAnalyzer: - Command 'sed -n '1,60p'' is approved by allow list rule: sed [null]
2026-02-26 22:06:45.059 [info] RunInTerminalTool#CommandLineAutoApproveAnalyzer: - Command line 'find /root/capsule/code/vscode-data -maxdepth 3 -type d -name logs -o -name exthost -o -name ms-python.python 2>/dev/null | sed -n '1,60p'' has no matching auto approve entries [null]
2026-02-26 22:06:45.073 [info] RunInTerminalTool#CommandLineFileWriteAnalyzer: Detected cwd ["file:///root/capsule"]
2026-02-26 22:06:45.073 [info] RunInTerminalTool#CommandLineFileWriteAnalyzer: File writes detected [["Symbol(null device)"]]
2026-02-26 22:06:45.073 [info] RunInTerminalTool#CommandLineFileWriteAnalyzer: File write to null device allowed [null]
2026-02-26 22:06:52.410 [info] RunInTerminalTool: Command rewritten by Fxt: Prepended with a space to exclude from shell history []
2026-02-26 22:06:52.431 [info] RunInTerminalTool#CommandLineAutoApproveAnalyzer: Parsed sub-commands via bash grammar [["find /root/capsule/code/vscode-data/logs -maxdepth 4 -type f","grep -Ei 'python|jupyter|exthost|renderer|window'","tail -n 40"]]
2026-02-26 22:06:52.432 [info] RunInTerminalTool#CommandLineAutoApproveAnalyzer: All sub-commands auto-approved [null]
2026-02-26 22:06:52.432 [info] RunInTerminalTool#CommandLineAutoApproveAnalyzer: - Command 'find /root/capsule/code/vscode-data/logs -maxdepth 4 -type f' is approved by allow list rule: find [null]
2026-02-26 22:06:52.432 [info] RunInTerminalTool#CommandLineAutoApproveAnalyzer: - Command 'grep -Ei 'python|jupyter|exthost|renderer|window'' is approved by allow list rule: grep [null]
2026-02-26 22:06:52.432 [info] RunInTerminalTool#CommandLineAutoApproveAnalyzer: - Command 'tail -n 40' is approved by allow list rule: tail [null]
2026-02-26 22:06:52.432 [info] RunInTerminalTool#CommandLineAutoApproveAnalyzer: - Command line 'find /root/capsule/code/vscode-data/logs -maxdepth 4 -type f 2>/dev/null | grep -Ei 'python|jupyter|exthost|renderer|window' | tail -n 40' has no matching auto approve entries [null]
2026-02-26 22:06:52.439 [info] RunInTerminalTool#CommandLineFileWriteAnalyzer: Detected cwd ["file:///root/capsule"]
2026-02-26 22:06:52.439 [info] RunInTerminalTool#CommandLineFileWriteAnalyzer: File writes detected [["Symbol(null device)"]]
2026-02-26 22:06:52.439 [info] RunInTerminalTool#CommandLineFileWriteAnalyzer: File write to null device allowed [null]
2026-02-26 22:06:58.248 [info] RunInTerminalTool: Command rewritten by Fxt: Prepended with a space to exclude from shell history []
2026-02-26 22:06:58.265 [info] RunInTerminalTool#CommandLineAutoApproveAnalyzer: Parsed sub-commands via bash grammar [["grep -Ei 'python|jupyter|kernel|interpreter|ms-python|ms-toolsai|error|warn' -n /root/capsule/code/vscode-data/logs/20260226T220137/window1/exthost/exthost.log","tail -n 120"]]
2026-02-26 22:06:58.265 [info] RunInTerminalTool#CommandLineAutoApproveAnalyzer: All sub-commands auto-approved [null]
2026-02-26 22:06:58.265 [info] RunInTerminalTool#CommandLineAutoApproveAnalyzer: - Command 'grep -Ei 'python|jupyter|kernel|interpreter|ms-python|ms-toolsai|error|warn' -n /root/capsule/code/vscode-data/logs/20260226T220137/window1/exthost/exthost.log' is approved by allow list rule: grep [null]
2026-02-26 22:06:58.266 [info] RunInTerminalTool#CommandLineAutoApproveAnalyzer: - Command 'tail -n 120' is approved by allow list rule: tail [null]
2026-02-26 22:06:58.266 [info] RunInTerminalTool#CommandLineAutoApproveAnalyzer: - Command line 'grep -Ei 'python|jupyter|kernel|interpreter|ms-python|ms-toolsai|error|warn' -n /root/capsule/code/vscode-data/logs/20260226T220137/window1/exthost/exthost.log | tail -n 120' has no matching auto approve entries [null]
2026-02-26 22:06:58.272 [info] RunInTerminalTool#CommandLineFileWriteAnalyzer: File writes detected [[]]
2026-02-26 22:07:04.156 [info] RunInTerminalTool: Command rewritten by Fxt: Prepended with a space to exclude from shell history []
2026-02-26 22:07:04.172 [info] RunInTerminalTool#CommandLineAutoApproveAnalyzer: Parsed sub-commands via bash grammar [["find /root/capsule/code/vscode-data/User/globalStorage -maxdepth 3 -type d","grep -Ei 'python|jupyter'","sed -n '1,80p'"]]
2026-02-26 22:07:04.173 [info] RunInTerminalTool#CommandLineAutoApproveAnalyzer: All sub-commands auto-approved [null]
2026-02-26 22:07:04.173 [info] RunInTerminalTool#CommandLineAutoApproveAnalyzer: - Command 'find /root/capsule/code/vscode-data/User/globalStorage -maxdepth 3 -type d' is approved by allow list rule: find [null]
2026-02-26 22:07:04.173 [info] RunInTerminalTool#CommandLineAutoApproveAnalyzer: - Command 'grep -Ei 'python|jupyter'' is approved by allow list rule: grep [null]
2026-02-26 22:07:04.173 [info] RunInTerminalTool#CommandLineAutoApproveAnalyzer: - Command 'sed -n '1,80p'' is approved by allow list rule: sed [null]
2026-02-26 22:07:04.173 [info] RunInTerminalTool#CommandLineAutoApproveAnalyzer: - Command line 'find /root/capsule/code/vscode-data/User/globalStorage -maxdepth 3 -type d | grep -Ei 'python|jupyter' | sed -n '1,80p'' has no matching auto approve entries [null]
2026-02-26 22:07:04.180 [info] RunInTerminalTool#CommandLineFileWriteAnalyzer: File writes detected [[]]
2026-02-26 22:07:05.474 [info] RunInTerminalTool: Command rewritten by Fxt: Prepended with a space to exclude from shell history []
2026-02-26 22:07:05.493 [info] RunInTerminalTool#CommandLineAutoApproveAnalyzer: Parsed sub-commands via bash grammar [["find /root/capsule/code/vscode-data/User/globalStorage -maxdepth 5 -type f","grep -Ei 'python|jupyter|env|log'","sed -n '1,120p'"]]
2026-02-26 22:07:05.494 [info] RunInTerminalTool#CommandLineAutoApproveAnalyzer: All sub-commands auto-approved [null]
2026-02-26 22:07:05.494 [info] RunInTerminalTool#CommandLineAutoApproveAnalyzer: - Command 'find /root/capsule/code/vscode-data/User/globalStorage -maxdepth 5 -type f' is approved by allow list rule: find [null]
2026-02-26 22:07:05.495 [info] RunInTerminalTool#CommandLineAutoApproveAnalyzer: - Command 'grep -Ei 'python|jupyter|env|log'' is approved by allow list rule: grep [null]
2026-02-26 22:07:05.496 [info] RunInTerminalTool#CommandLineAutoApproveAnalyzer: - Command 'sed -n '1,120p'' is approved by allow list rule: sed [null]
2026-02-26 22:07:05.496 [info] RunInTerminalTool#CommandLineAutoApproveAnalyzer: - Command line 'find /root/capsule/code/vscode-data/User/globalStorage -maxdepth 5 -type f | grep -Ei 'python|jupyter|env|log' | sed -n '1,120p'' has no matching auto approve entries [null]
2026-02-26 22:07:05.505 [info] RunInTerminalTool#CommandLineFileWriteAnalyzer: File writes detected [[]]
2026-02-26 22:07:10.983 [info] RunInTerminalTool: Command rewritten by Fxt: Prepended with a space to exclude from shell history []
2026-02-26 22:07:10.999 [info] RunInTerminalTool#CommandLineAutoApproveAnalyzer: Parsed sub-commands via bash grammar [["find /root/capsule/code/vscode-data/logs/20260226T220137/window1 -maxdepth 3 -type f","sed -n '1,200p'"]]
2026-02-26 22:07:10.999 [info] RunInTerminalTool#CommandLineAutoApproveAnalyzer: All sub-commands auto-approved [null]
2026-02-26 22:07:10.999 [info] RunInTerminalTool#CommandLineAutoApproveAnalyzer: - Command 'find /root/capsule/code/vscode-data/logs/20260226T220137/window1 -maxdepth 3 -type f' is approved by allow list rule: find [null]
2026-02-26 22:07:10.999 [info] RunInTerminalTool#CommandLineAutoApproveAnalyzer: - Command 'sed -n '1,200p'' is approved by allow list rule: sed [null]
2026-02-26 22:07:10.999 [info] RunInTerminalTool#CommandLineAutoApproveAnalyzer: - Command line 'find /root/capsule/code/vscode-data/logs/20260226T220137/window1 -maxdepth 3 -type f | sed -n '1,200p'' has no matching auto approve entries [null]
2026-02-26 22:07:11.006 [info] RunInTerminalTool#CommandLineFileWriteAnalyzer: File writes detected [[]]
2026-02-26 22:07:44.609 [info] RunInTerminalTool: Command rewritten by Fxt: Prepended with a space to exclude from shell history []
2026-02-26 22:07:44.627 [info] RunInTerminalTool#CommandLineAutoApproveAnalyzer: Parsed sub-commands via bash grammar [["nl -ba /root/capsule/code/vscode-data/logs/20260226T220137/window1/exthost/ms-python.vscode-python-envs/Python\\ Environments.log","grep -E \"configure: Configuration error|Configure request timed out|Resolved Python Environment /opt/conda/bin/python\" -n","sed -n '1,40p'"]]
2026-02-26 22:07:44.627 [info] RunInTerminalTool#CommandLineAutoApproveAnalyzer: All sub-commands auto-approved [null]
2026-02-26 22:07:44.627 [info] RunInTerminalTool#CommandLineAutoApproveAnalyzer: - Command 'nl -ba /root/capsule/code/vscode-data/logs/20260226T220137/window1/exthost/ms-python.vscode-python-envs/Python\ Environments.log' is approved by allow list rule: nl [null]
2026-02-26 22:07:44.628 [info] RunInTerminalTool#CommandLineAutoApproveAnalyzer: - Command 'grep -E "configure: Configuration error|Configure request timed out|Resolved Python Environment /opt/conda/bin/python" -n' is approved by allow list rule: grep [null]
2026-02-26 22:07:44.628 [info] RunInTerminalTool#CommandLineAutoApproveAnalyzer: - Command 'sed -n '1,40p'' is approved by allow list rule: sed [null]
2026-02-26 22:07:44.628 [info] RunInTerminalTool#CommandLineAutoApproveAnalyzer: - Command line 'nl -ba /root/capsule/code/vscode-data/logs/20260226T220137/window1/exthost/ms-python.vscode-python-envs/Python\ Environments.log | grep -E "configure: Configuration error|Configure request timed out|Resolved Python Environment /opt/conda/bin/python" -n | sed -n '1,40p'' has no matching auto approve entries [null]
2026-02-26 22:07:44.635 [info] RunInTerminalTool#CommandLineFileWriteAnalyzer: File writes detected [[]]
2026-02-26 22:07:55.812 [info] RunInTerminalTool: Command rewritten by Fxt: Prepended with a space to exclude from shell history []
2026-02-26 22:07:55.831 [info] RunInTerminalTool#CommandLineAutoApproveAnalyzer: Parsed sub-commands via bash grammar [["nl -ba /root/capsule/code/vscode-data/logs/20260226T220137/window1/exthost/ms-python.python/Python.log","grep -E \"Failed to create adapter|Failure during activation|Request 'configure' timed out\" -n","sed -n '1,40p'"]]
2026-02-26 22:07:55.831 [info] RunInTerminalTool#CommandLineAutoApproveAnalyzer: All sub-commands auto-approved [null]
2026-02-26 22:07:55.831 [info] RunInTerminalTool#CommandLineAutoApproveAnalyzer: - Command 'nl -ba /root/capsule/code/vscode-data/logs/20260226T220137/window1/exthost/ms-python.python/Python.log' is approved by allow list rule: nl [null]
2026-02-26 22:07:55.831 [info] RunInTerminalTool#CommandLineAutoApproveAnalyzer: - Command 'grep -E "Failed to create adapter|Failure during activation|Request 'configure' timed out" -n' is approved by allow list rule: grep [null]
2026-02-26 22:07:55.831 [info] RunInTerminalTool#CommandLineAutoApproveAnalyzer: - Command 'sed -n '1,40p'' is approved by allow list rule: sed [null]
2026-02-26 22:07:55.831 [info] RunInTerminalTool#CommandLineAutoApproveAnalyzer: - Command line 'nl -ba /root/capsule/code/vscode-data/logs/20260226T220137/window1/exthost/ms-python.python/Python.log | grep -E "Failed to create adapter|Failure during activation|Request 'configure' timed out" -n | sed -n '1,40p'' has no matching auto approve entries [null]
2026-02-26 22:07:55.840 [info] RunInTerminalTool#CommandLineFileWriteAnalyzer: File writes detected [[]]
2026-02-26 22:07:58.042 [info] RunInTerminalTool: Command rewritten by Fxt: Prepended with a space to exclude from shell history []
2026-02-26 22:07:58.061 [info] RunInTerminalTool#CommandLineAutoApproveAnalyzer: Parsed sub-commands via bash grammar [["nl -ba /root/capsule/code/vscode-data/logs/20260226T220137/window1/exthost/output_logging_20260226T220326/1-Jupyter.log","grep -E \"Failed to refresh the list of interpreters|Visual Studio Code \\(1\\.109\\.5\" -n","sed -n '1,40p'"]]
2026-02-26 22:07:58.061 [info] RunInTerminalTool#CommandLineAutoApproveAnalyzer: All sub-commands auto-approved [null]
2026-02-26 22:07:58.061 [info] RunInTerminalTool#CommandLineAutoApproveAnalyzer: - Command 'nl -ba /root/capsule/code/vscode-data/logs/20260226T220137/window1/exthost/output_logging_20260226T220326/1-Jupyter.log' is approved by allow list rule: nl [null]
2026-02-26 22:07:58.061 [info] RunInTerminalTool#CommandLineAutoApproveAnalyzer: - Command 'grep -E "Failed to refresh the list of interpreters|Visual Studio Code \(1\.109\.5" -n' is approved by allow list rule: grep [null]
2026-02-26 22:07:58.061 [info] RunInTerminalTool#CommandLineAutoApproveAnalyzer: - Command 'sed -n '1,40p'' is approved by allow list rule: sed [null]
2026-02-26 22:07:58.061 [info] RunInTerminalTool#CommandLineAutoApproveAnalyzer: - Command line 'nl -ba /root/capsule/code/vscode-data/logs/20260226T220137/window1/exthost/output_logging_20260226T220326/1-Jupyter.log | grep -E "Failed to refresh the list of interpreters|Visual Studio Code \(1\.109\.5" -n | sed -n '1,40p'' has no matching auto approve entries [null]
2026-02-26 22:07:58.068 [info] RunInTerminalTool#CommandLineFileWriteAnalyzer: File writes detected [[]]
2026-02-26 22:10:33.828 [warning] Shell integration failed to add capabilities within 10 seconds []
2026-02-26 22:10:33.830 [warning] Shell integration failed to add capabilities within 10 seconds []
2026-02-26 22:10:33.830 [warning] Shell integration failed to add capabilities within 10 seconds []
2026-02-26 22:12:11.516 [info] Latency measurements for local backend
window<->ptyhost (message port): 0.70ms
window<->ptyhostservice<->ptyhost: 5.40ms
ptyhostservice<->ptyhost: 0.66ms []
2026-02-26 22:12:11.516 [info] Latency measurements for local backend
window<->ptyhost (message port): 0.80ms
window<->ptyhostservice<->ptyhost: 5.70ms
ptyhostservice<->ptyhost: 0.63ms []
2026-02-26 22:13:43.644 [info] RunInTerminalTool: Command rewritten by Fxt: Prepended with a space to exclude from shell history []
2026-02-26 22:16:17.487 [info] Latency measurements for local backend
window<->ptyhost (message port): 33.10ms
window<->ptyhostservice<->ptyhost: 31.50ms
ptyhostservice<->ptyhost: 0.48ms []
2026-02-26 22:16:17.487 [info] Latency measurements for local backend
window<->ptyhost (message port): 38.90ms
window<->ptyhostservice<->ptyhost: 26.20ms
ptyhostservice<->ptyhost: 0.33ms []
2026-02-26 22:17:11.696 [info] RunInTerminalTool: Command rewritten by Fxt: Prepended with a space to exclude from shell history []
2026-02-26 22:17:11.791 [info] RunInTerminalTool#CommandLineAutoApproveAnalyzer: Parsed sub-commands via bash grammar [["ls -1dt /root/capsule/code/vscode-data/logs/*","head -n 3"]]
2026-02-26 22:17:11.792 [info] RunInTerminalTool#CommandLineAutoApproveAnalyzer: All sub-commands auto-approved [null]
2026-02-26 22:17:11.792 [info] RunInTerminalTool#CommandLineAutoApproveAnalyzer: - Command 'ls -1dt /root/capsule/code/vscode-data/logs/*' is approved by allow list rule: ls [null]
2026-02-26 22:17:11.793 [info] RunInTerminalTool#CommandLineAutoApproveAnalyzer: - Command 'head -n 3' is approved by allow list rule: head [null]
2026-02-26 22:17:11.793 [info] RunInTerminalTool#CommandLineAutoApproveAnalyzer: - Command line 'ls -1dt /root/capsule/code/vscode-data/logs/* | head -n 3' has no matching auto approve entries [null]
2026-02-26 22:17:11.802 [info] RunInTerminalTool#CommandLineFileWriteAnalyzer: File writes detected [[]]
2026-02-26 22:17:26.365 [info] RunInTerminalTool: Command rewritten by Fxt: Prepended with a space to exclude from shell history []
2026-02-26 22:17:26.383 [info] RunInTerminalTool#CommandLineAutoApproveAnalyzer: Parsed sub-commands via bash grammar [["find /root/capsule/code/vscode-data/logs -maxdepth 3 -type f","grep -E 'Python Environments.log|Python.log|Jupyter.log'","tail -n 20"]]
2026-02-26 22:17:26.384 [info] RunInTerminalTool#CommandLineAutoApproveAnalyzer: All sub-commands auto-approved [null]
2026-02-26 22:17:26.384 [info] RunInTerminalTool#CommandLineAutoApproveAnalyzer: - Command 'find /root/capsule/code/vscode-data/logs -maxdepth 3 -type f' is approved by allow list rule: find [null]
2026-02-26 22:17:26.385 [info] RunInTerminalTool#CommandLineAutoApproveAnalyzer: - Command 'grep -E 'Python Environments.log|Python.log|Jupyter.log'' is approved by allow list rule: grep [null]
2026-02-26 22:17:26.385 [info] RunInTerminalTool#CommandLineAutoApproveAnalyzer: - Command 'tail -n 20' is approved by allow list rule: tail [null]
2026-02-26 22:17:26.385 [info] RunInTerminalTool#CommandLineAutoApproveAnalyzer: - Command line 'find /root/capsule/code/vscode-data/logs -maxdepth 3 -type f | grep -E 'Python Environments.log|Python.log|Jupyter.log' | tail -n 20' has no matching auto approve entries [null]
2026-02-26 22:17:26.394 [info] RunInTerminalTool#CommandLineFileWriteAnalyzer: File writes detected [[]]
2026-02-26 22:17:31.739 [info] RunInTerminalTool: Command rewritten by Fxt: Prepended with a space to exclude from shell history []
2026-02-26 22:17:31.757 [info] RunInTerminalTool#CommandLineAutoApproveAnalyzer: Parsed sub-commands via bash grammar [["find /root/capsule/code/vscode-data/logs -maxdepth 8 -type f","grep -E 'Python Environments\\.log|Python\\.log|Jupyter\\.log'","tail -n 40"]]
2026-02-26 22:17:31.757 [info] RunInTerminalTool#CommandLineAutoApproveAnalyzer: All sub-commands auto-approved [null]
2026-02-26 22:17:31.757 [info] RunInTerminalTool#CommandLineAutoApproveAnalyzer: - Command 'find /root/capsule/code/vscode-data/logs -maxdepth 8 -type f' is approved by allow list rule: find [null]
2026-02-26 22:17:31.758 [info] RunInTerminalTool#CommandLineAutoApproveAnalyzer: - Command 'grep -E 'Python Environments\.log|Python\.log|Jupyter\.log'' is approved by allow list rule: grep [null]
2026-02-26 22:17:31.758 [info] RunInTerminalTool#CommandLineAutoApproveAnalyzer: - Command 'tail -n 40' is approved by allow list rule: tail [null]
2026-02-26 22:17:31.758 [info] RunInTerminalTool#CommandLineAutoApproveAnalyzer: - Command line 'find /root/capsule/code/vscode-data/logs -maxdepth 8 -type f | grep -E 'Python Environments\.log|Python\.log|Jupyter\.log' | tail -n 40' has no matching auto approve entries [null]
2026-02-26 22:17:31.765 [info] RunInTerminalTool#CommandLineFileWriteAnalyzer: File writes detected [[]]
2026-02-26 22:17:39.165 [info] RunInTerminalTool: Command rewritten by Fxt: Prepended with a space to exclude from shell history []
2026-02-26 22:17:39.182 [info] RunInTerminalTool#CommandLineAutoApproveAnalyzer: Parsed sub-commands via bash grammar [["tail -n 160 '/root/capsule/code/vscode-data/logs/20260226T220137/window1/exthost/ms-python.vscode-python-envs/Python Environments.log'"]]
2026-02-26 22:17:39.182 [info] RunInTerminalTool#CommandLineAutoApproveAnalyzer: All sub-commands auto-approved [null]
2026-02-26 22:17:39.182 [info] RunInTerminalTool#CommandLineAutoApproveAnalyzer: - Command 'tail -n 160 '/root/capsule/code/vscode-data/logs/20260226T220137/window1/exthost/ms-python.vscode-python-envs/Python Environments.log'' is approved by allow list rule: tail [null]
2026-02-26 22:17:39.182 [info] RunInTerminalTool#CommandLineAutoApproveAnalyzer: - Command line 'tail -n 160 '/root/capsule/code/vscode-data/logs/20260226T220137/window1/exthost/ms-python.vscode-python-envs/Python Environments.log'' has no matching auto approve entries [null]
2026-02-26 22:17:39.189 [info] RunInTerminalTool#CommandLineFileWriteAnalyzer: File writes detected [[]]
2026-02-26 22:17:40.838 [info] RunInTerminalTool: Command rewritten by Fxt: Prepended with a space to exclude from shell history []
2026-02-26 22:17:40.856 [info] RunInTerminalTool#CommandLineAutoApproveAnalyzer: Parsed sub-commands via bash grammar [["tail -n 120 '/root/capsule/code/vscode-data/logs/20260226T220137/window1/exthost/ms-python.python/Python.log'"]]
2026-02-26 22:17:40.856 [info] RunInTerminalTool#CommandLineAutoApproveAnalyzer: All sub-commands auto-approved [null]
2026-02-26 22:17:40.856 [info] RunInTerminalTool#CommandLineAutoApproveAnalyzer: - Command 'tail -n 120 '/root/capsule/code/vscode-data/logs/20260226T220137/window1/exthost/ms-python.python/Python.log'' is approved by allow list rule: tail [null]
2026-02-26 22:17:40.856 [info] RunInTerminalTool#CommandLineAutoApproveAnalyzer: - Command line 'tail -n 120 '/root/capsule/code/vscode-data/logs/20260226T220137/window1/exthost/ms-python.python/Python.log'' has no matching auto approve entries [null]
2026-02-26 22:17:40.863 [info] RunInTerminalTool#CommandLineFileWriteAnalyzer: File writes detected [[]]
2026-02-26 22:17:43.156 [info] RunInTerminalTool: Command rewritten by Fxt: Prepended with a space to exclude from shell history []
2026-02-26 22:17:43.175 [info] RunInTerminalTool#CommandLineAutoApproveAnalyzer: Parsed sub-commands via bash grammar [["tail -n 80 '/root/capsule/code/vscode-data/logs/20260226T220137/window1/exthost/output_logging_20260226T221616/1-Jupyter.log'"]]
2026-02-26 22:17:43.175 [info] RunInTerminalTool#CommandLineAutoApproveAnalyzer: All sub-commands auto-approved [null]
2026-02-26 22:17:43.175 [info] RunInTerminalTool#CommandLineAutoApproveAnalyzer: - Command 'tail -n 80 '/root/capsule/code/vscode-data/logs/20260226T220137/window1/exthost/output_logging_20260226T221616/1-Jupyter.log'' is approved by allow list rule: tail [null]
2026-02-26 22:17:43.176 [info] RunInTerminalTool#CommandLineAutoApproveAnalyzer: - Command line 'tail -n 80 '/root/capsule/code/vscode-data/logs/20260226T220137/window1/exthost/output_logging_20260226T221616/1-Jupyter.log'' has no matching auto approve entries [null]
2026-02-26 22:17:43.183 [info] RunInTerminalTool#CommandLineFileWriteAnalyzer: File writes detected [[]]
2026-02-26 22:18:07.537 [info] RunInTerminalTool: Command rewritten by Fxt: Prepended with a space to exclude from shell history []
2026-02-26 22:18:07.553 [info] RunInTerminalTool#CommandLineAutoApproveAnalyzer: Parsed sub-commands via bash grammar [["grep -n \"\\\"python-envs\\.|\\\"python.useEnvsExtension\\\"\" /root/.vscode/extensions/ms-python.vscode-python-envs-1.20.1-linux-x64/package.json /root/.vscode/extensions/ms-python.python-2026.2.0-linux-x64/package.json","sed -n '1,200p'"]]
2026-02-26 22:18:07.553 [info] RunInTerminalTool#CommandLineAutoApproveAnalyzer: All sub-commands auto-approved [null]
2026-02-26 22:18:07.554 [info] RunInTerminalTool#CommandLineAutoApproveAnalyzer: - Command 'grep -n "\"python-envs\.|\"python.useEnvsExtension\"" /root/.vscode/extensions/ms-python.vscode-python-envs-1.20.1-linux-x64/package.json /root/.vscode/extensions/ms-python.python-2026.2.0-linux-x64/package.json' is approved by allow list rule: grep [null]
2026-02-26 22:18:07.554 [info] RunInTerminalTool#CommandLineAutoApproveAnalyzer: - Command 'sed -n '1,200p'' is approved by allow list rule: sed [null]
2026-02-26 22:18:07.554 [info] RunInTerminalTool#CommandLineAutoApproveAnalyzer: - Command line 'grep -n "\"python-envs\.|\"python.useEnvsExtension\"" /root/.vscode/extensions/ms-python.vscode-python-envs-1.20.1-linux-x64/package.json /root/.vscode/extensions/ms-python.python-2026.2.0-linux-x64/package.json | sed -n '1,200p'' has no matching auto approve entries [null]
2026-02-26 22:18:07.561 [info] RunInTerminalTool#CommandLineFileWriteAnalyzer: File writes detected [[]]
2026-02-26 22:18:09.318 [info] RunInTerminalTool: Command rewritten by Fxt: Prepended with a space to exclude from shell history []
2026-02-26 22:18:09.337 [info] RunInTerminalTool#CommandLineAutoApproveAnalyzer: Parsed sub-commands via bash grammar [["python3"]]
2026-02-26 22:18:09.337 [info] RunInTerminalTool#CommandLineAutoApproveAnalyzer: All sub-commands NOT auto-approved [null]
2026-02-26 22:18:09.337 [info] RunInTerminalTool#CommandLineAutoApproveAnalyzer: Command line NOT auto-approved [null]
2026-02-26 22:18:09.338 [info] RunInTerminalTool#CommandLineAutoApproveAnalyzer: - Command 'python3' has no matching auto approve entries [null]
2026-02-26 22:18:09.338 [info] RunInTerminalTool#CommandLineAutoApproveAnalyzer: - Command line 'python3 - <<'PY'
import json
for p in [
'/root/.vscode/extensions/ms-python.vscode-python-envs-1.20.1-linux-x64/package.json',
'/root/.vscode/extensions/ms-python.python-2026.2.0-linux-x64/package.json']:
    print('\n===', p)
    d=json.load(open(p))
    conf=((d.get('contributes') or {}).get('configuration'))
    if isinstance(conf, list):
        props={}
        for c in conf: props.update(c.get('properties') or {})
    else:
        props=(conf or {}).get('properties') or {}
    for k in sorted(props):
        if 'env' in k.lower() or 'python.useenvsextension' in k.lower() or 'conda' in k.lower():
            print(k)
PY' has no matching auto approve entries [null]
2026-02-26 22:18:09.345 [info] RunInTerminalTool#CommandLineFileWriteAnalyzer: File writes detected [[]]
2026-02-26 22:18:21.969 [info] RunInTerminalTool: Command rewritten by Fxt: Prepended with a space to exclude from shell history []
2026-02-26 22:18:21.987 [info] RunInTerminalTool#CommandLineAutoApproveAnalyzer: Parsed sub-commands via bash grammar [["python3"]]
2026-02-26 22:18:21.987 [info] RunInTerminalTool#CommandLineAutoApproveAnalyzer: All sub-commands NOT auto-approved [null]
2026-02-26 22:18:21.987 [info] RunInTerminalTool#CommandLineAutoApproveAnalyzer: Command line NOT auto-approved [null]
2026-02-26 22:18:21.987 [info] RunInTerminalTool#CommandLineAutoApproveAnalyzer: - Command 'python3' has no matching auto approve entries [null]
2026-02-26 22:18:21.987 [info] RunInTerminalTool#CommandLineAutoApproveAnalyzer: - Command line 'python3 - <<'PY'
import json
p='/root/.vscode/extensions/ms-python.vscode-python-envs-1.20.1-linux-x64/package.json'
d=json.load(open(p))
conf=d['contributes']['configuration']
props={}
if isinstance(conf,list):
    for c in conf: props.update(c.get('properties',{}))
else:
    props=conf.get('properties',{})
for k in ['python-envs.workspaceSearchPaths','python-envs.globalSearchPaths','python-envs.pythonProjects','python.useEnvironmentsExtension']:
    src=props.get(k)
    if src is None:
      p2='/root/.vscode/extensions/ms-python.python-2026.2.0-linux-x64/package.json'
      d2=json.load(open(p2)); c2=d2['contributes']['configuration']; props2={}
      if isinstance(c2,list):
        for c in c2: props2.update(c.get('properties',{}))
      else: props2=c2.get('properties',{})
      src=props2.get(k)
    print('\n',k)
    print(json.dumps(src,indent=2)[:1800])
PY' has no matching auto approve entries [null]
2026-02-26 22:18:21.994 [info] RunInTerminalTool#CommandLineFileWriteAnalyzer: File writes detected [[]]
2026-02-26 22:18:33.881 [info] RunInTerminalTool: Command rewritten by Fxt: Prepended with a space to exclude from shell history []
2026-02-26 22:18:33.898 [info] RunInTerminalTool#CommandLineAutoApproveAnalyzer: Parsed sub-commands via bash grammar [["python3"]]
2026-02-26 22:18:33.898 [info] RunInTerminalTool#CommandLineAutoApproveAnalyzer: All sub-commands NOT auto-approved [null]
2026-02-26 22:18:33.898 [info] RunInTerminalTool#CommandLineAutoApproveAnalyzer: Command line NOT auto-approved [null]
2026-02-26 22:18:33.899 [info] RunInTerminalTool#CommandLineAutoApproveAnalyzer: - Command 'python3' has no matching auto approve entries [null]
2026-02-26 22:18:33.899 [info] RunInTerminalTool#CommandLineAutoApproveAnalyzer: - Command line 'python3 - <<'PY'
import json
p='/root/.vscode/extensions/ms-toolsai.jupyter-2025.9.1-linux-x64/package.json'
d=json.load(open(p))
conf=d['contributes']['configuration']
props={}
if isinstance(conf,list):
  for c in conf: props.update(c.get('properties',{}))
else:
  props=conf.get('properties',{})
for k in sorted(props):
  if 'kernel' in k.lower() and 'exclude' in k.lower():
    print(k, props[k].get('type'), props[k].get('default'))
PY' has no matching auto approve entries [null]
2026-02-26 22:18:33.906 [info] RunInTerminalTool#CommandLineFileWriteAnalyzer: File writes detected [[]]
2026-02-26 22:18:39.407 [warning] Shell integration failed to add capabilities within 10 seconds []
2026-02-26 22:18:49.979 [warning] Shell integration failed to add capabilities within 10 seconds []
2026-02-26 22:19:39.848 [warning] Shell integration failed to add capabilities within 10 seconds []
2026-02-26 22:19:39.852 [warning] Shell integration failed to add capabilities within 10 seconds []
2026-02-26 22:19:40.761 [info] RunInTerminalTool: Command rewritten by Fxt: Prepended with a space to exclude from shell history []
2026-02-26 22:19:40.777 [info] RunInTerminalTool#CommandLineAutoApproveAnalyzer: Parsed sub-commands via bash grammar [["python3"]]
2026-02-26 22:19:40.777 [info] RunInTerminalTool#CommandLineAutoApproveAnalyzer: All sub-commands NOT auto-approved [null]
2026-02-26 22:19:40.777 [info] RunInTerminalTool#CommandLineAutoApproveAnalyzer: Command line NOT auto-approved [null]
2026-02-26 22:19:40.777 [info] RunInTerminalTool#CommandLineAutoApproveAnalyzer: - Command 'python3' has no matching auto approve entries [null]
2026-02-26 22:19:40.777 [info] RunInTerminalTool#CommandLineAutoApproveAnalyzer: - Command line 'python3 - <<'PY'
import json
p='/root/.vscode/extensions/ms-python.vscode-python-envs-1.20.1-linux-x64/package.json'
d=json.load(open(p))
conf=d['contributes']['configuration']
props={}
if isinstance(conf,list):
  for c in conf: props.update(c.get('properties',{}))
else:
  props=conf.get('properties',{})
for k in ['python-envs.defaultEnvManager','python-envs.defaultPackageManager','python-envs.pythonProjects']:
  print('\n===',k)
  print(json.dumps(props.get(k,{}), indent=2)[:3000])
PY' has no matching auto approve entries [null]
2026-02-26 22:19:40.784 [info] RunInTerminalTool#CommandLineFileWriteAnalyzer: File writes detected [[]]
2026-02-26 22:20:24.962 [info] Latency measurements for local backend
window<->ptyhost (message port): 3.40ms
window<->ptyhostservice<->ptyhost: 29.90ms
ptyhostservice<->ptyhost: 0.44ms []
2026-02-26 22:20:24.989 [info] Latency measurements for local backend
window<->ptyhost (message port): 3.70ms
window<->ptyhostservice<->ptyhost: 56.70ms
ptyhostservice<->ptyhost: 0.38ms []
2026-02-26 22:27:54.338 [info] RunInTerminalTool: Command rewritten by Fxt: Prepended with a space to exclude from shell history []
2026-02-26 22:27:54.434 [info] RunInTerminalTool#CommandLineAutoApproveAnalyzer: Parsed sub-commands via bash grammar [["set -e","printf 'PWD=%s\\n' \"$PWD\"","stat -c 'owner=%U group=%G perms=%a path=%n' /root/capsule/code/vscode-data","mount","grep -E '/root/capsule|overlay|/root '","sed -n '1,40p'"]]
2026-02-26 22:27:54.436 [info] RunInTerminalTool#CommandLineAutoApproveAnalyzer: All sub-commands NOT auto-approved [null]
2026-02-26 22:27:54.436 [info] RunInTerminalTool#CommandLineAutoApproveAnalyzer: Command line NOT auto-approved [null]
2026-02-26 22:27:54.437 [info] RunInTerminalTool#CommandLineAutoApproveAnalyzer: - Command 'set -e' has no matching auto approve entries [null]
2026-02-26 22:27:54.437 [info] RunInTerminalTool#CommandLineAutoApproveAnalyzer: - Command 'printf 'PWD=%s\n' "$PWD"' has no matching auto approve entries [null]
2026-02-26 22:27:54.437 [info] RunInTerminalTool#CommandLineAutoApproveAnalyzer: - Command 'stat -c 'owner=%U group=%G perms=%a path=%n' /root/capsule/code/vscode-data' is approved by allow list rule: stat [null]
2026-02-26 22:27:54.437 [info] RunInTerminalTool#CommandLineAutoApproveAnalyzer: - Command 'mount' has no matching auto approve entries [null]
2026-02-26 22:27:54.437 [info] RunInTerminalTool#CommandLineAutoApproveAnalyzer: - Command 'grep -E '/root/capsule|overlay|/root '' is approved by allow list rule: grep [null]
2026-02-26 22:27:54.437 [info] RunInTerminalTool#CommandLineAutoApproveAnalyzer: - Command 'sed -n '1,40p'' is approved by allow list rule: sed [null]
2026-02-26 22:27:54.438 [info] RunInTerminalTool#CommandLineAutoApproveAnalyzer: - Command line 'set -e
printf 'PWD=%s\n' "$PWD"
stat -c 'owner=%U group=%G perms=%a path=%n' /root/capsule/code/vscode-data
mount | grep -E '/root/capsule|overlay|/root ' | sed -n '1,40p'
' has no matching auto approve entries [null]
2026-02-26 22:27:54.446 [info] RunInTerminalTool#CommandLineFileWriteAnalyzer: File writes detected [[]]
2026-02-26 22:29:37.369 [info] RunInTerminalTool: Command rewritten by Fxt: Prepended with a space to exclude from shell history []
2026-02-26 22:29:37.386 [info] RunInTerminalTool#CommandLineAutoApproveAnalyzer: Parsed sub-commands via bash grammar [["du -sh /root/capsule/code/vscode-data","find /root/capsule/code/vscode-data -maxdepth 2 -type d","wc -l","find /root/capsule/code/vscode-data/logs -maxdepth 1 -type d","wc -l"]]
2026-02-26 22:29:37.386 [info] RunInTerminalTool#CommandLineAutoApproveAnalyzer: All sub-commands auto-approved [null]
2026-02-26 22:29:37.386 [info] RunInTerminalTool#CommandLineAutoApproveAnalyzer: - Command 'du -sh /root/capsule/code/vscode-data' is approved by allow list rule: du [null]
2026-02-26 22:29:37.387 [info] RunInTerminalTool#CommandLineAutoApproveAnalyzer: - Command 'find /root/capsule/code/vscode-data -maxdepth 2 -type d' is approved by allow list rule: find [null]
2026-02-26 22:29:37.387 [info] RunInTerminalTool#CommandLineAutoApproveAnalyzer: - Command 'wc -l' is approved by allow list rule: wc [null]
2026-02-26 22:29:37.387 [info] RunInTerminalTool#CommandLineAutoApproveAnalyzer: - Command 'find /root/capsule/code/vscode-data/logs -maxdepth 1 -type d' is approved by allow list rule: find [null]
2026-02-26 22:29:37.387 [info] RunInTerminalTool#CommandLineAutoApproveAnalyzer: - Command 'wc -l' is approved by allow list rule: wc [null]
2026-02-26 22:29:37.387 [info] RunInTerminalTool#CommandLineAutoApproveAnalyzer: - Command line 'du -sh /root/capsule/code/vscode-data
find /root/capsule/code/vscode-data -maxdepth 2 -type d | wc -l
find /root/capsule/code/vscode-data/logs -maxdepth 1 -type d 2>/dev/null | wc -l
' has no matching auto approve entries [null]
2026-02-26 22:29:37.394 [info] RunInTerminalTool#CommandLineFileWriteAnalyzer: Detected cwd ["file:///root/capsule"]
2026-02-26 22:29:37.394 [info] RunInTerminalTool#CommandLineFileWriteAnalyzer: File writes detected [["Symbol(null device)"]]
2026-02-26 22:29:37.394 [info] RunInTerminalTool#CommandLineFileWriteAnalyzer: File write to null device allowed [null]
2026-02-26 22:29:40.283 [info] RunInTerminalTool: Command rewritten by Fxt: Prepended with a space to exclude from shell history []
2026-02-26 22:29:40.300 [info] RunInTerminalTool#CommandLineAutoApproveAnalyzer: Parsed sub-commands via bash grammar [["find /root/capsule/code/vscode-data/User/workspaceStorage -maxdepth 3 -type d","head -n 40"]]
2026-02-26 22:29:40.300 [info] RunInTerminalTool#CommandLineAutoApproveAnalyzer: All sub-commands auto-approved [null]
2026-02-26 22:29:40.300 [info] RunInTerminalTool#CommandLineAutoApproveAnalyzer: - Command 'find /root/capsule/code/vscode-data/User/workspaceStorage -maxdepth 3 -type d' is approved by allow list rule: find [null]
2026-02-26 22:29:40.300 [info] RunInTerminalTool#CommandLineAutoApproveAnalyzer: - Command 'head -n 40' is approved by allow list rule: head [null]
2026-02-26 22:29:40.301 [info] RunInTerminalTool#CommandLineAutoApproveAnalyzer: - Command line 'find /root/capsule/code/vscode-data/User/workspaceStorage -maxdepth 3 -type d 2>/dev/null | head -n 40' has no matching auto approve entries [null]
2026-02-26 22:29:40.307 [info] RunInTerminalTool#CommandLineFileWriteAnalyzer: Detected cwd ["file:///root/capsule"]
2026-02-26 22:29:40.307 [info] RunInTerminalTool#CommandLineFileWriteAnalyzer: File writes detected [["Symbol(null device)"]]
2026-02-26 22:29:40.308 [info] RunInTerminalTool#CommandLineFileWriteAnalyzer: File write to null device allowed [null]
2026-02-26 22:29:47.849 [info] RunInTerminalTool: Command rewritten by Fxt: Prepended with a space to exclude from shell history []
2026-02-26 22:29:47.865 [info] RunInTerminalTool#CommandLineAutoApproveAnalyzer: Parsed sub-commands via bash grammar [["stat -c 'owner=%U group=%G perms=%a path=%n' /root/capsule/code/vscode-data /root/capsule/code/vscode-data/logs /root/capsule/code/vscode-data/User"]]
2026-02-26 22:29:47.865 [info] RunInTerminalTool#CommandLineAutoApproveAnalyzer: All sub-commands auto-approved [null]
2026-02-26 22:29:47.865 [info] RunInTerminalTool#CommandLineAutoApproveAnalyzer: - Command 'stat -c 'owner=%U group=%G perms=%a path=%n' /root/capsule/code/vscode-data /root/capsule/code/vscode-data/logs /root/capsule/code/vscode-data/User' is approved by allow list rule: stat [null]
2026-02-26 22:29:47.866 [info] RunInTerminalTool#CommandLineAutoApproveAnalyzer: - Command line 'stat -c 'owner=%U group=%G perms=%a path=%n' /root/capsule/code/vscode-data /root/capsule/code/vscode-data/logs /root/capsule/code/vscode-data/User' has no matching auto approve entries [null]
2026-02-26 22:29:47.872 [info] RunInTerminalTool#CommandLineFileWriteAnalyzer: File writes detected [[]]
2026-02-26 22:29:49.691 [info] RunInTerminalTool: Command rewritten by Fxt: Prepended with a space to exclude from shell history []
2026-02-26 22:29:49.708 [info] RunInTerminalTool#CommandLineAutoApproveAnalyzer: Parsed sub-commands via bash grammar [["find /root/capsule/code/vscode-data/logs -maxdepth 2 -type d","sed -n '1,80p'"]]
2026-02-26 22:29:49.709 [info] RunInTerminalTool#CommandLineAutoApproveAnalyzer: All sub-commands auto-approved [null]
2026-02-26 22:29:49.709 [info] RunInTerminalTool#CommandLineAutoApproveAnalyzer: - Command 'find /root/capsule/code/vscode-data/logs -maxdepth 2 -type d' is approved by allow list rule: find [null]
2026-02-26 22:29:49.710 [info] RunInTerminalTool#CommandLineAutoApproveAnalyzer: - Command 'sed -n '1,80p'' is approved by allow list rule: sed [null]
2026-02-26 22:29:49.710 [info] RunInTerminalTool#CommandLineAutoApproveAnalyzer: - Command line 'find /root/capsule/code/vscode-data/logs -maxdepth 2 -type d | sed -n '1,80p'' has no matching auto approve entries [null]
2026-02-26 22:29:49.716 [info] RunInTerminalTool#CommandLineFileWriteAnalyzer: File writes detected [[]]
2026-02-26 22:32:14.955 [info] RunInTerminalTool: Command rewritten by Fxt: Prepended with a space to exclude from shell history []
2026-02-26 22:32:14.974 [info] RunInTerminalTool#CommandLineAutoApproveAnalyzer: Parsed sub-commands via bash grammar [["grep -R \"configure: Configuration error Request 'configure' timed out after 30000ms\\|Failed to resolve conda environment\\|Python Environment Tools (PET) failed\" -n /root/capsule/code/vscode-data/logs","tail -n 80"]]
2026-02-26 22:32:14.974 [info] RunInTerminalTool#CommandLineAutoApproveAnalyzer: All sub-commands auto-approved [null]
2026-02-26 22:32:14.974 [info] RunInTerminalTool#CommandLineAutoApproveAnalyzer: - Command 'grep -R "configure: Configuration error Request 'configure' timed out after 30000ms\|Failed to resolve conda environment\|Python Environment Tools (PET) failed" -n /root/capsule/code/vscode-data/logs' is approved by allow list rule: grep [null]
2026-02-26 22:32:14.974 [info] RunInTerminalTool#CommandLineAutoApproveAnalyzer: - Command 'tail -n 80' is approved by allow list rule: tail [null]
2026-02-26 22:32:14.974 [info] RunInTerminalTool#CommandLineAutoApproveAnalyzer: - Command line 'grep -R "configure: Configuration error Request 'configure' timed out after 30000ms\|Failed to resolve conda environment\|Python Environment Tools (PET) failed" -n /root/capsule/code/vscode-data/logs | tail -n 80' has no matching auto approve entries [null]
2026-02-26 22:32:14.981 [info] RunInTerminalTool#CommandLineFileWriteAnalyzer: File writes detected [[]]
2026-02-26 22:33:01.249 [info] RunInTerminalTool: Command rewritten by Fxt: Prepended with a space to exclude from shell history []
2026-02-26 22:33:01.269 [info] RunInTerminalTool#CommandLineAutoApproveAnalyzer: Parsed sub-commands via bash grammar [["ls -ld /root/capsule/code /root/capsule/scratch /root/capsule/code/vscode-data"]]
2026-02-26 22:33:01.270 [info] RunInTerminalTool#CommandLineAutoApproveAnalyzer: All sub-commands auto-approved [null]
2026-02-26 22:33:01.271 [info] RunInTerminalTool#CommandLineAutoApproveAnalyzer: - Command 'ls -ld /root/capsule/code /root/capsule/scratch /root/capsule/code/vscode-data' is approved by allow list rule: ls [null]
2026-02-26 22:33:01.271 [info] RunInTerminalTool#CommandLineAutoApproveAnalyzer: - Command line 'ls -ld /root/capsule/code /root/capsule/scratch /root/capsule/code/vscode-data 2>&1' has no matching auto approve entries [null]
2026-02-26 22:33:01.278 [info] RunInTerminalTool#CommandLineFileWriteAnalyzer: File writes detected [[]]
2026-02-26 22:33:42.097 [info] RunInTerminalTool: Command rewritten by Fxt: Prepended with a space to exclude from shell history []
2026-02-26 22:33:42.113 [info] RunInTerminalTool#CommandLineAutoApproveAnalyzer: Parsed sub-commands via bash grammar [["df -T /root/capsule/code /root/capsule/scratch /root/capsule/code/vscode-data"]]
2026-02-26 22:33:42.113 [info] RunInTerminalTool#CommandLineAutoApproveAnalyzer: All sub-commands auto-approved [null]
2026-02-26 22:33:42.113 [info] RunInTerminalTool#CommandLineAutoApproveAnalyzer: - Command 'df -T /root/capsule/code /root/capsule/scratch /root/capsule/code/vscode-data' is approved by allow list rule: df [null]
2026-02-26 22:33:42.113 [info] RunInTerminalTool#CommandLineAutoApproveAnalyzer: - Command line 'df -T /root/capsule/code /root/capsule/scratch /root/capsule/code/vscode-data 2>&1' has no matching auto approve entries [null]
2026-02-26 22:33:42.120 [info] RunInTerminalTool#CommandLineFileWriteAnalyzer: File writes detected [[]]
2026-02-26 22:33:43.720 [info] RunInTerminalTool: Command rewritten by Fxt: Prepended with a space to exclude from shell history []
2026-02-26 22:33:43.740 [info] RunInTerminalTool#CommandLineAutoApproveAnalyzer: Parsed sub-commands via bash grammar [["python3"]]
2026-02-26 22:33:43.740 [info] RunInTerminalTool#CommandLineAutoApproveAnalyzer: All sub-commands NOT auto-approved [null]
2026-02-26 22:33:43.740 [info] RunInTerminalTool#CommandLineAutoApproveAnalyzer: Command line NOT auto-approved [null]
2026-02-26 22:33:43.740 [info] RunInTerminalTool#CommandLineAutoApproveAnalyzer: - Command 'python3' has no matching auto approve entries [null]
2026-02-26 22:33:43.741 [info] RunInTerminalTool#CommandLineAutoApproveAnalyzer: - Command line 'python3 - <<'PY'
import os, time
paths=['/root/capsule/code/vscode-data','/root/capsule/scratch/vscode-data-test']
for p in paths:
    os.makedirs(p, exist_ok=True)
    t=time.time()
    for i in range(2000):
        with open(os.path.join(p,f'tmp_{i}.txt'),'w') as f:
            f.write('x'*128)
    for i in range(2000):
        os.remove(os.path.join(p,f'tmp_{i}.txt'))
    dt=time.time()-t
    print(p, f'{dt:.3f}s')
PY' has no matching auto approve entries [null]
2026-02-26 22:33:43.748 [info] RunInTerminalTool#CommandLineFileWriteAnalyzer: File writes detected [[]]
2026-02-26 22:33:55.052 [warning] Shell integration failed to add capabilities within 10 seconds []
2026-02-26 22:34:30.192 [info] RunInTerminalTool: Command rewritten by Fxt: Prepended with a space to exclude from shell history []
2026-02-26 22:34:30.209 [info] RunInTerminalTool#CommandLineAutoApproveAnalyzer: Parsed sub-commands via bash grammar [["/usr/bin/time -f 'no-follow elapsed=%E' find /root/capsule -maxdepth 5 -type d","wc -l /tmp/find_nofollow.txt"]]
2026-02-26 22:34:30.209 [info] RunInTerminalTool#CommandLineAutoApproveAnalyzer: All sub-commands NOT auto-approved [null]
2026-02-26 22:34:30.210 [info] RunInTerminalTool#CommandLineAutoApproveAnalyzer: Command line NOT auto-approved [null]
2026-02-26 22:34:30.210 [info] RunInTerminalTool#CommandLineAutoApproveAnalyzer: - Command '/usr/bin/time -f 'no-follow elapsed=%E' find /root/capsule -maxdepth 5 -type d' has no matching auto approve entries [null]
2026-02-26 22:34:30.210 [info] RunInTerminalTool#CommandLineAutoApproveAnalyzer: - Command 'wc -l /tmp/find_nofollow.txt' is approved by allow list rule: wc [null]
2026-02-26 22:34:30.210 [info] RunInTerminalTool#CommandLineAutoApproveAnalyzer: - Command line '/usr/bin/time -f 'no-follow elapsed=%E' find /root/capsule -maxdepth 5 -type d > /tmp/find_nofollow.txt; wc -l /tmp/find_nofollow.txt' has no matching auto approve entries [null]
2026-02-26 22:34:30.217 [info] RunInTerminalTool#CommandLineFileWriteAnalyzer: Detected cwd ["file:///root/capsule"]
2026-02-26 22:34:30.217 [info] RunInTerminalTool#CommandLineFileWriteAnalyzer: File writes detected [["file:///tmp/find_nofollow.txt"]]
2026-02-26 22:34:30.217 [info] RunInTerminalTool#CommandLineFileWriteAnalyzer: File write blocked outside workspace ["file:///tmp/find_nofollow.txt"]
2026-02-26 22:44:30.393 [info] RunInTerminalTool: Command rewritten by Fxt: Prepended with a space to exclude from shell history []
2026-02-26 22:44:30.410 [info] RunInTerminalTool#CommandLineAutoApproveAnalyzer: Parsed sub-commands via bash grammar [["/usr/bin/time -f 'follow elapsed=%E' find -L /root/capsule -maxdepth 5 -type d","wc -l /tmp/find_follow.txt"]]
2026-02-26 22:44:30.410 [info] RunInTerminalTool#CommandLineAutoApproveAnalyzer: All sub-commands NOT auto-approved [null]
2026-02-26 22:44:30.410 [info] RunInTerminalTool#CommandLineAutoApproveAnalyzer: Command line NOT auto-approved [null]
2026-02-26 22:44:30.410 [info] RunInTerminalTool#CommandLineAutoApproveAnalyzer: - Command '/usr/bin/time -f 'follow elapsed=%E' find -L /root/capsule -maxdepth 5 -type d' has no matching auto approve entries [null]
2026-02-26 22:44:30.410 [info] RunInTerminalTool#CommandLineAutoApproveAnalyzer: - Command 'wc -l /tmp/find_follow.txt' is approved by allow list rule: wc [null]
2026-02-26 22:44:30.410 [info] RunInTerminalTool#CommandLineAutoApproveAnalyzer: - Command line '/usr/bin/time -f 'follow elapsed=%E' find -L /root/capsule -maxdepth 5 -type d > /tmp/find_follow.txt; wc -l /tmp/find_follow.txt' has no matching auto approve entries [null]
2026-02-26 22:44:30.417 [info] RunInTerminalTool#CommandLineFileWriteAnalyzer: Detected cwd ["file:///root/capsule"]
2026-02-26 22:44:30.418 [info] RunInTerminalTool#CommandLineFileWriteAnalyzer: File writes detected [["file:///tmp/find_follow.txt"]]
2026-02-26 22:44:30.418 [info] RunInTerminalTool#CommandLineFileWriteAnalyzer: File write blocked outside workspace ["file:///tmp/find_follow.txt"]
2026-02-26 22:45:01.815 [info] ToolTerminalCreator#createTerminal: Waiting 4999ms for shell integration []
2026-02-26 22:45:02.017 [info] ToolTerminalCreator#_waitForShellIntegration: Rich SI available eventually []
2026-02-26 22:45:02.018 [info] ToolTerminalCreator#_waitForShellIntegration: Promise complete, disposing store []
2026-02-26 22:45:02.018 [info] ToolTerminalCreator#createTerminal: Waiting up to 2s for PromptInputModel state to change []
2026-02-26 22:45:02.386 [info] RunInTerminalTool: Command rewritten by Fxt: Prepended with a space to exclude from shell history []
2026-02-26 22:45:02.409 [info] RunInTerminalTool#CommandLineAutoApproveAnalyzer: Parsed sub-commands via bash grammar [["ls -ld /scratch","find /scratch -maxdepth 2 -type d","head -n 30"]]
2026-02-26 22:45:02.409 [info] RunInTerminalTool#CommandLineAutoApproveAnalyzer: All sub-commands auto-approved [null]
2026-02-26 22:45:02.409 [info] RunInTerminalTool#CommandLineAutoApproveAnalyzer: - Command 'ls -ld /scratch' is approved by allow list rule: ls [null]
2026-02-26 22:45:02.410 [info] RunInTerminalTool#CommandLineAutoApproveAnalyzer: - Command 'find /scratch -maxdepth 2 -type d' is approved by allow list rule: find [null]
2026-02-26 22:45:02.410 [info] RunInTerminalTool#CommandLineAutoApproveAnalyzer: - Command 'head -n 30' is approved by allow list rule: head [null]
2026-02-26 22:45:02.410 [info] RunInTerminalTool#CommandLineAutoApproveAnalyzer: - Command line 'ls -ld /scratch; find /scratch -maxdepth 2 -type d | head -n 30' has no matching auto approve entries [null]
2026-02-26 22:45:02.416 [info] RunInTerminalTool#CommandLineFileWriteAnalyzer: File writes detected [[]]
2026-02-26 22:46:12.569 [info] RunInTerminalTool: Command rewritten by Fxt: Prepended with a space to exclude from shell history []
2026-02-26 22:46:12.588 [info] RunInTerminalTool#CommandLineAutoApproveAnalyzer: Parsed sub-commands via bash grammar [["time find -L /root/capsule -maxdepth 5 -type d","wc -l /tmp/find_follow.txt"]]
2026-02-26 22:46:12.589 [info] RunInTerminalTool#CommandLineAutoApproveAnalyzer: All sub-commands NOT auto-approved [null]
2026-02-26 22:46:12.589 [info] RunInTerminalTool#CommandLineAutoApproveAnalyzer: Command line NOT auto-approved [null]
2026-02-26 22:46:12.589 [info] RunInTerminalTool#CommandLineAutoApproveAnalyzer: - Command 'time find -L /root/capsule -maxdepth 5 -type d' has no matching auto approve entries [null]
2026-02-26 22:46:12.589 [info] RunInTerminalTool#CommandLineAutoApproveAnalyzer: - Command 'wc -l /tmp/find_follow.txt' is approved by allow list rule: wc [null]
2026-02-26 22:46:12.589 [info] RunInTerminalTool#CommandLineAutoApproveAnalyzer: - Command line 'TIMEFORMAT='follow elapsed=%R'; time find -L /root/capsule -maxdepth 5 -type d >/tmp/find_follow.txt; wc -l /tmp/find_follow.txt' has no matching auto approve entries [null]
2026-02-26 22:46:12.597 [info] RunInTerminalTool#CommandLineFileWriteAnalyzer: Detected cwd ["file:///root/capsule"]
2026-02-26 22:46:12.600 [info] RunInTerminalTool#CommandLineFileWriteAnalyzer: File writes detected [["file:///tmp/find_follow.txt"]]
2026-02-26 22:46:12.600 [info] RunInTerminalTool#CommandLineFileWriteAnalyzer: File write blocked outside workspace ["file:///tmp/find_follow.txt"]
2026-02-26 22:46:31.494 [warning] Shell integration failed to add capabilities within 10 seconds []
2026-02-26 22:46:49.665 [info] RunInTerminalTool: Command rewritten by Fxt: Prepended with a space to exclude from shell history []
2026-02-26 22:46:49.683 [info] RunInTerminalTool#CommandLineAutoApproveAnalyzer: Parsed sub-commands via bash grammar [["time find /root/capsule -maxdepth 5 -type d","wc -l /tmp/find_nofollow.txt"]]
2026-02-26 22:46:49.683 [info] RunInTerminalTool#CommandLineAutoApproveAnalyzer: All sub-commands NOT auto-approved [null]
2026-02-26 22:46:49.683 [info] RunInTerminalTool#CommandLineAutoApproveAnalyzer: Command line NOT auto-approved [null]
2026-02-26 22:46:49.683 [info] RunInTerminalTool#CommandLineAutoApproveAnalyzer: - Command 'time find /root/capsule -maxdepth 5 -type d' has no matching auto approve entries [null]
2026-02-26 22:46:49.684 [info] RunInTerminalTool#CommandLineAutoApproveAnalyzer: - Command 'wc -l /tmp/find_nofollow.txt' is approved by allow list rule: wc [null]
2026-02-26 22:46:49.684 [info] RunInTerminalTool#CommandLineAutoApproveAnalyzer: - Command line 'TIMEFORMAT='nofollow elapsed=%R'; time find /root/capsule -maxdepth 5 -type d >/tmp/find_nofollow.txt; wc -l /tmp/find_nofollow.txt' has no matching auto approve entries [null]
2026-02-26 22:46:49.692 [info] RunInTerminalTool#CommandLineFileWriteAnalyzer: Detected cwd ["file:///root/capsule"]
2026-02-26 22:46:49.692 [info] RunInTerminalTool#CommandLineFileWriteAnalyzer: File writes detected [["file:///tmp/find_nofollow.txt"]]
2026-02-26 22:46:49.693 [info] RunInTerminalTool#CommandLineFileWriteAnalyzer: File write blocked outside workspace ["file:///tmp/find_nofollow.txt"]
2026-02-26 22:47:02.145 [info] RunInTerminalTool: Command rewritten by Fxt: Prepended with a space to exclude from shell history []
2026-02-26 22:47:02.162 [info] RunInTerminalTool#CommandLineAutoApproveAnalyzer: Parsed sub-commands via bash grammar [["grep -R \"workspaceDirectories\\|environmentDirectories\" -n /root/capsule/code/vscode-data/logs/20260226T220137/window1/exthost/ms-python.vscode-python-envs/Python\\ Environments.log","tail -n 20"]]
2026-02-26 22:47:02.162 [info] RunInTerminalTool#CommandLineAutoApproveAnalyzer: All sub-commands auto-approved [null]
2026-02-26 22:47:02.162 [info] RunInTerminalTool#CommandLineAutoApproveAnalyzer: - Command 'grep -R "workspaceDirectories\|environmentDirectories" -n /root/capsule/code/vscode-data/logs/20260226T220137/window1/exthost/ms-python.vscode-python-envs/Python\ Environments.log' is approved by allow list rule: grep [null]
2026-02-26 22:47:02.162 [info] RunInTerminalTool#CommandLineAutoApproveAnalyzer: - Command 'tail -n 20' is approved by allow list rule: tail [null]
2026-02-26 22:47:02.162 [info] RunInTerminalTool#CommandLineAutoApproveAnalyzer: - Command line 'grep -R "workspaceDirectories\|environmentDirectories" -n /root/capsule/code/vscode-data/logs/20260226T220137/window1/exthost/ms-python.vscode-python-envs/Python\ Environments.log | tail -n 20' has no matching auto approve entries [null]
2026-02-26 22:47:02.170 [info] RunInTerminalTool#CommandLineFileWriteAnalyzer: File writes detected [[]]
2026-02-26 22:51:04.383 [warning] Shell integration failed to add capabilities within 10 seconds []
2026-02-26 22:53:06.827 [info] RunInTerminalTool: Command rewritten by Fxt: Prepended with a space to exclude from shell history []
2026-02-26 22:53:06.844 [info] RunInTerminalTool#CommandLineAutoApproveAnalyzer: Parsed sub-commands via bash grammar [["chmod +x /root/capsule/environment/postInstall.full","ls -l /root/capsule/environment/postInstall /root/capsule/environment/postInstall.full"]]
2026-02-26 22:53:06.844 [info] RunInTerminalTool#CommandLineAutoApproveAnalyzer: Sub-command DENIED auto approval [null]
2026-02-26 22:53:06.844 [info] RunInTerminalTool#CommandLineAutoApproveAnalyzer: - Command 'chmod +x /root/capsule/environment/postInstall.full' is denied by deny list rule: chmod [null]
2026-02-26 22:53:06.844 [info] RunInTerminalTool#CommandLineAutoApproveAnalyzer: - Command 'ls -l /root/capsule/environment/postInstall /root/capsule/environment/postInstall.full' is approved by allow list rule: ls [null]
2026-02-26 22:53:06.844 [info] RunInTerminalTool#CommandLineAutoApproveAnalyzer: - Command line 'chmod +x /root/capsule/environment/postInstall.full && ls -l /root/capsule/environment/postInstall /root/capsule/environment/postInstall.full' has no matching auto approve entries [null]
2026-02-26 22:53:06.852 [info] RunInTerminalTool#CommandLineFileWriteAnalyzer: File writes detected [[]]
