
=== 755252 ===
/opt/conda/lib/python3.11/site-packages/zarr/core/metadata/v2.py:190: ZarrUserWarning: Found an empty list of filters in the array metadata document. This is contrary to the Zarr V2 specification, and will cause an error in the future. Use None (or Null in a JSON document) instead of an empty list of filters.
  warnings.warn(msg, ZarrUserWarning, stacklevel=1)
  sz_lp=2.462  sz_peak=2.3500000000000005  sz_gt=2.129  err=+0.221  passed=False  reason=peak_ratio=1.05<1.1; half_width=0.80>0.3
  ratio=1.047  half_width=0.800  tz_off=-20.0  (102s)

=== 767018 ===
/opt/conda/lib/python3.11/site-packages/zarr/core/metadata/v2.py:190: ZarrUserWarning: Found an empty list of filters in the array metadata document. This is contrary to the Zarr V2 specification, and will cause an error in the future. Use None (or Null in a JSON document) instead of an empty list of filters.
  warnings.warn(msg, ZarrUserWarning, stacklevel=1)
  sz_lp=3.640  sz_peak=3.0000000000000013  sz_gt=3.583  err=-0.583  passed=False  reason=half_width=0.75>0.3
  ratio=1.121  half_width=0.750  tz_off=-144.0  (93s)

=== 767022 ===
/opt/conda/lib/python3.11/site-packages/zarr/core/metadata/v2.py:190: ZarrUserWarning: Found an empty list of filters in the array metadata document. This is contrary to the Zarr V2 specification, and will cause an error in the future. Use None (or Null in a JSON document) instead of an empty list of filters.
  warnings.warn(msg, ZarrUserWarning, stacklevel=1)
  sz_lp=2.736  sz_peak=4.000000000000002  sz_gt=2.490  err=+1.510  passed=False  reason=peak_ratio=1.06<1.1
  ratio=1.059  half_width=0.250  tz_off=172.0  (98s)

=== 782149 ===
/opt/conda/lib/python3.11/site-packages/zarr/core/metadata/v2.py:190: ZarrUserWarning: Found an empty list of filters in the array metadata document. This is contrary to the Zarr V2 specification, and will cause an error in the future. Use None (or Null in a JSON document) instead of an empty list of filters.
  warnings.warn(msg, ZarrUserWarning, stacklevel=1)
  sz_lp=1.773  sz_peak=3.700000000000002  sz_gt=2.926  err=+0.774  passed=False  reason=peak_ratio=1.08<1.1; half_width=1.05>0.3
  ratio=1.076  half_width=1.050  tz_off=292.0  (82s)

=== 788406 ===
/opt/conda/lib/python3.11/site-packages/zarr/core/metadata/v2.py:190: ZarrUserWarning: Found an empty list of filters in the array metadata document. This is contrary to the Zarr V2 specification, and will cause an error in the future. Use None (or Null in a JSON document) instead of an empty list of filters.
  warnings.warn(msg, ZarrUserWarning, stacklevel=1)
  sz_lp=3.596  sz_peak=2.8500000000000014  sz_gt=2.820  err=+0.030  passed=False  reason=half_width=0.80>0.3
  ratio=1.116  half_width=0.800  tz_off=-64.0  (108s)

=== 790322 ===
/opt/conda/lib/python3.11/site-packages/zarr/core/metadata/v2.py:190: ZarrUserWarning: Found an empty list of filters in the array metadata document. This is contrary to the Zarr V2 specification, and will cause an error in the future. Use None (or Null in a JSON document) instead of an empty list of filters.
  warnings.warn(msg, ZarrUserWarning, stacklevel=1)
  sz_lp=2.896  sz_peak=2.800000000000001  sz_gt=3.042  err=-0.242  passed=False  reason=half_width=0.55>0.3
  ratio=1.155  half_width=0.550  tz_off=-180.0  (73s)

=== summary ===
subject_id    sz_gt  sz_peak  sz_err_vs_gt  peak_ratio  half_width  passed                              fail_reason  runtime_s
    755252 2.129008     2.35      0.220992    1.046653        0.80   False peak_ratio=1.05<1.1; half_width=0.80>0.3      102.0
    767018 3.582993     3.00     -0.582993    1.121124        0.75   False                      half_width=0.75>0.3       92.7
    767022 2.489844     4.00      1.510156    1.058546        0.25   False                      peak_ratio=1.06<1.1       97.8
    782149 2.926112     3.70      0.773888    1.076294        1.05   False peak_ratio=1.08<1.1; half_width=1.05>0.3       82.5
    788406 2.820281     2.85      0.029719    1.115780        0.80   False                      half_width=0.80>0.3      107.5
    790322 3.041691     2.80     -0.241691    1.154682        0.55   False                      half_width=0.55>0.3       73.1

passed: 0/6
mean abs err: 0.560
subjects within ±0.30 of GT: 3/6
