
=== 755252 ===
/opt/conda/lib/python3.11/site-packages/zarr/core/metadata/v2.py:190: ZarrUserWarning: Found an empty list of filters in the array metadata document. This is contrary to the Zarr V2 specification, and will cause an error in the future. Use None (or Null in a JSON document) instead of an empty list of filters.
  warnings.warn(msg, ZarrUserWarning, stacklevel=1)
  sz_lp=2.462  sz_peak=2.3000000000000007  sz_gt=2.129  err=+0.171  ratio=1.356  HW=0.600  passed=False  (96s)

=== 767018 ===
/opt/conda/lib/python3.11/site-packages/zarr/core/metadata/v2.py:190: ZarrUserWarning: Found an empty list of filters in the array metadata document. This is contrary to the Zarr V2 specification, and will cause an error in the future. Use None (or Null in a JSON document) instead of an empty list of filters.
  warnings.warn(msg, ZarrUserWarning, stacklevel=1)
  sz_lp=3.640  sz_peak=2.9000000000000012  sz_gt=3.583  err=-0.683  ratio=1.256  HW=0.700  passed=False  (91s)

=== 767022 ===
/opt/conda/lib/python3.11/site-packages/zarr/core/metadata/v2.py:190: ZarrUserWarning: Found an empty list of filters in the array metadata document. This is contrary to the Zarr V2 specification, and will cause an error in the future. Use None (or Null in a JSON document) instead of an empty list of filters.
  warnings.warn(msg, ZarrUserWarning, stacklevel=1)
  sz_lp=2.736  sz_peak=2.500000000000001  sz_gt=2.490  err=+0.010  ratio=1.336  HW=0.500  passed=False  (96s)

=== 782149 ===
/opt/conda/lib/python3.11/site-packages/zarr/core/metadata/v2.py:190: ZarrUserWarning: Found an empty list of filters in the array metadata document. This is contrary to the Zarr V2 specification, and will cause an error in the future. Use None (or Null in a JSON document) instead of an empty list of filters.
  warnings.warn(msg, ZarrUserWarning, stacklevel=1)
  sz_lp=1.773  sz_peak=1.5  sz_gt=2.926  err=-1.426  ratio=3.562  HW=2.500  passed=False  (73s)

=== 788406 ===
  saving side views for 788406 ...
/opt/conda/lib/python3.11/site-packages/zarr/core/metadata/v2.py:190: ZarrUserWarning: Found an empty list of filters in the array metadata document. This is contrary to the Zarr V2 specification, and will cause an error in the future. Use None (or Null in a JSON document) instead of an empty list of filters.
  warnings.warn(msg, ZarrUserWarning, stacklevel=1)
  saved side view → /root/capsule/code/full_automatic_execution_02/sessions/v2_S02_sz_image_sweep/side_views_iter6/side_view_788406.png
/opt/conda/lib/python3.11/site-packages/zarr/core/metadata/v2.py:190: ZarrUserWarning: Found an empty list of filters in the array metadata document. This is contrary to the Zarr V2 specification, and will cause an error in the future. Use None (or Null in a JSON document) instead of an empty list of filters.
  warnings.warn(msg, ZarrUserWarning, stacklevel=1)
  sz_lp=3.596  sz_peak=3.4000000000000017  sz_gt=2.820  err=+0.580  ratio=1.188  HW=0.700  passed=False  (101s)

=== 790322 ===
/opt/conda/lib/python3.11/site-packages/zarr/core/metadata/v2.py:190: ZarrUserWarning: Found an empty list of filters in the array metadata document. This is contrary to the Zarr V2 specification, and will cause an error in the future. Use None (or Null in a JSON document) instead of an empty list of filters.
  warnings.warn(msg, ZarrUserWarning, stacklevel=1)
  sz_lp=2.896  sz_peak=3.0000000000000013  sz_gt=3.042  err=-0.042  ratio=1.475  HW=0.700  passed=False  (75s)

=== iter 6 (anchored t_z) summary ===
subject_id    sz_gt  sz_peak  sz_err_vs_gt  peak_ratio  half_width  passed  runtime_s
    755252 2.129008      2.3      0.170992    1.356363         0.6   False       96.0
    767018 3.582993      2.9     -0.682993    1.255622         0.7   False       91.0
    767022 2.489844      2.5      0.010156    1.335702         0.5   False       95.7
    782149 2.926112      1.5     -1.426112    3.561535         2.5   False       72.5
    788406 2.820281      3.4      0.579719    1.187573         0.7   False      101.5
    790322 3.041691      3.0     -0.041691    1.475409         0.7   False       75.5

passed: 0/6
mean abs err: 0.485
within ±0.30 GT: 3/6
