Visual Studio Code (1.109.5, undefined, desktop)
Jupyter Extension Version: 2025.9.1.
Python Extension Version: 2026.2.0.
Python Environment Extension Version: 1.20.1.
Pylance Extension Version: 2026.1.1.
Platform: linux (x64).
Home = /root
Temp Storage folder ~/capsule/code/vscode-data/User/globalStorage/ms-toolsai.jupyter/version-2025.9.1
Workspace folder ~/capsule
16:23:59.318 [info] Starting Kernel (Python Path: /opt/conda/bin/python, Conda, 3.10.12) for '~/capsule/code/step_2_automatic_mapping_for_qc.ipynb' (disableUI=true)
16:23:59.319 [info] Starting Kernel (Python Path: /opt/conda/bin/python, Conda, 3.10.12) for '~/capsule/code/step_3_more_iterations.ipynb' (disableUI=true)
16:23:59.320 [info] Starting Kernel (Python Path: /opt/conda/bin/python, Conda, 3.10.12) for '~/capsule/code/step_1_process_files.ipynb' (disableUI=true)
16:23:59.321 [info] Starting Kernel (Python Path: /opt/conda/bin/python, Conda, 3.10.12) for '~/capsule/code/260227_gfp_count_verification.ipynb' (disableUI=true)
16:23:59.321 [info] Starting Kernel (Python Path: /opt/conda/bin/python, Conda, 3.10.12) for '~/capsule/code/260227_landmark_checking.ipynb' (disableUI=true)
16:24:00.760 [info] Process Execution: /opt/conda/bin/python -c "import ipykernel; print(ipykernel.__version__); print("5dc3a68c-e34e-4080-9c3e-2a532b2ccb4d"); print(ipykernel.__file__)"
16:24:00.765 [info] Process Execution: /opt/conda/bin/python -m ipykernel_launcher --f=~/.local/share/jupyter/runtime/kernel-v3b17b4e5862f7fdbd129b7daf014367c3e6d83741.json
    > cwd: ~/capsule/code
16:24:00.775 [info] Process Execution: /opt/conda/bin/python -c "import ipykernel; print(ipykernel.__version__); print("5dc3a68c-e34e-4080-9c3e-2a532b2ccb4d"); print(ipykernel.__file__)"
16:24:00.780 [info] Process Execution: /opt/conda/bin/python -m ipykernel_launcher --f=~/.local/share/jupyter/runtime/kernel-v378687c9614228da76fac1567a77afc8c6dc21c23.json
    > cwd: ~/capsule/code
16:24:00.785 [info] Process Execution: /opt/conda/bin/python -c "import ipykernel; print(ipykernel.__version__); print("5dc3a68c-e34e-4080-9c3e-2a532b2ccb4d"); print(ipykernel.__file__)"
16:24:00.789 [info] Process Execution: /opt/conda/bin/python -m ipykernel_launcher --f=~/.local/share/jupyter/runtime/kernel-v3b06d9c319ae8fd209c547a3d471c3325f69515e2.json
    > cwd: ~/capsule/code
16:24:00.795 [info] Process Execution: /opt/conda/bin/python -c "import ipykernel; print(ipykernel.__version__); print("5dc3a68c-e34e-4080-9c3e-2a532b2ccb4d"); print(ipykernel.__file__)"
16:24:00.801 [info] Process Execution: /opt/conda/bin/python -m ipykernel_launcher --f=~/.local/share/jupyter/runtime/kernel-v3312d448df96bbae07b49e1f10912f57efa356d88.json
    > cwd: ~/capsule/code
16:24:00.807 [info] Process Execution: /opt/conda/bin/python -m pip list
16:24:00.868 [info] Process Execution: /opt/conda/bin/python -c "import ipykernel; print(ipykernel.__version__); print("5dc3a68c-e34e-4080-9c3e-2a532b2ccb4d"); print(ipykernel.__file__)"
16:24:00.873 [info] Process Execution: /opt/conda/bin/python -m ipykernel_launcher --f=~/.local/share/jupyter/runtime/kernel-v3ebafb6bb8a72cfce8b746e7865a14740bcca065b.json
    > cwd: ~/capsule/code
16:24:01.300 [info] Kernel successfully started
16:24:01.390 [info] Process Execution: /opt/conda/bin/python ~/.vscode/extensions/ms-toolsai.jupyter-2025.9.1-linux-x64/pythonFiles/printJupyterDataDir.py
16:24:01.410 [info] Kernel successfully started
16:24:01.411 [info] Kernel successfully started
16:24:01.413 [info] Kernel successfully started
16:24:01.427 [info] Kernel successfully started
16:24:01.902 [error] Widget Error: Failed to access CDN https://unpkg.com/ after 0 attempt(s), TypeError: Failed to fetch
16:24:01.902 [error] Widget Error: Failed to access CDN https://unpkg.com/ after 0 attempt(s), TypeError: Failed to fetch
16:40:02.350 [info] Starting Kernel (Python Path: /opt/conda/bin/python, Conda, 3.10.12) for '~/capsule/code/260302_landmark_filtering.ipynb' (disableUI=true)
16:40:03.132 [info] Process Execution: /opt/conda/bin/python -c "import ipykernel; print(ipykernel.__version__); print("5dc3a68c-e34e-4080-9c3e-2a532b2ccb4d"); print(ipykernel.__file__)"
16:40:03.157 [info] Process Execution: /opt/conda/bin/python -m pip list
16:40:03.167 [info] Process Execution: /opt/conda/bin/python -m ipykernel_launcher --f=~/.local/share/jupyter/runtime/kernel-v37535a71e0d14c75c5914f679f1bef0b65ec1d98f.json
    > cwd: ~/capsule/code
16:40:03.640 [info] Kernel successfully started
16:40:04.398 [error] Widget Error: Failed to access CDN https://unpkg.com/ after 0 attempt(s), TypeError: Failed to fetch
16:46:19.906 [warn] Cell completed with errors [Iu [Error]: name 'matched_zstack_ids' is not defined
	at n.execute (~/.vscode/extensions/ms-toolsai.jupyter-2025.9.1-linux-x64/dist/extension.node.js:302:4958)] {
  ename: 'NameError',
  evalue: "name 'matched_zstack_ids' is not defined",
  traceback: [
    '\x1B[0;31m---------------------------------------------------------------------------\x1B[0m',
    '\x1B[0;31mNameError\x1B[0m                                 Traceback (most recent call last)',
    'Cell \x1B[0;32mIn[10], line 11\x1B[0m\n' +
      "\x1B[1;32m      8\x1B[0m points_HCR \x1B[38;5;241m=\x1B[39m landmarks[[\x1B[38;5;124m'\x1B[39m\x1B[38;5;124mhcr_x\x1B[39m\x1B[38;5;124m'\x1B[39m, \x1B[38;5;124m'\x1B[39m\x1B[38;5;124mhcr_y\x1B[39m\x1B[38;5;124m'\x1B[39m, \x1B[38;5;124m'\x1B[39m\x1B[38;5;124mhcr_z\x1B[39m\x1B[38;5;124m'\x1B[39m]]\x1B[38;5;241m.\x1B[39mvalues\x1B[38;5;241m.\x1B[39mastype(np\x1B[38;5;241m.\x1B[39mfloat32)\n" +
      '\x1B[1;32m     10\x1B[0m matched_czstack_ids, matched_hcr_ids \x1B[38;5;241m=\x1B[39m get_ids_from_landmarks(landmarks)\n' +
      '\x1B[0;32m---> 11\x1B[0m \x1B[38;5;28mprint\x1B[39m(\x1B[38;5;28mlen\x1B[39m(\x1B[43mmatched_zstack_ids\x1B[49m))\n',
    "\x1B[0;31mNameError\x1B[0m: name 'matched_zstack_ids' is not defined"
  ]
}
16:48:34.433 [error] Widget Error: Failed to access CDN https://unpkg.com/ after 0 attempt(s), TypeError: Failed to fetch
17:11:23.952 [warn] Cell completed with errors [Iu [Error]: grid_sample_landmarks() got an unexpected keyword argument 'grid_size_um'
	at n.execute (~/.vscode/extensions/ms-toolsai.jupyter-2025.9.1-linux-x64/dist/extension.node.js:302:4958)] {
  ename: 'TypeError',
  evalue: "grid_sample_landmarks() got an unexpected keyword argument 'grid_size_um'",
  traceback: [
    '\x1B[0;31m---------------------------------------------------------------------------\x1B[0m',
    '\x1B[0;31mTypeError\x1B[0m                                 Traceback (most recent call last)',
    'Cell \x1B[0;32mIn[30], line 167\x1B[0m\n' +
      '\x1B[1;32m    164\x1B[0m \x1B[38;5;28mprint\x1B[39m(\x1B[38;5;124m"\x1B[39m\x1B[38;5;124mGRID-BASED LANDMARK SAMPLING\x1B[39m\x1B[38;5;124m"\x1B[39m)\n' +
      '\x1B[1;32m    165\x1B[0m \x1B[38;5;28mprint\x1B[39m(\x1B[38;5;124m"\x1B[39m\x1B[38;5;124m=\x1B[39m\x1B[38;5;124m"\x1B[39m\x1B[38;5;241m*\x1B[39m\x1B[38;5;241m60\x1B[39m \x1B[38;5;241m+\x1B[39m \x1B[38;5;124m"\x1B[39m\x1B[38;5;130;01m\\n\x1B[39;00m\x1B[38;5;124m"\x1B[39m)\n' +
      '\x1B[0;32m--> 167\x1B[0m result \x1B[38;5;241m=\x1B[39m \x1B[43mgrid_sample_landmarks\x1B[49m\x1B[43m(\x1B[49m\n' +
      '\x1B[1;32m    168\x1B[0m \x1B[43m    \x1B[49m\x1B[43mpaired_landmarks\x1B[49m\x1B[43m,\x1B[49m\n' +
      '\x1B[1;32m    169\x1B[0m \x1B[43m    \x1B[49m\x1B[43mgrid_size_um\x1B[49m\x1B[38;5;241;43m=\x1B[39;49m\x1B[43m(\x1B[49m\x1B[38;5;241;43m75\x1B[39;49m\x1B[43m,\x1B[49m\x1B[43m \x1B[49m\x1B[38;5;241;43m75\x1B[39;49m\x1B[43m,\x1B[49m\x1B[43m \x1B[49m\x1B[38;5;241;43m100\x1B[39;49m\x1B[43m)\x1B[49m\x1B[43m,\x1B[49m\x1B[43m  \x1B[49m\x1B[38;5;66;43;03m# 75um cells in xy, 100um in z\x1B[39;49;00m\n' +
      '\x1B[1;32m    170\x1B[0m \x1B[43m    \x1B[49m\x1B[43medge_margin_um\x1B[49m\x1B[38;5;241;43m=\x1B[39;49m\x1B[43m(\x1B[49m\x1B[38;5;241;43m30\x1B[39;49m\x1B[43m,\x1B[49m\x1B[43m \x1B[49m\x1B[38;5;241;43m30\x1B[39;49m\x1B[43m,\x1B[49m\x1B[43m \x1B[49m\x1B[38;5;241;43m50\x1B[39;49m\x1B[43m)\x1B[49m\x1B[43m,\x1B[49m\x1B[43m  \x1B[49m\x1B[38;5;66;43;03m# 30um margin in xy, 50um in z\x1B[39;49;00m\n' +
      '\x1B[1;32m    171\x1B[0m \x1B[43m    \x1B[49m\x1B[43mmin_points_per_cell\x1B[49m\x1B[38;5;241;43m=\x1B[39;49m\x1B[38;5;241;43m1\x1B[39;49m\x1B[43m,\x1B[49m\n' +
      '\x1B[1;32m    172\x1B[0m \x1B[43m    \x1B[49m\x1B[43mkeep_all_edge_points\x1B[49m\x1B[38;5;241;43m=\x1B[39;49m\x1B[38;5;28;43;01mTrue\x1B[39;49;00m\n' +
      '\x1B[1;32m    173\x1B[0m \x1B[43m)\x1B[49m\n' +
      '\x1B[1;32m    175\x1B[0m \x1B[38;5;28mprint\x1B[39m(\x1B[38;5;124m"\x1B[39m\x1B[38;5;130;01m\\n\x1B[39;00m\x1B[38;5;124mSAMPLING RESULTS:\x1B[39m\x1B[38;5;124m"\x1B[39m)\n' +
      `\x1B[1;32m    176\x1B[0m \x1B[38;5;28mprint\x1B[39m(\x1B[38;5;124mf\x1B[39m\x1B[38;5;124m"\x1B[39m\x1B[38;5;124m  Total landmarks:        \x1B[39m\x1B[38;5;132;01m{\x1B[39;00mresult[\x1B[38;5;124m'\x1B[39m\x1B[38;5;124mstats\x1B[39m\x1B[38;5;124m'\x1B[39m][\x1B[38;5;124m'\x1B[39m\x1B[38;5;124mtotal\x1B[39m\x1B[38;5;124m'\x1B[39m]\x1B[38;5;132;01m}\x1B[39;00m\x1B[38;5;124m"\x1B[39m)\n`,
    "\x1B[0;31mTypeError\x1B[0m: grid_sample_landmarks() got an unexpected keyword argument 'grid_size_um'"
  ]
}
17:28:16.642 [warn] Cell completed with errors [Iu [Error]: Can only use .str accessor with string values!
	at n.execute (~/.vscode/extensions/ms-toolsai.jupyter-2025.9.1-linux-x64/dist/extension.node.js:302:4958)] {
  ename: 'AttributeError',
  evalue: 'Can only use .str accessor with string values!',
  traceback: [
    '\x1B[0;31m---------------------------------------------------------------------------\x1B[0m',
    '\x1B[0;31mAttributeError\x1B[0m                            Traceback (most recent call last)',
    'Cell \x1B[0;32mIn[40], line 8\x1B[0m\n' +
      "\x1B[1;32m      6\x1B[0m final_landmarks[\x1B[38;5;124m'\x1B[39m\x1B[38;5;124mactive\x1B[39m\x1B[38;5;124m'\x1B[39m] \x1B[38;5;241m=\x1B[39m \x1B[38;5;28;01mFalse\x1B[39;00m\n" +
      "\x1B[1;32m      7\x1B[0m final_landmarks\x1B[38;5;241m.\x1B[39mloc[sampled_df\x1B[38;5;241m.\x1B[39mindex, \x1B[38;5;124m'\x1B[39m\x1B[38;5;124mactive\x1B[39m\x1B[38;5;124m'\x1B[39m] \x1B[38;5;241m=\x1B[39m \x1B[38;5;28;01mTrue\x1B[39;00m\n" +
      "\x1B[0;32m----> 8\x1B[0m final_landmarks\x1B[38;5;241m.\x1B[39mloc[\x1B[38;5;241m~\x1B[39m\x1B[43mfinal_landmarks\x1B[49m\x1B[38;5;241;43m.\x1B[39;49m\x1B[43mindex\x1B[49m\x1B[38;5;241;43m.\x1B[39;49m\x1B[43mstr\x1B[49m\x1B[38;5;241m.\x1B[39mstartswith(\x1B[38;5;124m'\x1B[39m\x1B[38;5;124mcz\x1B[39m\x1B[38;5;124m'\x1B[39m), \x1B[38;5;124m'\x1B[39m\x1B[38;5;124mactive\x1B[39m\x1B[38;5;124m'\x1B[39m] \x1B[38;5;241m=\x1B[39m \x1B[38;5;28;01mTrue\x1B[39;00m\n" +
      '\x1B[1;32m     10\x1B[0m \x1B[38;5;66;03m# save to an example landmark file\x1B[39;00m\n' +
      '\x1B[1;32m     11\x1B[0m final_landmarks\x1B[38;5;241m.\x1B[39mto_csv(save_landmark_fn,  index\x1B[38;5;241m=\x1B[39m\x1B[38;5;28;01mFalse\x1B[39;00m, header\x1B[38;5;241m=\x1B[39m\x1B[38;5;28;01mFalse\x1B[39;00m)\n',
    'File \x1B[0;32m/opt/conda/lib/python3.10/site-packages/pandas/core/accessor.py:224\x1B[0m, in \x1B[0;36mCachedAccessor.__get__\x1B[0;34m(self, obj, cls)\x1B[0m\n' +
      '\x1B[1;32m    221\x1B[0m \x1B[38;5;28;01mif\x1B[39;00m obj \x1B[38;5;129;01mis\x1B[39;00m \x1B[38;5;28;01mNone\x1B[39;00m:\n' +
      "\x1B[1;32m    222\x1B[0m     \x1B[38;5;66;03m# we're accessing the attribute of the class, i.e., Dataset.geo\x1B[39;00m\n" +
      '\x1B[1;32m    223\x1B[0m     \x1B[38;5;28;01mreturn\x1B[39;00m \x1B[38;5;28mself\x1B[39m\x1B[38;5;241m.\x1B[39m_accessor\n' +
      '\x1B[0;32m--> 224\x1B[0m accessor_obj \x1B[38;5;241m=\x1B[39m \x1B[38;5;28;43mself\x1B[39;49m\x1B[38;5;241;43m.\x1B[39;49m\x1B[43m_accessor\x1B[49m\x1B[43m(\x1B[49m\x1B[43mobj\x1B[49m\x1B[43m)\x1B[49m\n' +
      '\x1B[1;32m    225\x1B[0m \x1B[38;5;66;03m# Replace the property with the accessor object. Inspired by:\x1B[39;00m\n' +
      '\x1B[1;32m    226\x1B[0m \x1B[38;5;66;03m# https://www.pydanny.com/cached-property.html\x1B[39;00m\n' +
      '\x1B[1;32m    227\x1B[0m \x1B[38;5;66;03m# We need to use object.__setattr__ because we overwrite __setattr__ on\x1B[39;00m\n' +
      '\x1B[1;32m    228\x1B[0m \x1B[38;5;66;03m# NDFrame\x1B[39;00m\n' +
      '\x1B[1;32m    229\x1B[0m \x1B[38;5;28mobject\x1B[39m\x1B[38;5;241m.\x1B[39m\x1B[38;5;21m__setattr__\x1B[39m(obj, \x1B[38;5;28mself\x1B[39m\x1B[38;5;241m.\x1B[39m_name, accessor_obj)\n',
    'File \x1B[0;32m/opt/conda/lib/python3.10/site-packages/pandas/core/strings/accessor.py:194\x1B[0m, in \x1B[0;36mStringMethods.__init__\x1B[0;34m(self, data)\x1B[0m\n' +
      '\x1B[1;32m    191\x1B[0m \x1B[38;5;28;01mdef\x1B[39;00m\x1B[38;5;250m \x1B[39m\x1B[38;5;21m__init__\x1B[39m(\x1B[38;5;28mself\x1B[39m, data) \x1B[38;5;241m-\x1B[39m\x1B[38;5;241m>\x1B[39m \x1B[38;5;28;01mNone\x1B[39;00m:\n' +
      '\x1B[1;32m    192\x1B[0m     \x1B[38;5;28;01mfrom\x1B[39;00m\x1B[38;5;250m \x1B[39m\x1B[38;5;21;01mpandas\x1B[39;00m\x1B[38;5;21;01m.\x1B[39;00m\x1B[38;5;21;01mcore\x1B[39;00m\x1B[38;5;21;01m.\x1B[39;00m\x1B[38;5;21;01marrays\x1B[39;00m\x1B[38;5;21;01m.\x1B[39;00m\x1B[38;5;21;01mstring_\x1B[39;00m\x1B[38;5;250m \x1B[39m\x1B[38;5;28;01mimport\x1B[39;00m StringDtype\n' +
      '\x1B[0;32m--> 194\x1B[0m     \x1B[38;5;28mself\x1B[39m\x1B[38;5;241m.\x1B[39m_inferred_dtype \x1B[38;5;241m=\x1B[39m \x1B[38;5;28;43mself\x1B[39;49m\x1B[38;5;241;43m.\x1B[39;49m\x1B[43m_validate\x1B[49m\x1B[43m(\x1B[49m\x1B[43mdata\x1B[49m\x1B[43m)\x1B[49m\n' +
      '\x1B[1;32m    195\x1B[0m     \x1B[38;5;28mself\x1B[39m\x1B[38;5;241m.\x1B[39m_is_categorical \x1B[38;5;241m=\x1B[39m \x1B[38;5;28misinstance\x1B[39m(data\x1B[38;5;241m.\x1B[39mdtype, CategoricalDtype)\n' +
      '\x1B[1;32m    196\x1B[0m     \x1B[38;5;28mself\x1B[39m\x1B[38;5;241m.\x1B[39m_is_string \x1B[38;5;241m=\x1B[39m \x1B[38;5;28misinstance\x1B[39m(data\x1B[38;5;241m.\x1B[39mdtype, StringDtype)\n',
    'File \x1B[0;32m/opt/conda/lib/python3.10/site-packages/pandas/core/strings/accessor.py:248\x1B[0m, in \x1B[0;36mStringMethods._validate\x1B[0;34m(data)\x1B[0m\n' +
      '\x1B[1;32m    245\x1B[0m inferred_dtype \x1B[38;5;241m=\x1B[39m lib\x1B[38;5;241m.\x1B[39minfer_dtype(values, skipna\x1B[38;5;241m=\x1B[39m\x1B[38;5;28;01mTrue\x1B[39;00m)\n' +
      '\x1B[1;32m    247\x1B[0m \x1B[38;5;28;01mif\x1B[39;00m inferred_dtype \x1B[38;5;129;01mnot\x1B[39;00m \x1B[38;5;129;01min\x1B[39;00m allowed_types:\n' +
      '\x1B[0;32m--> 248\x1B[0m     \x1B[38;5;28;01mraise\x1B[39;00m \x1B[38;5;167;01mAttributeError\x1B[39;00m(\x1B[38;5;124m"\x1B[39m\x1B[38;5;124mCan only use .str accessor with string values!\x1B[39m\x1B[38;5;124m"\x1B[39m)\n' +
      '\x1B[1;32m    249\x1B[0m \x1B[38;5;28;01mreturn\x1B[39;00m inferred_dtype\n',
    '\x1B[0;31mAttributeError\x1B[0m: Can only use .str accessor with string values!'
  ]
}
17:56:48.090 [info] Restart requested ~/capsule/code/step_3_more_iterations.ipynb
17:56:48.924 [info] Process Execution: /opt/conda/bin/python -c "import ipykernel; print(ipykernel.__version__); print("5dc3a68c-e34e-4080-9c3e-2a532b2ccb4d"); print(ipykernel.__file__)"
17:56:48.936 [info] Process Execution: /opt/conda/bin/python -m ipykernel_launcher --f=~/.local/share/jupyter/runtime/kernel-v30d282e5ca83298e9738bf47a3e527ae0c742b83f.json
    > cwd: ~/capsule/code
17:56:49.348 [info] Restarted 0195e2e3-c801-461e-99b9-d93c9e216f4e
18:02:26.930 [warn] Cell completed with errors [Iu [Error]: name 'final_sampled' is not defined
	at n.execute (~/.vscode/extensions/ms-toolsai.jupyter-2025.9.1-linux-x64/dist/extension.node.js:302:4958)] {
  ename: 'NameError',
  evalue: "name 'final_sampled' is not defined",
  traceback: [
    '\x1B[0;31m---------------------------------------------------------------------------\x1B[0m',
    '\x1B[0;31mNameError\x1B[0m                                 Traceback (most recent call last)',
    'Cell \x1B[0;32mIn[18], line 8\x1B[0m\n' +
      "\x1B[1;32m      5\x1B[0m sampled_df \x1B[38;5;241m=\x1B[39m sampled_df[[\x1B[38;5;124m'\x1B[39m\x1B[38;5;124mids\x1B[39m\x1B[38;5;124m'\x1B[39m, \x1B[38;5;124m'\x1B[39m\x1B[38;5;124mactive\x1B[39m\x1B[38;5;124m'\x1B[39m, \x1B[38;5;124m'\x1B[39m\x1B[38;5;124mczstack_x\x1B[39m\x1B[38;5;124m'\x1B[39m, \x1B[38;5;124m'\x1B[39m\x1B[38;5;124mczstack_y\x1B[39m\x1B[38;5;124m'\x1B[39m, \x1B[38;5;124m'\x1B[39m\x1B[38;5;124mczstack_z\x1B[39m\x1B[38;5;124m'\x1B[39m, \x1B[38;5;124m'\x1B[39m\x1B[38;5;124mhcr_x\x1B[39m\x1B[38;5;124m'\x1B[39m, \x1B[38;5;124m'\x1B[39m\x1B[38;5;124mhcr_y\x1B[39m\x1B[38;5;124m'\x1B[39m, \x1B[38;5;124m'\x1B[39m\x1B[38;5;124mhcr_z\x1B[39m\x1B[38;5;124m'\x1B[39m]]\n" +
      '\x1B[1;32m      7\x1B[0m \x1B[38;5;28mprint\x1B[39m(\x1B[38;5;124mf\x1B[39m\x1B[38;5;124m"\x1B[39m\x1B[38;5;130;01m\\n\x1B[39;00m\x1B[38;5;124m✓ Final sampled landmarks: \x1B[39m\x1B[38;5;132;01m{\x1B[39;00m\x1B[38;5;28mlen\x1B[39m(sampled_df)\x1B[38;5;132;01m}\x1B[39;00m\x1B[38;5;124m (from \x1B[39m\x1B[38;5;132;01m{\x1B[39;00m\x1B[38;5;28mlen\x1B[39m(paired_landmarks)\x1B[38;5;132;01m}\x1B[39;00m\x1B[38;5;124m)\x1B[39m\x1B[38;5;124m"\x1B[39m)\n' +
      `\x1B[0;32m----> 8\x1B[0m \x1B[38;5;28mprint\x1B[39m(\x1B[38;5;124mf\x1B[39m\x1B[38;5;124m"\x1B[39m\x1B[38;5;124m✓ Interior: \x1B[39m\x1B[38;5;132;01m{\x1B[39;00m\x1B[43mfinal_sampled\x1B[49m[\x1B[38;5;124m'\x1B[39m\x1B[38;5;124mstats\x1B[39m\x1B[38;5;124m'\x1B[39m][\x1B[38;5;124m'\x1B[39m\x1B[38;5;124msampled_interior\x1B[39m\x1B[38;5;124m'\x1B[39m]\x1B[38;5;132;01m}\x1B[39;00m\x1B[38;5;124m kept from \x1B[39m\x1B[38;5;132;01m{\x1B[39;00mfinal_sampled[\x1B[38;5;124m'\x1B[39m\x1B[38;5;124mstats\x1B[39m\x1B[38;5;124m'\x1B[39m][\x1B[38;5;124m'\x1B[39m\x1B[38;5;124minterior\x1B[39m\x1B[38;5;124m'\x1B[39m]\x1B[38;5;132;01m}\x1B[39;00m\x1B[38;5;124m (\x1B[39m\x1B[38;5;132;01m{\x1B[39;00m\x1B[38;5;241m100\x1B[39m\x1B[38;5;241m*\x1B[39mfinal_sampled[\x1B[38;5;124m'\x1B[39m\x1B[38;5;124mstats\x1B[39m\x1B[38;5;124m'\x1B[39m][\x1B[38;5;124m'\x1B[39m\x1B[38;5;124msampled_interior\x1B[39m\x1B[38;5;124m'\x1B[39m]\x1B[38;5;241m/\x1B[39m\x1B[38;5;28mmax\x1B[39m(\x1B[38;5;241m1\x1B[39m,\x1B[38;5;250m \x1B[39mfinal_sampled[\x1B[38;5;124m'\x1B[39m\x1B[38;5;124mstats\x1B[39m\x1B[38;5;124m'\x1B[39m][\x1B[38;5;124m'\x1B[39m\x1B[38;5;124minterior\x1B[39m\x1B[38;5;124m'\x1B[39m])\x1B[38;5;132;01m:\x1B[39;00m\x1B[38;5;124m.1f\x1B[39m\x1B[38;5;132;01m}\x1B[39;00m\x1B[38;5;124m%)\x1B[39m\x1B[38;5;124m"\x1B[39m)\n` +
      `\x1B[1;32m      9\x1B[0m \x1B[38;5;28mprint\x1B[39m(\x1B[38;5;124mf\x1B[39m\x1B[38;5;124m"\x1B[39m\x1B[38;5;124m✓ Edge:     \x1B[39m\x1B[38;5;132;01m{\x1B[39;00mfinal_sampled[\x1B[38;5;124m'\x1B[39m\x1B[38;5;124mstats\x1B[39m\x1B[38;5;124m'\x1B[39m][\x1B[38;5;124m'\x1B[39m\x1B[38;5;124msampled_edge\x1B[39m\x1B[38;5;124m'\x1B[39m]\x1B[38;5;132;01m}\x1B[39;00m\x1B[38;5;124m kept from \x1B[39m\x1B[38;5;132;01m{\x1B[39;00mfinal_sampled[\x1B[38;5;124m'\x1B[39m\x1B[38;5;124mstats\x1B[39m\x1B[38;5;124m'\x1B[39m][\x1B[38;5;124m'\x1B[39m\x1B[38;5;124medge\x1B[39m\x1B[38;5;124m'\x1B[39m]\x1B[38;5;132;01m}\x1B[39;00m\x1B[38;5;124m (\x1B[39m\x1B[38;5;132;01m{\x1B[39;00m\x1B[38;5;241m100\x1B[39m\x1B[38;5;241m*\x1B[39mfinal_sampled[\x1B[38;5;124m'\x1B[39m\x1B[38;5;124mstats\x1B[39m\x1B[38;5;124m'\x1B[39m][\x1B[38;5;124m'\x1B[39m\x1B[38;5;124msampled_edge\x1B[39m\x1B[38;5;124m'\x1B[39m]\x1B[38;5;241m/\x1B[39m\x1B[38;5;28mmax\x1B[39m(\x1B[38;5;241m1\x1B[39m,\x1B[38;5;250m \x1B[39mfinal_sampled[\x1B[38;5;124m'\x1B[39m\x1B[38;5;124mstats\x1B[39m\x1B[38;5;124m'\x1B[39m][\x1B[38;5;124m'\x1B[39m\x1B[38;5;124medge\x1B[39m\x1B[38;5;124m'\x1B[39m])\x1B[38;5;132;01m:\x1B[39;00m\x1B[38;5;124m.1f\x1B[39m\x1B[38;5;132;01m}\x1B[39;00m\x1B[38;5;124m%)\x1B[39m\x1B[38;5;124m"\x1B[39m)\n` +
      `\x1B[1;32m     10\x1B[0m \x1B[38;5;28mprint\x1B[39m(\x1B[38;5;124mf\x1B[39m\x1B[38;5;124m"\x1B[39m\x1B[38;5;124m✓ Overall reduction: \x1B[39m\x1B[38;5;132;01m{\x1B[39;00mfinal_sampled[\x1B[38;5;124m'\x1B[39m\x1B[38;5;124mstats\x1B[39m\x1B[38;5;124m'\x1B[39m][\x1B[38;5;124m'\x1B[39m\x1B[38;5;124mreduction_pct\x1B[39m\x1B[38;5;124m'\x1B[39m]\x1B[38;5;132;01m:\x1B[39;00m\x1B[38;5;124m.1f\x1B[39m\x1B[38;5;132;01m}\x1B[39;00m\x1B[38;5;124m%\x1B[39m\x1B[38;5;124m"\x1B[39m)\n`,
    "\x1B[0;31mNameError\x1B[0m: name 'final_sampled' is not defined"
  ]
}
18:06:36.653 [info] Restart requested ~/capsule/code/260302_landmark_filtering.ipynb
18:06:36.677 [info] Process Execution: /opt/conda/bin/python -c "import ipykernel; print(ipykernel.__version__); print("5dc3a68c-e34e-4080-9c3e-2a532b2ccb4d"); print(ipykernel.__file__)"
18:06:36.694 [info] Process Execution: /opt/conda/bin/python -m ipykernel_launcher --f=~/.local/share/jupyter/runtime/kernel-v37302a32231aac313d074f3e56051cb426ec58def.json
    > cwd: ~/capsule/code
18:06:37.107 [info] Restarted fc71fd3e-227c-4e7e-b3cf-a6aadf5a483a
18:07:17.533 [warn] Cell completed with errors [Iu [Error]: name 'paired_landmarks' is not defined
	at n.execute (~/.vscode/extensions/ms-toolsai.jupyter-2025.9.1-linux-x64/dist/extension.node.js:302:4958)] {
  ename: 'NameError',
  evalue: "name 'paired_landmarks' is not defined",
  traceback: [
    '\x1B[0;31m---------------------------------------------------------------------------\x1B[0m',
    '\x1B[0;31mNameError\x1B[0m                                 Traceback (most recent call last)',
    'Cell \x1B[0;32mIn[4], line 7\x1B[0m\n' +
      '\x1B[1;32m      3\x1B[0m \x1B[38;5;28mprint\x1B[39m(\x1B[38;5;124m"\x1B[39m\x1B[38;5;124mGRID-BASED LANDMARK SAMPLING\x1B[39m\x1B[38;5;124m"\x1B[39m)\n' +
      '\x1B[1;32m      4\x1B[0m \x1B[38;5;28mprint\x1B[39m(\x1B[38;5;124m"\x1B[39m\x1B[38;5;124m=\x1B[39m\x1B[38;5;124m"\x1B[39m\x1B[38;5;241m*\x1B[39m\x1B[38;5;241m60\x1B[39m \x1B[38;5;241m+\x1B[39m \x1B[38;5;124m"\x1B[39m\x1B[38;5;130;01m\\n\x1B[39;00m\x1B[38;5;124m"\x1B[39m)\n' +
      '\x1B[1;32m      6\x1B[0m result \x1B[38;5;241m=\x1B[39m grid_sample_landmarks(\n' +
      '\x1B[0;32m----> 7\x1B[0m     \x1B[43mpaired_landmarks\x1B[49m,\n' +
      '\x1B[1;32m      8\x1B[0m     grid_size_pix\x1B[38;5;241m=\x1B[39m(\x1B[38;5;241m75\x1B[39m, \x1B[38;5;241m75\x1B[39m, \x1B[38;5;241m100\x1B[39m),  \x1B[38;5;66;03m# 75 pixel cells in xy, 100 pixel in z\x1B[39;00m\n' +
      '\x1B[1;32m      9\x1B[0m     edge_margin_pix\x1B[38;5;241m=\x1B[39m(\x1B[38;5;241m30\x1B[39m, \x1B[38;5;241m30\x1B[39m, \x1B[38;5;241m50\x1B[39m),  \x1B[38;5;66;03m# 30 pixel margin in xy, 50 pixel in z\x1B[39;00m\n' +
      '\x1B[1;32m     10\x1B[0m     interior_keep_proportion\x1B[38;5;241m=\x1B[39m\x1B[38;5;241m0.1\x1B[39m,   \x1B[38;5;66;03m# Keep 10% of interior points\x1B[39;00m\n' +
      '\x1B[1;32m     11\x1B[0m     edge_keep_proportion\x1B[38;5;241m=\x1B[39m\x1B[38;5;241m0.2\x1B[39m        \x1B[38;5;66;03m# Keep 20% of edge points\x1B[39;00m\n' +
      '\x1B[1;32m     12\x1B[0m )\n' +
      '\x1B[1;32m     14\x1B[0m \x1B[38;5;28mprint\x1B[39m(\x1B[38;5;124m"\x1B[39m\x1B[38;5;130;01m\\n\x1B[39;00m\x1B[38;5;124mSAMPLING RESULTS:\x1B[39m\x1B[38;5;124m"\x1B[39m)\n' +
      `\x1B[1;32m     15\x1B[0m \x1B[38;5;28mprint\x1B[39m(\x1B[38;5;124mf\x1B[39m\x1B[38;5;124m"\x1B[39m\x1B[38;5;124m  Total landmarks:        \x1B[39m\x1B[38;5;132;01m{\x1B[39;00mresult[\x1B[38;5;124m'\x1B[39m\x1B[38;5;124mstats\x1B[39m\x1B[38;5;124m'\x1B[39m][\x1B[38;5;124m'\x1B[39m\x1B[38;5;124mtotal\x1B[39m\x1B[38;5;124m'\x1B[39m]\x1B[38;5;132;01m}\x1B[39;00m\x1B[38;5;124m"\x1B[39m)\n`,
    "\x1B[0;31mNameError\x1B[0m: name 'paired_landmarks' is not defined"
  ]
}
18:10:22.294 [info] Restart requested ~/capsule/code/step_3_more_iterations.ipynb
18:10:23.087 [info] Process Execution: /opt/conda/bin/python -c "import ipykernel; print(ipykernel.__version__); print("5dc3a68c-e34e-4080-9c3e-2a532b2ccb4d"); print(ipykernel.__file__)"
18:10:23.098 [info] Process Execution: /opt/conda/bin/python -m ipykernel_launcher --f=~/.local/share/jupyter/runtime/kernel-v309d60f1590a0f07a97c08647fe7a83723d01fe6f.json
    > cwd: ~/capsule/code
18:10:23.509 [info] Restarted 0195e2e3-c801-461e-99b9-d93c9e216f4e
18:14:41.498 [error] Widget Error: Failed to access CDN https://unpkg.com/ after 0 attempt(s), TypeError: Failed to fetch
18:31:59.222 [warn] Cell completed with errors [Iu [Error]: File ~/capsule/scratch/788406_2025-07-18_coreg_cpsam/788406_2025-07-18_landmarks_matched_ext_iter3.csv exists already!
	at n.execute (~/.vscode/extensions/ms-toolsai.jupyter-2025.9.1-linux-x64/dist/extension.node.js:302:4958)] {
  ename: 'AssertionError',
  evalue: 'File ~/capsule/scratch/788406_2025-07-18_coreg_cpsam/788406_2025-07-18_landmarks_matched_ext_iter3.csv exists already!',
  traceback: [
    '\x1B[0;31m---------------------------------------------------------------------------\x1B[0m',
    '\x1B[0;31mAssertionError\x1B[0m                            Traceback (most recent call last)',
    'Cell \x1B[0;32mIn[19], line 2\x1B[0m\n' +
      "\x1B[1;32m      1\x1B[0m save_fn \x1B[38;5;241m=\x1B[39m save_dir \x1B[38;5;241m/\x1B[39m \x1B[38;5;124mf\x1B[39m\x1B[38;5;124m'\x1B[39m\x1B[38;5;132;01m{\x1B[39;00msubject_id\x1B[38;5;132;01m}\x1B[39;00m\x1B[38;5;124m_\x1B[39m\x1B[38;5;132;01m{\x1B[39;00mczstack_date\x1B[38;5;132;01m}\x1B[39;00m\x1B[38;5;124m_landmarks_matched_ext_iter\x1B[39m\x1B[38;5;132;01m{\x1B[39;00mcurrent_iter\x1B[38;5;132;01m}\x1B[39;00m\x1B[38;5;124m.csv\x1B[39m\x1B[38;5;124m'\x1B[39m\n" +
      "\x1B[0;32m----> 2\x1B[0m \x1B[38;5;28;01massert\x1B[39;00m \x1B[38;5;129;01mnot\x1B[39;00m save_fn\x1B[38;5;241m.\x1B[39mexists(), \x1B[38;5;124mf\x1B[39m\x1B[38;5;124m'\x1B[39m\x1B[38;5;124mFile \x1B[39m\x1B[38;5;132;01m{\x1B[39;00msave_fn\x1B[38;5;132;01m}\x1B[39;00m\x1B[38;5;124m exists already!\x1B[39m\x1B[38;5;124m'\x1B[39m\n" +
      '\x1B[1;32m      5\x1B[0m landmarks_ext \x1B[38;5;241m=\x1B[39m pd\x1B[38;5;241m.\x1B[39mDataFrame()\n' +
      "\x1B[1;32m      7\x1B[0m landmarks_ext[\x1B[38;5;241m0\x1B[39m] \x1B[38;5;241m=\x1B[39m [\x1B[38;5;124m'\x1B[39m\x1B[38;5;124mcz\x1B[39m\x1B[38;5;124m'\x1B[39m\x1B[38;5;241m+\x1B[39m\x1B[38;5;28mstr\x1B[39m(\x1B[38;5;28mint\x1B[39m(new_matched_hcr_df[\x1B[38;5;124m'\x1B[39m\x1B[38;5;124mczstack_cell_id\x1B[39m\x1B[38;5;124m'\x1B[39m]\x1B[38;5;241m.\x1B[39miloc[i]))\x1B[38;5;241m+\x1B[39m\x1B[38;5;124m'\x1B[39m\x1B[38;5;124m-hcr\x1B[39m\x1B[38;5;124m'\x1B[39m\x1B[38;5;241m+\x1B[39m\x1B[38;5;28mstr\x1B[39m(\x1B[38;5;28mint\x1B[39m(new_matched_hcr_df[\x1B[38;5;124m'\x1B[39m\x1B[38;5;124mhcr_cell_id\x1B[39m\x1B[38;5;124m'\x1B[39m]\x1B[38;5;241m.\x1B[39miloc[i])) \x1B[38;5;28;01mfor\x1B[39;00m i \x1B[38;5;129;01min\x1B[39;00m \x1B[38;5;28mrange\x1B[39m(\x1B[38;5;28mlen\x1B[39m(new_matched_hcr_df))]\n",
    '\x1B[0;31mAssertionError\x1B[0m: File ~/capsule/scratch/788406_2025-07-18_coreg_cpsam/788406_2025-07-18_landmarks_matched_ext_iter3.csv exists already!'
  ]
}
18:35:39.060 [warn] Cell completed with errors [Iu [Error]: File ~/capsule/scratch/788406_2025-07-18_coreg_cpsam/788406_2025-07-18_landmarks_matched_ext_iter3_test2.csv exists already!
	at n.execute (~/.vscode/extensions/ms-toolsai.jupyter-2025.9.1-linux-x64/dist/extension.node.js:302:4958)] {
  ename: 'AssertionError',
  evalue: 'File ~/capsule/scratch/788406_2025-07-18_coreg_cpsam/788406_2025-07-18_landmarks_matched_ext_iter3_test2.csv exists already!',
  traceback: [
    '\x1B[0;31m---------------------------------------------------------------------------\x1B[0m',
    '\x1B[0;31mAssertionError\x1B[0m                            Traceback (most recent call last)',
    'Cell \x1B[0;32mIn[21], line 2\x1B[0m\n' +
      "\x1B[1;32m      1\x1B[0m save_fn \x1B[38;5;241m=\x1B[39m save_dir \x1B[38;5;241m/\x1B[39m \x1B[38;5;124mf\x1B[39m\x1B[38;5;124m'\x1B[39m\x1B[38;5;132;01m{\x1B[39;00msubject_id\x1B[38;5;132;01m}\x1B[39;00m\x1B[38;5;124m_\x1B[39m\x1B[38;5;132;01m{\x1B[39;00mczstack_date\x1B[38;5;132;01m}\x1B[39;00m\x1B[38;5;124m_landmarks_matched_ext_iter\x1B[39m\x1B[38;5;132;01m{\x1B[39;00mcurrent_iter\x1B[38;5;132;01m}\x1B[39;00m\x1B[38;5;124m_test2.csv\x1B[39m\x1B[38;5;124m'\x1B[39m\n" +
      "\x1B[0;32m----> 2\x1B[0m \x1B[38;5;28;01massert\x1B[39;00m \x1B[38;5;129;01mnot\x1B[39;00m save_fn\x1B[38;5;241m.\x1B[39mexists(), \x1B[38;5;124mf\x1B[39m\x1B[38;5;124m'\x1B[39m\x1B[38;5;124mFile \x1B[39m\x1B[38;5;132;01m{\x1B[39;00msave_fn\x1B[38;5;132;01m}\x1B[39;00m\x1B[38;5;124m exists already!\x1B[39m\x1B[38;5;124m'\x1B[39m\n" +
      '\x1B[1;32m      5\x1B[0m landmarks_ext \x1B[38;5;241m=\x1B[39m pd\x1B[38;5;241m.\x1B[39mDataFrame()\n' +
      "\x1B[1;32m      7\x1B[0m landmarks_ext[\x1B[38;5;241m0\x1B[39m] \x1B[38;5;241m=\x1B[39m [\x1B[38;5;124m'\x1B[39m\x1B[38;5;124mcz\x1B[39m\x1B[38;5;124m'\x1B[39m\x1B[38;5;241m+\x1B[39m\x1B[38;5;28mstr\x1B[39m(\x1B[38;5;28mint\x1B[39m(new_matched_hcr_df[\x1B[38;5;124m'\x1B[39m\x1B[38;5;124mczstack_cell_id\x1B[39m\x1B[38;5;124m'\x1B[39m]\x1B[38;5;241m.\x1B[39miloc[i]))\x1B[38;5;241m+\x1B[39m\x1B[38;5;124m'\x1B[39m\x1B[38;5;124m-hcr\x1B[39m\x1B[38;5;124m'\x1B[39m\x1B[38;5;241m+\x1B[39m\x1B[38;5;28mstr\x1B[39m(\x1B[38;5;28mint\x1B[39m(new_matched_hcr_df[\x1B[38;5;124m'\x1B[39m\x1B[38;5;124mhcr_cell_id\x1B[39m\x1B[38;5;124m'\x1B[39m]\x1B[38;5;241m.\x1B[39miloc[i])) \x1B[38;5;28;01mfor\x1B[39;00m i \x1B[38;5;129;01min\x1B[39;00m \x1B[38;5;28mrange\x1B[39m(\x1B[38;5;28mlen\x1B[39m(new_matched_hcr_df))]\n",
    '\x1B[0;31mAssertionError\x1B[0m: File ~/capsule/scratch/788406_2025-07-18_coreg_cpsam/788406_2025-07-18_landmarks_matched_ext_iter3_test2.csv exists already!'
  ]
}
18:40:33.139 [warn] Cell completed with errors [Iu [Error]: 'DataFrame' object has no attribute 'ids'
	at n.execute (~/.vscode/extensions/ms-toolsai.jupyter-2025.9.1-linux-x64/dist/extension.node.js:302:4958)] {
  ename: 'AttributeError',
  evalue: "'DataFrame' object has no attribute 'ids'",
  traceback: [
    '\x1B[0;31m---------------------------------------------------------------------------\x1B[0m',
    '\x1B[0;31mAttributeError\x1B[0m                            Traceback (most recent call last)',
    '\x1B[0;32m/tmp/ipykernel_20082/3028967620.py\x1B[0m in \x1B[0;36m?\x1B[0;34m()\x1B[0m\n' +
      '\x1B[1;32m     16\x1B[0m \x1B[0;34m\x1B[0m\x1B[0m\n' +
      '\x1B[1;32m     17\x1B[0m \x1B[0mcolumns\x1B[0m \x1B[0;34m=\x1B[0m \x1B[0mnp\x1B[0m\x1B[0;34m.\x1B[0m\x1B[0marange\x1B[0m\x1B[0;34m(\x1B[0m\x1B[0;36m8\x1B[0m\x1B[0;34m)\x1B[0m\x1B[0;34m\x1B[0m\x1B[0;34m\x1B[0m\x1B[0m\n' +
      '\x1B[1;32m     18\x1B[0m \x1B[0;34m\x1B[0m\x1B[0m\n' +
      "\x1B[1;32m     19\x1B[0m \x1B[0mqced_landmarks\x1B[0m \x1B[0;34m=\x1B[0m \x1B[0mactive_landmarks\x1B[0m\x1B[0;34m[\x1B[0m\x1B[0mactive_landmarks\x1B[0m\x1B[0;34m.\x1B[0m\x1B[0mids\x1B[0m\x1B[0;34m.\x1B[0m\x1B[0mstr\x1B[0m\x1B[0;34m.\x1B[0m\x1B[0mstartswith\x1B[0m\x1B[0;34m(\x1B[0m\x1B[0;34m'cz'\x1B[0m\x1B[0;34m)\x1B[0m\x1B[0;34m]\x1B[0m\x1B[0;34m.\x1B[0m\x1B[0mcopy\x1B[0m\x1B[0;34m(\x1B[0m\x1B[0;34m)\x1B[0m\x1B[0;34m\x1B[0m\x1B[0;34m\x1B[0m\x1B[0m\n" +
      '\x1B[0;32m---> 20\x1B[0;31m \x1B[0mqced_landmarks_ids\x1B[0m \x1B[0;34m=\x1B[0m \x1B[0mprev_landmarks\x1B[0m\x1B[0;34m.\x1B[0m\x1B[0mids\x1B[0m\x1B[0;34m.\x1B[0m\x1B[0mvalues\x1B[0m\x1B[0;34m\x1B[0m\x1B[0;34m\x1B[0m\x1B[0m\n' +
      '\x1B[0m\x1B[1;32m     21\x1B[0m \x1B[0mqced_landmarks_ids\x1B[0m \x1B[0;34m=\x1B[0m \x1B[0mqced_landmarks\x1B[0m\x1B[0;34m.\x1B[0m\x1B[0mids\x1B[0m\x1B[0;34m.\x1B[0m\x1B[0mvalues\x1B[0m\x1B[0;34m\x1B[0m\x1B[0;34m\x1B[0m\x1B[0m\n' +
      "\x1B[1;32m     22\x1B[0m \x1B[0mqced_landmarks_ids\x1B[0m \x1B[0;34m=\x1B[0m \x1B[0;34m[\x1B[0m\x1B[0;34mf'qced_{x}'\x1B[0m \x1B[0;32mfor\x1B[0m \x1B[0mx\x1B[0m \x1B[0;32min\x1B[0m \x1B[0mqced_landmarks_ids\x1B[0m\x1B[0;34m]\x1B[0m\x1B[0;34m\x1B[0m\x1B[0;34m\x1B[0m\x1B[0m\n" +
      "\x1B[1;32m     23\x1B[0m \x1B[0mqced_landmarks\x1B[0m\x1B[0;34m.\x1B[0m\x1B[0mloc\x1B[0m\x1B[0;34m[\x1B[0m\x1B[0mqced_landmarks\x1B[0m\x1B[0;34m.\x1B[0m\x1B[0mids\x1B[0m\x1B[0;34m.\x1B[0m\x1B[0mstr\x1B[0m\x1B[0;34m.\x1B[0m\x1B[0mstartswith\x1B[0m\x1B[0;34m(\x1B[0m\x1B[0;34m'cz'\x1B[0m\x1B[0;34m)\x1B[0m\x1B[0;34m,\x1B[0m \x1B[0;34m'ids'\x1B[0m\x1B[0;34m]\x1B[0m \x1B[0;34m=\x1B[0m \x1B[0mqced_landmarks_ids\x1B[0m\x1B[0;34m\x1B[0m\x1B[0;34m\x1B[0m\x1B[0m\n",
    '\x1B[0;32m/opt/conda/lib/python3.10/site-packages/pandas/core/generic.py\x1B[0m in \x1B[0;36m?\x1B[0;34m(self, name)\x1B[0m\n' +
      '\x1B[1;32m   6317\x1B[0m             \x1B[0;32mand\x1B[0m \x1B[0mname\x1B[0m \x1B[0;32mnot\x1B[0m \x1B[0;32min\x1B[0m \x1B[0mself\x1B[0m\x1B[0;34m.\x1B[0m\x1B[0m_accessors\x1B[0m\x1B[0;34m\x1B[0m\x1B[0;34m\x1B[0m\x1B[0m\n' +
      '\x1B[1;32m   6318\x1B[0m             \x1B[0;32mand\x1B[0m \x1B[0mself\x1B[0m\x1B[0;34m.\x1B[0m\x1B[0m_info_axis\x1B[0m\x1B[0;34m.\x1B[0m\x1B[0m_can_hold_identifiers_and_holds_name\x1B[0m\x1B[0;34m(\x1B[0m\x1B[0mname\x1B[0m\x1B[0;34m)\x1B[0m\x1B[0;34m\x1B[0m\x1B[0;34m\x1B[0m\x1B[0m\n' +
      '\x1B[1;32m   6319\x1B[0m         ):\n' +
      '\x1B[1;32m   6320\x1B[0m             \x1B[0;32mreturn\x1B[0m \x1B[0mself\x1B[0m\x1B[0;34m[\x1B[0m\x1B[0mname\x1B[0m\x1B[0;34m]\x1B[0m\x1B[0;34m\x1B[0m\x1B[0;34m\x1B[0m\x1B[0m\n' +
      '\x1B[0;32m-> 6321\x1B[0;31m         \x1B[0;32mreturn\x1B[0m \x1B[0mobject\x1B[0m\x1B[0;34m.\x1B[0m\x1B[0m__getattribute__\x1B[0m\x1B[0;34m(\x1B[0m\x1B[0mself\x1B[0m\x1B[0;34m,\x1B[0m \x1B[0mname\x1B[0m\x1B[0;34m)\x1B[0m\x1B[0;34m\x1B[0m\x1B[0;34m\x1B[0m\x1B[0m\n' +
      '\x1B[0m',
    "\x1B[0;31mAttributeError\x1B[0m: 'DataFrame' object has no attribute 'ids'"
  ]
}
18:41:29.556 [info] Disposing request as the cell (-1) was deleted ~/capsule/code/step_3_more_iterations.ipynb
18:44:33.144 [warn] Cell completed with errors [Iu [Error]: 'DataFrame' object has no attribute 'active'
	at n.execute (~/.vscode/extensions/ms-toolsai.jupyter-2025.9.1-linux-x64/dist/extension.node.js:302:4958)] {
  ename: 'AttributeError',
  evalue: "'DataFrame' object has no attribute 'active'",
  traceback: [
    '\x1B[0;31m---------------------------------------------------------------------------\x1B[0m',
    '\x1B[0;31mAttributeError\x1B[0m                            Traceback (most recent call last)',
    '\x1B[0;32m/tmp/ipykernel_20082/3972300816.py\x1B[0m in \x1B[0;36m?\x1B[0;34m()\x1B[0m\n' +
      '\x1B[1;32m     29\x1B[0m \x1B[0mprev_landmarks\x1B[0m \x1B[0;34m=\x1B[0m \x1B[0mpd\x1B[0m\x1B[0;34m.\x1B[0m\x1B[0mconcat\x1B[0m\x1B[0;34m(\x1B[0m\x1B[0;34m[\x1B[0m\x1B[0mqced_landmarks\x1B[0m\x1B[0;34m,\x1B[0m \x1B[0mmanual_landmarks\x1B[0m\x1B[0;34m]\x1B[0m\x1B[0;34m)\x1B[0m\x1B[0;34m\x1B[0m\x1B[0;34m\x1B[0m\x1B[0m\n' +
      '\x1B[1;32m     30\x1B[0m \x1B[0mprev_landmarks\x1B[0m\x1B[0;34m.\x1B[0m\x1B[0mcolumns\x1B[0m \x1B[0;34m=\x1B[0m \x1B[0mcolumns\x1B[0m\x1B[0;34m\x1B[0m\x1B[0;34m\x1B[0m\x1B[0m\n' +
      '\x1B[1;32m     31\x1B[0m \x1B[0mlandmarks_ext\x1B[0m \x1B[0;34m=\x1B[0m \x1B[0mpd\x1B[0m\x1B[0;34m.\x1B[0m\x1B[0mconcat\x1B[0m\x1B[0;34m(\x1B[0m\x1B[0;34m[\x1B[0m\x1B[0mlandmarks_ext\x1B[0m\x1B[0;34m,\x1B[0m \x1B[0mprev_landmarks\x1B[0m\x1B[0;34m]\x1B[0m\x1B[0;34m)\x1B[0m\x1B[0;34m\x1B[0m\x1B[0;34m\x1B[0m\x1B[0m\n' +
      '\x1B[1;32m     32\x1B[0m \x1B[0;34m\x1B[0m\x1B[0m\n' +
      "\x1B[0;32m---> 33\x1B[0;31m \x1B[0mprint\x1B[0m\x1B[0;34m(\x1B[0m\x1B[0;34mf'Total active landmars: {len(landmarks_ext[landmarks_ext.active])}'\x1B[0m\x1B[0;34m)\x1B[0m\x1B[0;34m\x1B[0m\x1B[0;34m\x1B[0m\x1B[0m\n" +
      '\x1B[0m\x1B[1;32m     34\x1B[0m \x1B[0;34m\x1B[0m\x1B[0m\n' +
      '\x1B[1;32m     35\x1B[0m \x1B[0mlandmarks_ext\x1B[0m\x1B[0;34m.\x1B[0m\x1B[0mto_csv\x1B[0m\x1B[0;34m(\x1B[0m\x1B[0msave_fn\x1B[0m\x1B[0;34m,\x1B[0m \x1B[0mindex\x1B[0m\x1B[0;34m=\x1B[0m\x1B[0;32mFalse\x1B[0m\x1B[0;34m,\x1B[0m \x1B[0mheader\x1B[0m\x1B[0;34m=\x1B[0m\x1B[0;32mFalse\x1B[0m\x1B[0;34m)\x1B[0m\x1B[0;34m\x1B[0m\x1B[0;34m\x1B[0m\x1B[0m\n' +
      "\x1B[1;32m     36\x1B[0m \x1B[0mprint\x1B[0m\x1B[0;34m(\x1B[0m\x1B[0;34mf'Updated landmarks with estimation saved to {save_fn}'\x1B[0m\x1B[0;34m)\x1B[0m\x1B[0;34m\x1B[0m\x1B[0;34m\x1B[0m\x1B[0m\n",
    '\x1B[0;32m/opt/conda/lib/python3.10/site-packages/pandas/core/generic.py\x1B[0m in \x1B[0;36m?\x1B[0;34m(self, name)\x1B[0m\n' +
      '\x1B[1;32m   6317\x1B[0m             \x1B[0;32mand\x1B[0m \x1B[0mname\x1B[0m \x1B[0;32mnot\x1B[0m \x1B[0;32min\x1B[0m \x1B[0mself\x1B[0m\x1B[0;34m.\x1B[0m\x1B[0m_accessors\x1B[0m\x1B[0;34m\x1B[0m\x1B[0;34m\x1B[0m\x1B[0m\n' +
      '\x1B[1;32m   6318\x1B[0m             \x1B[0;32mand\x1B[0m \x1B[0mself\x1B[0m\x1B[0;34m.\x1B[0m\x1B[0m_info_axis\x1B[0m\x1B[0;34m.\x1B[0m\x1B[0m_can_hold_identifiers_and_holds_name\x1B[0m\x1B[0;34m(\x1B[0m\x1B[0mname\x1B[0m\x1B[0;34m)\x1B[0m\x1B[0;34m\x1B[0m\x1B[0;34m\x1B[0m\x1B[0m\n' +
      '\x1B[1;32m   6319\x1B[0m         ):\n' +
      '\x1B[1;32m   6320\x1B[0m             \x1B[0;32mreturn\x1B[0m \x1B[0mself\x1B[0m\x1B[0;34m[\x1B[0m\x1B[0mname\x1B[0m\x1B[0;34m]\x1B[0m\x1B[0;34m\x1B[0m\x1B[0;34m\x1B[0m\x1B[0m\n' +
      '\x1B[0;32m-> 6321\x1B[0;31m         \x1B[0;32mreturn\x1B[0m \x1B[0mobject\x1B[0m\x1B[0;34m.\x1B[0m\x1B[0m__getattribute__\x1B[0m\x1B[0;34m(\x1B[0m\x1B[0mself\x1B[0m\x1B[0;34m,\x1B[0m \x1B[0mname\x1B[0m\x1B[0;34m)\x1B[0m\x1B[0;34m\x1B[0m\x1B[0;34m\x1B[0m\x1B[0m\n' +
      '\x1B[0m',
    "\x1B[0;31mAttributeError\x1B[0m: 'DataFrame' object has no attribute 'active'"
  ]
}
19:03:02.089 [info] Disposing request as the cell (-1) was deleted ~/capsule/code/step_3_more_iterations.ipynb
19:03:03.167 [info] Disposing request as the cell (-1) was deleted ~/capsule/code/step_3_more_iterations.ipynb
19:03:06.218 [info] Disposing request as the cell (-1) was deleted ~/capsule/code/step_3_more_iterations.ipynb
19:03:08.232 [info] Disposing request as the cell (-1) was deleted ~/capsule/code/step_3_more_iterations.ipynb
19:07:35.297 [warn] Cell completed with errors [Iu [Error]: File ~/capsule/scratch/788406_2025-07-18_coreg_cpsam/788406_2025-07-18_landmarks_matched_ext_iter3.csv exists already!
	at n.execute (~/.vscode/extensions/ms-toolsai.jupyter-2025.9.1-linux-x64/dist/extension.node.js:302:4958)] {
  ename: 'AssertionError',
  evalue: 'File ~/capsule/scratch/788406_2025-07-18_coreg_cpsam/788406_2025-07-18_landmarks_matched_ext_iter3.csv exists already!',
  traceback: [
    '\x1B[0;31m---------------------------------------------------------------------------\x1B[0m',
    '\x1B[0;31mAssertionError\x1B[0m                            Traceback (most recent call last)',
    'Cell \x1B[0;32mIn[33], line 2\x1B[0m\n' +
      "\x1B[1;32m      1\x1B[0m save_fn \x1B[38;5;241m=\x1B[39m save_dir \x1B[38;5;241m/\x1B[39m \x1B[38;5;124mf\x1B[39m\x1B[38;5;124m'\x1B[39m\x1B[38;5;132;01m{\x1B[39;00msubject_id\x1B[38;5;132;01m}\x1B[39;00m\x1B[38;5;124m_\x1B[39m\x1B[38;5;132;01m{\x1B[39;00mczstack_date\x1B[38;5;132;01m}\x1B[39;00m\x1B[38;5;124m_landmarks_matched_ext_iter\x1B[39m\x1B[38;5;132;01m{\x1B[39;00mcurrent_iter\x1B[38;5;132;01m}\x1B[39;00m\x1B[38;5;124m.csv\x1B[39m\x1B[38;5;124m'\x1B[39m\n" +
      "\x1B[0;32m----> 2\x1B[0m \x1B[38;5;28;01massert\x1B[39;00m \x1B[38;5;129;01mnot\x1B[39;00m save_fn\x1B[38;5;241m.\x1B[39mexists(), \x1B[38;5;124mf\x1B[39m\x1B[38;5;124m'\x1B[39m\x1B[38;5;124mFile \x1B[39m\x1B[38;5;132;01m{\x1B[39;00msave_fn\x1B[38;5;132;01m}\x1B[39;00m\x1B[38;5;124m exists already!\x1B[39m\x1B[38;5;124m'\x1B[39m\n" +
      '\x1B[1;32m      5\x1B[0m landmarks_ext \x1B[38;5;241m=\x1B[39m pd\x1B[38;5;241m.\x1B[39mDataFrame()\n' +
      "\x1B[1;32m      7\x1B[0m landmarks_ext[\x1B[38;5;241m0\x1B[39m] \x1B[38;5;241m=\x1B[39m [\x1B[38;5;124m'\x1B[39m\x1B[38;5;124mcz\x1B[39m\x1B[38;5;124m'\x1B[39m\x1B[38;5;241m+\x1B[39m\x1B[38;5;28mstr\x1B[39m(\x1B[38;5;28mint\x1B[39m(new_matched_hcr_df[\x1B[38;5;124m'\x1B[39m\x1B[38;5;124mczstack_cell_id\x1B[39m\x1B[38;5;124m'\x1B[39m]\x1B[38;5;241m.\x1B[39miloc[i]))\x1B[38;5;241m+\x1B[39m\x1B[38;5;124m'\x1B[39m\x1B[38;5;124m-hcr\x1B[39m\x1B[38;5;124m'\x1B[39m\x1B[38;5;241m+\x1B[39m\x1B[38;5;28mstr\x1B[39m(\x1B[38;5;28mint\x1B[39m(new_matched_hcr_df[\x1B[38;5;124m'\x1B[39m\x1B[38;5;124mhcr_cell_id\x1B[39m\x1B[38;5;124m'\x1B[39m]\x1B[38;5;241m.\x1B[39miloc[i])) \x1B[38;5;28;01mfor\x1B[39;00m i \x1B[38;5;129;01min\x1B[39;00m \x1B[38;5;28mrange\x1B[39m(\x1B[38;5;28mlen\x1B[39m(new_matched_hcr_df))]\n",
    '\x1B[0;31mAssertionError\x1B[0m: File ~/capsule/scratch/788406_2025-07-18_coreg_cpsam/788406_2025-07-18_landmarks_matched_ext_iter3.csv exists already!'
  ]
}
19:09:47.146 [info] Restart requested ~/capsule/code/step_3_more_iterations.ipynb
19:09:47.951 [info] Process Execution: /opt/conda/bin/python -c "import ipykernel; print(ipykernel.__version__); print("5dc3a68c-e34e-4080-9c3e-2a532b2ccb4d"); print(ipykernel.__file__)"
19:09:47.962 [info] Process Execution: /opt/conda/bin/python -m ipykernel_launcher --f=~/.local/share/jupyter/runtime/kernel-v35eb2fb5e6057270112dd62a6ec8d34a9cc715056.json
    > cwd: ~/capsule/code
19:09:48.372 [info] Restarted 0195e2e3-c801-461e-99b9-d93c9e216f4e
19:09:53.605 [warn] Cell completed with errors [Iu [Error]: [Errno 2] No such file or directory: '~/capsule/scratch/788406_2025-07-18_coreg_cpsam/788406_landmarks_matched_ext_iter3.csv'
	at n.execute (~/.vscode/extensions/ms-toolsai.jupyter-2025.9.1-linux-x64/dist/extension.node.js:302:4958)] {
  ename: 'FileNotFoundError',
  evalue: "[Errno 2] No such file or directory: '~/capsule/scratch/788406_2025-07-18_coreg_cpsam/788406_landmarks_matched_ext_iter3.csv'",
  traceback: [
    '\x1B[0;31m---------------------------------------------------------------------------\x1B[0m',
    '\x1B[0;31mFileNotFoundError\x1B[0m                         Traceback (most recent call last)',
    'Cell \x1B[0;32mIn[13], line 2\x1B[0m\n' +
      "\x1B[1;32m      1\x1B[0m landmark_file \x1B[38;5;241m=\x1B[39m save_dir \x1B[38;5;241m/\x1B[39m \x1B[38;5;124mf\x1B[39m\x1B[38;5;124m'\x1B[39m\x1B[38;5;132;01m{\x1B[39;00msubject_id\x1B[38;5;132;01m}\x1B[39;00m\x1B[38;5;124m_landmarks_matched_ext_iter\x1B[39m\x1B[38;5;132;01m{\x1B[39;00mcurrent_iter\x1B[38;5;132;01m}\x1B[39;00m\x1B[38;5;124m.csv\x1B[39m\x1B[38;5;124m'\x1B[39m\n" +
      '\x1B[0;32m----> 2\x1B[0m landmarks \x1B[38;5;241m=\x1B[39m \x1B[43mpd\x1B[49m\x1B[38;5;241;43m.\x1B[39;49m\x1B[43mread_csv\x1B[49m\x1B[43m(\x1B[49m\x1B[43mlandmark_file\x1B[49m\x1B[43m,\x1B[49m\x1B[43m \x1B[49m\x1B[43mheader\x1B[49m\x1B[38;5;241;43m=\x1B[39;49m\x1B[38;5;28;43;01mNone\x1B[39;49;00m\x1B[43m)\x1B[49m\n' +
      "\x1B[1;32m      3\x1B[0m columns \x1B[38;5;241m=\x1B[39m [\x1B[38;5;124m'\x1B[39m\x1B[38;5;124mids\x1B[39m\x1B[38;5;124m'\x1B[39m, \x1B[38;5;124m'\x1B[39m\x1B[38;5;124mactive\x1B[39m\x1B[38;5;124m'\x1B[39m, \x1B[38;5;124m'\x1B[39m\x1B[38;5;124mczstack_x\x1B[39m\x1B[38;5;124m'\x1B[39m, \x1B[38;5;124m'\x1B[39m\x1B[38;5;124mczstack_y\x1B[39m\x1B[38;5;124m'\x1B[39m, \x1B[38;5;124m'\x1B[39m\x1B[38;5;124mczstack_z\x1B[39m\x1B[38;5;124m'\x1B[39m, \x1B[38;5;124m'\x1B[39m\x1B[38;5;124mhcr_x\x1B[39m\x1B[38;5;124m'\x1B[39m, \x1B[38;5;124m'\x1B[39m\x1B[38;5;124mhcr_y\x1B[39m\x1B[38;5;124m'\x1B[39m, \x1B[38;5;124m'\x1B[39m\x1B[38;5;124mhcr_z\x1B[39m\x1B[38;5;124m'\x1B[39m]\n" +
      '\x1B[1;32m      4\x1B[0m landmarks\x1B[38;5;241m.\x1B[39mcolumns \x1B[38;5;241m=\x1B[39m columns\n',
    'File \x1B[0;32m/opt/conda/lib/python3.10/site-packages/pandas/io/parsers/readers.py:1026\x1B[0m, in \x1B[0;36mread_csv\x1B[0;34m(filepath_or_buffer, sep, delimiter, header, names, index_col, usecols, dtype, engine, converters, true_values, false_values, skipinitialspace, skiprows, skipfooter, nrows, na_values, keep_default_na, na_filter, verbose, skip_blank_lines, parse_dates, infer_datetime_format, keep_date_col, date_parser, date_format, dayfirst, cache_dates, iterator, chunksize, compression, thousands, decimal, lineterminator, quotechar, quoting, doublequote, escapechar, comment, encoding, encoding_errors, dialect, on_bad_lines, delim_whitespace, low_memory, memory_map, float_precision, storage_options, dtype_backend)\x1B[0m\n' +
      '\x1B[1;32m   1013\x1B[0m kwds_defaults \x1B[38;5;241m=\x1B[39m _refine_defaults_read(\n' +
      '\x1B[1;32m   1014\x1B[0m     dialect,\n' +
      '\x1B[1;32m   1015\x1B[0m     delimiter,\n' +
      '\x1B[0;32m   (...)\x1B[0m\n' +
      '\x1B[1;32m   1022\x1B[0m     dtype_backend\x1B[38;5;241m=\x1B[39mdtype_backend,\n' +
      '\x1B[1;32m   1023\x1B[0m )\n' +
      '\x1B[1;32m   1024\x1B[0m kwds\x1B[38;5;241m.\x1B[39mupdate(kwds_defaults)\n' +
      '\x1B[0;32m-> 1026\x1B[0m \x1B[38;5;28;01mreturn\x1B[39;00m \x1B[43m_read\x1B[49m\x1B[43m(\x1B[49m\x1B[43mfilepath_or_buffer\x1B[49m\x1B[43m,\x1B[49m\x1B[43m \x1B[49m\x1B[43mkwds\x1B[49m\x1B[43m)\x1B[49m\n',
    'File \x1B[0;32m/opt/conda/lib/python3.10/site-packages/pandas/io/parsers/readers.py:620\x1B[0m, in \x1B[0;36m_read\x1B[0;34m(filepath_or_buffer, kwds)\x1B[0m\n' +
      '\x1B[1;32m    617\x1B[0m _validate_names(kwds\x1B[38;5;241m.\x1B[39mget(\x1B[38;5;124m"\x1B[39m\x1B[38;5;124mnames\x1B[39m\x1B[38;5;124m"\x1B[39m, \x1B[38;5;28;01mNone\x1B[39;00m))\n' +
      '\x1B[1;32m    619\x1B[0m \x1B[38;5;66;03m# Create the parser.\x1B[39;00m\n' +
      '\x1B[0;32m--> 620\x1B[0m parser \x1B[38;5;241m=\x1B[39m \x1B[43mTextFileReader\x1B[49m\x1B[43m(\x1B[49m\x1B[43mfilepath_or_buffer\x1B[49m\x1B[43m,\x1B[49m\x1B[43m \x1B[49m\x1B[38;5;241;43m*\x1B[39;49m\x1B[38;5;241;43m*\x1B[39;49m\x1B[43mkwds\x1B[49m\x1B[43m)\x1B[49m\n' +
      '\x1B[1;32m    622\x1B[0m \x1B[38;5;28;01mif\x1B[39;00m chunksize \x1B[38;5;129;01mor\x1B[39;00m iterator:\n' +
      '\x1B[1;32m    623\x1B[0m     \x1B[38;5;28;01mreturn\x1B[39;00m parser\n',
    'File \x1B[0;32m/opt/conda/lib/python3.10/site-packages/pandas/io/parsers/readers.py:1620\x1B[0m, in \x1B[0;36mTextFileReader.__init__\x1B[0;34m(self, f, engine, **kwds)\x1B[0m\n' +
      '\x1B[1;32m   1617\x1B[0m     \x1B[38;5;28mself\x1B[39m\x1B[38;5;241m.\x1B[39moptions[\x1B[38;5;124m"\x1B[39m\x1B[38;5;124mhas_index_names\x1B[39m\x1B[38;5;124m"\x1B[39m] \x1B[38;5;241m=\x1B[39m kwds[\x1B[38;5;124m"\x1B[39m\x1B[38;5;124mhas_index_names\x1B[39m\x1B[38;5;124m"\x1B[39m]\n' +
      '\x1B[1;32m   1619\x1B[0m \x1B[38;5;28mself\x1B[39m\x1B[38;5;241m.\x1B[39mhandles: IOHandles \x1B[38;5;241m|\x1B[39m \x1B[38;5;28;01mNone\x1B[39;00m \x1B[38;5;241m=\x1B[39m \x1B[38;5;28;01mNone\x1B[39;00m\n' +
      '\x1B[0;32m-> 1620\x1B[0m \x1B[38;5;28mself\x1B[39m\x1B[38;5;241m.\x1B[39m_engine \x1B[38;5;241m=\x1B[39m \x1B[38;5;28;43mself\x1B[39;49m\x1B[38;5;241;43m.\x1B[39;49m\x1B[43m_make_engine\x1B[49m\x1B[43m(\x1B[49m\x1B[43mf\x1B[49m\x1B[43m,\x1B[49m\x1B[43m \x1B[49m\x1B[38;5;28;43mself\x1B[39;49m\x1B[38;5;241;43m.\x1B[39;49m\x1B[43mengine\x1B[49m\x1B[43m)\x1B[49m\n',
    'File \x1B[0;32m/opt/conda/lib/python3.10/site-packages/pandas/io/parsers/readers.py:1880\x1B[0m, in \x1B[0;36mTextFileReader._make_engine\x1B[0;34m(self, f, engine)\x1B[0m\n' +
      '\x1B[1;32m   1878\x1B[0m     \x1B[38;5;28;01mif\x1B[39;00m \x1B[38;5;124m"\x1B[39m\x1B[38;5;124mb\x1B[39m\x1B[38;5;124m"\x1B[39m \x1B[38;5;129;01mnot\x1B[39;00m \x1B[38;5;129;01min\x1B[39;00m mode:\n' +
      '\x1B[1;32m   1879\x1B[0m         mode \x1B[38;5;241m+\x1B[39m\x1B[38;5;241m=\x1B[39m \x1B[38;5;124m"\x1B[39m\x1B[38;5;124mb\x1B[39m\x1B[38;5;124m"\x1B[39m\n' +
      '\x1B[0;32m-> 1880\x1B[0m \x1B[38;5;28mself\x1B[39m\x1B[38;5;241m.\x1B[39mhandles \x1B[38;5;241m=\x1B[39m \x1B[43mget_handle\x1B[49m\x1B[43m(\x1B[49m\n' +
      '\x1B[1;32m   1881\x1B[0m \x1B[43m    \x1B[49m\x1B[43mf\x1B[49m\x1B[43m,\x1B[49m\n' +
      '\x1B[1;32m   1882\x1B[0m \x1B[43m    \x1B[49m\x1B[43mmode\x1B[49m\x1B[43m,\x1B[49m\n' +
      '\x1B[1;32m   1883\x1B[0m \x1B[43m    \x1B[49m\x1B[43mencoding\x1B[49m\x1B[38;5;241;43m=\x1B[39;49m\x1B[38;5;28;43mself\x1B[39;49m\x1B[38;5;241;43m.\x1B[39;49m\x1B[43moptions\x1B[49m\x1B[38;5;241;43m.\x1B[39;49m\x1B[43mget\x1B[49m\x1B[43m(\x1B[49m\x1B[38;5;124;43m"\x1B[39;49m\x1B[38;5;124;43mencoding\x1B[39;49m\x1B[38;5;124;43m"\x1B[39;49m\x1B[43m,\x1B[49m\x1B[43m \x1B[49m\x1B[38;5;28;43;01mNone\x1B[39;49;00m\x1B[43m)\x1B[49m\x1B[43m,\x1B[49m\n' +
      '\x1B[1;32m   1884\x1B[0m \x1B[43m    \x1B[49m\x1B[43mcompression\x1B[49m\x1B[38;5;241;43m=\x1B[39;49m\x1B[38;5;28;43mself\x1B[39;49m\x1B[38;5;241;43m.\x1B[39;49m\x1B[43moptions\x1B[49m\x1B[38;5;241;43m.\x1B[39;49m\x1B[43mget\x1B[49m\x1B[43m(\x1B[49m\x1B[38;5;124;43m"\x1B[39;49m\x1B[38;5;124;43mcompression\x1B[39;49m\x1B[38;5;124;43m"\x1B[39;49m\x1B[43m,\x1B[49m\x1B[43m \x1B[49m\x1B[38;5;28;43;01mNone\x1B[39;49;00m\x1B[43m)\x1B[49m\x1B[43m,\x1B[49m\n' +
      '\x1B[1;32m   1885\x1B[0m \x1B[43m    \x1B[49m\x1B[43mmemory_map\x1B[49m\x1B[38;5;241;43m=\x1B[39;49m\x1B[38;5;28;43mself\x1B[39;49m\x1B[38;5;241;43m.\x1B[39;49m\x1B[43moptions\x1B[49m\x1B[38;5;241;43m.\x1B[39;49m\x1B[43mget\x1B[49m\x1B[43m(\x1B[49m\x1B[38;5;124;43m"\x1B[39;49m\x1B[38;5;124;43mmemory_map\x1B[39;49m\x1B[38;5;124;43m"\x1B[39;49m\x1B[43m,\x1B[49m\x1B[43m \x1B[49m\x1B[38;5;28;43;01mFalse\x1B[39;49;00m\x1B[43m)\x1B[49m\x1B[43m,\x1B[49m\n' +
      '\x1B[1;32m   1886\x1B[0m \x1B[43m    \x1B[49m\x1B[43mis_text\x1B[49m\x1B[38;5;241;43m=\x1B[39;49m\x1B[43mis_text\x1B[49m\x1B[43m,\x1B[49m\n' +
      '\x1B[1;32m   1887\x1B[0m \x1B[43m    \x1B[49m\x1B[43merrors\x1B[49m\x1B[38;5;241;43m=\x1B[39;49m\x1B[38;5;28;43mself\x1B[39;49m\x1B[38;5;241;43m.\x1B[39;49m\x1B[43moptions\x1B[49m\x1B[38;5;241;43m.\x1B[39;49m\x1B[43mget\x1B[49m\x1B[43m(\x1B[49m\x1B[38;5;124;43m"\x1B[39;49m\x1B[38;5;124;43mencoding_errors\x1B[39;49m\x1B[38;5;124;43m"\x1B[39;49m\x1B[43m,\x1B[49m\x1B[43m \x1B[49m\x1B[38;5;124;43m"\x1B[39;49m\x1B[38;5;124;43mstrict\x1B[39;49m\x1B[38;5;124;43m"\x1B[39;49m\x1B[43m)\x1B[49m\x1B[43m,\x1B[49m\n' +
      '\x1B[1;32m   1888\x1B[0m \x1B[43m    \x1B[49m\x1B[43mstorage_options\x1B[49m\x1B[38;5;241;43m=\x1B[39;49m\x1B[38;5;28;43mself\x1B[39;49m\x1B[38;5;241;43m.\x1B[39;49m\x1B[43moptions\x1B[49m\x1B[38;5;241;43m.\x1B[39;49m\x1B[43mget\x1B[49m\x1B[43m(\x1B[49m\x1B[38;5;124;43m"\x1B[39;49m\x1B[38;5;124;43mstorage_options\x1B[39;49m\x1B[38;5;124;43m"\x1B[39;49m\x1B[43m,\x1B[49m\x1B[43m \x1B[49m\x1B[38;5;28;43;01mNone\x1B[39;49;00m\x1B[43m)\x1B[49m\x1B[43m,\x1B[49m\n' +
      '\x1B[1;32m   1889\x1B[0m \x1B[43m\x1B[49m\x1B[43m)\x1B[49m\n' +
      '\x1B[1;32m   1890\x1B[0m \x1B[38;5;28;01massert\x1B[39;00m \x1B[38;5;28mself\x1B[39m\x1B[38;5;241m.\x1B[39mhandles \x1B[38;5;129;01mis\x1B[39;00m \x1B[38;5;129;01mnot\x1B[39;00m \x1B[38;5;28;01mNone\x1B[39;00m\n' +
      '\x1B[1;32m   1891\x1B[0m f \x1B[38;5;241m=\x1B[39m \x1B[38;5;28mself\x1B[39m\x1B[38;5;241m.\x1B[39mhandles\x1B[38;5;241m.\x1B[39mhandle\n',
    'File \x1B[0;32m/opt/conda/lib/python3.10/site-packages/pandas/io/common.py:873\x1B[0m, in \x1B[0;36mget_handle\x1B[0;34m(path_or_buf, mode, encoding, compression, memory_map, is_text, errors, storage_options)\x1B[0m\n' +
      '\x1B[1;32m    868\x1B[0m \x1B[38;5;28;01melif\x1B[39;00m \x1B[38;5;28misinstance\x1B[39m(handle, \x1B[38;5;28mstr\x1B[39m):\n' +
      '\x1B[1;32m    869\x1B[0m     \x1B[38;5;66;03m# Check whether the filename is to be opened in binary mode.\x1B[39;00m\n' +
      "\x1B[1;32m    870\x1B[0m     \x1B[38;5;66;03m# Binary mode does not support 'encoding' and 'newline'.\x1B[39;00m\n" +
      '\x1B[1;32m    871\x1B[0m     \x1B[38;5;28;01mif\x1B[39;00m ioargs\x1B[38;5;241m.\x1B[39mencoding \x1B[38;5;129;01mand\x1B[39;00m \x1B[38;5;124m"\x1B[39m\x1B[38;5;124mb\x1B[39m\x1B[38;5;124m"\x1B[39m \x1B[38;5;129;01mnot\x1B[39;00m \x1B[38;5;129;01min\x1B[39;00m ioargs\x1B[38;5;241m.\x1B[39mmode:\n' +
      '\x1B[1;32m    872\x1B[0m         \x1B[38;5;66;03m# Encoding\x1B[39;00m\n' +
      '\x1B[0;32m--> 873\x1B[0m         handle \x1B[38;5;241m=\x1B[39m \x1B[38;5;28;43mopen\x1B[39;49m\x1B[43m(\x1B[49m\n' +
      '\x1B[1;32m    874\x1B[0m \x1B[43m            \x1B[49m\x1B[43mhandle\x1B[49m\x1B[43m,\x1B[49m\n' +
      '\x1B[1;32m    875\x1B[0m \x1B[43m            \x1B[49m\x1B[43mioargs\x1B[49m\x1B[38;5;241;43m.\x1B[39;49m\x1B[43mmode\x1B[49m\x1B[43m,\x1B[49m\n' +
      '\x1B[1;32m    876\x1B[0m \x1B[43m            \x1B[49m\x1B[43mencoding\x1B[49m\x1B[38;5;241;43m=\x1B[39;49m\x1B[43mioargs\x1B[49m\x1B[38;5;241;43m.\x1B[39;49m\x1B[43mencoding\x1B[49m\x1B[43m,\x1B[49m\n' +
      '\x1B[1;32m    877\x1B[0m \x1B[43m            \x1B[49m\x1B[43merrors\x1B[49m\x1B[38;5;241;43m=\x1B[39;49m\x1B[43merrors\x1B[49m\x1B[43m,\x1B[49m\n' +
      '\x1B[1;32m    878\x1B[0m \x1B[43m            \x1B[49m\x1B[43mnewline\x1B[49m\x1B[38;5;241;43m=\x1B[39;49m\x1B[38;5;124;43m"\x1B[39;49m\x1B[38;5;124;43m"\x1B[39;49m\x1B[43m,\x1B[49m\n' +
      '\x1B[1;32m    879\x1B[0m \x1B[43m        \x1B[49m\x1B[43m)\x1B[49m\n' +
      '\x1B[1;32m    880\x1B[0m     \x1B[38;5;28;01melse\x1B[39;00m:\n' +
      '\x1B[1;32m    881\x1B[0m         \x1B[38;5;66;03m# Binary mode\x1B[39;00m\n' +
      '\x1B[1;32m    882\x1B[0m         handle \x1B[38;5;241m=\x1B[39m \x1B[38;5;28mopen\x1B[39m(handle, ioargs\x1B[38;5;241m.\x1B[39mmode)\n',
    "\x1B[0;31mFileNotFoundError\x1B[0m: [Errno 2] No such file or directory: '~/capsule/scratch/788406_2025-07-18_coreg_cpsam/788406_landmarks_matched_ext_iter3.csv'"
  ]
}
19:09:53.607 [warn] Cancel all remaining cells due to cancellation or failure in execution
