Visual Studio Code (1.109.5, undefined, desktop)
Jupyter Extension Version: 2025.9.1.
Python Extension Version: 2026.2.0.
Python Environment Extension Version: 1.20.1.
Pylance Extension Version: 2026.1.1.
Platform: linux (x64).
Home = /root
Temp Storage folder ~/capsule/code/vscode-data/User/globalStorage/ms-toolsai.jupyter/version-2025.9.1
Workspace folder ~/capsule
20:07:11.771 [info] Starting Kernel (Python Path: /opt/conda/bin/python, Conda, 3.10.12) for '~/capsule/code/step_3_more_iterations.ipynb' (disableUI=true)
20:07:11.772 [info] Starting Kernel (Python Path: /opt/conda/bin/python, Conda, 3.10.12) for '~/capsule/code/step_1_process_files.ipynb' (disableUI=true)
20:07:11.773 [info] Starting Kernel (Python Path: /opt/conda/bin/python, Conda, 3.10.12) for '~/capsule/code/260227_gfp_count_verification.ipynb' (disableUI=true)
20:07:11.773 [info] Starting Kernel (Python Path: /opt/conda/bin/python, Conda, 3.10.12) for '~/capsule/code/step_2_automatic_mapping_for_qc.ipynb' (disableUI=true)
20:07:11.774 [info] Starting Kernel (Python Path: /opt/conda/bin/python, Conda, 3.10.12) for '~/capsule/code/260227_landmark_checking.ipynb' (disableUI=true)
20:07:13.257 [info] Process Execution: /opt/conda/bin/python -c "import ipykernel; print(ipykernel.__version__); print("5dc3a68c-e34e-4080-9c3e-2a532b2ccb4d"); print(ipykernel.__file__)"
20:07:13.265 [info] Process Execution: /opt/conda/bin/python -m ipykernel_launcher --f=~/.local/share/jupyter/runtime/kernel-v37125b96f50834021c0e6e2a01eb395a3105ad427.json
    > cwd: ~/capsule/code
20:07:13.280 [info] Process Execution: /opt/conda/bin/python -m pip list
20:07:13.301 [info] Process Execution: /opt/conda/bin/python -c "import ipykernel; print(ipykernel.__version__); print("5dc3a68c-e34e-4080-9c3e-2a532b2ccb4d"); print(ipykernel.__file__)"
20:07:13.310 [info] Process Execution: /opt/conda/bin/python -m ipykernel_launcher --f=~/.local/share/jupyter/runtime/kernel-v3862653fb687169ec5e7c0c178f38bb1c1876b648.json
    > cwd: ~/capsule/code
20:07:13.320 [info] Process Execution: /opt/conda/bin/python -c "import ipykernel; print(ipykernel.__version__); print("5dc3a68c-e34e-4080-9c3e-2a532b2ccb4d"); print(ipykernel.__file__)"
20:07:13.328 [info] Process Execution: /opt/conda/bin/python -m ipykernel_launcher --f=~/.local/share/jupyter/runtime/kernel-v3c8548dd5b96edf7ad6fb2eec097a185b8f226adc.json
    > cwd: ~/capsule/code
20:07:13.337 [info] Process Execution: /opt/conda/bin/python -c "import ipykernel; print(ipykernel.__version__); print("5dc3a68c-e34e-4080-9c3e-2a532b2ccb4d"); print(ipykernel.__file__)"
20:07:13.344 [info] Process Execution: /opt/conda/bin/python -m ipykernel_launcher --f=~/.local/share/jupyter/runtime/kernel-v3c6b794f258318c0ed0f1318fb49bcca7c4dc6b9b.json
    > cwd: ~/capsule/code
20:07:13.353 [info] Process Execution: /opt/conda/bin/python -c "import ipykernel; print(ipykernel.__version__); print("5dc3a68c-e34e-4080-9c3e-2a532b2ccb4d"); print(ipykernel.__file__)"
20:07:13.361 [info] Process Execution: /opt/conda/bin/python -m ipykernel_launcher --f=~/.local/share/jupyter/runtime/kernel-v36ed5a89609dd2c50cd64cc642a7bf66a1213dc0b.json
    > cwd: ~/capsule/code
20:07:13.886 [info] Kernel successfully started
20:07:13.889 [info] Kernel successfully started
20:07:13.897 [info] Process Execution: /opt/conda/bin/python ~/.vscode/extensions/ms-toolsai.jupyter-2025.9.1-linux-x64/pythonFiles/printJupyterDataDir.py
20:07:13.967 [info] Kernel successfully started
20:07:13.969 [info] Kernel successfully started
20:07:13.971 [info] Kernel successfully started
20:07:14.492 [error] Widget Error: Failed to access CDN https://unpkg.com/ after 0 attempt(s), TypeError: Failed to fetch
20:07:14.496 [error] Widget Error: Failed to access CDN https://unpkg.com/ after 0 attempt(s), TypeError: Failed to fetch
20:07:38.767 [warn] Cell completed with errors [Iu [Error]: FileNotFoundError
	at n.execute (~/.vscode/extensions/ms-toolsai.jupyter-2025.9.1-linux-x64/dist/extension.node.js:302:4958)] {
  ename: 'FileNotFoundError',
  evalue: '',
  traceback: [
    '\x1B[0;31m---------------------------------------------------------------------------\x1B[0m',
    '\x1B[0;31mFileNotFoundError\x1B[0m                         Traceback (most recent call last)',
    'Cell \x1B[0;32mIn[6], line 8\x1B[0m\n' +
      "\x1B[1;32m      6\x1B[0m     landmarks_file \x1B[38;5;241m=\x1B[39m save_dir \x1B[38;5;241m/\x1B[39m \x1B[38;5;124mf\x1B[39m\x1B[38;5;124m'\x1B[39m\x1B[38;5;132;01m{\x1B[39;00msubject_id\x1B[38;5;132;01m}\x1B[39;00m\x1B[38;5;124m_\x1B[39m\x1B[38;5;132;01m{\x1B[39;00mczstack_date\x1B[38;5;132;01m}\x1B[39;00m\x1B[38;5;124m_landmarks_matched_ext_iter\x1B[39m\x1B[38;5;132;01m{\x1B[39;00mprev_iter\x1B[38;5;132;01m}\x1B[39;00m\x1B[38;5;124m_qced.csv\x1B[39m\x1B[38;5;124m'\x1B[39m\n" +
      '\x1B[1;32m      7\x1B[0m     \x1B[38;5;28;01mif\x1B[39;00m \x1B[38;5;129;01mnot\x1B[39;00m landmarks_file\x1B[38;5;241m.\x1B[39mexists():\n' +
      '\x1B[0;32m----> 8\x1B[0m         \x1B[38;5;28;01mraise\x1B[39;00m \x1B[38;5;167;01mFileNotFoundError\x1B[39;00m\n' +
      '\x1B[1;32m     10\x1B[0m current_landmarks \x1B[38;5;241m=\x1B[39m pd\x1B[38;5;241m.\x1B[39mread_csv(landmarks_file,header\x1B[38;5;241m=\x1B[39m\x1B[38;5;28;01mNone\x1B[39;00m)\n' +
      "\x1B[1;32m     11\x1B[0m columns \x1B[38;5;241m=\x1B[39m [\x1B[38;5;124m'\x1B[39m\x1B[38;5;124mids\x1B[39m\x1B[38;5;124m'\x1B[39m, \x1B[38;5;124m'\x1B[39m\x1B[38;5;124mactive\x1B[39m\x1B[38;5;124m'\x1B[39m, \x1B[38;5;124m'\x1B[39m\x1B[38;5;124mczstack_x\x1B[39m\x1B[38;5;124m'\x1B[39m, \x1B[38;5;124m'\x1B[39m\x1B[38;5;124mczstack_y\x1B[39m\x1B[38;5;124m'\x1B[39m, \x1B[38;5;124m'\x1B[39m\x1B[38;5;124mczstack_z\x1B[39m\x1B[38;5;124m'\x1B[39m, \x1B[38;5;124m'\x1B[39m\x1B[38;5;124mhcr_x\x1B[39m\x1B[38;5;124m'\x1B[39m, \x1B[38;5;124m'\x1B[39m\x1B[38;5;124mhcr_y\x1B[39m\x1B[38;5;124m'\x1B[39m, \x1B[38;5;124m'\x1B[39m\x1B[38;5;124mhcr_z\x1B[39m\x1B[38;5;124m'\x1B[39m]\n",
    '\x1B[0;31mFileNotFoundError\x1B[0m: '
  ]
}
20:11:33.424 [warn] Cell completed with errors [Iu [Error]: Must have equal len keys and value when setting with an iterable
	at n.execute (~/.vscode/extensions/ms-toolsai.jupyter-2025.9.1-linux-x64/dist/extension.node.js:302:4958)] {
  ename: 'ValueError',
  evalue: 'Must have equal len keys and value when setting with an iterable',
  traceback: [
    '\x1B[0;31m---------------------------------------------------------------------------\x1B[0m',
    '\x1B[0;31mValueError\x1B[0m                                Traceback (most recent call last)',
    'Cell \x1B[0;32mIn[12], line 1\x1B[0m\n' +
      "\x1B[0;32m----> 1\x1B[0m \x1B[43mcurrent_landmarks\x1B[49m\x1B[38;5;241;43m.\x1B[39;49m\x1B[43mloc\x1B[49m\x1B[43m[\x1B[49m\x1B[43mcurrent_landmarks\x1B[49m\x1B[38;5;241;43m.\x1B[39;49m\x1B[43mids\x1B[49m\x1B[38;5;241;43m.\x1B[39;49m\x1B[43mstr\x1B[49m\x1B[38;5;241;43m.\x1B[39;49m\x1B[43mstartswith\x1B[49m\x1B[43m(\x1B[49m\x1B[38;5;124;43m'\x1B[39;49m\x1B[38;5;124;43mqced\x1B[39;49m\x1B[38;5;124;43m'\x1B[39;49m\x1B[43m)\x1B[49m\x1B[43m,\x1B[49m\x1B[43m \x1B[49m\x1B[38;5;124;43m'\x1B[39;49m\x1B[38;5;124;43mids\x1B[39;49m\x1B[38;5;124;43m'\x1B[39;49m\x1B[43m]\x1B[49m \x1B[38;5;241m=\x1B[39m prev_qced_ids\n" +
      '\x1B[1;32m      2\x1B[0m \x1B[38;5;28mlen\x1B[39m()\n',
    'File \x1B[0;32m/opt/conda/lib/python3.10/site-packages/pandas/core/indexing.py:912\x1B[0m, in \x1B[0;36m_LocationIndexer.__setitem__\x1B[0;34m(self, key, value)\x1B[0m\n' +
      '\x1B[1;32m    909\x1B[0m \x1B[38;5;28mself\x1B[39m\x1B[38;5;241m.\x1B[39m_has_valid_setitem_indexer(key)\n' +
      '\x1B[1;32m    911\x1B[0m iloc \x1B[38;5;241m=\x1B[39m \x1B[38;5;28mself\x1B[39m \x1B[38;5;28;01mif\x1B[39;00m \x1B[38;5;28mself\x1B[39m\x1B[38;5;241m.\x1B[39mname \x1B[38;5;241m==\x1B[39m \x1B[38;5;124m"\x1B[39m\x1B[38;5;124miloc\x1B[39m\x1B[38;5;124m"\x1B[39m \x1B[38;5;28;01melse\x1B[39;00m \x1B[38;5;28mself\x1B[39m\x1B[38;5;241m.\x1B[39mobj\x1B[38;5;241m.\x1B[39miloc\n' +
      '\x1B[0;32m--> 912\x1B[0m \x1B[43miloc\x1B[49m\x1B[38;5;241;43m.\x1B[39;49m\x1B[43m_setitem_with_indexer\x1B[49m\x1B[43m(\x1B[49m\x1B[43mindexer\x1B[49m\x1B[43m,\x1B[49m\x1B[43m \x1B[49m\x1B[43mvalue\x1B[49m\x1B[43m,\x1B[49m\x1B[43m \x1B[49m\x1B[38;5;28;43mself\x1B[39;49m\x1B[38;5;241;43m.\x1B[39;49m\x1B[43mname\x1B[49m\x1B[43m)\x1B[49m\n',
    'File \x1B[0;32m/opt/conda/lib/python3.10/site-packages/pandas/core/indexing.py:1943\x1B[0m, in \x1B[0;36m_iLocIndexer._setitem_with_indexer\x1B[0;34m(self, indexer, value, name)\x1B[0m\n' +
      '\x1B[1;32m   1940\x1B[0m \x1B[38;5;66;03m# align and set the values\x1B[39;00m\n' +
      '\x1B[1;32m   1941\x1B[0m \x1B[38;5;28;01mif\x1B[39;00m take_split_path:\n' +
      '\x1B[1;32m   1942\x1B[0m     \x1B[38;5;66;03m# We have to operate column-wise\x1B[39;00m\n' +
      '\x1B[0;32m-> 1943\x1B[0m     \x1B[38;5;28;43mself\x1B[39;49m\x1B[38;5;241;43m.\x1B[39;49m\x1B[43m_setitem_with_indexer_split_path\x1B[49m\x1B[43m(\x1B[49m\x1B[43mindexer\x1B[49m\x1B[43m,\x1B[49m\x1B[43m \x1B[49m\x1B[43mvalue\x1B[49m\x1B[43m,\x1B[49m\x1B[43m \x1B[49m\x1B[43mname\x1B[49m\x1B[43m)\x1B[49m\n' +
      '\x1B[1;32m   1944\x1B[0m \x1B[38;5;28;01melse\x1B[39;00m:\n' +
      '\x1B[1;32m   1945\x1B[0m     \x1B[38;5;28mself\x1B[39m\x1B[38;5;241m.\x1B[39m_setitem_single_block(indexer, value, name)\n',
    'File \x1B[0;32m/opt/conda/lib/python3.10/site-packages/pandas/core/indexing.py:2028\x1B[0m, in \x1B[0;36m_iLocIndexer._setitem_with_indexer_split_path\x1B[0;34m(self, indexer, value, name)\x1B[0m\n' +
      '\x1B[1;32m   2025\x1B[0m         \x1B[38;5;28mself\x1B[39m\x1B[38;5;241m.\x1B[39m_setitem_single_column(ilocs[\x1B[38;5;241m0\x1B[39m], value, pi)\n' +
      '\x1B[1;32m   2027\x1B[0m     \x1B[38;5;28;01melse\x1B[39;00m:\n' +
      '\x1B[0;32m-> 2028\x1B[0m         \x1B[38;5;28;01mraise\x1B[39;00m \x1B[38;5;167;01mValueError\x1B[39;00m(\n' +
      '\x1B[1;32m   2029\x1B[0m             \x1B[38;5;124m"\x1B[39m\x1B[38;5;124mMust have equal len keys and value \x1B[39m\x1B[38;5;124m"\x1B[39m\n' +
      '\x1B[1;32m   2030\x1B[0m             \x1B[38;5;124m"\x1B[39m\x1B[38;5;124mwhen setting with an iterable\x1B[39m\x1B[38;5;124m"\x1B[39m\n' +
      '\x1B[1;32m   2031\x1B[0m         )\n' +
      '\x1B[1;32m   2033\x1B[0m \x1B[38;5;28;01melse\x1B[39;00m:\n' +
      '\x1B[1;32m   2034\x1B[0m     \x1B[38;5;66;03m# scalar value\x1B[39;00m\n' +
      '\x1B[1;32m   2035\x1B[0m     \x1B[38;5;28;01mfor\x1B[39;00m loc \x1B[38;5;129;01min\x1B[39;00m ilocs:\n',
    '\x1B[0;31mValueError\x1B[0m: Must have equal len keys and value when setting with an iterable'
  ]
}
20:21:47.449 [error] Widget Error: Failed to access CDN https://unpkg.com/ after 0 attempt(s), TypeError: Failed to fetch
20:22:28.753 [info] Starting Kernel (Python Path: /opt/conda/bin/python, Conda, 3.10.12) for '~/capsule/code/step_4_generate_coreg_table.ipynb' (disableUI=true)
20:22:29.550 [info] Process Execution: /opt/conda/bin/python -m pip list
20:22:29.567 [info] Process Execution: /opt/conda/bin/python -c "import ipykernel; print(ipykernel.__version__); print("5dc3a68c-e34e-4080-9c3e-2a532b2ccb4d"); print(ipykernel.__file__)"
20:22:29.577 [info] Process Execution: /opt/conda/bin/python -m ipykernel_launcher --f=~/.local/share/jupyter/runtime/kernel-v3ad8bd0943c706037a61cc442348d765f456e6565.json
    > cwd: ~/capsule/code
20:22:30.059 [info] Kernel successfully started
20:22:30.603 [error] Widget Error: Failed to access CDN https://unpkg.com/ after 0 attempt(s), TypeError: Failed to fetch
20:23:56.932 [warn] Cell completed with errors [Iu [Error]: name 'final_landmarks_file' is not defined
	at n.execute (~/.vscode/extensions/ms-toolsai.jupyter-2025.9.1-linux-x64/dist/extension.node.js:302:4958)] {
  ename: 'NameError',
  evalue: "name 'final_landmarks_file' is not defined",
  traceback: [
    '\x1B[0;31m---------------------------------------------------------------------------\x1B[0m',
    '\x1B[0;31mNameError\x1B[0m                                 Traceback (most recent call last)',
    'Cell \x1B[0;32mIn[4], line 3\x1B[0m\n' +
      "\x1B[1;32m      1\x1B[0m save_fn \x1B[38;5;241m=\x1B[39m save_dir \x1B[38;5;241m/\x1B[39m \x1B[38;5;124mf\x1B[39m\x1B[38;5;124m'\x1B[39m\x1B[38;5;132;01m{\x1B[39;00msubject_id\x1B[38;5;132;01m}\x1B[39;00m\x1B[38;5;124m_coreg_table.csv\x1B[39m\x1B[38;5;124m'\x1B[39m\n" +
      '\x1B[0;32m----> 3\x1B[0m landmarks \x1B[38;5;241m=\x1B[39m pd\x1B[38;5;241m.\x1B[39mread_csv(\x1B[43mfinal_landmarks_file\x1B[49m)\n' +
      "\x1B[1;32m      4\x1B[0m columns \x1B[38;5;241m=\x1B[39m [\x1B[38;5;124m'\x1B[39m\x1B[38;5;124mids\x1B[39m\x1B[38;5;124m'\x1B[39m, \x1B[38;5;124m'\x1B[39m\x1B[38;5;124mactive\x1B[39m\x1B[38;5;124m'\x1B[39m, \x1B[38;5;124m'\x1B[39m\x1B[38;5;124mczstack_x\x1B[39m\x1B[38;5;124m'\x1B[39m, \x1B[38;5;124m'\x1B[39m\x1B[38;5;124mczstack_y\x1B[39m\x1B[38;5;124m'\x1B[39m, \x1B[38;5;124m'\x1B[39m\x1B[38;5;124mczstack_z\x1B[39m\x1B[38;5;124m'\x1B[39m, \x1B[38;5;124m'\x1B[39m\x1B[38;5;124mhcr_x\x1B[39m\x1B[38;5;124m'\x1B[39m, \x1B[38;5;124m'\x1B[39m\x1B[38;5;124mhcr_y\x1B[39m\x1B[38;5;124m'\x1B[39m, \x1B[38;5;124m'\x1B[39m\x1B[38;5;124mhcr_z\x1B[39m\x1B[38;5;124m'\x1B[39m]\n" +
      '\x1B[1;32m      5\x1B[0m landmarks\x1B[38;5;241m.\x1B[39mcolumns \x1B[38;5;241m=\x1B[39m columns\n',
    "\x1B[0;31mNameError\x1B[0m: name 'final_landmarks_file' is not defined"
  ]
}
20:24:03.170 [warn] Cell completed with errors [Iu [Error]: [Errno 2] No such file or directory: '~/capsule/scratch/755252_2025-07-18_coreg_cpsam/755252_2025-07-18_landmarks_matched_ext_iter4_qced.csv'
	at n.execute (~/.vscode/extensions/ms-toolsai.jupyter-2025.9.1-linux-x64/dist/extension.node.js:302:4958)] {
  ename: 'FileNotFoundError',
  evalue: "[Errno 2] No such file or directory: '~/capsule/scratch/755252_2025-07-18_coreg_cpsam/755252_2025-07-18_landmarks_matched_ext_iter4_qced.csv'",
  traceback: [
    '\x1B[0;31m---------------------------------------------------------------------------\x1B[0m',
    '\x1B[0;31mFileNotFoundError\x1B[0m                         Traceback (most recent call last)',
    'Cell \x1B[0;32mIn[6], line 3\x1B[0m\n' +
      "\x1B[1;32m      1\x1B[0m save_fn \x1B[38;5;241m=\x1B[39m save_dir \x1B[38;5;241m/\x1B[39m \x1B[38;5;124mf\x1B[39m\x1B[38;5;124m'\x1B[39m\x1B[38;5;132;01m{\x1B[39;00msubject_id\x1B[38;5;132;01m}\x1B[39;00m\x1B[38;5;124m_coreg_table.csv\x1B[39m\x1B[38;5;124m'\x1B[39m\n" +
      '\x1B[0;32m----> 3\x1B[0m landmarks \x1B[38;5;241m=\x1B[39m \x1B[43mpd\x1B[49m\x1B[38;5;241;43m.\x1B[39;49m\x1B[43mread_csv\x1B[49m\x1B[43m(\x1B[49m\x1B[43mfinal_landmarks_file\x1B[49m\x1B[43m)\x1B[49m\n' +
      "\x1B[1;32m      4\x1B[0m columns \x1B[38;5;241m=\x1B[39m [\x1B[38;5;124m'\x1B[39m\x1B[38;5;124mids\x1B[39m\x1B[38;5;124m'\x1B[39m, \x1B[38;5;124m'\x1B[39m\x1B[38;5;124mactive\x1B[39m\x1B[38;5;124m'\x1B[39m, \x1B[38;5;124m'\x1B[39m\x1B[38;5;124mczstack_x\x1B[39m\x1B[38;5;124m'\x1B[39m, \x1B[38;5;124m'\x1B[39m\x1B[38;5;124mczstack_y\x1B[39m\x1B[38;5;124m'\x1B[39m, \x1B[38;5;124m'\x1B[39m\x1B[38;5;124mczstack_z\x1B[39m\x1B[38;5;124m'\x1B[39m, \x1B[38;5;124m'\x1B[39m\x1B[38;5;124mhcr_x\x1B[39m\x1B[38;5;124m'\x1B[39m, \x1B[38;5;124m'\x1B[39m\x1B[38;5;124mhcr_y\x1B[39m\x1B[38;5;124m'\x1B[39m, \x1B[38;5;124m'\x1B[39m\x1B[38;5;124mhcr_z\x1B[39m\x1B[38;5;124m'\x1B[39m]\n" +
      '\x1B[1;32m      5\x1B[0m landmarks\x1B[38;5;241m.\x1B[39mcolumns \x1B[38;5;241m=\x1B[39m columns\n',
    'File \x1B[0;32m/opt/conda/lib/python3.10/site-packages/pandas/io/parsers/readers.py:1026\x1B[0m, in \x1B[0;36mread_csv\x1B[0;34m(filepath_or_buffer, sep, delimiter, header, names, index_col, usecols, dtype, engine, converters, true_values, false_values, skipinitialspace, skiprows, skipfooter, nrows, na_values, keep_default_na, na_filter, verbose, skip_blank_lines, parse_dates, infer_datetime_format, keep_date_col, date_parser, date_format, dayfirst, cache_dates, iterator, chunksize, compression, thousands, decimal, lineterminator, quotechar, quoting, doublequote, escapechar, comment, encoding, encoding_errors, dialect, on_bad_lines, delim_whitespace, low_memory, memory_map, float_precision, storage_options, dtype_backend)\x1B[0m\n' +
      '\x1B[1;32m   1013\x1B[0m kwds_defaults \x1B[38;5;241m=\x1B[39m _refine_defaults_read(\n' +
      '\x1B[1;32m   1014\x1B[0m     dialect,\n' +
      '\x1B[1;32m   1015\x1B[0m     delimiter,\n' +
      '\x1B[0;32m   (...)\x1B[0m\n' +
      '\x1B[1;32m   1022\x1B[0m     dtype_backend\x1B[38;5;241m=\x1B[39mdtype_backend,\n' +
      '\x1B[1;32m   1023\x1B[0m )\n' +
      '\x1B[1;32m   1024\x1B[0m kwds\x1B[38;5;241m.\x1B[39mupdate(kwds_defaults)\n' +
      '\x1B[0;32m-> 1026\x1B[0m \x1B[38;5;28;01mreturn\x1B[39;00m \x1B[43m_read\x1B[49m\x1B[43m(\x1B[49m\x1B[43mfilepath_or_buffer\x1B[49m\x1B[43m,\x1B[49m\x1B[43m \x1B[49m\x1B[43mkwds\x1B[49m\x1B[43m)\x1B[49m\n',
    'File \x1B[0;32m/opt/conda/lib/python3.10/site-packages/pandas/io/parsers/readers.py:620\x1B[0m, in \x1B[0;36m_read\x1B[0;34m(filepath_or_buffer, kwds)\x1B[0m\n' +
      '\x1B[1;32m    617\x1B[0m _validate_names(kwds\x1B[38;5;241m.\x1B[39mget(\x1B[38;5;124m"\x1B[39m\x1B[38;5;124mnames\x1B[39m\x1B[38;5;124m"\x1B[39m, \x1B[38;5;28;01mNone\x1B[39;00m))\n' +
      '\x1B[1;32m    619\x1B[0m \x1B[38;5;66;03m# Create the parser.\x1B[39;00m\n' +
      '\x1B[0;32m--> 620\x1B[0m parser \x1B[38;5;241m=\x1B[39m \x1B[43mTextFileReader\x1B[49m\x1B[43m(\x1B[49m\x1B[43mfilepath_or_buffer\x1B[49m\x1B[43m,\x1B[49m\x1B[43m \x1B[49m\x1B[38;5;241;43m*\x1B[39;49m\x1B[38;5;241;43m*\x1B[39;49m\x1B[43mkwds\x1B[49m\x1B[43m)\x1B[49m\n' +
      '\x1B[1;32m    622\x1B[0m \x1B[38;5;28;01mif\x1B[39;00m chunksize \x1B[38;5;129;01mor\x1B[39;00m iterator:\n' +
      '\x1B[1;32m    623\x1B[0m     \x1B[38;5;28;01mreturn\x1B[39;00m parser\n',
    'File \x1B[0;32m/opt/conda/lib/python3.10/site-packages/pandas/io/parsers/readers.py:1620\x1B[0m, in \x1B[0;36mTextFileReader.__init__\x1B[0;34m(self, f, engine, **kwds)\x1B[0m\n' +
      '\x1B[1;32m   1617\x1B[0m     \x1B[38;5;28mself\x1B[39m\x1B[38;5;241m.\x1B[39moptions[\x1B[38;5;124m"\x1B[39m\x1B[38;5;124mhas_index_names\x1B[39m\x1B[38;5;124m"\x1B[39m] \x1B[38;5;241m=\x1B[39m kwds[\x1B[38;5;124m"\x1B[39m\x1B[38;5;124mhas_index_names\x1B[39m\x1B[38;5;124m"\x1B[39m]\n' +
      '\x1B[1;32m   1619\x1B[0m \x1B[38;5;28mself\x1B[39m\x1B[38;5;241m.\x1B[39mhandles: IOHandles \x1B[38;5;241m|\x1B[39m \x1B[38;5;28;01mNone\x1B[39;00m \x1B[38;5;241m=\x1B[39m \x1B[38;5;28;01mNone\x1B[39;00m\n' +
      '\x1B[0;32m-> 1620\x1B[0m \x1B[38;5;28mself\x1B[39m\x1B[38;5;241m.\x1B[39m_engine \x1B[38;5;241m=\x1B[39m \x1B[38;5;28;43mself\x1B[39;49m\x1B[38;5;241;43m.\x1B[39;49m\x1B[43m_make_engine\x1B[49m\x1B[43m(\x1B[49m\x1B[43mf\x1B[49m\x1B[43m,\x1B[49m\x1B[43m \x1B[49m\x1B[38;5;28;43mself\x1B[39;49m\x1B[38;5;241;43m.\x1B[39;49m\x1B[43mengine\x1B[49m\x1B[43m)\x1B[49m\n',
    'File \x1B[0;32m/opt/conda/lib/python3.10/site-packages/pandas/io/parsers/readers.py:1880\x1B[0m, in \x1B[0;36mTextFileReader._make_engine\x1B[0;34m(self, f, engine)\x1B[0m\n' +
      '\x1B[1;32m   1878\x1B[0m     \x1B[38;5;28;01mif\x1B[39;00m \x1B[38;5;124m"\x1B[39m\x1B[38;5;124mb\x1B[39m\x1B[38;5;124m"\x1B[39m \x1B[38;5;129;01mnot\x1B[39;00m \x1B[38;5;129;01min\x1B[39;00m mode:\n' +
      '\x1B[1;32m   1879\x1B[0m         mode \x1B[38;5;241m+\x1B[39m\x1B[38;5;241m=\x1B[39m \x1B[38;5;124m"\x1B[39m\x1B[38;5;124mb\x1B[39m\x1B[38;5;124m"\x1B[39m\n' +
      '\x1B[0;32m-> 1880\x1B[0m \x1B[38;5;28mself\x1B[39m\x1B[38;5;241m.\x1B[39mhandles \x1B[38;5;241m=\x1B[39m \x1B[43mget_handle\x1B[49m\x1B[43m(\x1B[49m\n' +
      '\x1B[1;32m   1881\x1B[0m \x1B[43m    \x1B[49m\x1B[43mf\x1B[49m\x1B[43m,\x1B[49m\n' +
      '\x1B[1;32m   1882\x1B[0m \x1B[43m    \x1B[49m\x1B[43mmode\x1B[49m\x1B[43m,\x1B[49m\n' +
      '\x1B[1;32m   1883\x1B[0m \x1B[43m    \x1B[49m\x1B[43mencoding\x1B[49m\x1B[38;5;241;43m=\x1B[39;49m\x1B[38;5;28;43mself\x1B[39;49m\x1B[38;5;241;43m.\x1B[39;49m\x1B[43moptions\x1B[49m\x1B[38;5;241;43m.\x1B[39;49m\x1B[43mget\x1B[49m\x1B[43m(\x1B[49m\x1B[38;5;124;43m"\x1B[39;49m\x1B[38;5;124;43mencoding\x1B[39;49m\x1B[38;5;124;43m"\x1B[39;49m\x1B[43m,\x1B[49m\x1B[43m \x1B[49m\x1B[38;5;28;43;01mNone\x1B[39;49;00m\x1B[43m)\x1B[49m\x1B[43m,\x1B[49m\n' +
      '\x1B[1;32m   1884\x1B[0m \x1B[43m    \x1B[49m\x1B[43mcompression\x1B[49m\x1B[38;5;241;43m=\x1B[39;49m\x1B[38;5;28;43mself\x1B[39;49m\x1B[38;5;241;43m.\x1B[39;49m\x1B[43moptions\x1B[49m\x1B[38;5;241;43m.\x1B[39;49m\x1B[43mget\x1B[49m\x1B[43m(\x1B[49m\x1B[38;5;124;43m"\x1B[39;49m\x1B[38;5;124;43mcompression\x1B[39;49m\x1B[38;5;124;43m"\x1B[39;49m\x1B[43m,\x1B[49m\x1B[43m \x1B[49m\x1B[38;5;28;43;01mNone\x1B[39;49;00m\x1B[43m)\x1B[49m\x1B[43m,\x1B[49m\n' +
      '\x1B[1;32m   1885\x1B[0m \x1B[43m    \x1B[49m\x1B[43mmemory_map\x1B[49m\x1B[38;5;241;43m=\x1B[39;49m\x1B[38;5;28;43mself\x1B[39;49m\x1B[38;5;241;43m.\x1B[39;49m\x1B[43moptions\x1B[49m\x1B[38;5;241;43m.\x1B[39;49m\x1B[43mget\x1B[49m\x1B[43m(\x1B[49m\x1B[38;5;124;43m"\x1B[39;49m\x1B[38;5;124;43mmemory_map\x1B[39;49m\x1B[38;5;124;43m"\x1B[39;49m\x1B[43m,\x1B[49m\x1B[43m \x1B[49m\x1B[38;5;28;43;01mFalse\x1B[39;49;00m\x1B[43m)\x1B[49m\x1B[43m,\x1B[49m\n' +
      '\x1B[1;32m   1886\x1B[0m \x1B[43m    \x1B[49m\x1B[43mis_text\x1B[49m\x1B[38;5;241;43m=\x1B[39;49m\x1B[43mis_text\x1B[49m\x1B[43m,\x1B[49m\n' +
      '\x1B[1;32m   1887\x1B[0m \x1B[43m    \x1B[49m\x1B[43merrors\x1B[49m\x1B[38;5;241;43m=\x1B[39;49m\x1B[38;5;28;43mself\x1B[39;49m\x1B[38;5;241;43m.\x1B[39;49m\x1B[43moptions\x1B[49m\x1B[38;5;241;43m.\x1B[39;49m\x1B[43mget\x1B[49m\x1B[43m(\x1B[49m\x1B[38;5;124;43m"\x1B[39;49m\x1B[38;5;124;43mencoding_errors\x1B[39;49m\x1B[38;5;124;43m"\x1B[39;49m\x1B[43m,\x1B[49m\x1B[43m \x1B[49m\x1B[38;5;124;43m"\x1B[39;49m\x1B[38;5;124;43mstrict\x1B[39;49m\x1B[38;5;124;43m"\x1B[39;49m\x1B[43m)\x1B[49m\x1B[43m,\x1B[49m\n' +
      '\x1B[1;32m   1888\x1B[0m \x1B[43m    \x1B[49m\x1B[43mstorage_options\x1B[49m\x1B[38;5;241;43m=\x1B[39;49m\x1B[38;5;28;43mself\x1B[39;49m\x1B[38;5;241;43m.\x1B[39;49m\x1B[43moptions\x1B[49m\x1B[38;5;241;43m.\x1B[39;49m\x1B[43mget\x1B[49m\x1B[43m(\x1B[49m\x1B[38;5;124;43m"\x1B[39;49m\x1B[38;5;124;43mstorage_options\x1B[39;49m\x1B[38;5;124;43m"\x1B[39;49m\x1B[43m,\x1B[49m\x1B[43m \x1B[49m\x1B[38;5;28;43;01mNone\x1B[39;49;00m\x1B[43m)\x1B[49m\x1B[43m,\x1B[49m\n' +
      '\x1B[1;32m   1889\x1B[0m \x1B[43m\x1B[49m\x1B[43m)\x1B[49m\n' +
      '\x1B[1;32m   1890\x1B[0m \x1B[38;5;28;01massert\x1B[39;00m \x1B[38;5;28mself\x1B[39m\x1B[38;5;241m.\x1B[39mhandles \x1B[38;5;129;01mis\x1B[39;00m \x1B[38;5;129;01mnot\x1B[39;00m \x1B[38;5;28;01mNone\x1B[39;00m\n' +
      '\x1B[1;32m   1891\x1B[0m f \x1B[38;5;241m=\x1B[39m \x1B[38;5;28mself\x1B[39m\x1B[38;5;241m.\x1B[39mhandles\x1B[38;5;241m.\x1B[39mhandle\n',
    'File \x1B[0;32m/opt/conda/lib/python3.10/site-packages/pandas/io/common.py:873\x1B[0m, in \x1B[0;36mget_handle\x1B[0;34m(path_or_buf, mode, encoding, compression, memory_map, is_text, errors, storage_options)\x1B[0m\n' +
      '\x1B[1;32m    868\x1B[0m \x1B[38;5;28;01melif\x1B[39;00m \x1B[38;5;28misinstance\x1B[39m(handle, \x1B[38;5;28mstr\x1B[39m):\n' +
      '\x1B[1;32m    869\x1B[0m     \x1B[38;5;66;03m# Check whether the filename is to be opened in binary mode.\x1B[39;00m\n' +
      "\x1B[1;32m    870\x1B[0m     \x1B[38;5;66;03m# Binary mode does not support 'encoding' and 'newline'.\x1B[39;00m\n" +
      '\x1B[1;32m    871\x1B[0m     \x1B[38;5;28;01mif\x1B[39;00m ioargs\x1B[38;5;241m.\x1B[39mencoding \x1B[38;5;129;01mand\x1B[39;00m \x1B[38;5;124m"\x1B[39m\x1B[38;5;124mb\x1B[39m\x1B[38;5;124m"\x1B[39m \x1B[38;5;129;01mnot\x1B[39;00m \x1B[38;5;129;01min\x1B[39;00m ioargs\x1B[38;5;241m.\x1B[39mmode:\n' +
      '\x1B[1;32m    872\x1B[0m         \x1B[38;5;66;03m# Encoding\x1B[39;00m\n' +
      '\x1B[0;32m--> 873\x1B[0m         handle \x1B[38;5;241m=\x1B[39m \x1B[38;5;28;43mopen\x1B[39;49m\x1B[43m(\x1B[49m\n' +
      '\x1B[1;32m    874\x1B[0m \x1B[43m            \x1B[49m\x1B[43mhandle\x1B[49m\x1B[43m,\x1B[49m\n' +
      '\x1B[1;32m    875\x1B[0m \x1B[43m            \x1B[49m\x1B[43mioargs\x1B[49m\x1B[38;5;241;43m.\x1B[39;49m\x1B[43mmode\x1B[49m\x1B[43m,\x1B[49m\n' +
      '\x1B[1;32m    876\x1B[0m \x1B[43m            \x1B[49m\x1B[43mencoding\x1B[49m\x1B[38;5;241;43m=\x1B[39;49m\x1B[43mioargs\x1B[49m\x1B[38;5;241;43m.\x1B[39;49m\x1B[43mencoding\x1B[49m\x1B[43m,\x1B[49m\n' +
      '\x1B[1;32m    877\x1B[0m \x1B[43m            \x1B[49m\x1B[43merrors\x1B[49m\x1B[38;5;241;43m=\x1B[39;49m\x1B[43merrors\x1B[49m\x1B[43m,\x1B[49m\n' +
      '\x1B[1;32m    878\x1B[0m \x1B[43m            \x1B[49m\x1B[43mnewline\x1B[49m\x1B[38;5;241;43m=\x1B[39;49m\x1B[38;5;124;43m"\x1B[39;49m\x1B[38;5;124;43m"\x1B[39;49m\x1B[43m,\x1B[49m\n' +
      '\x1B[1;32m    879\x1B[0m \x1B[43m        \x1B[49m\x1B[43m)\x1B[49m\n' +
      '\x1B[1;32m    880\x1B[0m     \x1B[38;5;28;01melse\x1B[39;00m:\n' +
      '\x1B[1;32m    881\x1B[0m         \x1B[38;5;66;03m# Binary mode\x1B[39;00m\n' +
      '\x1B[1;32m    882\x1B[0m         handle \x1B[38;5;241m=\x1B[39m \x1B[38;5;28mopen\x1B[39m(handle, ioargs\x1B[38;5;241m.\x1B[39mmode)\n',
    "\x1B[0;31mFileNotFoundError\x1B[0m: [Errno 2] No such file or directory: '~/capsule/scratch/755252_2025-07-18_coreg_cpsam/755252_2025-07-18_landmarks_matched_ext_iter4_qced.csv'"
  ]
}
20:29:35.242 [info] Disposing request as the cell (-1) was deleted ~/capsule/code/step_4_generate_coreg_table.ipynb
20:31:47.102 [warn] Cell completed with errors [Iu [Error]: AssertionError
	at n.execute (~/.vscode/extensions/ms-toolsai.jupyter-2025.9.1-linux-x64/dist/extension.node.js:302:4958)] {
  ename: 'AssertionError',
  evalue: '',
  traceback: [
    '\x1B[0;31m---------------------------------------------------------------------------\x1B[0m',
    '\x1B[0;31mAssertionError\x1B[0m                            Traceback (most recent call last)',
    'Cell \x1B[0;32mIn[17], line 5\x1B[0m\n' +
      "\x1B[1;32m      3\x1B[0m check_df \x1B[38;5;241m=\x1B[39m pd\x1B[38;5;241m.\x1B[39mDataFrame({\x1B[38;5;124m'\x1B[39m\x1B[38;5;124mczstack_id\x1B[39m\x1B[38;5;124m'\x1B[39m: zstack_ids, \x1B[38;5;124m'\x1B[39m\x1B[38;5;124mhcr_id\x1B[39m\x1B[38;5;124m'\x1B[39m: hcr_ids})\n" +
      "\x1B[1;32m      4\x1B[0m check_df \x1B[38;5;241m=\x1B[39m check_df\x1B[38;5;241m.\x1B[39msort_values(by\x1B[38;5;241m=\x1B[39m\x1B[38;5;124m'\x1B[39m\x1B[38;5;124mczstack_id\x1B[39m\x1B[38;5;124m'\x1B[39m)\x1B[38;5;241m.\x1B[39mreset_index(drop\x1B[38;5;241m=\x1B[39m\x1B[38;5;28;01mTrue\x1B[39;00m)\n" +
      '\x1B[0;32m----> 5\x1B[0m \x1B[38;5;28;01massert\x1B[39;00m check_df\x1B[38;5;241m.\x1B[39mequals(matched_landmarks)\n',
    '\x1B[0;31mAssertionError\x1B[0m: '
  ]
}
20:32:18.889 [warn] Cell completed with errors [Iu [Error]: name 'czstack_ids' is not defined
	at n.execute (~/.vscode/extensions/ms-toolsai.jupyter-2025.9.1-linux-x64/dist/extension.node.js:302:4958)] {
  ename: 'NameError',
  evalue: "name 'czstack_ids' is not defined",
  traceback: [
    '\x1B[0;31m---------------------------------------------------------------------------\x1B[0m',
    '\x1B[0;31mNameError\x1B[0m                                 Traceback (most recent call last)',
    'Cell \x1B[0;32mIn[20], line 1\x1B[0m\n' +
      '\x1B[0;32m----> 1\x1B[0m \x1B[38;5;28mlen\x1B[39m(\x1B[43mczstack_ids\x1B[49m)\n',
    "\x1B[0;31mNameError\x1B[0m: name 'czstack_ids' is not defined"
  ]
}
20:32:27.606 [warn] Cell completed with errors [Iu [Error]: AssertionError
	at n.execute (~/.vscode/extensions/ms-toolsai.jupyter-2025.9.1-linux-x64/dist/extension.node.js:302:4958)] {
  ename: 'AssertionError',
  evalue: '',
  traceback: [
    '\x1B[0;31m---------------------------------------------------------------------------\x1B[0m',
    '\x1B[0;31mAssertionError\x1B[0m                            Traceback (most recent call last)',
    'Cell \x1B[0;32mIn[21], line 5\x1B[0m\n' +
      "\x1B[1;32m      3\x1B[0m check_df \x1B[38;5;241m=\x1B[39m pd\x1B[38;5;241m.\x1B[39mDataFrame({\x1B[38;5;124m'\x1B[39m\x1B[38;5;124mczstack_id\x1B[39m\x1B[38;5;124m'\x1B[39m: czstack_ids, \x1B[38;5;124m'\x1B[39m\x1B[38;5;124mhcr_id\x1B[39m\x1B[38;5;124m'\x1B[39m: hcr_ids})\n" +
      "\x1B[1;32m      4\x1B[0m check_df \x1B[38;5;241m=\x1B[39m check_df\x1B[38;5;241m.\x1B[39msort_values(by\x1B[38;5;241m=\x1B[39m\x1B[38;5;124m'\x1B[39m\x1B[38;5;124mczstack_id\x1B[39m\x1B[38;5;124m'\x1B[39m)\x1B[38;5;241m.\x1B[39mreset_index(drop\x1B[38;5;241m=\x1B[39m\x1B[38;5;28;01mTrue\x1B[39;00m)\n" +
      '\x1B[0;32m----> 5\x1B[0m \x1B[38;5;28;01massert\x1B[39;00m check_df\x1B[38;5;241m.\x1B[39mequals(matched_landmarks)\n',
    '\x1B[0;31mAssertionError\x1B[0m: '
  ]
}
20:33:10.959 [info] Disposing request as the cell (-1) was deleted ~/capsule/code/step_4_generate_coreg_table.ipynb
20:33:29.203 [warn] Cell completed with errors [Iu [Error]: AssertionError
	at n.execute (~/.vscode/extensions/ms-toolsai.jupyter-2025.9.1-linux-x64/dist/extension.node.js:302:4958)] {
  ename: 'AssertionError',
  evalue: '',
  traceback: [
    '\x1B[0;31m---------------------------------------------------------------------------\x1B[0m',
    '\x1B[0;31mAssertionError\x1B[0m                            Traceback (most recent call last)',
    'Cell \x1B[0;32mIn[25], line 26\x1B[0m\n' +
      "\x1B[1;32m     24\x1B[0m check_df \x1B[38;5;241m=\x1B[39m pd\x1B[38;5;241m.\x1B[39mDataFrame({\x1B[38;5;124m'\x1B[39m\x1B[38;5;124mczstack_id\x1B[39m\x1B[38;5;124m'\x1B[39m: czstack_ids, \x1B[38;5;124m'\x1B[39m\x1B[38;5;124mhcr_id\x1B[39m\x1B[38;5;124m'\x1B[39m: hcr_ids})\n" +
      "\x1B[1;32m     25\x1B[0m check_df \x1B[38;5;241m=\x1B[39m check_df\x1B[38;5;241m.\x1B[39msort_values(by\x1B[38;5;241m=\x1B[39m\x1B[38;5;124m'\x1B[39m\x1B[38;5;124mczstack_id\x1B[39m\x1B[38;5;124m'\x1B[39m)\x1B[38;5;241m.\x1B[39mreset_index(drop\x1B[38;5;241m=\x1B[39m\x1B[38;5;28;01mTrue\x1B[39;00m)\n" +
      '\x1B[0;32m---> 26\x1B[0m \x1B[38;5;28;01massert\x1B[39;00m check_df\x1B[38;5;241m.\x1B[39mequals(matched_landmarks)\n' +
      "\x1B[1;32m     28\x1B[0m matched_landmarks \x1B[38;5;241m=\x1B[39m matched_landmarks\x1B[38;5;241m.\x1B[39msort_values(by\x1B[38;5;241m=\x1B[39m\x1B[38;5;124m'\x1B[39m\x1B[38;5;124mczstack_id\x1B[39m\x1B[38;5;124m'\x1B[39m)[[\x1B[38;5;124m'\x1B[39m\x1B[38;5;124mczstack_id\x1B[39m\x1B[38;5;124m'\x1B[39m, \x1B[38;5;124m'\x1B[39m\x1B[38;5;124mhcr_id\x1B[39m\x1B[38;5;124m'\x1B[39m]]\x1B[38;5;241m.\x1B[39mreset_index(drop\x1B[38;5;241m=\x1B[39m\x1B[38;5;28;01mTrue\x1B[39;00m)\n" +
      '\x1B[1;32m     29\x1B[0m matched_landmarks\x1B[38;5;241m.\x1B[39mto_csv(save_fn, index\x1B[38;5;241m=\x1B[39m\x1B[38;5;28;01mFalse\x1B[39;00m)\n',
    '\x1B[0;31mAssertionError\x1B[0m: '
  ]
}
20:34:47.551 [warn] Cell completed with errors [Iu [Error]: unterminated string literal (detected at line 9) (1335377691.py, line 9)
	at n.execute (~/.vscode/extensions/ms-toolsai.jupyter-2025.9.1-linux-x64/dist/extension.node.js:302:4958)] {
  ename: 'SyntaxError',
  evalue: 'unterminated string literal (detected at line 9) (1335377691.py, line 9)',
  traceback: [
    '\x1B[0;36m  Cell \x1B[0;32mIn[27], line 9\x1B[0;36m\x1B[0m\n' +
      "\x1B[0;31m    assert not next_to_final_landmarks_file.exists(), f'{next_to_final_landmarks_file} does\x1B[0m\n" +
      '\x1B[0m                                                      ^\x1B[0m\n' +
      '\x1B[0;31mSyntaxError\x1B[0m\x1B[0;31m:\x1B[0m unterminated string literal (detected at line 9)\n'
  ]
}
20:34:55.224 [warn] Cell completed with errors [Iu [Error]: unterminated string literal (detected at line 9) (2283696757.py, line 9)
	at n.execute (~/.vscode/extensions/ms-toolsai.jupyter-2025.9.1-linux-x64/dist/extension.node.js:302:4958)] {
  ename: 'SyntaxError',
  evalue: 'unterminated string literal (detected at line 9) (2283696757.py, line 9)',
  traceback: [
    '\x1B[0;36m  Cell \x1B[0;32mIn[28], line 9\x1B[0;36m\x1B[0m\n' +
      "\x1B[0;31m    assert ~next_to_final_landmarks_file.exists(), f'{next_to_final_landmarks_file} does\x1B[0m\n" +
      '\x1B[0m                                                   ^\x1B[0m\n' +
      '\x1B[0;31mSyntaxError\x1B[0m\x1B[0;31m:\x1B[0m unterminated string literal (detected at line 9)\n'
  ]
}
20:35:06.295 [warn] Cell completed with errors [Iu [Error]: unterminated string literal (detected at line 9) (1335377691.py, line 9)
	at n.execute (~/.vscode/extensions/ms-toolsai.jupyter-2025.9.1-linux-x64/dist/extension.node.js:302:4958)] {
  ename: 'SyntaxError',
  evalue: 'unterminated string literal (detected at line 9) (1335377691.py, line 9)',
  traceback: [
    '\x1B[0;36m  Cell \x1B[0;32mIn[29], line 9\x1B[0;36m\x1B[0m\n' +
      "\x1B[0;31m    assert not next_to_final_landmarks_file.exists(), f'{next_to_final_landmarks_file} does\x1B[0m\n" +
      '\x1B[0m                                                      ^\x1B[0m\n' +
      '\x1B[0;31mSyntaxError\x1B[0m\x1B[0;31m:\x1B[0m unterminated string literal (detected at line 9)\n'
  ]
}
20:35:29.658 [warn] Cell completed with errors [Iu [Error]: unterminated string literal (detected at line 9) (40135970.py, line 9)
	at n.execute (~/.vscode/extensions/ms-toolsai.jupyter-2025.9.1-linux-x64/dist/extension.node.js:302:4958)] {
  ename: 'SyntaxError',
  evalue: 'unterminated string literal (detected at line 9) (40135970.py, line 9)',
  traceback: [
    '\x1B[0;36m  Cell \x1B[0;32mIn[31], line 9\x1B[0;36m\x1B[0m\n' +
      "\x1B[0;31m    assert (not next_to_final_landmarks_file.exists()), f'{next_to_final_landmarks_file} does\x1B[0m\n" +
      '\x1B[0m                                                        ^\x1B[0m\n' +
      '\x1B[0;31mSyntaxError\x1B[0m\x1B[0;31m:\x1B[0m unterminated string literal (detected at line 9)\n'
  ]
}
20:45:36.576 [warn] Cell completed with errors [Iu [Error]: name 'czstack_seg_path' is not defined
	at n.execute (~/.vscode/extensions/ms-toolsai.jupyter-2025.9.1-linux-x64/dist/extension.node.js:302:4958)] {
  ename: 'NameError',
  evalue: "name 'czstack_seg_path' is not defined",
  traceback: [
    '\x1B[0;31m---------------------------------------------------------------------------\x1B[0m',
    '\x1B[0;31mNameError\x1B[0m                                 Traceback (most recent call last)',
    'Cell \x1B[0;32mIn[10], line 3\x1B[0m\n' +
      "\x1B[1;32m      1\x1B[0m czstack_seg_outline_path \x1B[38;5;241m=\x1B[39m save_dir \x1B[38;5;241m/\x1B[39m \x1B[38;5;124mf\x1B[39m\x1B[38;5;124m'\x1B[39m\x1B[38;5;132;01m{\x1B[39;00mcoreg_name\x1B[38;5;132;01m}\x1B[39;00m\x1B[38;5;124m_seg-mask-outline.tif\x1B[39m\x1B[38;5;124m'\x1B[39m\n" +
      '\x1B[0;32m----> 3\x1B[0m czstack_masks \x1B[38;5;241m=\x1B[39m tiff\x1B[38;5;241m.\x1B[39mimread(\x1B[43mczstack_seg_path\x1B[49m)\n' +
      '\x1B[1;32m      4\x1B[0m czstack_masks_outline \x1B[38;5;241m=\x1B[39m np\x1B[38;5;241m.\x1B[39mzeros_like(czstack_masks,dtype\x1B[38;5;241m=\x1B[39mnp\x1B[38;5;241m.\x1B[39muint8)\n' +
      '\x1B[1;32m      5\x1B[0m kernel \x1B[38;5;241m=\x1B[39m np\x1B[38;5;241m.\x1B[39mones((\x1B[38;5;241m3\x1B[39m, \x1B[38;5;241m3\x1B[39m), np\x1B[38;5;241m.\x1B[39muint8)\n',
    "\x1B[0;31mNameError\x1B[0m: name 'czstack_seg_path' is not defined"
  ]
}
20:46:30.659 [error] Widget Error: Failed to access CDN https://unpkg.com/ after 0 attempt(s), TypeError: Failed to fetch
20:47:00.035 [warn] Cell completed with errors [Iu [Error]: Generate landmarks using BigDataViewer for 790322
	at n.execute (~/.vscode/extensions/ms-toolsai.jupyter-2025.9.1-linux-x64/dist/extension.node.js:302:4958)] {
  ename: 'AssertionError',
  evalue: 'Generate landmarks using BigDataViewer for 790322',
  traceback: [
    '\x1B[0;31m---------------------------------------------------------------------------\x1B[0m',
    '\x1B[0;31mAssertionError\x1B[0m                            Traceback (most recent call last)',
    'Cell \x1B[0;32mIn[3], line 2\x1B[0m\n' +
      "\x1B[1;32m      1\x1B[0m landmark_file \x1B[38;5;241m=\x1B[39m save_dir \x1B[38;5;241m/\x1B[39m \x1B[38;5;124mf\x1B[39m\x1B[38;5;124m'\x1B[39m\x1B[38;5;132;01m{\x1B[39;00msubject_id\x1B[38;5;132;01m}\x1B[39;00m\x1B[38;5;124m_\x1B[39m\x1B[38;5;132;01m{\x1B[39;00mczstack_date\x1B[38;5;132;01m}\x1B[39;00m\x1B[38;5;124m_landmarks.csv\x1B[39m\x1B[38;5;124m'\x1B[39m\n" +
      "\x1B[0;32m----> 2\x1B[0m \x1B[38;5;28;01massert\x1B[39;00m landmark_file\x1B[38;5;241m.\x1B[39mexists(), \x1B[38;5;124mf\x1B[39m\x1B[38;5;124m'\x1B[39m\x1B[38;5;124mGenerate landmarks using BigDataViewer for \x1B[39m\x1B[38;5;132;01m{\x1B[39;00msubject_id\x1B[38;5;132;01m}\x1B[39;00m\x1B[38;5;124m'\x1B[39m\n",
    '\x1B[0;31mAssertionError\x1B[0m: Generate landmarks using BigDataViewer for 790322'
  ]
}
22:17:37.883 [info] Disposing request as the cell (-1) was deleted ~/capsule/code/step_3_more_iterations.ipynb
22:17:37.883 [info] Disposing request as the cell (-1) was deleted ~/capsule/code/step_3_more_iterations.ipynb
22:17:37.964 [info] Disposing request as the cell (-1) was deleted ~/capsule/code/step_3_more_iterations.ipynb
22:17:38.084 [info] Disposing request as the cell (-1) was deleted ~/capsule/code/step_3_more_iterations.ipynb
22:17:38.195 [info] Disposing request as the cell (-1) was deleted ~/capsule/code/step_3_more_iterations.ipynb
22:17:38.195 [info] Disposing request as the cell (-1) was deleted ~/capsule/code/step_3_more_iterations.ipynb
22:17:38.796 [info] Disposing request as the cell (-1) was deleted ~/capsule/code/step_3_more_iterations.ipynb
22:17:44.000 [info] Disposing request as the cell (-1) was deleted ~/capsule/code/step_4_generate_coreg_table.ipynb
22:17:44.000 [info] Disposing request as the cell (-1) was deleted ~/capsule/code/step_4_generate_coreg_table.ipynb
22:17:44.000 [info] Disposing request as the cell (-1) was deleted ~/capsule/code/step_4_generate_coreg_table.ipynb
22:17:44.378 [info] Disposing request as the cell (-1) was deleted ~/capsule/code/step_4_generate_coreg_table.ipynb
22:17:44.378 [info] Disposing request as the cell (-1) was deleted ~/capsule/code/step_4_generate_coreg_table.ipynb
22:17:44.378 [info] Disposing request as the cell (-1) was deleted ~/capsule/code/step_4_generate_coreg_table.ipynb
22:17:44.378 [info] Disposing request as the cell (-1) was deleted ~/capsule/code/step_4_generate_coreg_table.ipynb
