Visual Studio Code (1.109.5, undefined, desktop)
Jupyter Extension Version: 2025.9.1.
Python Extension Version: 2026.2.0.
Python Environment Extension Version: 1.20.1.
Pylance Extension Version: 2026.1.1.
Platform: linux (x64).
Home = /root
Temp Storage folder ~/capsule/code/vscode-data/User/globalStorage/ms-toolsai.jupyter/version-2025.9.1
Workspace folder ~/capsule
22:20:29.582 [info] Starting Kernel (Python Path: /opt/conda/bin/python, Conda, 3.10.12) for '~/capsule/code/step_2_iterate_estimation_and_generate_results.ipynb' (disableUI=true)
22:20:31.311 [info] Process Execution: /opt/conda/bin/python -c "import ipykernel; print(ipykernel.__version__); print("5dc3a68c-e34e-4080-9c3e-2a532b2ccb4d"); print(ipykernel.__file__)"
22:20:31.319 [info] Process Execution: /opt/conda/bin/python -m ipykernel_launcher --f=~/.local/share/jupyter/runtime/kernel-v39d71d95c7647c4a23f1a850636b25140f7218ec9.json
    > cwd: ~/capsule/code
22:20:31.343 [info] Process Execution: /opt/conda/bin/python -m pip list
22:20:32.060 [info] Kernel successfully started
22:20:32.070 [info] Process Execution: /opt/conda/bin/python ~/.vscode/extensions/ms-toolsai.jupyter-2025.9.1-linux-x64/pythonFiles/printJupyterDataDir.py
22:20:32.674 [error] Widget Error: Failed to access CDN https://unpkg.com/ after 0 attempt(s), TypeError: Failed to fetch
22:24:00.010 [warn] Cell completed with errors [Iu [Error]: "None of ['hcr_id'] are in the columns"
	at n.execute (~/.vscode/extensions/ms-toolsai.jupyter-2025.9.1-linux-x64/dist/extension.node.js:302:4958)] {
  ename: 'KeyError',
  evalue: `"None of ['hcr_id'] are in the columns"`,
  traceback: [
    '\x1B[0;31m---------------------------------------------------------------------------\x1B[0m',
    '\x1B[0;31mKeyError\x1B[0m                                  Traceback (most recent call last)',
    '\x1B[0;32m/tmp/ipykernel_7728/2689916062.py\x1B[0m in \x1B[0;36m?\x1B[0;34m()\x1B[0m\n' +
      '\x1B[1;32m      9\x1B[0m     \x1B[0mspot_488_bounding_box\x1B[0m \x1B[0;34m=\x1B[0m \x1B[0mpd\x1B[0m\x1B[0;34m.\x1B[0m\x1B[0mconcat\x1B[0m\x1B[0;34m(\x1B[0m\x1B[0;34m[\x1B[0m\x1B[0mspot_488_bounding_box_min\x1B[0m\x1B[0;34m,\x1B[0m \x1B[0mspot_488_bounding_box_max\x1B[0m\x1B[0;34m]\x1B[0m\x1B[0;34m,\x1B[0m \x1B[0maxis\x1B[0m\x1B[0;34m=\x1B[0m\x1B[0;36m1\x1B[0m\x1B[0;34m)\x1B[0m\x1B[0;34m\x1B[0m\x1B[0;34m\x1B[0m\x1B[0m\n' +
      "\x1B[1;32m     10\x1B[0m     \x1B[0mspot_488_bounding_box\x1B[0m\x1B[0;34m[\x1B[0m\x1B[0;34m'bb_volume'\x1B[0m\x1B[0;34m]\x1B[0m \x1B[0;34m=\x1B[0m \x1B[0;34m(\x1B[0m\x1B[0mspot_488_bounding_box\x1B[0m\x1B[0;34m[\x1B[0m\x1B[0;34m'max_x'\x1B[0m\x1B[0;34m]\x1B[0m \x1B[0;34m-\x1B[0m \x1B[0mspot_488_bounding_box\x1B[0m\x1B[0;34m[\x1B[0m\x1B[0;34m'min_x'\x1B[0m\x1B[0;34m]\x1B[0m \x1B[0;34m+\x1B[0m \x1B[0;36m1\x1B[0m\x1B[0;34m)\x1B[0m \x1B[0;34m*\x1B[0m \x1B[0;34m(\x1B[0m\x1B[0mspot_488_bounding_box\x1B[0m\x1B[0;34m[\x1B[0m\x1B[0;34m'max_y'\x1B[0m\x1B[0;34m]\x1B[0m \x1B[0;34m-\x1B[0m \x1B[0mspot_488_bounding_box\x1B[0m\x1B[0;34m[\x1B[0m\x1B[0;34m'min_y'\x1B[0m\x1B[0;34m]\x1B[0m \x1B[0;34m+\x1B[0m \x1B[0;36m1\x1B[0m\x1B[0;34m)\x1B[0m \x1B[0;34m*\x1B[0m \x1B[0;34m(\x1B[0m\x1B[0mspot_488_bounding_box\x1B[0m\x1B[0;34m[\x1B[0m\x1B[0;34m'max_z'\x1B[0m\x1B[0;34m]\x1B[0m \x1B[0;34m-\x1B[0m \x1B[0mspot_488_bounding_box\x1B[0m\x1B[0;34m[\x1B[0m\x1B[0;34m'min_z'\x1B[0m\x1B[0;34m]\x1B[0m \x1B[0;34m+\x1B[0m \x1B[0;36m1\x1B[0m\x1B[0;34m)\x1B[0m\x1B[0;34m\x1B[0m\x1B[0;34m\x1B[0m\x1B[0m\n" +
      "\x1B[1;32m     11\x1B[0m     \x1B[0mspot_488_counts\x1B[0m \x1B[0;34m=\x1B[0m \x1B[0mspot_488_counts\x1B[0m\x1B[0;34m.\x1B[0m\x1B[0mmerge\x1B[0m\x1B[0;34m(\x1B[0m\x1B[0mspot_488_bounding_box\x1B[0m\x1B[0;34m[\x1B[0m\x1B[0;34m[\x1B[0m\x1B[0;34m'bb_volume'\x1B[0m\x1B[0;34m]\x1B[0m\x1B[0;34m]\x1B[0m\x1B[0;34m,\x1B[0m \x1B[0mleft_index\x1B[0m\x1B[0;34m=\x1B[0m\x1B[0;32mTrue\x1B[0m\x1B[0;34m,\x1B[0m \x1B[0mright_index\x1B[0m\x1B[0;34m=\x1B[0m\x1B[0;32mTrue\x1B[0m\x1B[0;34m)\x1B[0m\x1B[0;34m\x1B[0m\x1B[0;34m\x1B[0m\x1B[0m\n" +
      "\x1B[1;32m     12\x1B[0m     \x1B[0mspot_488_counts\x1B[0m\x1B[0;34m[\x1B[0m\x1B[0;34m'density'\x1B[0m\x1B[0;34m]\x1B[0m \x1B[0;34m=\x1B[0m \x1B[0mspot_488_counts\x1B[0m\x1B[0;34m[\x1B[0m\x1B[0;34m'count'\x1B[0m\x1B[0;34m]\x1B[0m \x1B[0;34m/\x1B[0m \x1B[0mspot_488_counts\x1B[0m\x1B[0;34m[\x1B[0m\x1B[0;34m'bb_volume'\x1B[0m\x1B[0;34m]\x1B[0m\x1B[0;34m\x1B[0m\x1B[0;34m\x1B[0m\x1B[0m\n" +
      "\x1B[0;32m---> 13\x1B[0;31m     \x1B[0mspot_488_counts\x1B[0m\x1B[0;34m.\x1B[0m\x1B[0mset_index\x1B[0m\x1B[0;34m(\x1B[0m\x1B[0;34m'hcr_id'\x1B[0m\x1B[0;34m,\x1B[0m \x1B[0minplace\x1B[0m\x1B[0;34m=\x1B[0m\x1B[0;32mTrue\x1B[0m\x1B[0;34m)\x1B[0m\x1B[0;34m\x1B[0m\x1B[0;34m\x1B[0m\x1B[0m\n" +
      '\x1B[0m\x1B[1;32m     14\x1B[0m \x1B[0;32melse\x1B[0m\x1B[0;34m:\x1B[0m\x1B[0;34m\x1B[0m\x1B[0;34m\x1B[0m\x1B[0m\n' +
      "\x1B[1;32m     15\x1B[0m     \x1B[0mspots_path\x1B[0m \x1B[0;34m=\x1B[0m \x1B[0mDATA_DIR\x1B[0m \x1B[0;34m/\x1B[0m \x1B[0;34mf'cell_data_mean_{subject_id}_R1.csv'\x1B[0m\x1B[0;34m\x1B[0m\x1B[0;34m\x1B[0m\x1B[0m\n" +
      "\x1B[1;32m     16\x1B[0m     \x1B[0;32massert\x1B[0m \x1B[0mspots_path\x1B[0m\x1B[0;34m.\x1B[0m\x1B[0mexists\x1B[0m\x1B[0;34m(\x1B[0m\x1B[0;34m)\x1B[0m\x1B[0;34m,\x1B[0m \x1B[0;34mf'No spot_depetection processing nor {spots_path} for {subject_id}'\x1B[0m\x1B[0;34m\x1B[0m\x1B[0;34m\x1B[0m\x1B[0m\n",
    '\x1B[0;32m/opt/conda/lib/python3.10/site-packages/pandas/core/frame.py\x1B[0m in \x1B[0;36m?\x1B[0;34m(self, keys, drop, append, inplace, verify_integrity)\x1B[0m\n' +
      '\x1B[1;32m   6140\x1B[0m                     \x1B[0;32mif\x1B[0m \x1B[0;32mnot\x1B[0m \x1B[0mfound\x1B[0m\x1B[0;34m:\x1B[0m\x1B[0;34m\x1B[0m\x1B[0;34m\x1B[0m\x1B[0m\n' +
      '\x1B[1;32m   6141\x1B[0m                         \x1B[0mmissing\x1B[0m\x1B[0;34m.\x1B[0m\x1B[0mappend\x1B[0m\x1B[0;34m(\x1B[0m\x1B[0mcol\x1B[0m\x1B[0;34m)\x1B[0m\x1B[0;34m\x1B[0m\x1B[0;34m\x1B[0m\x1B[0m\n' +
      '\x1B[1;32m   6142\x1B[0m \x1B[0;34m\x1B[0m\x1B[0m\n' +
      '\x1B[1;32m   6143\x1B[0m         \x1B[0;32mif\x1B[0m \x1B[0mmissing\x1B[0m\x1B[0;34m:\x1B[0m\x1B[0;34m\x1B[0m\x1B[0;34m\x1B[0m\x1B[0m\n' +
      '\x1B[0;32m-> 6144\x1B[0;31m             \x1B[0;32mraise\x1B[0m \x1B[0mKeyError\x1B[0m\x1B[0;34m(\x1B[0m\x1B[0;34mf"None of {missing} are in the columns"\x1B[0m\x1B[0;34m)\x1B[0m\x1B[0;34m\x1B[0m\x1B[0;34m\x1B[0m\x1B[0m\n' +
      '\x1B[0m\x1B[1;32m   6145\x1B[0m \x1B[0;34m\x1B[0m\x1B[0m\n' +
      '\x1B[1;32m   6146\x1B[0m         \x1B[0;32mif\x1B[0m \x1B[0minplace\x1B[0m\x1B[0;34m:\x1B[0m\x1B[0;34m\x1B[0m\x1B[0;34m\x1B[0m\x1B[0m\n' +
      '\x1B[1;32m   6147\x1B[0m             \x1B[0mframe\x1B[0m \x1B[0;34m=\x1B[0m \x1B[0mself\x1B[0m\x1B[0;34m\x1B[0m\x1B[0;34m\x1B[0m\x1B[0m\n',
    `\x1B[0;31mKeyError\x1B[0m: "None of ['hcr_id'] are in the columns"`
  ]
}
22:29:04.056 [warn] Cell completed with errors [Iu [Error]: [Errno 2] No such file or directory: '~/capsule/scratch/788406_2025-07-18_coreg_cpsam/788406_2025-07-18_landmarks.csv'
	at n.execute (~/.vscode/extensions/ms-toolsai.jupyter-2025.9.1-linux-x64/dist/extension.node.js:302:4958)] {
  ename: 'FileNotFoundError',
  evalue: "[Errno 2] No such file or directory: '~/capsule/scratch/788406_2025-07-18_coreg_cpsam/788406_2025-07-18_landmarks.csv'",
  traceback: [
    '\x1B[0;31m---------------------------------------------------------------------------\x1B[0m',
    '\x1B[0;31mFileNotFoundError\x1B[0m                         Traceback (most recent call last)',
    'Cell \x1B[0;32mIn[13], line 10\x1B[0m\n' +
      "\x1B[1;32m      7\x1B[0m         \x1B[38;5;28mprint\x1B[39m(\x1B[38;5;124m'\x1B[39m\x1B[38;5;124mPrevious iteration was not reordered (but qced)\x1B[39m\x1B[38;5;124m'\x1B[39m)        \n" +
      "\x1B[1;32m      8\x1B[0m         landmarks_file \x1B[38;5;241m=\x1B[39m save_dir \x1B[38;5;241m/\x1B[39m \x1B[38;5;124mf\x1B[39m\x1B[38;5;124m'\x1B[39m\x1B[38;5;132;01m{\x1B[39;00msubject_id\x1B[38;5;132;01m}\x1B[39;00m\x1B[38;5;124m_\x1B[39m\x1B[38;5;132;01m{\x1B[39;00mczstack_date\x1B[38;5;132;01m}\x1B[39;00m\x1B[38;5;124m_landmarks_matched_ext_iter\x1B[39m\x1B[38;5;132;01m{\x1B[39;00mprev_iter\x1B[38;5;132;01m}\x1B[39;00m\x1B[38;5;124m.csv\x1B[39m\x1B[38;5;124m'\x1B[39m\n" +
      '\x1B[0;32m---> 10\x1B[0m landmarks \x1B[38;5;241m=\x1B[39m \x1B[43mpd\x1B[49m\x1B[38;5;241;43m.\x1B[39;49m\x1B[43mread_csv\x1B[49m\x1B[43m(\x1B[49m\x1B[43mlandmarks_file\x1B[49m\x1B[43m,\x1B[49m\x1B[43mheader\x1B[49m\x1B[38;5;241;43m=\x1B[39;49m\x1B[38;5;28;43;01mNone\x1B[39;49;00m\x1B[43m)\x1B[49m\n' +
      "\x1B[1;32m     11\x1B[0m columns \x1B[38;5;241m=\x1B[39m [\x1B[38;5;124m'\x1B[39m\x1B[38;5;124mids\x1B[39m\x1B[38;5;124m'\x1B[39m, \x1B[38;5;124m'\x1B[39m\x1B[38;5;124mactive\x1B[39m\x1B[38;5;124m'\x1B[39m, \x1B[38;5;124m'\x1B[39m\x1B[38;5;124mczstack_x\x1B[39m\x1B[38;5;124m'\x1B[39m, \x1B[38;5;124m'\x1B[39m\x1B[38;5;124mczstack_y\x1B[39m\x1B[38;5;124m'\x1B[39m, \x1B[38;5;124m'\x1B[39m\x1B[38;5;124mczstack_z\x1B[39m\x1B[38;5;124m'\x1B[39m, \x1B[38;5;124m'\x1B[39m\x1B[38;5;124mhcr_x\x1B[39m\x1B[38;5;124m'\x1B[39m, \x1B[38;5;124m'\x1B[39m\x1B[38;5;124mhcr_y\x1B[39m\x1B[38;5;124m'\x1B[39m, \x1B[38;5;124m'\x1B[39m\x1B[38;5;124mhcr_z\x1B[39m\x1B[38;5;124m'\x1B[39m]\n" +
      '\x1B[1;32m     12\x1B[0m landmarks\x1B[38;5;241m.\x1B[39mcolumns \x1B[38;5;241m=\x1B[39m columns\n',
    'File \x1B[0;32m/opt/conda/lib/python3.10/site-packages/pandas/io/parsers/readers.py:1026\x1B[0m, in \x1B[0;36mread_csv\x1B[0;34m(filepath_or_buffer, sep, delimiter, header, names, index_col, usecols, dtype, engine, converters, true_values, false_values, skipinitialspace, skiprows, skipfooter, nrows, na_values, keep_default_na, na_filter, verbose, skip_blank_lines, parse_dates, infer_datetime_format, keep_date_col, date_parser, date_format, dayfirst, cache_dates, iterator, chunksize, compression, thousands, decimal, lineterminator, quotechar, quoting, doublequote, escapechar, comment, encoding, encoding_errors, dialect, on_bad_lines, delim_whitespace, low_memory, memory_map, float_precision, storage_options, dtype_backend)\x1B[0m\n' +
      '\x1B[1;32m   1013\x1B[0m kwds_defaults \x1B[38;5;241m=\x1B[39m _refine_defaults_read(\n' +
      '\x1B[1;32m   1014\x1B[0m     dialect,\n' +
      '\x1B[1;32m   1015\x1B[0m     delimiter,\n' +
      '\x1B[0;32m   (...)\x1B[0m\n' +
      '\x1B[1;32m   1022\x1B[0m     dtype_backend\x1B[38;5;241m=\x1B[39mdtype_backend,\n' +
      '\x1B[1;32m   1023\x1B[0m )\n' +
      '\x1B[1;32m   1024\x1B[0m kwds\x1B[38;5;241m.\x1B[39mupdate(kwds_defaults)\n' +
      '\x1B[0;32m-> 1026\x1B[0m \x1B[38;5;28;01mreturn\x1B[39;00m \x1B[43m_read\x1B[49m\x1B[43m(\x1B[49m\x1B[43mfilepath_or_buffer\x1B[49m\x1B[43m,\x1B[49m\x1B[43m \x1B[49m\x1B[43mkwds\x1B[49m\x1B[43m)\x1B[49m\n',
    'File \x1B[0;32m/opt/conda/lib/python3.10/site-packages/pandas/io/parsers/readers.py:620\x1B[0m, in \x1B[0;36m_read\x1B[0;34m(filepath_or_buffer, kwds)\x1B[0m\n' +
      '\x1B[1;32m    617\x1B[0m _validate_names(kwds\x1B[38;5;241m.\x1B[39mget(\x1B[38;5;124m"\x1B[39m\x1B[38;5;124mnames\x1B[39m\x1B[38;5;124m"\x1B[39m, \x1B[38;5;28;01mNone\x1B[39;00m))\n' +
      '\x1B[1;32m    619\x1B[0m \x1B[38;5;66;03m# Create the parser.\x1B[39;00m\n' +
      '\x1B[0;32m--> 620\x1B[0m parser \x1B[38;5;241m=\x1B[39m \x1B[43mTextFileReader\x1B[49m\x1B[43m(\x1B[49m\x1B[43mfilepath_or_buffer\x1B[49m\x1B[43m,\x1B[49m\x1B[43m \x1B[49m\x1B[38;5;241;43m*\x1B[39;49m\x1B[38;5;241;43m*\x1B[39;49m\x1B[43mkwds\x1B[49m\x1B[43m)\x1B[49m\n' +
      '\x1B[1;32m    622\x1B[0m \x1B[38;5;28;01mif\x1B[39;00m chunksize \x1B[38;5;129;01mor\x1B[39;00m iterator:\n' +
      '\x1B[1;32m    623\x1B[0m     \x1B[38;5;28;01mreturn\x1B[39;00m parser\n',
    'File \x1B[0;32m/opt/conda/lib/python3.10/site-packages/pandas/io/parsers/readers.py:1620\x1B[0m, in \x1B[0;36mTextFileReader.__init__\x1B[0;34m(self, f, engine, **kwds)\x1B[0m\n' +
      '\x1B[1;32m   1617\x1B[0m     \x1B[38;5;28mself\x1B[39m\x1B[38;5;241m.\x1B[39moptions[\x1B[38;5;124m"\x1B[39m\x1B[38;5;124mhas_index_names\x1B[39m\x1B[38;5;124m"\x1B[39m] \x1B[38;5;241m=\x1B[39m kwds[\x1B[38;5;124m"\x1B[39m\x1B[38;5;124mhas_index_names\x1B[39m\x1B[38;5;124m"\x1B[39m]\n' +
      '\x1B[1;32m   1619\x1B[0m \x1B[38;5;28mself\x1B[39m\x1B[38;5;241m.\x1B[39mhandles: IOHandles \x1B[38;5;241m|\x1B[39m \x1B[38;5;28;01mNone\x1B[39;00m \x1B[38;5;241m=\x1B[39m \x1B[38;5;28;01mNone\x1B[39;00m\n' +
      '\x1B[0;32m-> 1620\x1B[0m \x1B[38;5;28mself\x1B[39m\x1B[38;5;241m.\x1B[39m_engine \x1B[38;5;241m=\x1B[39m \x1B[38;5;28;43mself\x1B[39;49m\x1B[38;5;241;43m.\x1B[39;49m\x1B[43m_make_engine\x1B[49m\x1B[43m(\x1B[49m\x1B[43mf\x1B[49m\x1B[43m,\x1B[49m\x1B[43m \x1B[49m\x1B[38;5;28;43mself\x1B[39;49m\x1B[38;5;241;43m.\x1B[39;49m\x1B[43mengine\x1B[49m\x1B[43m)\x1B[49m\n',
    'File \x1B[0;32m/opt/conda/lib/python3.10/site-packages/pandas/io/parsers/readers.py:1880\x1B[0m, in \x1B[0;36mTextFileReader._make_engine\x1B[0;34m(self, f, engine)\x1B[0m\n' +
      '\x1B[1;32m   1878\x1B[0m     \x1B[38;5;28;01mif\x1B[39;00m \x1B[38;5;124m"\x1B[39m\x1B[38;5;124mb\x1B[39m\x1B[38;5;124m"\x1B[39m \x1B[38;5;129;01mnot\x1B[39;00m \x1B[38;5;129;01min\x1B[39;00m mode:\n' +
      '\x1B[1;32m   1879\x1B[0m         mode \x1B[38;5;241m+\x1B[39m\x1B[38;5;241m=\x1B[39m \x1B[38;5;124m"\x1B[39m\x1B[38;5;124mb\x1B[39m\x1B[38;5;124m"\x1B[39m\n' +
      '\x1B[0;32m-> 1880\x1B[0m \x1B[38;5;28mself\x1B[39m\x1B[38;5;241m.\x1B[39mhandles \x1B[38;5;241m=\x1B[39m \x1B[43mget_handle\x1B[49m\x1B[43m(\x1B[49m\n' +
      '\x1B[1;32m   1881\x1B[0m \x1B[43m    \x1B[49m\x1B[43mf\x1B[49m\x1B[43m,\x1B[49m\n' +
      '\x1B[1;32m   1882\x1B[0m \x1B[43m    \x1B[49m\x1B[43mmode\x1B[49m\x1B[43m,\x1B[49m\n' +
      '\x1B[1;32m   1883\x1B[0m \x1B[43m    \x1B[49m\x1B[43mencoding\x1B[49m\x1B[38;5;241;43m=\x1B[39;49m\x1B[38;5;28;43mself\x1B[39;49m\x1B[38;5;241;43m.\x1B[39;49m\x1B[43moptions\x1B[49m\x1B[38;5;241;43m.\x1B[39;49m\x1B[43mget\x1B[49m\x1B[43m(\x1B[49m\x1B[38;5;124;43m"\x1B[39;49m\x1B[38;5;124;43mencoding\x1B[39;49m\x1B[38;5;124;43m"\x1B[39;49m\x1B[43m,\x1B[49m\x1B[43m \x1B[49m\x1B[38;5;28;43;01mNone\x1B[39;49;00m\x1B[43m)\x1B[49m\x1B[43m,\x1B[49m\n' +
      '\x1B[1;32m   1884\x1B[0m \x1B[43m    \x1B[49m\x1B[43mcompression\x1B[49m\x1B[38;5;241;43m=\x1B[39;49m\x1B[38;5;28;43mself\x1B[39;49m\x1B[38;5;241;43m.\x1B[39;49m\x1B[43moptions\x1B[49m\x1B[38;5;241;43m.\x1B[39;49m\x1B[43mget\x1B[49m\x1B[43m(\x1B[49m\x1B[38;5;124;43m"\x1B[39;49m\x1B[38;5;124;43mcompression\x1B[39;49m\x1B[38;5;124;43m"\x1B[39;49m\x1B[43m,\x1B[49m\x1B[43m \x1B[49m\x1B[38;5;28;43;01mNone\x1B[39;49;00m\x1B[43m)\x1B[49m\x1B[43m,\x1B[49m\n' +
      '\x1B[1;32m   1885\x1B[0m \x1B[43m    \x1B[49m\x1B[43mmemory_map\x1B[49m\x1B[38;5;241;43m=\x1B[39;49m\x1B[38;5;28;43mself\x1B[39;49m\x1B[38;5;241;43m.\x1B[39;49m\x1B[43moptions\x1B[49m\x1B[38;5;241;43m.\x1B[39;49m\x1B[43mget\x1B[49m\x1B[43m(\x1B[49m\x1B[38;5;124;43m"\x1B[39;49m\x1B[38;5;124;43mmemory_map\x1B[39;49m\x1B[38;5;124;43m"\x1B[39;49m\x1B[43m,\x1B[49m\x1B[43m \x1B[49m\x1B[38;5;28;43;01mFalse\x1B[39;49;00m\x1B[43m)\x1B[49m\x1B[43m,\x1B[49m\n' +
      '\x1B[1;32m   1886\x1B[0m \x1B[43m    \x1B[49m\x1B[43mis_text\x1B[49m\x1B[38;5;241;43m=\x1B[39;49m\x1B[43mis_text\x1B[49m\x1B[43m,\x1B[49m\n' +
      '\x1B[1;32m   1887\x1B[0m \x1B[43m    \x1B[49m\x1B[43merrors\x1B[49m\x1B[38;5;241;43m=\x1B[39;49m\x1B[38;5;28;43mself\x1B[39;49m\x1B[38;5;241;43m.\x1B[39;49m\x1B[43moptions\x1B[49m\x1B[38;5;241;43m.\x1B[39;49m\x1B[43mget\x1B[49m\x1B[43m(\x1B[49m\x1B[38;5;124;43m"\x1B[39;49m\x1B[38;5;124;43mencoding_errors\x1B[39;49m\x1B[38;5;124;43m"\x1B[39;49m\x1B[43m,\x1B[49m\x1B[43m \x1B[49m\x1B[38;5;124;43m"\x1B[39;49m\x1B[38;5;124;43mstrict\x1B[39;49m\x1B[38;5;124;43m"\x1B[39;49m\x1B[43m)\x1B[49m\x1B[43m,\x1B[49m\n' +
      '\x1B[1;32m   1888\x1B[0m \x1B[43m    \x1B[49m\x1B[43mstorage_options\x1B[49m\x1B[38;5;241;43m=\x1B[39;49m\x1B[38;5;28;43mself\x1B[39;49m\x1B[38;5;241;43m.\x1B[39;49m\x1B[43moptions\x1B[49m\x1B[38;5;241;43m.\x1B[39;49m\x1B[43mget\x1B[49m\x1B[43m(\x1B[49m\x1B[38;5;124;43m"\x1B[39;49m\x1B[38;5;124;43mstorage_options\x1B[39;49m\x1B[38;5;124;43m"\x1B[39;49m\x1B[43m,\x1B[49m\x1B[43m \x1B[49m\x1B[38;5;28;43;01mNone\x1B[39;49;00m\x1B[43m)\x1B[49m\x1B[43m,\x1B[49m\n' +
      '\x1B[1;32m   1889\x1B[0m \x1B[43m\x1B[49m\x1B[43m)\x1B[49m\n' +
      '\x1B[1;32m   1890\x1B[0m \x1B[38;5;28;01massert\x1B[39;00m \x1B[38;5;28mself\x1B[39m\x1B[38;5;241m.\x1B[39mhandles \x1B[38;5;129;01mis\x1B[39;00m \x1B[38;5;129;01mnot\x1B[39;00m \x1B[38;5;28;01mNone\x1B[39;00m\n' +
      '\x1B[1;32m   1891\x1B[0m f \x1B[38;5;241m=\x1B[39m \x1B[38;5;28mself\x1B[39m\x1B[38;5;241m.\x1B[39mhandles\x1B[38;5;241m.\x1B[39mhandle\n',
    'File \x1B[0;32m/opt/conda/lib/python3.10/site-packages/pandas/io/common.py:873\x1B[0m, in \x1B[0;36mget_handle\x1B[0;34m(path_or_buf, mode, encoding, compression, memory_map, is_text, errors, storage_options)\x1B[0m\n' +
      '\x1B[1;32m    868\x1B[0m \x1B[38;5;28;01melif\x1B[39;00m \x1B[38;5;28misinstance\x1B[39m(handle, \x1B[38;5;28mstr\x1B[39m):\n' +
      '\x1B[1;32m    869\x1B[0m     \x1B[38;5;66;03m# Check whether the filename is to be opened in binary mode.\x1B[39;00m\n' +
      "\x1B[1;32m    870\x1B[0m     \x1B[38;5;66;03m# Binary mode does not support 'encoding' and 'newline'.\x1B[39;00m\n" +
      '\x1B[1;32m    871\x1B[0m     \x1B[38;5;28;01mif\x1B[39;00m ioargs\x1B[38;5;241m.\x1B[39mencoding \x1B[38;5;129;01mand\x1B[39;00m \x1B[38;5;124m"\x1B[39m\x1B[38;5;124mb\x1B[39m\x1B[38;5;124m"\x1B[39m \x1B[38;5;129;01mnot\x1B[39;00m \x1B[38;5;129;01min\x1B[39;00m ioargs\x1B[38;5;241m.\x1B[39mmode:\n' +
      '\x1B[1;32m    872\x1B[0m         \x1B[38;5;66;03m# Encoding\x1B[39;00m\n' +
      '\x1B[0;32m--> 873\x1B[0m         handle \x1B[38;5;241m=\x1B[39m \x1B[38;5;28;43mopen\x1B[39;49m\x1B[43m(\x1B[49m\n' +
      '\x1B[1;32m    874\x1B[0m \x1B[43m            \x1B[49m\x1B[43mhandle\x1B[49m\x1B[43m,\x1B[49m\n' +
      '\x1B[1;32m    875\x1B[0m \x1B[43m            \x1B[49m\x1B[43mioargs\x1B[49m\x1B[38;5;241;43m.\x1B[39;49m\x1B[43mmode\x1B[49m\x1B[43m,\x1B[49m\n' +
      '\x1B[1;32m    876\x1B[0m \x1B[43m            \x1B[49m\x1B[43mencoding\x1B[49m\x1B[38;5;241;43m=\x1B[39;49m\x1B[43mioargs\x1B[49m\x1B[38;5;241;43m.\x1B[39;49m\x1B[43mencoding\x1B[49m\x1B[43m,\x1B[49m\n' +
      '\x1B[1;32m    877\x1B[0m \x1B[43m            \x1B[49m\x1B[43merrors\x1B[49m\x1B[38;5;241;43m=\x1B[39;49m\x1B[43merrors\x1B[49m\x1B[43m,\x1B[49m\n' +
      '\x1B[1;32m    878\x1B[0m \x1B[43m            \x1B[49m\x1B[43mnewline\x1B[49m\x1B[38;5;241;43m=\x1B[39;49m\x1B[38;5;124;43m"\x1B[39;49m\x1B[38;5;124;43m"\x1B[39;49m\x1B[43m,\x1B[49m\n' +
      '\x1B[1;32m    879\x1B[0m \x1B[43m        \x1B[49m\x1B[43m)\x1B[49m\n' +
      '\x1B[1;32m    880\x1B[0m     \x1B[38;5;28;01melse\x1B[39;00m:\n' +
      '\x1B[1;32m    881\x1B[0m         \x1B[38;5;66;03m# Binary mode\x1B[39;00m\n' +
      '\x1B[1;32m    882\x1B[0m         handle \x1B[38;5;241m=\x1B[39m \x1B[38;5;28mopen\x1B[39m(handle, ioargs\x1B[38;5;241m.\x1B[39mmode)\n',
    "\x1B[0;31mFileNotFoundError\x1B[0m: [Errno 2] No such file or directory: '~/capsule/scratch/788406_2025-07-18_coreg_cpsam/788406_2025-07-18_landmarks.csv'"
  ]
}
22:29:35.045 [warn] Cell completed with errors [Iu [Error]: division by zero
	at n.execute (~/.vscode/extensions/ms-toolsai.jupyter-2025.9.1-linux-x64/dist/extension.node.js:302:4958)] {
  ename: 'ZeroDivisionError',
  evalue: 'division by zero',
  traceback: [
    '\x1B[0;31m---------------------------------------------------------------------------\x1B[0m',
    '\x1B[0;31mZeroDivisionError\x1B[0m                         Traceback (most recent call last)',
    'Cell \x1B[0;32mIn[14], line 44\x1B[0m\n' +
      '\x1B[1;32m     39\x1B[0m HCR_centroids_est[:,\x1B[38;5;241m2\x1B[39m] \x1B[38;5;241m=\x1B[39m interp_zstacktoHCR_2(leftover_czstack_cell_centroids[:, \x1B[38;5;241m0\x1B[39m],\n' +
      '\x1B[1;32m     40\x1B[0m                                               leftover_czstack_cell_centroids[:, \x1B[38;5;241m1\x1B[39m],\n' +
      '\x1B[1;32m     41\x1B[0m                                               leftover_czstack_cell_centroids[:, \x1B[38;5;241m2\x1B[39m]) \x1B[38;5;241m/\x1B[39m scale_z\n' +
      "\x1B[1;32m     43\x1B[0m \x1B[38;5;28mprint\x1B[39m(\x1B[38;5;124mf\x1B[39m\x1B[38;5;124m'\x1B[39m\x1B[38;5;132;01m{\x1B[39;00m\x1B[38;5;28mlen\x1B[39m(matched_czstack_ids)\x1B[38;5;132;01m}\x1B[39;00m\x1B[38;5;124m matched in the previous iteration \x1B[39m\x1B[38;5;132;01m{\x1B[39;00mprev_iter\x1B[38;5;132;01m}\x1B[39;00m\x1B[38;5;124m out of total \x1B[39m\x1B[38;5;132;01m{\x1B[39;00mnum_roi_points\x1B[38;5;132;01m}\x1B[39;00m\x1B[38;5;124m ROIs.\x1B[39m\x1B[38;5;124m'\x1B[39m)\n" +
      "\x1B[0;32m---> 44\x1B[0m \x1B[38;5;28mprint\x1B[39m(\x1B[38;5;124mf\x1B[39m\x1B[38;5;124m'\x1B[39m\x1B[38;5;132;01m{\x1B[39;00m(\x1B[38;5;28;43mlen\x1B[39;49m\x1B[43m(\x1B[49m\x1B[43mmatched_czstack_ids\x1B[49m\x1B[43m)\x1B[49m\x1B[38;5;250;43m \x1B[39;49m\x1B[38;5;241;43m/\x1B[39;49m\x1B[38;5;250;43m \x1B[39;49m\x1B[43mnum_roi_points\x1B[49m)\x1B[38;5;241m*\x1B[39m\x1B[38;5;241m100\x1B[39m\x1B[38;5;132;01m:\x1B[39;00m\x1B[38;5;124m.2f\x1B[39m\x1B[38;5;132;01m}\x1B[39;00m\x1B[38;5;124m %\x1B[39m\x1B[38;5;124m'\x1B[39m)\n",
    '\x1B[0;31mZeroDivisionError\x1B[0m: division by zero'
  ]
}
22:32:05.368 [warn] Cell completed with errors [Iu [Error]: attempt to get argmax of an empty sequence
	at n.execute (~/.vscode/extensions/ms-toolsai.jupyter-2025.9.1-linux-x64/dist/extension.node.js:302:4958)] {
  ename: 'ValueError',
  evalue: 'attempt to get argmax of an empty sequence',
  traceback: [
    '\x1B[0;31m---------------------------------------------------------------------------\x1B[0m',
    '\x1B[0;31mValueError\x1B[0m                                Traceback (most recent call last)',
    'Cell \x1B[0;32mIn[22], line 9\x1B[0m\n' +
      "\x1B[1;32m      6\x1B[0m     \x1B[38;5;28mprint\x1B[39m(\x1B[38;5;124mf\x1B[39m\x1B[38;5;124m'\x1B[39m\x1B[38;5;124mNum neighbor: \x1B[39m\x1B[38;5;132;01m{\x1B[39;00mnum_neighbor\x1B[38;5;132;01m}\x1B[39;00m\x1B[38;5;124m'\x1B[39m)\n" +
      "\x1B[1;32m      7\x1B[0m     \x1B[38;5;28mprint\x1B[39m(\x1B[38;5;124mf\x1B[39m\x1B[38;5;124m'\x1B[39m\x1B[38;5;124mFeature: \x1B[39m\x1B[38;5;132;01m{\x1B[39;00mhcr_value_feature\x1B[38;5;132;01m}\x1B[39;00m\x1B[38;5;124m'\x1B[39m)\n" +
      '\x1B[1;32m      8\x1B[0m     final_matched_indices, final_matched_distances, dist_matrix \x1B[38;5;241m=\x1B[39m \\\n' +
      '\x1B[0;32m----> 9\x1B[0m         \x1B[43mchoose_max_count_nearest_neighbor\x1B[49m\x1B[43m(\x1B[49m\x1B[43mHCR_centroids_est\x1B[49m\x1B[43m,\x1B[49m\x1B[43m \x1B[49m\x1B[43mleftover_HCR_df\x1B[49m\x1B[43m,\x1B[49m\x1B[43m \x1B[49m\x1B[43mfeature\x1B[49m\x1B[38;5;241;43m=\x1B[39;49m\x1B[43mhcr_value_feature\x1B[49m\x1B[43m,\x1B[49m\n' +
      '\x1B[1;32m     10\x1B[0m \x1B[43m            \x1B[49m\x1B[43mk\x1B[49m\x1B[38;5;241;43m=\x1B[39;49m\x1B[43mnum_neighbor\x1B[49m\x1B[43m,\x1B[49m\x1B[43m \x1B[49m\x1B[43mresolve_duplicates\x1B[49m\x1B[38;5;241;43m=\x1B[39;49m\x1B[38;5;28;43;01mTrue\x1B[39;49;00m\x1B[43m)\x1B[49m\n' +
      '\x1B[1;32m     12\x1B[0m sort_order \x1B[38;5;241m=\x1B[39m np\x1B[38;5;241m.\x1B[39margsort(final_matched_distances)\n' +
      '\x1B[1;32m     14\x1B[0m \x1B[38;5;66;03m# Create matrix with matched sources (rows) and their assigned targets (columns)\x1B[39;00m\n',
    'Cell \x1B[0;32mIn[3], line 51\x1B[0m, in \x1B[0;36mchoose_max_count_nearest_neighbor\x1B[0;34m(HCR_centroids_est, leftover_HCR_df, feature, k, resolve_duplicates)\x1B[0m\n' +
      '\x1B[1;32m     48\x1B[0m nearest_counts \x1B[38;5;241m=\x1B[39m counts[nearest_indices]\n' +
      '\x1B[1;32m     50\x1B[0m \x1B[38;5;66;03m# Pick candidate with max counts per row\x1B[39;00m\n' +
      '\x1B[0;32m---> 51\x1B[0m best_local_idx \x1B[38;5;241m=\x1B[39m \x1B[43mnp\x1B[49m\x1B[38;5;241;43m.\x1B[39;49m\x1B[43margmax\x1B[49m\x1B[43m(\x1B[49m\x1B[43mnearest_counts\x1B[49m\x1B[43m,\x1B[49m\x1B[43m \x1B[49m\x1B[43maxis\x1B[49m\x1B[38;5;241;43m=\x1B[39;49m\x1B[38;5;241;43m1\x1B[39;49m\x1B[43m)\x1B[49m\n' +
      '\x1B[1;32m     52\x1B[0m row_idx \x1B[38;5;241m=\x1B[39m np\x1B[38;5;241m.\x1B[39marange(nearest_indices\x1B[38;5;241m.\x1B[39mshape[\x1B[38;5;241m0\x1B[39m])\n' +
      '\x1B[1;32m     53\x1B[0m chosen_indices \x1B[38;5;241m=\x1B[39m nearest_indices[row_idx, best_local_idx]\n',
    'File \x1B[0;32m/opt/conda/lib/python3.10/site-packages/numpy/core/fromnumeric.py:1229\x1B[0m, in \x1B[0;36margmax\x1B[0;34m(a, axis, out, keepdims)\x1B[0m\n' +
      '\x1B[1;32m   1142\x1B[0m \x1B[38;5;250m\x1B[39m\x1B[38;5;124;03m"""\x1B[39;00m\n' +
      '\x1B[1;32m   1143\x1B[0m \x1B[38;5;124;03mReturns the indices of the maximum values along an axis.\x1B[39;00m\n' +
      '\x1B[1;32m   1144\x1B[0m \n' +
      '\x1B[0;32m   (...)\x1B[0m\n' +
      '\x1B[1;32m   1226\x1B[0m \x1B[38;5;124;03m(2, 1, 4)\x1B[39;00m\n' +
      '\x1B[1;32m   1227\x1B[0m \x1B[38;5;124;03m"""\x1B[39;00m\n' +
      "\x1B[1;32m   1228\x1B[0m kwds \x1B[38;5;241m=\x1B[39m {\x1B[38;5;124m'\x1B[39m\x1B[38;5;124mkeepdims\x1B[39m\x1B[38;5;124m'\x1B[39m: keepdims} \x1B[38;5;28;01mif\x1B[39;00m keepdims \x1B[38;5;129;01mis\x1B[39;00m \x1B[38;5;129;01mnot\x1B[39;00m np\x1B[38;5;241m.\x1B[39m_NoValue \x1B[38;5;28;01melse\x1B[39;00m {}\n" +
      "\x1B[0;32m-> 1229\x1B[0m \x1B[38;5;28;01mreturn\x1B[39;00m \x1B[43m_wrapfunc\x1B[49m\x1B[43m(\x1B[49m\x1B[43ma\x1B[49m\x1B[43m,\x1B[49m\x1B[43m \x1B[49m\x1B[38;5;124;43m'\x1B[39;49m\x1B[38;5;124;43margmax\x1B[39;49m\x1B[38;5;124;43m'\x1B[39;49m\x1B[43m,\x1B[49m\x1B[43m \x1B[49m\x1B[43maxis\x1B[49m\x1B[38;5;241;43m=\x1B[39;49m\x1B[43maxis\x1B[49m\x1B[43m,\x1B[49m\x1B[43m \x1B[49m\x1B[43mout\x1B[49m\x1B[38;5;241;43m=\x1B[39;49m\x1B[43mout\x1B[49m\x1B[43m,\x1B[49m\x1B[43m \x1B[49m\x1B[38;5;241;43m*\x1B[39;49m\x1B[38;5;241;43m*\x1B[39;49m\x1B[43mkwds\x1B[49m\x1B[43m)\x1B[49m\n",
    'File \x1B[0;32m/opt/conda/lib/python3.10/site-packages/numpy/core/fromnumeric.py:59\x1B[0m, in \x1B[0;36m_wrapfunc\x1B[0;34m(obj, method, *args, **kwds)\x1B[0m\n' +
      '\x1B[1;32m     56\x1B[0m     \x1B[38;5;28;01mreturn\x1B[39;00m _wrapit(obj, method, \x1B[38;5;241m*\x1B[39margs, \x1B[38;5;241m*\x1B[39m\x1B[38;5;241m*\x1B[39mkwds)\n' +
      '\x1B[1;32m     58\x1B[0m \x1B[38;5;28;01mtry\x1B[39;00m:\n' +
      '\x1B[0;32m---> 59\x1B[0m     \x1B[38;5;28;01mreturn\x1B[39;00m \x1B[43mbound\x1B[49m\x1B[43m(\x1B[49m\x1B[38;5;241;43m*\x1B[39;49m\x1B[43margs\x1B[49m\x1B[43m,\x1B[49m\x1B[43m \x1B[49m\x1B[38;5;241;43m*\x1B[39;49m\x1B[38;5;241;43m*\x1B[39;49m\x1B[43mkwds\x1B[49m\x1B[43m)\x1B[49m\n' +
      '\x1B[1;32m     60\x1B[0m \x1B[38;5;28;01mexcept\x1B[39;00m \x1B[38;5;167;01mTypeError\x1B[39;00m:\n' +
      '\x1B[1;32m     61\x1B[0m     \x1B[38;5;66;03m# A TypeError occurs if the object does have such a method in its\x1B[39;00m\n' +
      "\x1B[1;32m     62\x1B[0m     \x1B[38;5;66;03m# class, but its signature is not identical to that of NumPy's. This\x1B[39;00m\n" +
      '\x1B[0;32m   (...)\x1B[0m\n' +
      '\x1B[1;32m     66\x1B[0m     \x1B[38;5;66;03m# Call _wrapit from within the except clause to ensure a potential\x1B[39;00m\n' +
      '\x1B[1;32m     67\x1B[0m     \x1B[38;5;66;03m# exception has a traceback chain.\x1B[39;00m\n' +
      '\x1B[1;32m     68\x1B[0m     \x1B[38;5;28;01mreturn\x1B[39;00m _wrapit(obj, method, \x1B[38;5;241m*\x1B[39margs, \x1B[38;5;241m*\x1B[39m\x1B[38;5;241m*\x1B[39mkwds)\n',
    '\x1B[0;31mValueError\x1B[0m: attempt to get argmax of an empty sequence'
  ]
}
22:33:32.547 [warn] Cell completed with errors [Iu [Error]: index -1 is out of bounds for axis 1 with size 0
	at n.execute (~/.vscode/extensions/ms-toolsai.jupyter-2025.9.1-linux-x64/dist/extension.node.js:302:4958)] {
  ename: 'IndexError',
  evalue: 'index -1 is out of bounds for axis 1 with size 0',
  traceback: [
    '\x1B[0;31m---------------------------------------------------------------------------\x1B[0m',
    '\x1B[0;31mIndexError\x1B[0m                                Traceback (most recent call last)',
    'Cell \x1B[0;32mIn[24], line 20\x1B[0m\n' +
      '\x1B[1;32m     17\x1B[0m sorted_dists \x1B[38;5;241m=\x1B[39m final_matched_distances[sort_order]\n' +
      '\x1B[1;32m     19\x1B[0m \x1B[38;5;66;03m# Extract relevant distances for visualization\x1B[39;00m\n' +
      '\x1B[0;32m---> 20\x1B[0m matched_dist_matrix \x1B[38;5;241m=\x1B[39m \x1B[43mdist_matrix\x1B[49m\x1B[43m[\x1B[49m\x1B[43mnp\x1B[49m\x1B[38;5;241;43m.\x1B[39;49m\x1B[43mix_\x1B[49m\x1B[43m(\x1B[49m\x1B[43msorted_sources\x1B[49m\x1B[43m,\x1B[49m\x1B[43m \x1B[49m\x1B[43msorted_targets\x1B[49m\x1B[43m)\x1B[49m\x1B[43m]\x1B[49m\n' +
      '\x1B[1;32m     22\x1B[0m plt\x1B[38;5;241m.\x1B[39mimshow(matched_dist_matrix)\n',
    '\x1B[0;31mIndexError\x1B[0m: index -1 is out of bounds for axis 1 with size 0'
  ]
}
22:46:13.055 [warn] Cell completed with errors [Iu [Error]: index -1 is out of bounds for axis 1 with size 0
	at n.execute (~/.vscode/extensions/ms-toolsai.jupyter-2025.9.1-linux-x64/dist/extension.node.js:302:4958)] {
  ename: 'IndexError',
  evalue: 'index -1 is out of bounds for axis 1 with size 0',
  traceback: [
    '\x1B[0;31m---------------------------------------------------------------------------\x1B[0m',
    '\x1B[0;31mIndexError\x1B[0m                                Traceback (most recent call last)',
    'Cell \x1B[0;32mIn[37], line 20\x1B[0m\n' +
      '\x1B[1;32m     17\x1B[0m sorted_dists \x1B[38;5;241m=\x1B[39m final_matched_distances[sort_order]\n' +
      '\x1B[1;32m     19\x1B[0m \x1B[38;5;66;03m# Extract relevant distances for visualization\x1B[39;00m\n' +
      '\x1B[0;32m---> 20\x1B[0m matched_dist_matrix \x1B[38;5;241m=\x1B[39m \x1B[43mdist_matrix\x1B[49m\x1B[43m[\x1B[49m\x1B[43mnp\x1B[49m\x1B[38;5;241;43m.\x1B[39;49m\x1B[43mix_\x1B[49m\x1B[43m(\x1B[49m\x1B[43msorted_sources\x1B[49m\x1B[43m,\x1B[49m\x1B[43m \x1B[49m\x1B[43msorted_targets\x1B[49m\x1B[43m)\x1B[49m\x1B[43m]\x1B[49m\n' +
      '\x1B[1;32m     22\x1B[0m plt\x1B[38;5;241m.\x1B[39mimshow(matched_dist_matrix)\n',
    '\x1B[0;31mIndexError\x1B[0m: index -1 is out of bounds for axis 1 with size 0'
  ]
}
22:46:13.057 [warn] Cancel all remaining cells due to cancellation or failure in execution
22:51:46.074 [info] Starting Kernel (Python Path: /opt/conda/bin/python, Conda, 3.10.12) for '~/capsule/code/1st_iter_generate_landmarks.ipynb' (disableUI=true)
22:51:47.135 [info] Process Execution: /opt/conda/bin/python -m pip list
22:51:47.143 [info] Process Execution: /opt/conda/bin/python -c "import ipykernel; print(ipykernel.__version__); print("5dc3a68c-e34e-4080-9c3e-2a532b2ccb4d"); print(ipykernel.__file__)"
22:51:47.149 [info] Process Execution: /opt/conda/bin/python -m ipykernel_launcher --f=~/.local/share/jupyter/runtime/kernel-v39759347ec691b935396306b732e857d332de2994.json
    > cwd: ~/capsule/code
22:51:47.862 [info] Kernel successfully started
22:51:48.698 [error] Widget Error: Failed to access CDN https://unpkg.com/ after 0 attempt(s), TypeError: Failed to fetch
22:52:45.625 [error] Widget Error: Failed to access CDN https://unpkg.com/ after 0 attempt(s), TypeError: Failed to fetch
22:54:15.875 [warn] Cell completed with errors [Iu [Error]: "None of ['hcr_id'] are in the columns"
	at n.execute (~/.vscode/extensions/ms-toolsai.jupyter-2025.9.1-linux-x64/dist/extension.node.js:302:4958)] {
  ename: 'KeyError',
  evalue: `"None of ['hcr_id'] are in the columns"`,
  traceback: [
    '\x1B[0;31m---------------------------------------------------------------------------\x1B[0m',
    '\x1B[0;31mKeyError\x1B[0m                                  Traceback (most recent call last)',
    '\x1B[0;32m/tmp/ipykernel_13021/3937777150.py\x1B[0m in \x1B[0;36m?\x1B[0;34m()\x1B[0m\n' +
      '\x1B[1;32m      8\x1B[0m     \x1B[0mspot_488_bounding_box\x1B[0m \x1B[0;34m=\x1B[0m \x1B[0mpd\x1B[0m\x1B[0;34m.\x1B[0m\x1B[0mconcat\x1B[0m\x1B[0;34m(\x1B[0m\x1B[0;34m[\x1B[0m\x1B[0mspot_488_bounding_box_min\x1B[0m\x1B[0;34m,\x1B[0m \x1B[0mspot_488_bounding_box_max\x1B[0m\x1B[0;34m]\x1B[0m\x1B[0;34m,\x1B[0m \x1B[0maxis\x1B[0m\x1B[0;34m=\x1B[0m\x1B[0;36m1\x1B[0m\x1B[0;34m)\x1B[0m\x1B[0;34m\x1B[0m\x1B[0;34m\x1B[0m\x1B[0m\n' +
      "\x1B[1;32m      9\x1B[0m     \x1B[0mspot_488_bounding_box\x1B[0m\x1B[0;34m[\x1B[0m\x1B[0;34m'bb_volume'\x1B[0m\x1B[0;34m]\x1B[0m \x1B[0;34m=\x1B[0m \x1B[0;34m(\x1B[0m\x1B[0mspot_488_bounding_box\x1B[0m\x1B[0;34m[\x1B[0m\x1B[0;34m'max_x'\x1B[0m\x1B[0;34m]\x1B[0m \x1B[0;34m-\x1B[0m \x1B[0mspot_488_bounding_box\x1B[0m\x1B[0;34m[\x1B[0m\x1B[0;34m'min_x'\x1B[0m\x1B[0;34m]\x1B[0m \x1B[0;34m+\x1B[0m \x1B[0;36m1\x1B[0m\x1B[0;34m)\x1B[0m \x1B[0;34m*\x1B[0m \x1B[0;34m(\x1B[0m\x1B[0mspot_488_bounding_box\x1B[0m\x1B[0;34m[\x1B[0m\x1B[0;34m'max_y'\x1B[0m\x1B[0;34m]\x1B[0m \x1B[0;34m-\x1B[0m \x1B[0mspot_488_bounding_box\x1B[0m\x1B[0;34m[\x1B[0m\x1B[0;34m'min_y'\x1B[0m\x1B[0;34m]\x1B[0m \x1B[0;34m+\x1B[0m \x1B[0;36m1\x1B[0m\x1B[0;34m)\x1B[0m \x1B[0;34m*\x1B[0m \x1B[0;34m(\x1B[0m\x1B[0mspot_488_bounding_box\x1B[0m\x1B[0;34m[\x1B[0m\x1B[0;34m'max_z'\x1B[0m\x1B[0;34m]\x1B[0m \x1B[0;34m-\x1B[0m \x1B[0mspot_488_bounding_box\x1B[0m\x1B[0;34m[\x1B[0m\x1B[0;34m'min_z'\x1B[0m\x1B[0;34m]\x1B[0m \x1B[0;34m+\x1B[0m \x1B[0;36m1\x1B[0m\x1B[0;34m)\x1B[0m\x1B[0;34m\x1B[0m\x1B[0;34m\x1B[0m\x1B[0m\n" +
      "\x1B[1;32m     10\x1B[0m     \x1B[0mspot_488_counts\x1B[0m \x1B[0;34m=\x1B[0m \x1B[0mspot_488_counts\x1B[0m\x1B[0;34m.\x1B[0m\x1B[0mmerge\x1B[0m\x1B[0;34m(\x1B[0m\x1B[0mspot_488_bounding_box\x1B[0m\x1B[0;34m[\x1B[0m\x1B[0;34m[\x1B[0m\x1B[0;34m'bb_volume'\x1B[0m\x1B[0;34m]\x1B[0m\x1B[0;34m]\x1B[0m\x1B[0;34m,\x1B[0m \x1B[0mleft_index\x1B[0m\x1B[0;34m=\x1B[0m\x1B[0;32mTrue\x1B[0m\x1B[0;34m,\x1B[0m \x1B[0mright_index\x1B[0m\x1B[0;34m=\x1B[0m\x1B[0;32mTrue\x1B[0m\x1B[0;34m)\x1B[0m\x1B[0;34m\x1B[0m\x1B[0;34m\x1B[0m\x1B[0m\n" +
      "\x1B[1;32m     11\x1B[0m     \x1B[0mspot_488_counts\x1B[0m\x1B[0;34m[\x1B[0m\x1B[0;34m'density'\x1B[0m\x1B[0;34m]\x1B[0m \x1B[0;34m=\x1B[0m \x1B[0mspot_488_counts\x1B[0m\x1B[0;34m[\x1B[0m\x1B[0;34m'count'\x1B[0m\x1B[0;34m]\x1B[0m \x1B[0;34m/\x1B[0m \x1B[0mspot_488_counts\x1B[0m\x1B[0;34m[\x1B[0m\x1B[0;34m'bb_volume'\x1B[0m\x1B[0;34m]\x1B[0m\x1B[0;34m\x1B[0m\x1B[0;34m\x1B[0m\x1B[0m\n" +
      "\x1B[0;32m---> 12\x1B[0;31m     \x1B[0mspot_488_counts\x1B[0m\x1B[0;34m.\x1B[0m\x1B[0mset_index\x1B[0m\x1B[0;34m(\x1B[0m\x1B[0;34m'hcr_id'\x1B[0m\x1B[0;34m,\x1B[0m \x1B[0minplace\x1B[0m\x1B[0;34m=\x1B[0m\x1B[0;32mTrue\x1B[0m\x1B[0;34m)\x1B[0m\x1B[0;34m\x1B[0m\x1B[0;34m\x1B[0m\x1B[0m\n" +
      '\x1B[0m\x1B[1;32m     13\x1B[0m \x1B[0;32melse\x1B[0m\x1B[0;34m:\x1B[0m\x1B[0;34m\x1B[0m\x1B[0;34m\x1B[0m\x1B[0m\n' +
      "\x1B[1;32m     14\x1B[0m     \x1B[0mspots_path\x1B[0m \x1B[0;34m=\x1B[0m \x1B[0mDATA_DIR\x1B[0m \x1B[0;34m/\x1B[0m \x1B[0;34mf'cell_data_mean_{subject_id}_R1.csv'\x1B[0m\x1B[0;34m\x1B[0m\x1B[0;34m\x1B[0m\x1B[0m\n" +
      "\x1B[1;32m     15\x1B[0m     \x1B[0;32massert\x1B[0m \x1B[0mspots_path\x1B[0m\x1B[0;34m.\x1B[0m\x1B[0mexists\x1B[0m\x1B[0;34m(\x1B[0m\x1B[0;34m)\x1B[0m\x1B[0;34m,\x1B[0m \x1B[0;34mf'No spot_depetection processing nor {spots_path} for {subject_id}'\x1B[0m\x1B[0;34m\x1B[0m\x1B[0;34m\x1B[0m\x1B[0m\n",
    '\x1B[0;32m/opt/conda/lib/python3.10/site-packages/pandas/core/frame.py\x1B[0m in \x1B[0;36m?\x1B[0;34m(self, keys, drop, append, inplace, verify_integrity)\x1B[0m\n' +
      '\x1B[1;32m   6140\x1B[0m                     \x1B[0;32mif\x1B[0m \x1B[0;32mnot\x1B[0m \x1B[0mfound\x1B[0m\x1B[0;34m:\x1B[0m\x1B[0;34m\x1B[0m\x1B[0;34m\x1B[0m\x1B[0m\n' +
      '\x1B[1;32m   6141\x1B[0m                         \x1B[0mmissing\x1B[0m\x1B[0;34m.\x1B[0m\x1B[0mappend\x1B[0m\x1B[0;34m(\x1B[0m\x1B[0mcol\x1B[0m\x1B[0;34m)\x1B[0m\x1B[0;34m\x1B[0m\x1B[0;34m\x1B[0m\x1B[0m\n' +
      '\x1B[1;32m   6142\x1B[0m \x1B[0;34m\x1B[0m\x1B[0m\n' +
      '\x1B[1;32m   6143\x1B[0m         \x1B[0;32mif\x1B[0m \x1B[0mmissing\x1B[0m\x1B[0;34m:\x1B[0m\x1B[0;34m\x1B[0m\x1B[0;34m\x1B[0m\x1B[0m\n' +
      '\x1B[0;32m-> 6144\x1B[0;31m             \x1B[0;32mraise\x1B[0m \x1B[0mKeyError\x1B[0m\x1B[0;34m(\x1B[0m\x1B[0;34mf"None of {missing} are in the columns"\x1B[0m\x1B[0;34m)\x1B[0m\x1B[0;34m\x1B[0m\x1B[0;34m\x1B[0m\x1B[0m\n' +
      '\x1B[0m\x1B[1;32m   6145\x1B[0m \x1B[0;34m\x1B[0m\x1B[0m\n' +
      '\x1B[1;32m   6146\x1B[0m         \x1B[0;32mif\x1B[0m \x1B[0minplace\x1B[0m\x1B[0;34m:\x1B[0m\x1B[0;34m\x1B[0m\x1B[0;34m\x1B[0m\x1B[0m\n' +
      '\x1B[1;32m   6147\x1B[0m             \x1B[0mframe\x1B[0m \x1B[0;34m=\x1B[0m \x1B[0mself\x1B[0m\x1B[0;34m\x1B[0m\x1B[0;34m\x1B[0m\x1B[0m\n',
    `\x1B[0;31mKeyError\x1B[0m: "None of ['hcr_id'] are in the columns"`
  ]
}
22:54:15.877 [warn] Cancel all remaining cells due to cancellation or failure in execution
22:55:58.889 [error] Widget Error: Failed to access CDN https://unpkg.com/ after 0 attempt(s), TypeError: Failed to fetch
00:12:41.784 [info] Starting Kernel (Python Path: /opt/conda/bin/python, Conda, 3.10.12) for '~/capsule/code/step_3_more_iterations.ipynb' (disableUI=true)
00:12:42.835 [info] Process Execution: /opt/conda/bin/python -m pip list
00:12:42.870 [info] Process Execution: /opt/conda/bin/python -c "import ipykernel; print(ipykernel.__version__); print("5dc3a68c-e34e-4080-9c3e-2a532b2ccb4d"); print(ipykernel.__file__)"
00:12:42.877 [info] Process Execution: /opt/conda/bin/python -m ipykernel_launcher --f=~/.local/share/jupyter/runtime/kernel-v32e7d67bf9f04585e241147822e07824b6e50f5ef.json
    > cwd: ~/capsule/code
00:12:43.582 [info] Kernel successfully started
00:12:44.240 [error] Widget Error: Failed to access CDN https://unpkg.com/ after 0 attempt(s), TypeError: Failed to fetch
00:15:30.976 [warn] Cell completed with errors [Iu [Error]: File already exists: ~/capsule/scratch/788406_2025-07-18_coreg_cpsam/788406_landmarks_matched_ext_iter2.csv
	at n.execute (~/.vscode/extensions/ms-toolsai.jupyter-2025.9.1-linux-x64/dist/extension.node.js:302:4958)] {
  ename: 'AssertionError',
  evalue: 'File already exists: ~/capsule/scratch/788406_2025-07-18_coreg_cpsam/788406_landmarks_matched_ext_iter2.csv',
  traceback: [
    '\x1B[0;31m---------------------------------------------------------------------------\x1B[0m',
    '\x1B[0;31mAssertionError\x1B[0m                            Traceback (most recent call last)',
    'Cell \x1B[0;32mIn[15], line 2\x1B[0m\n' +
      "\x1B[1;32m      1\x1B[0m save_fn \x1B[38;5;241m=\x1B[39m save_dir \x1B[38;5;241m/\x1B[39m \x1B[38;5;124mf\x1B[39m\x1B[38;5;124m'\x1B[39m\x1B[38;5;132;01m{\x1B[39;00msubject_id\x1B[38;5;132;01m}\x1B[39;00m\x1B[38;5;124m_landmarks_matched_ext_iter\x1B[39m\x1B[38;5;132;01m{\x1B[39;00mcurrent_iter\x1B[38;5;132;01m}\x1B[39;00m\x1B[38;5;124m.csv\x1B[39m\x1B[38;5;124m'\x1B[39m\n" +
      "\x1B[0;32m----> 2\x1B[0m \x1B[38;5;28;01massert\x1B[39;00m \x1B[38;5;129;01mnot\x1B[39;00m os\x1B[38;5;241m.\x1B[39mpath\x1B[38;5;241m.\x1B[39mexists(save_fn), \x1B[38;5;124mf\x1B[39m\x1B[38;5;124m'\x1B[39m\x1B[38;5;124mFile already exists: \x1B[39m\x1B[38;5;132;01m{\x1B[39;00msave_fn\x1B[38;5;132;01m}\x1B[39;00m\x1B[38;5;124m'\x1B[39m\n" +
      '\x1B[1;32m      3\x1B[0m landmarks\x1B[38;5;241m.\x1B[39mto_csv(save_fn, index\x1B[38;5;241m=\x1B[39m\x1B[38;5;28;01mFalse\x1B[39;00m, header\x1B[38;5;241m=\x1B[39m\x1B[38;5;28;01mFalse\x1B[39;00m)\n',
    '\x1B[0;31mAssertionError\x1B[0m: File already exists: ~/capsule/scratch/788406_2025-07-18_coreg_cpsam/788406_landmarks_matched_ext_iter2.csv'
  ]
}
04:48:14.028 [warn] Cell completed with errors [Iu [Error]: [Errno 2] No such file or directory: '~/capsule/scratch/788406_2025-07-18_coreg_cpsam/788406_2025-07-18_landmarks_matched_ext_iter2.csv'
	at n.execute (~/.vscode/extensions/ms-toolsai.jupyter-2025.9.1-linux-x64/dist/extension.node.js:302:4958)] {
  ename: 'FileNotFoundError',
  evalue: "[Errno 2] No such file or directory: '~/capsule/scratch/788406_2025-07-18_coreg_cpsam/788406_2025-07-18_landmarks_matched_ext_iter2.csv'",
  traceback: [
    '\x1B[0;31m---------------------------------------------------------------------------\x1B[0m',
    '\x1B[0;31mFileNotFoundError\x1B[0m                         Traceback (most recent call last)',
    'Cell \x1B[0;32mIn[19], line 11\x1B[0m\n' +
      "\x1B[1;32m      8\x1B[0m         \x1B[38;5;28mprint\x1B[39m(\x1B[38;5;124m'\x1B[39m\x1B[38;5;124mPrevious iteration was not reordered (but qced)\x1B[39m\x1B[38;5;124m'\x1B[39m)        \n" +
      "\x1B[1;32m      9\x1B[0m         landmarks_file \x1B[38;5;241m=\x1B[39m save_dir \x1B[38;5;241m/\x1B[39m \x1B[38;5;124mf\x1B[39m\x1B[38;5;124m'\x1B[39m\x1B[38;5;132;01m{\x1B[39;00msubject_id\x1B[38;5;132;01m}\x1B[39;00m\x1B[38;5;124m_\x1B[39m\x1B[38;5;132;01m{\x1B[39;00mczstack_date\x1B[38;5;132;01m}\x1B[39;00m\x1B[38;5;124m_landmarks_matched_ext_iter\x1B[39m\x1B[38;5;132;01m{\x1B[39;00mprev_iter\x1B[38;5;132;01m}\x1B[39;00m\x1B[38;5;124m.csv\x1B[39m\x1B[38;5;124m'\x1B[39m\n" +
      '\x1B[0;32m---> 11\x1B[0m landmarks \x1B[38;5;241m=\x1B[39m \x1B[43mpd\x1B[49m\x1B[38;5;241;43m.\x1B[39;49m\x1B[43mread_csv\x1B[49m\x1B[43m(\x1B[49m\x1B[43mlandmarks_file\x1B[49m\x1B[43m,\x1B[49m\x1B[43mheader\x1B[49m\x1B[38;5;241;43m=\x1B[39;49m\x1B[38;5;28;43;01mNone\x1B[39;49;00m\x1B[43m)\x1B[49m\n' +
      "\x1B[1;32m     12\x1B[0m columns \x1B[38;5;241m=\x1B[39m [\x1B[38;5;124m'\x1B[39m\x1B[38;5;124mids\x1B[39m\x1B[38;5;124m'\x1B[39m, \x1B[38;5;124m'\x1B[39m\x1B[38;5;124mactive\x1B[39m\x1B[38;5;124m'\x1B[39m, \x1B[38;5;124m'\x1B[39m\x1B[38;5;124mczstack_x\x1B[39m\x1B[38;5;124m'\x1B[39m, \x1B[38;5;124m'\x1B[39m\x1B[38;5;124mczstack_y\x1B[39m\x1B[38;5;124m'\x1B[39m, \x1B[38;5;124m'\x1B[39m\x1B[38;5;124mczstack_z\x1B[39m\x1B[38;5;124m'\x1B[39m, \x1B[38;5;124m'\x1B[39m\x1B[38;5;124mhcr_x\x1B[39m\x1B[38;5;124m'\x1B[39m, \x1B[38;5;124m'\x1B[39m\x1B[38;5;124mhcr_y\x1B[39m\x1B[38;5;124m'\x1B[39m, \x1B[38;5;124m'\x1B[39m\x1B[38;5;124mhcr_z\x1B[39m\x1B[38;5;124m'\x1B[39m]\n" +
      '\x1B[1;32m     13\x1B[0m landmarks\x1B[38;5;241m.\x1B[39mcolumns \x1B[38;5;241m=\x1B[39m columns\n',
    'File \x1B[0;32m/opt/conda/lib/python3.10/site-packages/pandas/io/parsers/readers.py:1026\x1B[0m, in \x1B[0;36mread_csv\x1B[0;34m(filepath_or_buffer, sep, delimiter, header, names, index_col, usecols, dtype, engine, converters, true_values, false_values, skipinitialspace, skiprows, skipfooter, nrows, na_values, keep_default_na, na_filter, verbose, skip_blank_lines, parse_dates, infer_datetime_format, keep_date_col, date_parser, date_format, dayfirst, cache_dates, iterator, chunksize, compression, thousands, decimal, lineterminator, quotechar, quoting, doublequote, escapechar, comment, encoding, encoding_errors, dialect, on_bad_lines, delim_whitespace, low_memory, memory_map, float_precision, storage_options, dtype_backend)\x1B[0m\n' +
      '\x1B[1;32m   1013\x1B[0m kwds_defaults \x1B[38;5;241m=\x1B[39m _refine_defaults_read(\n' +
      '\x1B[1;32m   1014\x1B[0m     dialect,\n' +
      '\x1B[1;32m   1015\x1B[0m     delimiter,\n' +
      '\x1B[0;32m   (...)\x1B[0m\n' +
      '\x1B[1;32m   1022\x1B[0m     dtype_backend\x1B[38;5;241m=\x1B[39mdtype_backend,\n' +
      '\x1B[1;32m   1023\x1B[0m )\n' +
      '\x1B[1;32m   1024\x1B[0m kwds\x1B[38;5;241m.\x1B[39mupdate(kwds_defaults)\n' +
      '\x1B[0;32m-> 1026\x1B[0m \x1B[38;5;28;01mreturn\x1B[39;00m \x1B[43m_read\x1B[49m\x1B[43m(\x1B[49m\x1B[43mfilepath_or_buffer\x1B[49m\x1B[43m,\x1B[49m\x1B[43m \x1B[49m\x1B[43mkwds\x1B[49m\x1B[43m)\x1B[49m\n',
    'File \x1B[0;32m/opt/conda/lib/python3.10/site-packages/pandas/io/parsers/readers.py:620\x1B[0m, in \x1B[0;36m_read\x1B[0;34m(filepath_or_buffer, kwds)\x1B[0m\n' +
      '\x1B[1;32m    617\x1B[0m _validate_names(kwds\x1B[38;5;241m.\x1B[39mget(\x1B[38;5;124m"\x1B[39m\x1B[38;5;124mnames\x1B[39m\x1B[38;5;124m"\x1B[39m, \x1B[38;5;28;01mNone\x1B[39;00m))\n' +
      '\x1B[1;32m    619\x1B[0m \x1B[38;5;66;03m# Create the parser.\x1B[39;00m\n' +
      '\x1B[0;32m--> 620\x1B[0m parser \x1B[38;5;241m=\x1B[39m \x1B[43mTextFileReader\x1B[49m\x1B[43m(\x1B[49m\x1B[43mfilepath_or_buffer\x1B[49m\x1B[43m,\x1B[49m\x1B[43m \x1B[49m\x1B[38;5;241;43m*\x1B[39;49m\x1B[38;5;241;43m*\x1B[39;49m\x1B[43mkwds\x1B[49m\x1B[43m)\x1B[49m\n' +
      '\x1B[1;32m    622\x1B[0m \x1B[38;5;28;01mif\x1B[39;00m chunksize \x1B[38;5;129;01mor\x1B[39;00m iterator:\n' +
      '\x1B[1;32m    623\x1B[0m     \x1B[38;5;28;01mreturn\x1B[39;00m parser\n',
    'File \x1B[0;32m/opt/conda/lib/python3.10/site-packages/pandas/io/parsers/readers.py:1620\x1B[0m, in \x1B[0;36mTextFileReader.__init__\x1B[0;34m(self, f, engine, **kwds)\x1B[0m\n' +
      '\x1B[1;32m   1617\x1B[0m     \x1B[38;5;28mself\x1B[39m\x1B[38;5;241m.\x1B[39moptions[\x1B[38;5;124m"\x1B[39m\x1B[38;5;124mhas_index_names\x1B[39m\x1B[38;5;124m"\x1B[39m] \x1B[38;5;241m=\x1B[39m kwds[\x1B[38;5;124m"\x1B[39m\x1B[38;5;124mhas_index_names\x1B[39m\x1B[38;5;124m"\x1B[39m]\n' +
      '\x1B[1;32m   1619\x1B[0m \x1B[38;5;28mself\x1B[39m\x1B[38;5;241m.\x1B[39mhandles: IOHandles \x1B[38;5;241m|\x1B[39m \x1B[38;5;28;01mNone\x1B[39;00m \x1B[38;5;241m=\x1B[39m \x1B[38;5;28;01mNone\x1B[39;00m\n' +
      '\x1B[0;32m-> 1620\x1B[0m \x1B[38;5;28mself\x1B[39m\x1B[38;5;241m.\x1B[39m_engine \x1B[38;5;241m=\x1B[39m \x1B[38;5;28;43mself\x1B[39;49m\x1B[38;5;241;43m.\x1B[39;49m\x1B[43m_make_engine\x1B[49m\x1B[43m(\x1B[49m\x1B[43mf\x1B[49m\x1B[43m,\x1B[49m\x1B[43m \x1B[49m\x1B[38;5;28;43mself\x1B[39;49m\x1B[38;5;241;43m.\x1B[39;49m\x1B[43mengine\x1B[49m\x1B[43m)\x1B[49m\n',
    'File \x1B[0;32m/opt/conda/lib/python3.10/site-packages/pandas/io/parsers/readers.py:1880\x1B[0m, in \x1B[0;36mTextFileReader._make_engine\x1B[0;34m(self, f, engine)\x1B[0m\n' +
      '\x1B[1;32m   1878\x1B[0m     \x1B[38;5;28;01mif\x1B[39;00m \x1B[38;5;124m"\x1B[39m\x1B[38;5;124mb\x1B[39m\x1B[38;5;124m"\x1B[39m \x1B[38;5;129;01mnot\x1B[39;00m \x1B[38;5;129;01min\x1B[39;00m mode:\n' +
      '\x1B[1;32m   1879\x1B[0m         mode \x1B[38;5;241m+\x1B[39m\x1B[38;5;241m=\x1B[39m \x1B[38;5;124m"\x1B[39m\x1B[38;5;124mb\x1B[39m\x1B[38;5;124m"\x1B[39m\n' +
      '\x1B[0;32m-> 1880\x1B[0m \x1B[38;5;28mself\x1B[39m\x1B[38;5;241m.\x1B[39mhandles \x1B[38;5;241m=\x1B[39m \x1B[43mget_handle\x1B[49m\x1B[43m(\x1B[49m\n' +
      '\x1B[1;32m   1881\x1B[0m \x1B[43m    \x1B[49m\x1B[43mf\x1B[49m\x1B[43m,\x1B[49m\n' +
      '\x1B[1;32m   1882\x1B[0m \x1B[43m    \x1B[49m\x1B[43mmode\x1B[49m\x1B[43m,\x1B[49m\n' +
      '\x1B[1;32m   1883\x1B[0m \x1B[43m    \x1B[49m\x1B[43mencoding\x1B[49m\x1B[38;5;241;43m=\x1B[39;49m\x1B[38;5;28;43mself\x1B[39;49m\x1B[38;5;241;43m.\x1B[39;49m\x1B[43moptions\x1B[49m\x1B[38;5;241;43m.\x1B[39;49m\x1B[43mget\x1B[49m\x1B[43m(\x1B[49m\x1B[38;5;124;43m"\x1B[39;49m\x1B[38;5;124;43mencoding\x1B[39;49m\x1B[38;5;124;43m"\x1B[39;49m\x1B[43m,\x1B[49m\x1B[43m \x1B[49m\x1B[38;5;28;43;01mNone\x1B[39;49;00m\x1B[43m)\x1B[49m\x1B[43m,\x1B[49m\n' +
      '\x1B[1;32m   1884\x1B[0m \x1B[43m    \x1B[49m\x1B[43mcompression\x1B[49m\x1B[38;5;241;43m=\x1B[39;49m\x1B[38;5;28;43mself\x1B[39;49m\x1B[38;5;241;43m.\x1B[39;49m\x1B[43moptions\x1B[49m\x1B[38;5;241;43m.\x1B[39;49m\x1B[43mget\x1B[49m\x1B[43m(\x1B[49m\x1B[38;5;124;43m"\x1B[39;49m\x1B[38;5;124;43mcompression\x1B[39;49m\x1B[38;5;124;43m"\x1B[39;49m\x1B[43m,\x1B[49m\x1B[43m \x1B[49m\x1B[38;5;28;43;01mNone\x1B[39;49;00m\x1B[43m)\x1B[49m\x1B[43m,\x1B[49m\n' +
      '\x1B[1;32m   1885\x1B[0m \x1B[43m    \x1B[49m\x1B[43mmemory_map\x1B[49m\x1B[38;5;241;43m=\x1B[39;49m\x1B[38;5;28;43mself\x1B[39;49m\x1B[38;5;241;43m.\x1B[39;49m\x1B[43moptions\x1B[49m\x1B[38;5;241;43m.\x1B[39;49m\x1B[43mget\x1B[49m\x1B[43m(\x1B[49m\x1B[38;5;124;43m"\x1B[39;49m\x1B[38;5;124;43mmemory_map\x1B[39;49m\x1B[38;5;124;43m"\x1B[39;49m\x1B[43m,\x1B[49m\x1B[43m \x1B[49m\x1B[38;5;28;43;01mFalse\x1B[39;49;00m\x1B[43m)\x1B[49m\x1B[43m,\x1B[49m\n' +
      '\x1B[1;32m   1886\x1B[0m \x1B[43m    \x1B[49m\x1B[43mis_text\x1B[49m\x1B[38;5;241;43m=\x1B[39;49m\x1B[43mis_text\x1B[49m\x1B[43m,\x1B[49m\n' +
      '\x1B[1;32m   1887\x1B[0m \x1B[43m    \x1B[49m\x1B[43merrors\x1B[49m\x1B[38;5;241;43m=\x1B[39;49m\x1B[38;5;28;43mself\x1B[39;49m\x1B[38;5;241;43m.\x1B[39;49m\x1B[43moptions\x1B[49m\x1B[38;5;241;43m.\x1B[39;49m\x1B[43mget\x1B[49m\x1B[43m(\x1B[49m\x1B[38;5;124;43m"\x1B[39;49m\x1B[38;5;124;43mencoding_errors\x1B[39;49m\x1B[38;5;124;43m"\x1B[39;49m\x1B[43m,\x1B[49m\x1B[43m \x1B[49m\x1B[38;5;124;43m"\x1B[39;49m\x1B[38;5;124;43mstrict\x1B[39;49m\x1B[38;5;124;43m"\x1B[39;49m\x1B[43m)\x1B[49m\x1B[43m,\x1B[49m\n' +
      '\x1B[1;32m   1888\x1B[0m \x1B[43m    \x1B[49m\x1B[43mstorage_options\x1B[49m\x1B[38;5;241;43m=\x1B[39;49m\x1B[38;5;28;43mself\x1B[39;49m\x1B[38;5;241;43m.\x1B[39;49m\x1B[43moptions\x1B[49m\x1B[38;5;241;43m.\x1B[39;49m\x1B[43mget\x1B[49m\x1B[43m(\x1B[49m\x1B[38;5;124;43m"\x1B[39;49m\x1B[38;5;124;43mstorage_options\x1B[39;49m\x1B[38;5;124;43m"\x1B[39;49m\x1B[43m,\x1B[49m\x1B[43m \x1B[49m\x1B[38;5;28;43;01mNone\x1B[39;49;00m\x1B[43m)\x1B[49m\x1B[43m,\x1B[49m\n' +
      '\x1B[1;32m   1889\x1B[0m \x1B[43m\x1B[49m\x1B[43m)\x1B[49m\n' +
      '\x1B[1;32m   1890\x1B[0m \x1B[38;5;28;01massert\x1B[39;00m \x1B[38;5;28mself\x1B[39m\x1B[38;5;241m.\x1B[39mhandles \x1B[38;5;129;01mis\x1B[39;00m \x1B[38;5;129;01mnot\x1B[39;00m \x1B[38;5;28;01mNone\x1B[39;00m\n' +
      '\x1B[1;32m   1891\x1B[0m f \x1B[38;5;241m=\x1B[39m \x1B[38;5;28mself\x1B[39m\x1B[38;5;241m.\x1B[39mhandles\x1B[38;5;241m.\x1B[39mhandle\n',
    'File \x1B[0;32m/opt/conda/lib/python3.10/site-packages/pandas/io/common.py:873\x1B[0m, in \x1B[0;36mget_handle\x1B[0;34m(path_or_buf, mode, encoding, compression, memory_map, is_text, errors, storage_options)\x1B[0m\n' +
      '\x1B[1;32m    868\x1B[0m \x1B[38;5;28;01melif\x1B[39;00m \x1B[38;5;28misinstance\x1B[39m(handle, \x1B[38;5;28mstr\x1B[39m):\n' +
      '\x1B[1;32m    869\x1B[0m     \x1B[38;5;66;03m# Check whether the filename is to be opened in binary mode.\x1B[39;00m\n' +
      "\x1B[1;32m    870\x1B[0m     \x1B[38;5;66;03m# Binary mode does not support 'encoding' and 'newline'.\x1B[39;00m\n" +
      '\x1B[1;32m    871\x1B[0m     \x1B[38;5;28;01mif\x1B[39;00m ioargs\x1B[38;5;241m.\x1B[39mencoding \x1B[38;5;129;01mand\x1B[39;00m \x1B[38;5;124m"\x1B[39m\x1B[38;5;124mb\x1B[39m\x1B[38;5;124m"\x1B[39m \x1B[38;5;129;01mnot\x1B[39;00m \x1B[38;5;129;01min\x1B[39;00m ioargs\x1B[38;5;241m.\x1B[39mmode:\n' +
      '\x1B[1;32m    872\x1B[0m         \x1B[38;5;66;03m# Encoding\x1B[39;00m\n' +
      '\x1B[0;32m--> 873\x1B[0m         handle \x1B[38;5;241m=\x1B[39m \x1B[38;5;28;43mopen\x1B[39;49m\x1B[43m(\x1B[49m\n' +
      '\x1B[1;32m    874\x1B[0m \x1B[43m            \x1B[49m\x1B[43mhandle\x1B[49m\x1B[43m,\x1B[49m\n' +
      '\x1B[1;32m    875\x1B[0m \x1B[43m            \x1B[49m\x1B[43mioargs\x1B[49m\x1B[38;5;241;43m.\x1B[39;49m\x1B[43mmode\x1B[49m\x1B[43m,\x1B[49m\n' +
      '\x1B[1;32m    876\x1B[0m \x1B[43m            \x1B[49m\x1B[43mencoding\x1B[49m\x1B[38;5;241;43m=\x1B[39;49m\x1B[43mioargs\x1B[49m\x1B[38;5;241;43m.\x1B[39;49m\x1B[43mencoding\x1B[49m\x1B[43m,\x1B[49m\n' +
      '\x1B[1;32m    877\x1B[0m \x1B[43m            \x1B[49m\x1B[43merrors\x1B[49m\x1B[38;5;241;43m=\x1B[39;49m\x1B[43merrors\x1B[49m\x1B[43m,\x1B[49m\n' +
      '\x1B[1;32m    878\x1B[0m \x1B[43m            \x1B[49m\x1B[43mnewline\x1B[49m\x1B[38;5;241;43m=\x1B[39;49m\x1B[38;5;124;43m"\x1B[39;49m\x1B[38;5;124;43m"\x1B[39;49m\x1B[43m,\x1B[49m\n' +
      '\x1B[1;32m    879\x1B[0m \x1B[43m        \x1B[49m\x1B[43m)\x1B[49m\n' +
      '\x1B[1;32m    880\x1B[0m     \x1B[38;5;28;01melse\x1B[39;00m:\n' +
      '\x1B[1;32m    881\x1B[0m         \x1B[38;5;66;03m# Binary mode\x1B[39;00m\n' +
      '\x1B[1;32m    882\x1B[0m         handle \x1B[38;5;241m=\x1B[39m \x1B[38;5;28mopen\x1B[39m(handle, ioargs\x1B[38;5;241m.\x1B[39mmode)\n',
    "\x1B[0;31mFileNotFoundError\x1B[0m: [Errno 2] No such file or directory: '~/capsule/scratch/788406_2025-07-18_coreg_cpsam/788406_2025-07-18_landmarks_matched_ext_iter2.csv'"
  ]
}
04:49:21.413 [warn] Cell completed with errors [Iu [Error]: [Errno 2] No such file or directory: '~/capsule/scratch/788406_2025-07-18_coreg_cpsam/788406_2025-07-18_landmarks_matched_ext_iter2.csv'
	at n.execute (~/.vscode/extensions/ms-toolsai.jupyter-2025.9.1-linux-x64/dist/extension.node.js:302:4958)] {
  ename: 'FileNotFoundError',
  evalue: "[Errno 2] No such file or directory: '~/capsule/scratch/788406_2025-07-18_coreg_cpsam/788406_2025-07-18_landmarks_matched_ext_iter2.csv'",
  traceback: [
    '\x1B[0;31m---------------------------------------------------------------------------\x1B[0m',
    '\x1B[0;31mFileNotFoundError\x1B[0m                         Traceback (most recent call last)',
    'Cell \x1B[0;32mIn[20], line 11\x1B[0m\n' +
      "\x1B[1;32m      8\x1B[0m         \x1B[38;5;28mprint\x1B[39m(\x1B[38;5;124m'\x1B[39m\x1B[38;5;124mPrevious iteration was not reordered (but qced)\x1B[39m\x1B[38;5;124m'\x1B[39m)        \n" +
      "\x1B[1;32m      9\x1B[0m         landmarks_file \x1B[38;5;241m=\x1B[39m save_dir \x1B[38;5;241m/\x1B[39m \x1B[38;5;124mf\x1B[39m\x1B[38;5;124m'\x1B[39m\x1B[38;5;132;01m{\x1B[39;00msubject_id\x1B[38;5;132;01m}\x1B[39;00m\x1B[38;5;124m_\x1B[39m\x1B[38;5;132;01m{\x1B[39;00mczstack_date\x1B[38;5;132;01m}\x1B[39;00m\x1B[38;5;124m_landmarks_matched_ext_iter\x1B[39m\x1B[38;5;132;01m{\x1B[39;00mprev_iter\x1B[38;5;132;01m}\x1B[39;00m\x1B[38;5;124m.csv\x1B[39m\x1B[38;5;124m'\x1B[39m\n" +
      '\x1B[0;32m---> 11\x1B[0m landmarks \x1B[38;5;241m=\x1B[39m \x1B[43mpd\x1B[49m\x1B[38;5;241;43m.\x1B[39;49m\x1B[43mread_csv\x1B[49m\x1B[43m(\x1B[49m\x1B[43mlandmarks_file\x1B[49m\x1B[43m,\x1B[49m\x1B[43mheader\x1B[49m\x1B[38;5;241;43m=\x1B[39;49m\x1B[38;5;28;43;01mNone\x1B[39;49;00m\x1B[43m)\x1B[49m\n' +
      "\x1B[1;32m     12\x1B[0m columns \x1B[38;5;241m=\x1B[39m [\x1B[38;5;124m'\x1B[39m\x1B[38;5;124mids\x1B[39m\x1B[38;5;124m'\x1B[39m, \x1B[38;5;124m'\x1B[39m\x1B[38;5;124mactive\x1B[39m\x1B[38;5;124m'\x1B[39m, \x1B[38;5;124m'\x1B[39m\x1B[38;5;124mczstack_x\x1B[39m\x1B[38;5;124m'\x1B[39m, \x1B[38;5;124m'\x1B[39m\x1B[38;5;124mczstack_y\x1B[39m\x1B[38;5;124m'\x1B[39m, \x1B[38;5;124m'\x1B[39m\x1B[38;5;124mczstack_z\x1B[39m\x1B[38;5;124m'\x1B[39m, \x1B[38;5;124m'\x1B[39m\x1B[38;5;124mhcr_x\x1B[39m\x1B[38;5;124m'\x1B[39m, \x1B[38;5;124m'\x1B[39m\x1B[38;5;124mhcr_y\x1B[39m\x1B[38;5;124m'\x1B[39m, \x1B[38;5;124m'\x1B[39m\x1B[38;5;124mhcr_z\x1B[39m\x1B[38;5;124m'\x1B[39m]\n" +
      '\x1B[1;32m     13\x1B[0m landmarks\x1B[38;5;241m.\x1B[39mcolumns \x1B[38;5;241m=\x1B[39m columns\n',
    'File \x1B[0;32m/opt/conda/lib/python3.10/site-packages/pandas/io/parsers/readers.py:1026\x1B[0m, in \x1B[0;36mread_csv\x1B[0;34m(filepath_or_buffer, sep, delimiter, header, names, index_col, usecols, dtype, engine, converters, true_values, false_values, skipinitialspace, skiprows, skipfooter, nrows, na_values, keep_default_na, na_filter, verbose, skip_blank_lines, parse_dates, infer_datetime_format, keep_date_col, date_parser, date_format, dayfirst, cache_dates, iterator, chunksize, compression, thousands, decimal, lineterminator, quotechar, quoting, doublequote, escapechar, comment, encoding, encoding_errors, dialect, on_bad_lines, delim_whitespace, low_memory, memory_map, float_precision, storage_options, dtype_backend)\x1B[0m\n' +
      '\x1B[1;32m   1013\x1B[0m kwds_defaults \x1B[38;5;241m=\x1B[39m _refine_defaults_read(\n' +
      '\x1B[1;32m   1014\x1B[0m     dialect,\n' +
      '\x1B[1;32m   1015\x1B[0m     delimiter,\n' +
      '\x1B[0;32m   (...)\x1B[0m\n' +
      '\x1B[1;32m   1022\x1B[0m     dtype_backend\x1B[38;5;241m=\x1B[39mdtype_backend,\n' +
      '\x1B[1;32m   1023\x1B[0m )\n' +
      '\x1B[1;32m   1024\x1B[0m kwds\x1B[38;5;241m.\x1B[39mupdate(kwds_defaults)\n' +
      '\x1B[0;32m-> 1026\x1B[0m \x1B[38;5;28;01mreturn\x1B[39;00m \x1B[43m_read\x1B[49m\x1B[43m(\x1B[49m\x1B[43mfilepath_or_buffer\x1B[49m\x1B[43m,\x1B[49m\x1B[43m \x1B[49m\x1B[43mkwds\x1B[49m\x1B[43m)\x1B[49m\n',
    'File \x1B[0;32m/opt/conda/lib/python3.10/site-packages/pandas/io/parsers/readers.py:620\x1B[0m, in \x1B[0;36m_read\x1B[0;34m(filepath_or_buffer, kwds)\x1B[0m\n' +
      '\x1B[1;32m    617\x1B[0m _validate_names(kwds\x1B[38;5;241m.\x1B[39mget(\x1B[38;5;124m"\x1B[39m\x1B[38;5;124mnames\x1B[39m\x1B[38;5;124m"\x1B[39m, \x1B[38;5;28;01mNone\x1B[39;00m))\n' +
      '\x1B[1;32m    619\x1B[0m \x1B[38;5;66;03m# Create the parser.\x1B[39;00m\n' +
      '\x1B[0;32m--> 620\x1B[0m parser \x1B[38;5;241m=\x1B[39m \x1B[43mTextFileReader\x1B[49m\x1B[43m(\x1B[49m\x1B[43mfilepath_or_buffer\x1B[49m\x1B[43m,\x1B[49m\x1B[43m \x1B[49m\x1B[38;5;241;43m*\x1B[39;49m\x1B[38;5;241;43m*\x1B[39;49m\x1B[43mkwds\x1B[49m\x1B[43m)\x1B[49m\n' +
      '\x1B[1;32m    622\x1B[0m \x1B[38;5;28;01mif\x1B[39;00m chunksize \x1B[38;5;129;01mor\x1B[39;00m iterator:\n' +
      '\x1B[1;32m    623\x1B[0m     \x1B[38;5;28;01mreturn\x1B[39;00m parser\n',
    'File \x1B[0;32m/opt/conda/lib/python3.10/site-packages/pandas/io/parsers/readers.py:1620\x1B[0m, in \x1B[0;36mTextFileReader.__init__\x1B[0;34m(self, f, engine, **kwds)\x1B[0m\n' +
      '\x1B[1;32m   1617\x1B[0m     \x1B[38;5;28mself\x1B[39m\x1B[38;5;241m.\x1B[39moptions[\x1B[38;5;124m"\x1B[39m\x1B[38;5;124mhas_index_names\x1B[39m\x1B[38;5;124m"\x1B[39m] \x1B[38;5;241m=\x1B[39m kwds[\x1B[38;5;124m"\x1B[39m\x1B[38;5;124mhas_index_names\x1B[39m\x1B[38;5;124m"\x1B[39m]\n' +
      '\x1B[1;32m   1619\x1B[0m \x1B[38;5;28mself\x1B[39m\x1B[38;5;241m.\x1B[39mhandles: IOHandles \x1B[38;5;241m|\x1B[39m \x1B[38;5;28;01mNone\x1B[39;00m \x1B[38;5;241m=\x1B[39m \x1B[38;5;28;01mNone\x1B[39;00m\n' +
      '\x1B[0;32m-> 1620\x1B[0m \x1B[38;5;28mself\x1B[39m\x1B[38;5;241m.\x1B[39m_engine \x1B[38;5;241m=\x1B[39m \x1B[38;5;28;43mself\x1B[39;49m\x1B[38;5;241;43m.\x1B[39;49m\x1B[43m_make_engine\x1B[49m\x1B[43m(\x1B[49m\x1B[43mf\x1B[49m\x1B[43m,\x1B[49m\x1B[43m \x1B[49m\x1B[38;5;28;43mself\x1B[39;49m\x1B[38;5;241;43m.\x1B[39;49m\x1B[43mengine\x1B[49m\x1B[43m)\x1B[49m\n',
    'File \x1B[0;32m/opt/conda/lib/python3.10/site-packages/pandas/io/parsers/readers.py:1880\x1B[0m, in \x1B[0;36mTextFileReader._make_engine\x1B[0;34m(self, f, engine)\x1B[0m\n' +
      '\x1B[1;32m   1878\x1B[0m     \x1B[38;5;28;01mif\x1B[39;00m \x1B[38;5;124m"\x1B[39m\x1B[38;5;124mb\x1B[39m\x1B[38;5;124m"\x1B[39m \x1B[38;5;129;01mnot\x1B[39;00m \x1B[38;5;129;01min\x1B[39;00m mode:\n' +
      '\x1B[1;32m   1879\x1B[0m         mode \x1B[38;5;241m+\x1B[39m\x1B[38;5;241m=\x1B[39m \x1B[38;5;124m"\x1B[39m\x1B[38;5;124mb\x1B[39m\x1B[38;5;124m"\x1B[39m\n' +
      '\x1B[0;32m-> 1880\x1B[0m \x1B[38;5;28mself\x1B[39m\x1B[38;5;241m.\x1B[39mhandles \x1B[38;5;241m=\x1B[39m \x1B[43mget_handle\x1B[49m\x1B[43m(\x1B[49m\n' +
      '\x1B[1;32m   1881\x1B[0m \x1B[43m    \x1B[49m\x1B[43mf\x1B[49m\x1B[43m,\x1B[49m\n' +
      '\x1B[1;32m   1882\x1B[0m \x1B[43m    \x1B[49m\x1B[43mmode\x1B[49m\x1B[43m,\x1B[49m\n' +
      '\x1B[1;32m   1883\x1B[0m \x1B[43m    \x1B[49m\x1B[43mencoding\x1B[49m\x1B[38;5;241;43m=\x1B[39;49m\x1B[38;5;28;43mself\x1B[39;49m\x1B[38;5;241;43m.\x1B[39;49m\x1B[43moptions\x1B[49m\x1B[38;5;241;43m.\x1B[39;49m\x1B[43mget\x1B[49m\x1B[43m(\x1B[49m\x1B[38;5;124;43m"\x1B[39;49m\x1B[38;5;124;43mencoding\x1B[39;49m\x1B[38;5;124;43m"\x1B[39;49m\x1B[43m,\x1B[49m\x1B[43m \x1B[49m\x1B[38;5;28;43;01mNone\x1B[39;49;00m\x1B[43m)\x1B[49m\x1B[43m,\x1B[49m\n' +
      '\x1B[1;32m   1884\x1B[0m \x1B[43m    \x1B[49m\x1B[43mcompression\x1B[49m\x1B[38;5;241;43m=\x1B[39;49m\x1B[38;5;28;43mself\x1B[39;49m\x1B[38;5;241;43m.\x1B[39;49m\x1B[43moptions\x1B[49m\x1B[38;5;241;43m.\x1B[39;49m\x1B[43mget\x1B[49m\x1B[43m(\x1B[49m\x1B[38;5;124;43m"\x1B[39;49m\x1B[38;5;124;43mcompression\x1B[39;49m\x1B[38;5;124;43m"\x1B[39;49m\x1B[43m,\x1B[49m\x1B[43m \x1B[49m\x1B[38;5;28;43;01mNone\x1B[39;49;00m\x1B[43m)\x1B[49m\x1B[43m,\x1B[49m\n' +
      '\x1B[1;32m   1885\x1B[0m \x1B[43m    \x1B[49m\x1B[43mmemory_map\x1B[49m\x1B[38;5;241;43m=\x1B[39;49m\x1B[38;5;28;43mself\x1B[39;49m\x1B[38;5;241;43m.\x1B[39;49m\x1B[43moptions\x1B[49m\x1B[38;5;241;43m.\x1B[39;49m\x1B[43mget\x1B[49m\x1B[43m(\x1B[49m\x1B[38;5;124;43m"\x1B[39;49m\x1B[38;5;124;43mmemory_map\x1B[39;49m\x1B[38;5;124;43m"\x1B[39;49m\x1B[43m,\x1B[49m\x1B[43m \x1B[49m\x1B[38;5;28;43;01mFalse\x1B[39;49;00m\x1B[43m)\x1B[49m\x1B[43m,\x1B[49m\n' +
      '\x1B[1;32m   1886\x1B[0m \x1B[43m    \x1B[49m\x1B[43mis_text\x1B[49m\x1B[38;5;241;43m=\x1B[39;49m\x1B[43mis_text\x1B[49m\x1B[43m,\x1B[49m\n' +
      '\x1B[1;32m   1887\x1B[0m \x1B[43m    \x1B[49m\x1B[43merrors\x1B[49m\x1B[38;5;241;43m=\x1B[39;49m\x1B[38;5;28;43mself\x1B[39;49m\x1B[38;5;241;43m.\x1B[39;49m\x1B[43moptions\x1B[49m\x1B[38;5;241;43m.\x1B[39;49m\x1B[43mget\x1B[49m\x1B[43m(\x1B[49m\x1B[38;5;124;43m"\x1B[39;49m\x1B[38;5;124;43mencoding_errors\x1B[39;49m\x1B[38;5;124;43m"\x1B[39;49m\x1B[43m,\x1B[49m\x1B[43m \x1B[49m\x1B[38;5;124;43m"\x1B[39;49m\x1B[38;5;124;43mstrict\x1B[39;49m\x1B[38;5;124;43m"\x1B[39;49m\x1B[43m)\x1B[49m\x1B[43m,\x1B[49m\n' +
      '\x1B[1;32m   1888\x1B[0m \x1B[43m    \x1B[49m\x1B[43mstorage_options\x1B[49m\x1B[38;5;241;43m=\x1B[39;49m\x1B[38;5;28;43mself\x1B[39;49m\x1B[38;5;241;43m.\x1B[39;49m\x1B[43moptions\x1B[49m\x1B[38;5;241;43m.\x1B[39;49m\x1B[43mget\x1B[49m\x1B[43m(\x1B[49m\x1B[38;5;124;43m"\x1B[39;49m\x1B[38;5;124;43mstorage_options\x1B[39;49m\x1B[38;5;124;43m"\x1B[39;49m\x1B[43m,\x1B[49m\x1B[43m \x1B[49m\x1B[38;5;28;43;01mNone\x1B[39;49;00m\x1B[43m)\x1B[49m\x1B[43m,\x1B[49m\n' +
      '\x1B[1;32m   1889\x1B[0m \x1B[43m\x1B[49m\x1B[43m)\x1B[49m\n' +
      '\x1B[1;32m   1890\x1B[0m \x1B[38;5;28;01massert\x1B[39;00m \x1B[38;5;28mself\x1B[39m\x1B[38;5;241m.\x1B[39mhandles \x1B[38;5;129;01mis\x1B[39;00m \x1B[38;5;129;01mnot\x1B[39;00m \x1B[38;5;28;01mNone\x1B[39;00m\n' +
      '\x1B[1;32m   1891\x1B[0m f \x1B[38;5;241m=\x1B[39m \x1B[38;5;28mself\x1B[39m\x1B[38;5;241m.\x1B[39mhandles\x1B[38;5;241m.\x1B[39mhandle\n',
    'File \x1B[0;32m/opt/conda/lib/python3.10/site-packages/pandas/io/common.py:873\x1B[0m, in \x1B[0;36mget_handle\x1B[0;34m(path_or_buf, mode, encoding, compression, memory_map, is_text, errors, storage_options)\x1B[0m\n' +
      '\x1B[1;32m    868\x1B[0m \x1B[38;5;28;01melif\x1B[39;00m \x1B[38;5;28misinstance\x1B[39m(handle, \x1B[38;5;28mstr\x1B[39m):\n' +
      '\x1B[1;32m    869\x1B[0m     \x1B[38;5;66;03m# Check whether the filename is to be opened in binary mode.\x1B[39;00m\n' +
      "\x1B[1;32m    870\x1B[0m     \x1B[38;5;66;03m# Binary mode does not support 'encoding' and 'newline'.\x1B[39;00m\n" +
      '\x1B[1;32m    871\x1B[0m     \x1B[38;5;28;01mif\x1B[39;00m ioargs\x1B[38;5;241m.\x1B[39mencoding \x1B[38;5;129;01mand\x1B[39;00m \x1B[38;5;124m"\x1B[39m\x1B[38;5;124mb\x1B[39m\x1B[38;5;124m"\x1B[39m \x1B[38;5;129;01mnot\x1B[39;00m \x1B[38;5;129;01min\x1B[39;00m ioargs\x1B[38;5;241m.\x1B[39mmode:\n' +
      '\x1B[1;32m    872\x1B[0m         \x1B[38;5;66;03m# Encoding\x1B[39;00m\n' +
      '\x1B[0;32m--> 873\x1B[0m         handle \x1B[38;5;241m=\x1B[39m \x1B[38;5;28;43mopen\x1B[39;49m\x1B[43m(\x1B[49m\n' +
      '\x1B[1;32m    874\x1B[0m \x1B[43m            \x1B[49m\x1B[43mhandle\x1B[49m\x1B[43m,\x1B[49m\n' +
      '\x1B[1;32m    875\x1B[0m \x1B[43m            \x1B[49m\x1B[43mioargs\x1B[49m\x1B[38;5;241;43m.\x1B[39;49m\x1B[43mmode\x1B[49m\x1B[43m,\x1B[49m\n' +
      '\x1B[1;32m    876\x1B[0m \x1B[43m            \x1B[49m\x1B[43mencoding\x1B[49m\x1B[38;5;241;43m=\x1B[39;49m\x1B[43mioargs\x1B[49m\x1B[38;5;241;43m.\x1B[39;49m\x1B[43mencoding\x1B[49m\x1B[43m,\x1B[49m\n' +
      '\x1B[1;32m    877\x1B[0m \x1B[43m            \x1B[49m\x1B[43merrors\x1B[49m\x1B[38;5;241;43m=\x1B[39;49m\x1B[43merrors\x1B[49m\x1B[43m,\x1B[49m\n' +
      '\x1B[1;32m    878\x1B[0m \x1B[43m            \x1B[49m\x1B[43mnewline\x1B[49m\x1B[38;5;241;43m=\x1B[39;49m\x1B[38;5;124;43m"\x1B[39;49m\x1B[38;5;124;43m"\x1B[39;49m\x1B[43m,\x1B[49m\n' +
      '\x1B[1;32m    879\x1B[0m \x1B[43m        \x1B[49m\x1B[43m)\x1B[49m\n' +
      '\x1B[1;32m    880\x1B[0m     \x1B[38;5;28;01melse\x1B[39;00m:\n' +
      '\x1B[1;32m    881\x1B[0m         \x1B[38;5;66;03m# Binary mode\x1B[39;00m\n' +
      '\x1B[1;32m    882\x1B[0m         handle \x1B[38;5;241m=\x1B[39m \x1B[38;5;28mopen\x1B[39m(handle, ioargs\x1B[38;5;241m.\x1B[39mmode)\n',
    "\x1B[0;31mFileNotFoundError\x1B[0m: [Errno 2] No such file or directory: '~/capsule/scratch/788406_2025-07-18_coreg_cpsam/788406_2025-07-18_landmarks_matched_ext_iter2.csv'"
  ]
}
