Visual Studio Code (1.109.5, undefined, desktop)
Jupyter Extension Version: 2025.9.1.
Python Extension Version: 2026.2.0.
Python Environment Extension Version: 1.20.1.
Pylance Extension Version: 2026.1.1.
Platform: linux (x64).
Home = /root
Temp Storage folder ~/capsule/code/vscode-data/User/globalStorage/ms-toolsai.jupyter/version-2025.9.1
Workspace folder ~/capsule
05:10:21.394 [info] Starting Kernel (Python Path: /opt/conda/bin/python, Conda, 3.10.12) for '~/capsule/code/260227_gfp_count_verification.ipynb' (disableUI=true)
05:10:21.395 [info] Starting Kernel (Python Path: /opt/conda/bin/python, Conda, 3.10.12) for '~/capsule/code/step_3_more_iterations.ipynb' (disableUI=true)
05:10:21.396 [info] Starting Kernel (Python Path: /opt/conda/bin/python, Conda, 3.10.12) for '~/capsule/code/step_1_process_files.ipynb' (disableUI=true)
05:10:22.780 [info] Process Execution: /opt/conda/bin/python -m pip list
05:10:22.785 [info] Process Execution: /opt/conda/bin/python -c "import ipykernel; print(ipykernel.__version__); print("5dc3a68c-e34e-4080-9c3e-2a532b2ccb4d"); print(ipykernel.__file__)"
05:10:22.790 [info] Process Execution: /opt/conda/bin/python -m ipykernel_launcher --f=~/.local/share/jupyter/runtime/kernel-v3fb031418ee362e4f7cbf931f574631afb85bdb53.json
    > cwd: ~/capsule/code
05:10:22.800 [info] Process Execution: /opt/conda/bin/python -c "import ipykernel; print(ipykernel.__version__); print("5dc3a68c-e34e-4080-9c3e-2a532b2ccb4d"); print(ipykernel.__file__)"
05:10:22.805 [info] Process Execution: /opt/conda/bin/python -m ipykernel_launcher --f=~/.local/share/jupyter/runtime/kernel-v315459da8a13eb90db3e3e4f516ccc5d74084ef01.json
    > cwd: ~/capsule/code
05:10:22.811 [info] Process Execution: /opt/conda/bin/python -c "import ipykernel; print(ipykernel.__version__); print("5dc3a68c-e34e-4080-9c3e-2a532b2ccb4d"); print(ipykernel.__file__)"
05:10:22.816 [info] Process Execution: /opt/conda/bin/python -m ipykernel_launcher --f=~/.local/share/jupyter/runtime/kernel-v33518766546475842961466d76cb8b3fc4b7e9439.json
    > cwd: ~/capsule/code
05:10:23.299 [info] Kernel successfully started
05:10:23.302 [info] Kernel successfully started
05:10:23.308 [info] Process Execution: /opt/conda/bin/python ~/.vscode/extensions/ms-toolsai.jupyter-2025.9.1-linux-x64/pythonFiles/printJupyterDataDir.py
05:10:23.310 [info] Kernel successfully started
05:10:23.328 [error] Failed to get baseUrl [Error: EEXIST: file already exists, mkdir '~/.vscode/extensions/ms-toolsai.jupyter-2025.9.1-linux-x64/temp/scripts/7df0c2453e49ed05d3d0f3794defcebd56ad42641b177491fc43aece0cf55ce2/jupyter/nbextensions/anywidget'] {
  errno: -17,
  code: 'EEXIST',
  syscall: 'mkdir',
  path: '~/.vscode/extensions/ms-toolsai.jupyter-2025.9.1-linux-x64/temp/scripts/7df0c2453e49ed05d3d0f3794defcebd56ad42641b177491fc43aece0cf55ce2/jupyter/nbextensions/anywidget'
}
05:10:23.894 [error] Failed to get baseUrl [Error: EEXIST: file already exists, mkdir '~/.vscode/extensions/ms-toolsai.jupyter-2025.9.1-linux-x64/temp/scripts/7df0c2453e49ed05d3d0f3794defcebd56ad42641b177491fc43aece0cf55ce2/jupyter/nbextensions/anywidget'] {
  errno: -17,
  code: 'EEXIST',
  syscall: 'mkdir',
  path: '~/.vscode/extensions/ms-toolsai.jupyter-2025.9.1-linux-x64/temp/scripts/7df0c2453e49ed05d3d0f3794defcebd56ad42641b177491fc43aece0cf55ce2/jupyter/nbextensions/anywidget'
}
05:10:23.894 [warn] Failed to fetch script sources [Error: EEXIST: file already exists, mkdir '~/.vscode/extensions/ms-toolsai.jupyter-2025.9.1-linux-x64/temp/scripts/7df0c2453e49ed05d3d0f3794defcebd56ad42641b177491fc43aece0cf55ce2/jupyter/nbextensions/anywidget'] {
  errno: -17,
  code: 'EEXIST',
  syscall: 'mkdir',
  path: '~/.vscode/extensions/ms-toolsai.jupyter-2025.9.1-linux-x64/temp/scripts/7df0c2453e49ed05d3d0f3794defcebd56ad42641b177491fc43aece0cf55ce2/jupyter/nbextensions/anywidget'
}
05:10:24.056 [error] Widget Error: Failed to access CDN https://unpkg.com/ after 0 attempt(s), TypeError: Failed to fetch
05:10:24.056 [error] Widget Error: Failed to access CDN https://unpkg.com/ after 0 attempt(s), TypeError: Failed to fetch
05:10:50.536 [info] Starting Kernel (Python Path: /opt/conda/bin/python, Conda, 3.10.12) for '~/capsule/code/260227_landmark_checking.ipynb' (disableUI=false)
05:10:50.544 [info] Process Execution: /opt/conda/bin/python -c "import ipykernel; print(ipykernel.__version__); print("5dc3a68c-e34e-4080-9c3e-2a532b2ccb4d"); print(ipykernel.__file__)"
05:10:50.558 [info] Process Execution: /opt/conda/bin/python -m ipykernel_launcher --f=~/.local/share/jupyter/runtime/kernel-v35b940aea30ca16c8e0c2510d7c53f91c7fb791f3.json
    > cwd: ~/capsule/code
05:10:51.030 [info] Kernel successfully started
05:10:51.560 [error] Widget Error: Failed to access CDN https://unpkg.com/ after 0 attempt(s), TypeError: Failed to fetch
05:12:49.171 [info] Starting Kernel (Python Path: /opt/conda/bin/python, Conda, 3.10.12) for '~/capsule/code/step_2_automatic_mapping_for_qc.ipynb' (disableUI=true)
05:12:49.179 [info] Process Execution: /opt/conda/bin/python -c "import ipykernel; print(ipykernel.__version__); print("5dc3a68c-e34e-4080-9c3e-2a532b2ccb4d"); print(ipykernel.__file__)"
05:12:49.193 [info] Process Execution: /opt/conda/bin/python -m ipykernel_launcher --f=~/.local/share/jupyter/runtime/kernel-v39c4e9ce5091add7375b582e9b3f36cfdbb8e4c2d.json
    > cwd: ~/capsule/code
05:12:49.667 [info] Kernel successfully started
05:12:50.235 [error] Widget Error: Failed to access CDN https://unpkg.com/ after 0 attempt(s), TypeError: Failed to fetch
05:13:46.357 [warn] Cell completed with errors [Iu [Error]: '0'
	at n.execute (~/.vscode/extensions/ms-toolsai.jupyter-2025.9.1-linux-x64/dist/extension.node.js:302:4958)] {
  ename: 'KeyError',
  evalue: "'0'",
  traceback: [
    '\x1B[0;31m---------------------------------------------------------------------------\x1B[0m',
    '\x1B[0;31mKeyError\x1B[0m                                  Traceback (most recent call last)',
    'File \x1B[0;32m/opt/conda/lib/python3.10/site-packages/pandas/core/indexes/base.py:3812\x1B[0m, in \x1B[0;36mIndex.get_loc\x1B[0;34m(self, key)\x1B[0m\n' +
      '\x1B[1;32m   3811\x1B[0m \x1B[38;5;28;01mtry\x1B[39;00m:\n' +
      '\x1B[0;32m-> 3812\x1B[0m     \x1B[38;5;28;01mreturn\x1B[39;00m \x1B[38;5;28;43mself\x1B[39;49m\x1B[38;5;241;43m.\x1B[39;49m\x1B[43m_engine\x1B[49m\x1B[38;5;241;43m.\x1B[39;49m\x1B[43mget_loc\x1B[49m\x1B[43m(\x1B[49m\x1B[43mcasted_key\x1B[49m\x1B[43m)\x1B[49m\n' +
      '\x1B[1;32m   3813\x1B[0m \x1B[38;5;28;01mexcept\x1B[39;00m \x1B[38;5;167;01mKeyError\x1B[39;00m \x1B[38;5;28;01mas\x1B[39;00m err:\n',
    'File \x1B[0;32mpandas/_libs/index.pyx:167\x1B[0m, in \x1B[0;36mpandas._libs.index.IndexEngine.get_loc\x1B[0;34m()\x1B[0m\n',
    'File \x1B[0;32mpandas/_libs/index.pyx:175\x1B[0m, in \x1B[0;36mpandas._libs.index.IndexEngine.get_loc\x1B[0;34m()\x1B[0m\n',
    'File \x1B[0;32mpandas/_libs/index_class_helper.pxi:70\x1B[0m, in \x1B[0;36mpandas._libs.index.Int64Engine._check_type\x1B[0;34m()\x1B[0m\n',
    "\x1B[0;31mKeyError\x1B[0m: '0'",
    '\nThe above exception was the direct cause of the following exception:\n',
    '\x1B[0;31mKeyError\x1B[0m                                  Traceback (most recent call last)',
    'Cell \x1B[0;32mIn[10], line 1\x1B[0m\n' +
      "\x1B[0;32m----> 1\x1B[0m (\x1B[43mtest_df\x1B[49m\x1B[43m[\x1B[49m\x1B[38;5;124;43m'\x1B[39;49m\x1B[38;5;124;43m0\x1B[39;49m\x1B[38;5;124;43m'\x1B[39;49m\x1B[43m]\x1B[49m\x1B[38;5;241m.\x1B[39mvalues\x1B[38;5;241m==\x1B[39m problem_df[\x1B[38;5;124m'\x1B[39m\x1B[38;5;124m0\x1B[39m\x1B[38;5;124m'\x1B[39m]\x1B[38;5;241m.\x1B[39mvalues)\x1B[38;5;241m.\x1B[39mall()\n",
    'File \x1B[0;32m/opt/conda/lib/python3.10/site-packages/pandas/core/frame.py:4113\x1B[0m, in \x1B[0;36mDataFrame.__getitem__\x1B[0;34m(self, key)\x1B[0m\n' +
      '\x1B[1;32m   4111\x1B[0m \x1B[38;5;28;01mif\x1B[39;00m \x1B[38;5;28mself\x1B[39m\x1B[38;5;241m.\x1B[39mcolumns\x1B[38;5;241m.\x1B[39mnlevels \x1B[38;5;241m>\x1B[39m \x1B[38;5;241m1\x1B[39m:\n' +
      '\x1B[1;32m   4112\x1B[0m     \x1B[38;5;28;01mreturn\x1B[39;00m \x1B[38;5;28mself\x1B[39m\x1B[38;5;241m.\x1B[39m_getitem_multilevel(key)\n' +
      '\x1B[0;32m-> 4113\x1B[0m indexer \x1B[38;5;241m=\x1B[39m \x1B[38;5;28;43mself\x1B[39;49m\x1B[38;5;241;43m.\x1B[39;49m\x1B[43mcolumns\x1B[49m\x1B[38;5;241;43m.\x1B[39;49m\x1B[43mget_loc\x1B[49m\x1B[43m(\x1B[49m\x1B[43mkey\x1B[49m\x1B[43m)\x1B[49m\n' +
      '\x1B[1;32m   4114\x1B[0m \x1B[38;5;28;01mif\x1B[39;00m is_integer(indexer):\n' +
      '\x1B[1;32m   4115\x1B[0m     indexer \x1B[38;5;241m=\x1B[39m [indexer]\n',
    'File \x1B[0;32m/opt/conda/lib/python3.10/site-packages/pandas/core/indexes/base.py:3819\x1B[0m, in \x1B[0;36mIndex.get_loc\x1B[0;34m(self, key)\x1B[0m\n' +
      '\x1B[1;32m   3814\x1B[0m     \x1B[38;5;28;01mif\x1B[39;00m \x1B[38;5;28misinstance\x1B[39m(casted_key, \x1B[38;5;28mslice\x1B[39m) \x1B[38;5;129;01mor\x1B[39;00m (\n' +
      '\x1B[1;32m   3815\x1B[0m         \x1B[38;5;28misinstance\x1B[39m(casted_key, abc\x1B[38;5;241m.\x1B[39mIterable)\n' +
      '\x1B[1;32m   3816\x1B[0m         \x1B[38;5;129;01mand\x1B[39;00m \x1B[38;5;28many\x1B[39m(\x1B[38;5;28misinstance\x1B[39m(x, \x1B[38;5;28mslice\x1B[39m) \x1B[38;5;28;01mfor\x1B[39;00m x \x1B[38;5;129;01min\x1B[39;00m casted_key)\n' +
      '\x1B[1;32m   3817\x1B[0m     ):\n' +
      '\x1B[1;32m   3818\x1B[0m         \x1B[38;5;28;01mraise\x1B[39;00m InvalidIndexError(key)\n' +
      '\x1B[0;32m-> 3819\x1B[0m     \x1B[38;5;28;01mraise\x1B[39;00m \x1B[38;5;167;01mKeyError\x1B[39;00m(key) \x1B[38;5;28;01mfrom\x1B[39;00m\x1B[38;5;250m \x1B[39m\x1B[38;5;21;01merr\x1B[39;00m\n' +
      '\x1B[1;32m   3820\x1B[0m \x1B[38;5;28;01mexcept\x1B[39;00m \x1B[38;5;167;01mTypeError\x1B[39;00m:\n' +
      '\x1B[1;32m   3821\x1B[0m     \x1B[38;5;66;03m# If we have a listlike key, _check_indexing_error will raise\x1B[39;00m\n' +
      '\x1B[1;32m   3822\x1B[0m     \x1B[38;5;66;03m#  InvalidIndexError. Otherwise we fall through and re-raise\x1B[39;00m\n' +
      '\x1B[1;32m   3823\x1B[0m     \x1B[38;5;66;03m#  the TypeError.\x1B[39;00m\n' +
      '\x1B[1;32m   3824\x1B[0m     \x1B[38;5;28mself\x1B[39m\x1B[38;5;241m.\x1B[39m_check_indexing_error(key)\n',
    "\x1B[0;31mKeyError\x1B[0m: '0'"
  ]
}
05:14:53.707 [error] Widget Error: Failed to access CDN https://unpkg.com/ after 0 attempt(s), TypeError: Failed to fetch
05:30:35.643 [warn] Cell completed with errors [Iu [Error]: invalid syntax. Perhaps you forgot a comma? (3775949528.py, line 1)
	at n.execute (~/.vscode/extensions/ms-toolsai.jupyter-2025.9.1-linux-x64/dist/extension.node.js:302:4958)] {
  ename: 'SyntaxError',
  evalue: 'invalid syntax. Perhaps you forgot a comma? (3775949528.py, line 1)',
  traceback: [
    '\x1B[0;36m  Cell \x1B[0;32mIn[17], line 1\x1B[0;36m\x1B[0m\n' +
      "\x1B[0;31m    test_df[test_df.0.str.startswith('cz')]\x1B[0m\n" +
      '\x1B[0m            ^\x1B[0m\n' +
      '\x1B[0;31mSyntaxError\x1B[0m\x1B[0;31m:\x1B[0m invalid syntax. Perhaps you forgot a comma?\n'
  ]
}
05:32:39.265 [warn] Cell completed with errors [Iu [Error]: too many values to unpack (expected 2)
	at n.execute (~/.vscode/extensions/ms-toolsai.jupyter-2025.9.1-linux-x64/dist/extension.node.js:302:4958)] {
  ename: 'ValueError',
  evalue: 'too many values to unpack (expected 2)',
  traceback: [
    '\x1B[0;31m---------------------------------------------------------------------------\x1B[0m',
    '\x1B[0;31mValueError\x1B[0m                                Traceback (most recent call last)',
    'Cell \x1B[0;32mIn[20], line 2\x1B[0m\n' +
      '\x1B[1;32m      1\x1B[0m match_names \x1B[38;5;241m=\x1B[39m test_df[\x1B[38;5;241m0\x1B[39m]\x1B[38;5;241m.\x1B[39mvalues\n' +
      "\x1B[0;32m----> 2\x1B[0m czstack_ids, hcr_ids \x1B[38;5;241m=\x1B[39m [mn\x1B[38;5;241m.\x1B[39msplit(\x1B[38;5;124m'\x1B[39m\x1B[38;5;124m-\x1B[39m\x1B[38;5;124m'\x1B[39m) \x1B[38;5;28;01mfor\x1B[39;00m mn \x1B[38;5;129;01min\x1B[39;00m match_names]\n",
    '\x1B[0;31mValueError\x1B[0m: too many values to unpack (expected 2)'
  ]
}
05:33:12.371 [warn] Cell completed with errors [Iu [Error]: name 'np' is not defined
	at n.execute (~/.vscode/extensions/ms-toolsai.jupyter-2025.9.1-linux-x64/dist/extension.node.js:302:4958)] {
  ename: 'NameError',
  evalue: "name 'np' is not defined",
  traceback: [
    '\x1B[0;31m---------------------------------------------------------------------------\x1B[0m',
    '\x1B[0;31mNameError\x1B[0m                                 Traceback (most recent call last)',
    'Cell \x1B[0;32mIn[23], line 1\x1B[0m\n' +
      '\x1B[0;32m----> 1\x1B[0m \x1B[38;5;28mlen\x1B[39m(\x1B[43mnp\x1B[49m\x1B[38;5;241m.\x1B[39munique(hcr_ids)) \x1B[38;5;241m==\x1B[39m \x1B[38;5;28mlen\x1B[39m(hcr_ids)\n',
    "\x1B[0;31mNameError\x1B[0m: name 'np' is not defined"
  ]
}
06:06:57.357 [warn] Cell completed with errors [Iu [Error]: (1, 2, 3)
	at n.execute (~/.vscode/extensions/ms-toolsai.jupyter-2025.9.1-linux-x64/dist/extension.node.js:302:4958)] {
  ename: 'KeyError',
  evalue: '(1, 2, 3)',
  traceback: [
    '\x1B[0;31m---------------------------------------------------------------------------\x1B[0m',
    '\x1B[0;31mKeyError\x1B[0m                                  Traceback (most recent call last)',
    'File \x1B[0;32m/opt/conda/lib/python3.10/site-packages/pandas/core/indexes/base.py:3812\x1B[0m, in \x1B[0;36mIndex.get_loc\x1B[0;34m(self, key)\x1B[0m\n' +
      '\x1B[1;32m   3811\x1B[0m \x1B[38;5;28;01mtry\x1B[39;00m:\n' +
      '\x1B[0;32m-> 3812\x1B[0m     \x1B[38;5;28;01mreturn\x1B[39;00m \x1B[38;5;28;43mself\x1B[39;49m\x1B[38;5;241;43m.\x1B[39;49m\x1B[43m_engine\x1B[49m\x1B[38;5;241;43m.\x1B[39;49m\x1B[43mget_loc\x1B[49m\x1B[43m(\x1B[49m\x1B[43mcasted_key\x1B[49m\x1B[43m)\x1B[49m\n' +
      '\x1B[1;32m   3813\x1B[0m \x1B[38;5;28;01mexcept\x1B[39;00m \x1B[38;5;167;01mKeyError\x1B[39;00m \x1B[38;5;28;01mas\x1B[39;00m err:\n',
    'File \x1B[0;32mpandas/_libs/index.pyx:167\x1B[0m, in \x1B[0;36mpandas._libs.index.IndexEngine.get_loc\x1B[0;34m()\x1B[0m\n',
    'File \x1B[0;32mpandas/_libs/index.pyx:175\x1B[0m, in \x1B[0;36mpandas._libs.index.IndexEngine.get_loc\x1B[0;34m()\x1B[0m\n',
    'File \x1B[0;32mpandas/_libs/index_class_helper.pxi:70\x1B[0m, in \x1B[0;36mpandas._libs.index.Int64Engine._check_type\x1B[0;34m()\x1B[0m\n',
    '\x1B[0;31mKeyError\x1B[0m: (1, 2, 3)',
    '\nThe above exception was the direct cause of the following exception:\n',
    '\x1B[0;31mKeyError\x1B[0m                                  Traceback (most recent call last)',
    'Cell \x1B[0;32mIn[37], line 1\x1B[0m\n' +
      '\x1B[0;32m----> 1\x1B[0m czstack_centroids \x1B[38;5;241m=\x1B[39m \x1B[43mtest_df2\x1B[49m\x1B[43m[\x1B[49m\x1B[38;5;241;43m1\x1B[39;49m\x1B[43m,\x1B[49m\x1B[38;5;241;43m2\x1B[39;49m\x1B[43m,\x1B[49m\x1B[38;5;241;43m3\x1B[39;49m\x1B[43m]\x1B[49m\x1B[38;5;241m.\x1B[39mvalues\n',
    'File \x1B[0;32m/opt/conda/lib/python3.10/site-packages/pandas/core/frame.py:4113\x1B[0m, in \x1B[0;36mDataFrame.__getitem__\x1B[0;34m(self, key)\x1B[0m\n' +
      '\x1B[1;32m   4111\x1B[0m \x1B[38;5;28;01mif\x1B[39;00m \x1B[38;5;28mself\x1B[39m\x1B[38;5;241m.\x1B[39mcolumns\x1B[38;5;241m.\x1B[39mnlevels \x1B[38;5;241m>\x1B[39m \x1B[38;5;241m1\x1B[39m:\n' +
      '\x1B[1;32m   4112\x1B[0m     \x1B[38;5;28;01mreturn\x1B[39;00m \x1B[38;5;28mself\x1B[39m\x1B[38;5;241m.\x1B[39m_getitem_multilevel(key)\n' +
      '\x1B[0;32m-> 4113\x1B[0m indexer \x1B[38;5;241m=\x1B[39m \x1B[38;5;28;43mself\x1B[39;49m\x1B[38;5;241;43m.\x1B[39;49m\x1B[43mcolumns\x1B[49m\x1B[38;5;241;43m.\x1B[39;49m\x1B[43mget_loc\x1B[49m\x1B[43m(\x1B[49m\x1B[43mkey\x1B[49m\x1B[43m)\x1B[49m\n' +
      '\x1B[1;32m   4114\x1B[0m \x1B[38;5;28;01mif\x1B[39;00m is_integer(indexer):\n' +
      '\x1B[1;32m   4115\x1B[0m     indexer \x1B[38;5;241m=\x1B[39m [indexer]\n',
    'File \x1B[0;32m/opt/conda/lib/python3.10/site-packages/pandas/core/indexes/base.py:3819\x1B[0m, in \x1B[0;36mIndex.get_loc\x1B[0;34m(self, key)\x1B[0m\n' +
      '\x1B[1;32m   3814\x1B[0m     \x1B[38;5;28;01mif\x1B[39;00m \x1B[38;5;28misinstance\x1B[39m(casted_key, \x1B[38;5;28mslice\x1B[39m) \x1B[38;5;129;01mor\x1B[39;00m (\n' +
      '\x1B[1;32m   3815\x1B[0m         \x1B[38;5;28misinstance\x1B[39m(casted_key, abc\x1B[38;5;241m.\x1B[39mIterable)\n' +
      '\x1B[1;32m   3816\x1B[0m         \x1B[38;5;129;01mand\x1B[39;00m \x1B[38;5;28many\x1B[39m(\x1B[38;5;28misinstance\x1B[39m(x, \x1B[38;5;28mslice\x1B[39m) \x1B[38;5;28;01mfor\x1B[39;00m x \x1B[38;5;129;01min\x1B[39;00m casted_key)\n' +
      '\x1B[1;32m   3817\x1B[0m     ):\n' +
      '\x1B[1;32m   3818\x1B[0m         \x1B[38;5;28;01mraise\x1B[39;00m InvalidIndexError(key)\n' +
      '\x1B[0;32m-> 3819\x1B[0m     \x1B[38;5;28;01mraise\x1B[39;00m \x1B[38;5;167;01mKeyError\x1B[39;00m(key) \x1B[38;5;28;01mfrom\x1B[39;00m\x1B[38;5;250m \x1B[39m\x1B[38;5;21;01merr\x1B[39;00m\n' +
      '\x1B[1;32m   3820\x1B[0m \x1B[38;5;28;01mexcept\x1B[39;00m \x1B[38;5;167;01mTypeError\x1B[39;00m:\n' +
      '\x1B[1;32m   3821\x1B[0m     \x1B[38;5;66;03m# If we have a listlike key, _check_indexing_error will raise\x1B[39;00m\n' +
      '\x1B[1;32m   3822\x1B[0m     \x1B[38;5;66;03m#  InvalidIndexError. Otherwise we fall through and re-raise\x1B[39;00m\n' +
      '\x1B[1;32m   3823\x1B[0m     \x1B[38;5;66;03m#  the TypeError.\x1B[39;00m\n' +
      '\x1B[1;32m   3824\x1B[0m     \x1B[38;5;28mself\x1B[39m\x1B[38;5;241m.\x1B[39m_check_indexing_error(key)\n',
    '\x1B[0;31mKeyError\x1B[0m: (1, 2, 3)'
  ]
}
06:07:33.901 [info] Disposing request as the cell (-1) was deleted ~/capsule/code/260227_landmark_checking.ipynb
06:08:26.631 [warn] Cell completed with errors [Iu [Error]: all the input array dimensions except for the concatenation axis must match exactly, but along dimension 1, the array at index 0 has size 932 and the array at index 1 has size 974
	at n.execute (~/.vscode/extensions/ms-toolsai.jupyter-2025.9.1-linux-x64/dist/extension.node.js:302:4958)] {
  ename: 'ValueError',
  evalue: 'all the input array dimensions except for the concatenation axis must match exactly, but along dimension 1, the array at index 0 has size 932 and the array at index 1 has size 974',
  traceback: [
    '\x1B[0;31m---------------------------------------------------------------------------\x1B[0m',
    '\x1B[0;31mValueError\x1B[0m                                Traceback (most recent call last)',
    'Cell \x1B[0;32mIn[46], line 1\x1B[0m\n' +
      '\x1B[0;32m----> 1\x1B[0m czstack_centroids \x1B[38;5;241m=\x1B[39m \x1B[43mnp\x1B[49m\x1B[38;5;241;43m.\x1B[39;49m\x1B[43mvstack\x1B[49m\x1B[43m(\x1B[49m\x1B[43m[\x1B[49m\x1B[43mtest_df2\x1B[49m\x1B[43m[\x1B[49m\x1B[38;5;241;43m2\x1B[39;49m\x1B[43m]\x1B[49m\x1B[38;5;241;43m.\x1B[39;49m\x1B[43mvalues\x1B[49m\x1B[43m,\x1B[49m\x1B[43m \x1B[49m\x1B[43mtest_df\x1B[49m\x1B[43m[\x1B[49m\x1B[38;5;241;43m3\x1B[39;49m\x1B[43m]\x1B[49m\x1B[38;5;241;43m.\x1B[39;49m\x1B[43mvalues\x1B[49m\x1B[43m,\x1B[49m\x1B[43m \x1B[49m\x1B[43mtest_df\x1B[49m\x1B[43m[\x1B[49m\x1B[38;5;241;43m4\x1B[39;49m\x1B[43m]\x1B[49m\x1B[38;5;241;43m.\x1B[39;49m\x1B[43mvalues\x1B[49m\x1B[43m]\x1B[49m\x1B[43m)\x1B[49m\n' +
      '\x1B[1;32m      2\x1B[0m czstack_centroids\x1B[38;5;241m.\x1B[39mshape\n',
    'File \x1B[0;32m/opt/conda/lib/python3.10/site-packages/numpy/core/shape_base.py:289\x1B[0m, in \x1B[0;36mvstack\x1B[0;34m(tup, dtype, casting)\x1B[0m\n' +
      '\x1B[1;32m    287\x1B[0m \x1B[38;5;28;01mif\x1B[39;00m \x1B[38;5;129;01mnot\x1B[39;00m \x1B[38;5;28misinstance\x1B[39m(arrs, \x1B[38;5;28mlist\x1B[39m):\n' +
      '\x1B[1;32m    288\x1B[0m     arrs \x1B[38;5;241m=\x1B[39m [arrs]\n' +
      '\x1B[0;32m--> 289\x1B[0m \x1B[38;5;28;01mreturn\x1B[39;00m \x1B[43m_nx\x1B[49m\x1B[38;5;241;43m.\x1B[39;49m\x1B[43mconcatenate\x1B[49m\x1B[43m(\x1B[49m\x1B[43marrs\x1B[49m\x1B[43m,\x1B[49m\x1B[43m \x1B[49m\x1B[38;5;241;43m0\x1B[39;49m\x1B[43m,\x1B[49m\x1B[43m \x1B[49m\x1B[43mdtype\x1B[49m\x1B[38;5;241;43m=\x1B[39;49m\x1B[43mdtype\x1B[49m\x1B[43m,\x1B[49m\x1B[43m \x1B[49m\x1B[43mcasting\x1B[49m\x1B[38;5;241;43m=\x1B[39;49m\x1B[43mcasting\x1B[49m\x1B[43m)\x1B[49m\n',
    '\x1B[0;31mValueError\x1B[0m: all the input array dimensions except for the concatenation axis must match exactly, but along dimension 1, the array at index 0 has size 932 and the array at index 1 has size 974'
  ]
}
06:08:40.738 [warn] Cell completed with errors [Iu [Error]: all the input array dimensions except for the concatenation axis must match exactly, but along dimension 1, the array at index 0 has size 932 and the array at index 1 has size 974
	at n.execute (~/.vscode/extensions/ms-toolsai.jupyter-2025.9.1-linux-x64/dist/extension.node.js:302:4958)] {
  ename: 'ValueError',
  evalue: 'all the input array dimensions except for the concatenation axis must match exactly, but along dimension 1, the array at index 0 has size 932 and the array at index 1 has size 974',
  traceback: [
    '\x1B[0;31m---------------------------------------------------------------------------\x1B[0m',
    '\x1B[0;31mValueError\x1B[0m                                Traceback (most recent call last)',
    'Cell \x1B[0;32mIn[49], line 1\x1B[0m\n' +
      '\x1B[0;32m----> 1\x1B[0m czstack_centroids \x1B[38;5;241m=\x1B[39m \x1B[43mnp\x1B[49m\x1B[38;5;241;43m.\x1B[39;49m\x1B[43mdstack\x1B[49m\x1B[43m(\x1B[49m\x1B[43m[\x1B[49m\x1B[43mtest_df2\x1B[49m\x1B[43m[\x1B[49m\x1B[38;5;241;43m2\x1B[39;49m\x1B[43m]\x1B[49m\x1B[38;5;241;43m.\x1B[39;49m\x1B[43mvalues\x1B[49m\x1B[43m,\x1B[49m\x1B[43m \x1B[49m\x1B[43mtest_df\x1B[49m\x1B[43m[\x1B[49m\x1B[38;5;241;43m3\x1B[39;49m\x1B[43m]\x1B[49m\x1B[38;5;241;43m.\x1B[39;49m\x1B[43mvalues\x1B[49m\x1B[43m,\x1B[49m\x1B[43m \x1B[49m\x1B[43mtest_df\x1B[49m\x1B[43m[\x1B[49m\x1B[38;5;241;43m4\x1B[39;49m\x1B[43m]\x1B[49m\x1B[38;5;241;43m.\x1B[39;49m\x1B[43mvalues\x1B[49m\x1B[43m]\x1B[49m\x1B[43m)\x1B[49m\n' +
      '\x1B[1;32m      2\x1B[0m czstack_centroids\x1B[38;5;241m.\x1B[39mshape\n',
    'File \x1B[0;32m/opt/conda/lib/python3.10/site-packages/numpy/lib/shape_base.py:715\x1B[0m, in \x1B[0;36mdstack\x1B[0;34m(tup)\x1B[0m\n' +
      '\x1B[1;32m    713\x1B[0m \x1B[38;5;28;01mif\x1B[39;00m \x1B[38;5;129;01mnot\x1B[39;00m \x1B[38;5;28misinstance\x1B[39m(arrs, \x1B[38;5;28mlist\x1B[39m):\n' +
      '\x1B[1;32m    714\x1B[0m     arrs \x1B[38;5;241m=\x1B[39m [arrs]\n' +
      '\x1B[0;32m--> 715\x1B[0m \x1B[38;5;28;01mreturn\x1B[39;00m \x1B[43m_nx\x1B[49m\x1B[38;5;241;43m.\x1B[39;49m\x1B[43mconcatenate\x1B[49m\x1B[43m(\x1B[49m\x1B[43marrs\x1B[49m\x1B[43m,\x1B[49m\x1B[43m \x1B[49m\x1B[38;5;241;43m2\x1B[39;49m\x1B[43m)\x1B[49m\n',
    '\x1B[0;31mValueError\x1B[0m: all the input array dimensions except for the concatenation axis must match exactly, but along dimension 1, the array at index 0 has size 932 and the array at index 1 has size 974'
  ]
}
06:08:43.506 [warn] Cell completed with errors [Iu [Error]: all the input array dimensions except for the concatenation axis must match exactly, but along dimension 1, the array at index 0 has size 932 and the array at index 1 has size 974
	at n.execute (~/.vscode/extensions/ms-toolsai.jupyter-2025.9.1-linux-x64/dist/extension.node.js:302:4958)] {
  ename: 'ValueError',
  evalue: 'all the input array dimensions except for the concatenation axis must match exactly, but along dimension 1, the array at index 0 has size 932 and the array at index 1 has size 974',
  traceback: [
    '\x1B[0;31m---------------------------------------------------------------------------\x1B[0m',
    '\x1B[0;31mValueError\x1B[0m                                Traceback (most recent call last)',
    'Cell \x1B[0;32mIn[50], line 1\x1B[0m\n' +
      '\x1B[0;32m----> 1\x1B[0m czstack_centroids \x1B[38;5;241m=\x1B[39m \x1B[43mnp\x1B[49m\x1B[38;5;241;43m.\x1B[39;49m\x1B[43mvstack\x1B[49m\x1B[43m(\x1B[49m\x1B[43m[\x1B[49m\x1B[43mtest_df2\x1B[49m\x1B[43m[\x1B[49m\x1B[38;5;241;43m2\x1B[39;49m\x1B[43m]\x1B[49m\x1B[38;5;241;43m.\x1B[39;49m\x1B[43mvalues\x1B[49m\x1B[43m,\x1B[49m\x1B[43m \x1B[49m\x1B[43mtest_df\x1B[49m\x1B[43m[\x1B[49m\x1B[38;5;241;43m3\x1B[39;49m\x1B[43m]\x1B[49m\x1B[38;5;241;43m.\x1B[39;49m\x1B[43mvalues\x1B[49m\x1B[43m,\x1B[49m\x1B[43m \x1B[49m\x1B[43mtest_df\x1B[49m\x1B[43m[\x1B[49m\x1B[38;5;241;43m4\x1B[39;49m\x1B[43m]\x1B[49m\x1B[38;5;241;43m.\x1B[39;49m\x1B[43mvalues\x1B[49m\x1B[43m]\x1B[49m\x1B[43m)\x1B[49m\n' +
      '\x1B[1;32m      2\x1B[0m czstack_centroids\x1B[38;5;241m.\x1B[39mshape\n',
    'File \x1B[0;32m/opt/conda/lib/python3.10/site-packages/numpy/core/shape_base.py:289\x1B[0m, in \x1B[0;36mvstack\x1B[0;34m(tup, dtype, casting)\x1B[0m\n' +
      '\x1B[1;32m    287\x1B[0m \x1B[38;5;28;01mif\x1B[39;00m \x1B[38;5;129;01mnot\x1B[39;00m \x1B[38;5;28misinstance\x1B[39m(arrs, \x1B[38;5;28mlist\x1B[39m):\n' +
      '\x1B[1;32m    288\x1B[0m     arrs \x1B[38;5;241m=\x1B[39m [arrs]\n' +
      '\x1B[0;32m--> 289\x1B[0m \x1B[38;5;28;01mreturn\x1B[39;00m \x1B[43m_nx\x1B[49m\x1B[38;5;241;43m.\x1B[39;49m\x1B[43mconcatenate\x1B[49m\x1B[43m(\x1B[49m\x1B[43marrs\x1B[49m\x1B[43m,\x1B[49m\x1B[43m \x1B[49m\x1B[38;5;241;43m0\x1B[39;49m\x1B[43m,\x1B[49m\x1B[43m \x1B[49m\x1B[43mdtype\x1B[49m\x1B[38;5;241;43m=\x1B[39;49m\x1B[43mdtype\x1B[49m\x1B[43m,\x1B[49m\x1B[43m \x1B[49m\x1B[43mcasting\x1B[49m\x1B[38;5;241;43m=\x1B[39;49m\x1B[43mcasting\x1B[49m\x1B[43m)\x1B[49m\n',
    '\x1B[0;31mValueError\x1B[0m: all the input array dimensions except for the concatenation axis must match exactly, but along dimension 1, the array at index 0 has size 932 and the array at index 1 has size 974'
  ]
}
06:09:11.633 [warn] Cell completed with errors [Iu [Error]: all input arrays must have the same shape
	at n.execute (~/.vscode/extensions/ms-toolsai.jupyter-2025.9.1-linux-x64/dist/extension.node.js:302:4958)] {
  ename: 'ValueError',
  evalue: 'all input arrays must have the same shape',
  traceback: [
    '\x1B[0;31m---------------------------------------------------------------------------\x1B[0m',
    '\x1B[0;31mValueError\x1B[0m                                Traceback (most recent call last)',
    'Cell \x1B[0;32mIn[54], line 1\x1B[0m\n' +
      '\x1B[0;32m----> 1\x1B[0m czstack_centroids \x1B[38;5;241m=\x1B[39m \x1B[43mnp\x1B[49m\x1B[38;5;241;43m.\x1B[39;49m\x1B[43mstack\x1B[49m\x1B[43m(\x1B[49m\x1B[43m[\x1B[49m\x1B[43mtest_df2\x1B[49m\x1B[43m[\x1B[49m\x1B[38;5;241;43m2\x1B[39;49m\x1B[43m]\x1B[49m\x1B[38;5;241;43m.\x1B[39;49m\x1B[43mvalues\x1B[49m\x1B[43m,\x1B[49m\x1B[43m \x1B[49m\x1B[43mtest_df\x1B[49m\x1B[43m[\x1B[49m\x1B[38;5;241;43m3\x1B[39;49m\x1B[43m]\x1B[49m\x1B[38;5;241;43m.\x1B[39;49m\x1B[43mvalues\x1B[49m\x1B[43m,\x1B[49m\x1B[43m \x1B[49m\x1B[43mtest_df\x1B[49m\x1B[43m[\x1B[49m\x1B[38;5;241;43m4\x1B[39;49m\x1B[43m]\x1B[49m\x1B[38;5;241;43m.\x1B[39;49m\x1B[43mvalues\x1B[49m\x1B[43m]\x1B[49m\x1B[43m)\x1B[49m\n' +
      '\x1B[1;32m      2\x1B[0m czstack_centroids\x1B[38;5;241m.\x1B[39mshape\n',
    'File \x1B[0;32m/opt/conda/lib/python3.10/site-packages/numpy/core/shape_base.py:449\x1B[0m, in \x1B[0;36mstack\x1B[0;34m(arrays, axis, out, dtype, casting)\x1B[0m\n' +
      '\x1B[1;32m    447\x1B[0m shapes \x1B[38;5;241m=\x1B[39m {arr\x1B[38;5;241m.\x1B[39mshape \x1B[38;5;28;01mfor\x1B[39;00m arr \x1B[38;5;129;01min\x1B[39;00m arrays}\n' +
      '\x1B[1;32m    448\x1B[0m \x1B[38;5;28;01mif\x1B[39;00m \x1B[38;5;28mlen\x1B[39m(shapes) \x1B[38;5;241m!=\x1B[39m \x1B[38;5;241m1\x1B[39m:\n' +
      "\x1B[0;32m--> 449\x1B[0m     \x1B[38;5;28;01mraise\x1B[39;00m \x1B[38;5;167;01mValueError\x1B[39;00m(\x1B[38;5;124m'\x1B[39m\x1B[38;5;124mall input arrays must have the same shape\x1B[39m\x1B[38;5;124m'\x1B[39m)\n" +
      '\x1B[1;32m    451\x1B[0m result_ndim \x1B[38;5;241m=\x1B[39m arrays[\x1B[38;5;241m0\x1B[39m]\x1B[38;5;241m.\x1B[39mndim \x1B[38;5;241m+\x1B[39m \x1B[38;5;241m1\x1B[39m\n' +
      '\x1B[1;32m    452\x1B[0m axis \x1B[38;5;241m=\x1B[39m normalize_axis_index(axis, result_ndim)\n',
    '\x1B[0;31mValueError\x1B[0m: all input arrays must have the same shape'
  ]
}
06:09:46.219 [warn] Cell completed with errors [Iu [Error]: module 'numpy' has no attribute 'vtack'
	at n.execute (~/.vscode/extensions/ms-toolsai.jupyter-2025.9.1-linux-x64/dist/extension.node.js:302:4958)] {
  ename: 'AttributeError',
  evalue: "module 'numpy' has no attribute 'vtack'",
  traceback: [
    '\x1B[0;31m---------------------------------------------------------------------------\x1B[0m',
    '\x1B[0;31mAttributeError\x1B[0m                            Traceback (most recent call last)',
    'Cell \x1B[0;32mIn[60], line 1\x1B[0m\n' +
      '\x1B[0;32m----> 1\x1B[0m czstack_centroids \x1B[38;5;241m=\x1B[39m \x1B[43mnp\x1B[49m\x1B[38;5;241;43m.\x1B[39;49m\x1B[43mvtack\x1B[49m([test_df2[\x1B[38;5;241m2\x1B[39m]\x1B[38;5;241m.\x1B[39mvalues, test_df2[\x1B[38;5;241m3\x1B[39m]\x1B[38;5;241m.\x1B[39mvalues, test_df2[\x1B[38;5;241m4\x1B[39m]\x1B[38;5;241m.\x1B[39mvalues])\n' +
      '\x1B[1;32m      2\x1B[0m czstack_centroids\x1B[38;5;241m.\x1B[39mshape\n',
    'File \x1B[0;32m/opt/conda/lib/python3.10/site-packages/numpy/__init__.py:333\x1B[0m, in \x1B[0;36m__getattr__\x1B[0;34m(attr)\x1B[0m\n' +
      '\x1B[1;32m    330\x1B[0m     \x1B[38;5;124m"\x1B[39m\x1B[38;5;124mRemoved in NumPy 1.25.0\x1B[39m\x1B[38;5;124m"\x1B[39m\n' +
      '\x1B[1;32m    331\x1B[0m     \x1B[38;5;28;01mraise\x1B[39;00m \x1B[38;5;167;01mRuntimeError\x1B[39;00m(\x1B[38;5;124m"\x1B[39m\x1B[38;5;124mTester was removed in NumPy 1.25.\x1B[39m\x1B[38;5;124m"\x1B[39m)\n' +
      '\x1B[0;32m--> 333\x1B[0m \x1B[38;5;28;01mraise\x1B[39;00m \x1B[38;5;167;01mAttributeError\x1B[39;00m(\x1B[38;5;124m"\x1B[39m\x1B[38;5;124mmodule \x1B[39m\x1B[38;5;132;01m{!r}\x1B[39;00m\x1B[38;5;124m has no attribute \x1B[39m\x1B[38;5;124m"\x1B[39m\n' +
      '\x1B[1;32m    334\x1B[0m                      \x1B[38;5;124m"\x1B[39m\x1B[38;5;132;01m{!r}\x1B[39;00m\x1B[38;5;124m"\x1B[39m\x1B[38;5;241m.\x1B[39mformat(\x1B[38;5;18m__name__\x1B[39m, attr))\n',
    "\x1B[0;31mAttributeError\x1B[0m: module 'numpy' has no attribute 'vtack'"
  ]
}
06:16:26.814 [warn] Cell completed with errors [Iu [Error]: cannot import name 'pdist' from 'scipy' (/opt/conda/lib/python3.10/site-packages/scipy/__init__.py)
	at n.execute (~/.vscode/extensions/ms-toolsai.jupyter-2025.9.1-linux-x64/dist/extension.node.js:302:4958)] {
  ename: 'ImportError',
  evalue: "cannot import name 'pdist' from 'scipy' (/opt/conda/lib/python3.10/site-packages/scipy/__init__.py)",
  traceback: [
    '\x1B[0;31m---------------------------------------------------------------------------\x1B[0m',
    '\x1B[0;31mImportError\x1B[0m                               Traceback (most recent call last)',
    'Cell \x1B[0;32mIn[65], line 1\x1B[0m\n' +
      '\x1B[0;32m----> 1\x1B[0m \x1B[38;5;28;01mfrom\x1B[39;00m\x1B[38;5;250m \x1B[39m\x1B[38;5;21;01mscipy\x1B[39;00m\x1B[38;5;250m \x1B[39m\x1B[38;5;28;01mimport\x1B[39;00m pdist\n' +
      '\x1B[1;32m      2\x1B[0m pdist(czstack_centroids\x1B[38;5;241m.\x1B[39mT)\n',
    "\x1B[0;31mImportError\x1B[0m: cannot import name 'pdist' from 'scipy' (/opt/conda/lib/python3.10/site-packages/scipy/__init__.py)"
  ]
}
06:18:07.698 [info] Dispose Kernel '~/capsule/code/260227_gfp_count_verification.ipynb' associated with '~/capsule/code/260227_gfp_count_verification.ipynb'
06:18:07.710 [info] Dispose Kernel '~/capsule/code/step_3_more_iterations.ipynb' associated with '~/capsule/code/step_3_more_iterations.ipynb'
06:18:07.719 [info] Dispose Kernel '~/capsule/code/step_1_process_files.ipynb' associated with '~/capsule/code/step_1_process_files.ipynb'
06:18:07.728 [info] Dispose Kernel '~/capsule/code/260227_landmark_checking.ipynb' associated with '~/capsule/code/260227_landmark_checking.ipynb'
06:18:07.737 [info] Dispose Kernel '~/capsule/code/step_2_automatic_mapping_for_qc.ipynb' associated with '~/capsule/code/step_2_automatic_mapping_for_qc.ipynb'
