2026-02-27 22:20:36.402 [info] Starting Python Locator /root/.vscode/extensions/ms-python.python-2026.2.0-linux-x64/python-env-tools/bin/pet server
2026-02-27 22:20:36.407 [info] Discovered manager: (Conda) /opt/conda/bin/conda
2026-02-27 22:20:36.408 [info] Discovered env: /opt/conda/bin/python
2026-02-27 22:20:36.437 [info] Discovered env: /usr/bin/python3
2026-02-27 22:20:36.441 [info] Discovered env: /bin/python3
2026-02-27 22:20:36.467 [info] Locator Conda took 67.053711ms
2026-02-27 22:20:36.467 [info] Locator Homebrew took 845.076µs
2026-02-27 22:20:36.467 [info] Locator LinuxGlobal took 86.581882ms
2026-02-27 22:20:36.467 [info] Locator PipEnv took 63.341µs
2026-02-27 22:20:36.467 [info] Locator Pixi took 118.823µs
2026-02-27 22:20:36.467 [info] Locator Poetry took 1.454148ms
2026-02-27 22:20:36.467 [info] Locator PyEnv took 2.390417ms
2026-02-27 22:20:36.468 [info] Locator Uv took 428.708µs
2026-02-27 22:20:36.468 [info] Locator Venv took 261.095µs
2026-02-27 22:20:36.468 [info] Locator VirtualEnv took 308.806µs
2026-02-27 22:20:36.468 [info] Locator VirtualEnvWrapper took 214.274µs
2026-02-27 22:20:36.468 [info] Locator GlobalVirtualEnvs took 692.723µs
2026-02-27 22:20:36.468 [info] Locator Locators took 89.088801ms
2026-02-27 22:20:36.468 [info] Locator Path took 115.64889ms
2026-02-27 22:20:36.468 [info] Locator Workspaces took 4.092261ms
2026-02-27 22:20:36.468 [info] Refresh completed in 115ms
2026-02-27 22:20:36.973 [info] Resolved Python Environment /opt/conda/bin/python
2026-02-27 22:20:36.973 [info] Discovered manager: (Conda) /opt/conda/bin/conda
2026-02-27 22:20:36.973 [info] Discovered env: /opt/conda/bin/python
2026-02-27 22:20:36.974 [info] Discovered env: /bin/python3
2026-02-27 22:20:36.974 [info] Discovered env: /usr/bin/python3
2026-02-27 22:20:36.975 [info] Locator Conda took 73.099178ms
2026-02-27 22:20:36.975 [info] Locator Homebrew took 515.299µs
2026-02-27 22:20:36.976 [info] Locator LinuxGlobal took 69.990357ms
2026-02-27 22:20:36.976 [info] Locator PipEnv took 77.441µs
2026-02-27 22:20:36.976 [info] Locator Pixi took 119.832µs
2026-02-27 22:20:36.976 [info] Locator Poetry took 852.117µs
2026-02-27 22:20:36.976 [info] Locator PyEnv took 420.108µs
2026-02-27 22:20:36.976 [info] Locator Uv took 119.073µs
2026-02-27 22:20:36.976 [info] Locator Venv took 287.445µs
2026-02-27 22:20:36.976 [info] Locator VirtualEnv took 285.755µs
2026-02-27 22:20:36.976 [info] Locator VirtualEnvWrapper took 109.142µs
2026-02-27 22:20:36.976 [info] Locator GlobalVirtualEnvs took 219.704µs
2026-02-27 22:20:36.976 [info] Locator Locators took 73.525677ms
2026-02-27 22:20:36.976 [info] Locator Path took 95.516437ms
2026-02-27 22:20:36.976 [info] Locator Workspaces took 3.847596ms
2026-02-27 22:20:36.976 [info] Refresh completed in 95ms
2026-02-27 22:20:36.977 [info] Resolved Python Environment /opt/conda/bin/python
2026-02-27 22:20:37.697 [info] Discovered manager: (Conda) /opt/conda/bin/conda
2026-02-27 22:20:37.697 [info] Discovered env: /opt/conda/bin/python
2026-02-27 22:20:37.737 [info] Discovered env: /bin/python3
2026-02-27 22:20:37.738 [info] Discovered env: /usr/bin/python3
2026-02-27 22:20:37.761 [info] Locator Conda took 71.968208ms
2026-02-27 22:20:37.761 [info] Locator Homebrew took 335.766µs
2026-02-27 22:20:37.761 [info] Locator LinuxGlobal took 62.261017ms
2026-02-27 22:20:37.761 [info] Locator PipEnv took 45.701µs
2026-02-27 22:20:37.761 [info] Locator Pixi took 139.153µs
2026-02-27 22:20:37.761 [info] Locator Poetry took 518.32µs
2026-02-27 22:20:37.761 [info] Locator PyEnv took 299.596µs
2026-02-27 22:20:37.761 [info] Locator Uv took 179.503µs
2026-02-27 22:20:37.761 [info] Locator Venv took 54.071µs
2026-02-27 22:20:37.761 [info] Locator VirtualEnv took 35.34µs
2026-02-27 22:20:37.761 [info] Locator VirtualEnvWrapper took 41.971µs
2026-02-27 22:20:37.761 [info] Locator GlobalVirtualEnvs took 90.291µs
2026-02-27 22:20:37.761 [info] Locator Locators took 72.315734ms
2026-02-27 22:20:37.761 [info] Locator Path took 87.364627ms
2026-02-27 22:20:37.761 [info] Locator Workspaces took 3.04055ms
2026-02-27 22:20:37.762 [info] Refresh completed in 87ms
2026-02-27 22:21:13.697 [info] Resolved Python Environment /opt/conda/bin/python
2026-02-27 22:21:52.436 [info] Resolved Python Environment /opt/conda/bin/python
2026-02-27 22:31:31.495 [info] Resolved Python Environment /opt/conda/bin/python
