2026-02-27 22:20:36.402 [info] Native locator: Refresh started
2026-02-27 22:20:36.407 [info] Conda environment manager found at: /opt/conda/bin/conda
2026-02-27 22:20:36.407 [info] Using conda: /opt/conda/bin/conda
2026-02-27 22:20:36.468 [info] Native locator: Refresh finished in 161 ms
2026-02-27 22:20:36.776 [info] Native locator: Refresh started
2026-02-27 22:20:36.803 [info] > /opt/conda/bin/conda info --json
2026-02-27 22:20:36.829 [info] > pyenv which python
2026-02-27 22:20:36.829 [info] cwd: .
2026-02-27 22:20:36.973 [info] Conda environment manager found at: /opt/conda/bin/conda
2026-02-27 22:20:36.973 [info] Conda set to: /opt/conda/bin/conda
2026-02-27 22:20:36.976 [info] Native locator: Refresh finished in 201 ms
2026-02-27 22:20:37.330 [info] Python interpreter path: /opt/conda/bin/python
2026-02-27 22:20:37.331 [info] > /opt/conda/bin/conda config --get auto_activate_base
2026-02-27 22:20:37.351 [info] > /opt/conda/bin/conda run -p /opt/conda --no-capture-output python ~/.vscode/extensions/ms-python.python-2026.2.0-linux-x64/python_files/get_output_via_markers.py ~/.vscode/extensions/ms-python.python-2026.2.0-linux-x64/python_files/printEnvVariables.py
2026-02-27 22:20:37.351 [info] shell: bash
2026-02-27 22:20:37.351 [info] > /opt/conda/bin/conda run -p /opt/conda --no-capture-output python ~/.vscode/extensions/ms-python.python-2026.2.0-linux-x64/python_files/get_output_via_markers.py ~/.vscode/extensions/ms-python.python-2026.2.0-linux-x64/python_files/printEnvVariables.py
2026-02-27 22:20:37.351 [info] shell: bash
2026-02-27 22:20:37.351 [info] > /opt/conda/bin/conda run -p /opt/conda --no-capture-output python ~/.vscode/extensions/ms-python.python-2026.2.0-linux-x64/python_files/get_output_via_markers.py ~/.vscode/extensions/ms-python.python-2026.2.0-linux-x64/python_files/printEnvVariables.py
2026-02-27 22:20:37.351 [info] shell: bash
2026-02-27 22:20:37.351 [info] > /opt/conda/bin/conda run -p /opt/conda --no-capture-output python ~/.vscode/extensions/ms-python.python-2026.2.0-linux-x64/python_files/get_output_via_markers.py ~/.vscode/extensions/ms-python.python-2026.2.0-linux-x64/python_files/printEnvVariables.py
2026-02-27 22:20:37.351 [info] shell: bash
2026-02-27 22:20:37.672 [info] Native locator: Refresh started
2026-02-27 22:20:37.697 [info] Conda environment manager found at: /opt/conda/bin/conda
2026-02-27 22:20:37.697 [info] Conda set to: /opt/conda/bin/conda
2026-02-27 22:20:37.762 [info] Native locator: Refresh finished in 90 ms
2026-02-27 22:20:39.220 [info] Starting Pylance language server.
2026-02-27 22:20:58.258 [info] Using interpreter path: /opt/conda/bin/python
2026-02-27 22:20:58.341 [info] Using direct conda activate command: conda activate base
2026-02-27 22:20:58.341 [info] Send text to terminal: conda activate base
