2025-10-17 00:35:35.262 [info] [main] Log level: Info
2025-10-17 00:35:35.262 [info] [main] Validating found git in: "git"
2025-10-17 00:35:35.262 [info] [main] Using git "2.34.1" from "git"
2025-10-17 00:35:35.262 [info] [Model][doInitialScan] Initial repository scan started
2025-10-17 00:35:35.262 [info] [Model][doInitialScan] Initial repository scan completed - repositories (0), closed repositories (0), parent repositories (0), unsafe repositories (0)
2025-10-17 02:53:13.163 [info] [main] Log level: Info
2025-10-17 02:53:13.163 [info] [main] Validating found git in: "git"
2025-10-17 02:53:13.163 [info] [main] Using git "2.34.1" from "git"
2025-10-17 02:53:13.163 [info] [Model][doInitialScan] Initial repository scan started
2025-10-17 02:53:13.163 [info] > git rev-parse --show-toplevel [4ms]
2025-10-17 02:53:13.189 [info] > git rev-parse --git-dir --git-common-dir --show-superproject-working-tree [22ms]
2025-10-17 02:53:13.200 [info] [Model][openRepository] Opened repository (path): /root/capsule
2025-10-17 02:53:13.200 [info] [Model][openRepository] Opened repository (real path): /root/capsule
2025-10-17 02:53:13.200 [info] [Model][openRepository] Opened repository (kind): repository
2025-10-17 02:53:13.214 [info] > git rev-parse --show-toplevel [4ms]
2025-10-17 02:53:13.215 [info] > git config --get commit.template [8ms]
2025-10-17 02:53:13.225 [info] > git rev-parse --show-toplevel [5ms]
2025-10-17 02:53:13.229 [info] > git for-each-ref --format=%(refname)%00%(upstream:short)%00%(objectname)%00%(upstream:track)%00%(upstream:remotename)%00%(upstream:remoteref) refs/heads/master refs/remotes/master [5ms]
2025-10-17 02:53:13.229 [warning] [Git][getBranch] No such branch: master
2025-10-17 02:53:13.238 [info] > git status -z -uall [5ms]
2025-10-17 02:53:13.239 [info] > git rev-parse --show-toplevel [11ms]
2025-10-17 02:53:13.243 [info] > git for-each-ref --sort -committerdate --format %(refname)%00%(objectname)%00%(*objectname) [7ms]
2025-10-17 02:53:13.261 [info] > git for-each-ref --format=%(refname)%00%(upstream:short)%00%(objectname)%00%(upstream:track)%00%(upstream:remotename)%00%(upstream:remoteref) refs/heads/master refs/remotes/master [8ms]
2025-10-17 02:53:13.261 [warning] [Git][getBranch] No such branch: master
2025-10-17 02:53:13.261 [error] [GitHistoryProvider][resolveHEADMergeBase] Failed to resolve merge base for master: Error: No such branch: master.
2025-10-17 02:53:13.262 [info] > git rev-parse --show-toplevel [19ms]
2025-10-17 02:53:13.269 [info] > git config --get commit.template [10ms]
2025-10-17 02:53:13.271 [info] > git rev-parse --show-toplevel [3ms]
2025-10-17 02:53:13.274 [info] [Model][doInitialScan] Initial repository scan completed - repositories (1), closed repositories (0), parent repositories (0), unsafe repositories (0)
2025-10-17 02:53:13.278 [info] > git for-each-ref --format=%(refname)%00%(upstream:short)%00%(objectname)%00%(upstream:track)%00%(upstream:remotename)%00%(upstream:remoteref) refs/heads/master refs/remotes/master [1ms]
2025-10-17 02:53:13.278 [warning] [Git][getBranch] No such branch: master
2025-10-17 02:53:13.285 [info] > git status -z -uall [4ms]
2025-10-17 02:53:13.286 [info] > git for-each-ref --sort -committerdate --format %(refname)%00%(objectname)%00%(*objectname) [2ms]
2025-10-17 02:53:13.727 [info] > git check-ignore -v -z --stdin [1ms]
2025-10-17 02:53:20.752 [info] > git check-ignore -v -z --stdin [2ms]
2025-10-17 02:53:22.453 [info] > git check-ignore -v -z --stdin [2ms]
2025-10-17 02:53:23.520 [info] > git check-ignore -v -z --stdin [2ms]
2025-10-17 02:53:30.580 [info] > git check-ignore -v -z --stdin [1ms]
2025-10-17 02:57:05.911 [info] > git check-ignore -v -z --stdin [1ms]
2025-10-17 03:03:02.607 [info] > git config --get commit.template [8ms]
2025-10-17 03:03:02.607 [info] > git for-each-ref --format=%(refname)%00%(upstream:short)%00%(objectname)%00%(upstream:track)%00%(upstream:remotename)%00%(upstream:remoteref) refs/heads/master refs/remotes/master [1ms]
2025-10-17 03:03:02.607 [warning] [Git][getBranch] No such branch: master
2025-10-17 03:03:02.622 [info] > git status -z -uall [8ms]
2025-10-17 03:03:02.623 [info] > git for-each-ref --sort -committerdate --format %(refname)%00%(objectname)%00%(*objectname) [2ms]
2025-10-17 03:06:09.031 [info] > git check-ignore -v -z --stdin [1ms]
