2026-03-03 05:18:06.778 [info] [aebc6443-996d-45c2-90f0-388ff96faa56] Native Broker enabled: false
2026-03-03 05:18:07.238 [info] [getSessions] [all] starting
2026-03-03 05:18:07.238 [info] [getSessions] [all] returned 0 session(s)
2026-03-03 05:18:07.238 [info] [getSessions] [all] starting
2026-03-03 05:18:07.238 [info] [getSessions] [all] returned 0 session(s)
2026-03-03 05:18:07.238 [info] [getSessions] [all] starting
2026-03-03 05:18:07.238 [info] [getSessions] [all] returned 0 session(s)
2026-03-03 05:18:07.432 [info] [getSessions] [499b84ac-1321-427f-aa17-267ca6975798/.default offline_access] starting
2026-03-03 05:18:07.432 [info] [aebc6443-996d-45c2-90f0-388ff96faa56] Native Broker enabled: false
2026-03-03 05:18:07.705 [info] [getSessions] [499b84ac-1321-427f-aa17-267ca6975798/.default offline_access] returned 0 session(s)
2026-03-03 05:18:08.520 [info] [getSessions] [all] starting
2026-03-03 05:18:08.520 [info] [getSessions] [all] returned 0 session(s)
2026-03-03 05:18:08.788 [info] [getSessions] [499b84ac-1321-427f-aa17-267ca6975798/.default offline_access] starting
2026-03-03 05:18:08.788 [info] [getSessions] [499b84ac-1321-427f-aa17-267ca6975798/.default offline_access] returned 0 session(s)
2026-03-03 05:57:34.639 [info] [getSessions] [499b84ac-1321-427f-aa17-267ca6975798/.default offline_access] starting
2026-03-03 05:57:34.639 [info] [getSessions] [499b84ac-1321-427f-aa17-267ca6975798/.default offline_access] returned 0 session(s)
2026-03-03 05:57:35.077 [info] [getSessions] [499b84ac-1321-427f-aa17-267ca6975798/.default offline_access] starting
2026-03-03 05:57:35.077 [info] [getSessions] [499b84ac-1321-427f-aa17-267ca6975798/.default offline_access] returned 0 session(s)
2026-03-03 06:18:49.449 [info] [getSessions] [499b84ac-1321-427f-aa17-267ca6975798/.default offline_access] starting
2026-03-03 06:18:49.449 [info] [getSessions] [499b84ac-1321-427f-aa17-267ca6975798/.default offline_access] returned 0 session(s)
