Visual Studio Code (1.109.5, undefined, desktop)
Jupyter Extension Version: 2025.9.1.
Python Extension Version: 2026.2.0.
Python Environment Extension Version: 1.20.1.
Pylance Extension Version: 2026.1.1.
Platform: linux (x64).
Home = /root
Temp Storage folder ~/capsule/code/vscode-data/User/globalStorage/ms-toolsai.jupyter/version-2025.9.1
Workspace folder ~/capsule
06:18:12.926 [info] Starting Kernel (Python Path: /opt/conda/bin/python, Conda, 3.10.12) for '~/capsule/code/260227_landmark_checking.ipynb' (disableUI=true)
06:18:12.930 [info] Starting Kernel (Python Path: /opt/conda/bin/python, Conda, 3.10.12) for '~/capsule/code/260227_gfp_count_verification.ipynb' (disableUI=true)
06:18:12.931 [info] Starting Kernel (Python Path: /opt/conda/bin/python, Conda, 3.10.12) for '~/capsule/code/step_1_process_files.ipynb' (disableUI=true)
06:18:12.932 [info] Starting Kernel (Python Path: /opt/conda/bin/python, Conda, 3.10.12) for '~/capsule/code/step_3_more_iterations.ipynb' (disableUI=true)
06:18:14.946 [info] Process Execution: /opt/conda/bin/python -m pip list
06:18:14.959 [info] Process Execution: /opt/conda/bin/python -c "import ipykernel; print(ipykernel.__version__); print("5dc3a68c-e34e-4080-9c3e-2a532b2ccb4d"); print(ipykernel.__file__)"
06:18:14.967 [info] Process Execution: /opt/conda/bin/python -m ipykernel_launcher --f=~/.local/share/jupyter/runtime/kernel-v31b4ec1d5b6d9d778e85e8cde531901b68a37398a.json
    > cwd: ~/capsule/code
06:18:14.981 [info] Process Execution: /opt/conda/bin/python -c "import ipykernel; print(ipykernel.__version__); print("5dc3a68c-e34e-4080-9c3e-2a532b2ccb4d"); print(ipykernel.__file__)"
06:18:14.989 [info] Process Execution: /opt/conda/bin/python -m ipykernel_launcher --f=~/.local/share/jupyter/runtime/kernel-v3cbae263da86d165974603de4aae3b20c52dccdda.json
    > cwd: ~/capsule/code
06:18:14.999 [info] Process Execution: /opt/conda/bin/python -c "import ipykernel; print(ipykernel.__version__); print("5dc3a68c-e34e-4080-9c3e-2a532b2ccb4d"); print(ipykernel.__file__)"
06:18:15.006 [info] Process Execution: /opt/conda/bin/python -m ipykernel_launcher --f=~/.local/share/jupyter/runtime/kernel-v3c70e732341ec1c962a99cdaa5e5565daeddb6eca.json
    > cwd: ~/capsule/code
06:18:15.057 [info] Process Execution: /opt/conda/bin/python -c "import ipykernel; print(ipykernel.__version__); print("5dc3a68c-e34e-4080-9c3e-2a532b2ccb4d"); print(ipykernel.__file__)"
06:18:15.066 [info] Process Execution: /opt/conda/bin/python -m ipykernel_launcher --f=~/.local/share/jupyter/runtime/kernel-v33016013e18542565db53f8a365f235cad32a8540.json
    > cwd: ~/capsule/code
06:18:15.477 [info] Kernel successfully started
06:18:15.487 [info] Process Execution: /opt/conda/bin/python ~/.vscode/extensions/ms-toolsai.jupyter-2025.9.1-linux-x64/pythonFiles/printJupyterDataDir.py
06:18:15.505 [info] Kernel successfully started
06:18:15.506 [info] Kernel successfully started
06:18:15.515 [error] Failed to get baseUrl [Error: ENOENT: no such file or directory, unlink '~/.vscode/extensions/ms-toolsai.jupyter-2025.9.1-linux-x64/temp/scripts/7df0c2453e49ed05d3d0f3794defcebd56ad42641b177491fc43aece0cf55ce2/jupyter/nbextensions/anywidget/extension.js'] {
  errno: -2,
  code: 'ENOENT',
  syscall: 'unlink',
  path: '~/.vscode/extensions/ms-toolsai.jupyter-2025.9.1-linux-x64/temp/scripts/7df0c2453e49ed05d3d0f3794defcebd56ad42641b177491fc43aece0cf55ce2/jupyter/nbextensions/anywidget/extension.js'
}
06:18:15.564 [info] Kernel successfully started
06:18:16.024 [error] Failed to get baseUrl [Error: ENOENT: no such file or directory, unlink '~/.vscode/extensions/ms-toolsai.jupyter-2025.9.1-linux-x64/temp/scripts/7df0c2453e49ed05d3d0f3794defcebd56ad42641b177491fc43aece0cf55ce2/jupyter/nbextensions/anywidget/extension.js'] {
  errno: -2,
  code: 'ENOENT',
  syscall: 'unlink',
  path: '~/.vscode/extensions/ms-toolsai.jupyter-2025.9.1-linux-x64/temp/scripts/7df0c2453e49ed05d3d0f3794defcebd56ad42641b177491fc43aece0cf55ce2/jupyter/nbextensions/anywidget/extension.js'
}
06:18:16.024 [warn] Failed to fetch script sources [Error: ENOENT: no such file or directory, unlink '~/.vscode/extensions/ms-toolsai.jupyter-2025.9.1-linux-x64/temp/scripts/7df0c2453e49ed05d3d0f3794defcebd56ad42641b177491fc43aece0cf55ce2/jupyter/nbextensions/anywidget/extension.js'] {
  errno: -2,
  code: 'ENOENT',
  syscall: 'unlink',
  path: '~/.vscode/extensions/ms-toolsai.jupyter-2025.9.1-linux-x64/temp/scripts/7df0c2453e49ed05d3d0f3794defcebd56ad42641b177491fc43aece0cf55ce2/jupyter/nbextensions/anywidget/extension.js'
}
06:18:16.073 [error] Widget Error: Failed to access CDN https://unpkg.com/ after 0 attempt(s), TypeError: Failed to fetch
06:18:16.073 [error] Widget Error: Failed to access CDN https://unpkg.com/ after 0 attempt(s), TypeError: Failed to fetch
06:22:56.725 [warn] Cell completed with errors [Iu [Error]: name 'D_rows' is not defined
	at n.execute (~/.vscode/extensions/ms-toolsai.jupyter-2025.9.1-linux-x64/dist/extension.node.js:302:4958)] {
  ename: 'NameError',
  evalue: "name 'D_rows' is not defined",
  traceback: [
    '\x1B[0;31m---------------------------------------------------------------------------\x1B[0m',
    '\x1B[0;31mNameError\x1B[0m                                 Traceback (most recent call last)',
    'Cell \x1B[0;32mIn[27], line 1\x1B[0m\n' +
      '\x1B[0;32m----> 1\x1B[0m upper \x1B[38;5;241m=\x1B[39m \x1B[43mD_rows\x1B[49m[np\x1B[38;5;241m.\x1B[39mtriu_indices_from(D_rows, k\x1B[38;5;241m=\x1B[39m\x1B[38;5;241m1\x1B[39m)]\n' +
      '\x1B[1;32m      2\x1B[0m min_pairwise_dist \x1B[38;5;241m=\x1B[39m np\x1B[38;5;241m.\x1B[39mmin(upper) \x1B[38;5;28;01mif\x1B[39;00m upper\x1B[38;5;241m.\x1B[39msize \x1B[38;5;28;01melse\x1B[39;00m np\x1B[38;5;241m.\x1B[39mnan\n' +
      '\x1B[1;32m      3\x1B[0m min_pairwise_dist\n',
    "\x1B[0;31mNameError\x1B[0m: name 'D_rows' is not defined"
  ]
}
06:24:28.049 [warn] Cell completed with errors [Iu [Error]: index 287 is out of bounds for axis 0 with size 3
	at n.execute (~/.vscode/extensions/ms-toolsai.jupyter-2025.9.1-linux-x64/dist/extension.node.js:302:4958)] {
  ename: 'IndexError',
  evalue: 'index 287 is out of bounds for axis 0 with size 3',
  traceback: [
    '\x1B[0;31m---------------------------------------------------------------------------\x1B[0m',
    '\x1B[0;31mIndexError\x1B[0m                                Traceback (most recent call last)',
    'Cell \x1B[0;32mIn[31], line 1\x1B[0m\n' +
      '\x1B[0;32m----> 1\x1B[0m \x1B[43mhcr_centroids\x1B[49m\x1B[43m[\x1B[49m\x1B[38;5;241;43m287\x1B[39;49m\x1B[43m]\x1B[49m\n',
    '\x1B[0;31mIndexError\x1B[0m: index 287 is out of bounds for axis 0 with size 3'
  ]
}
06:30:32.273 [warn] Cell completed with errors [Iu [Error]: 'tuple' object has no attribute 'shape'
	at n.execute (~/.vscode/extensions/ms-toolsai.jupyter-2025.9.1-linux-x64/dist/extension.node.js:302:4958)] {
  ename: 'AttributeError',
  evalue: "'tuple' object has no attribute 'shape'",
  traceback: [
    '\x1B[0;31m---------------------------------------------------------------------------\x1B[0m',
    '\x1B[0;31mAttributeError\x1B[0m                            Traceback (most recent call last)',
    'Cell \x1B[0;32mIn[47], line 1\x1B[0m\n' +
      '\x1B[0;32m----> 1\x1B[0m \x1B[43mnp\x1B[49m\x1B[38;5;241;43m.\x1B[39;49m\x1B[43mwhere\x1B[49m\x1B[43m(\x1B[49m\x1B[43mhcr_pdist\x1B[49m\x1B[43m \x1B[49m\x1B[38;5;241;43m==\x1B[39;49m\x1B[43m \x1B[49m\x1B[38;5;241;43m0\x1B[39;49m\x1B[43m)\x1B[49m\x1B[38;5;241;43m.\x1B[39;49m\x1B[43mshape\x1B[49m\n',
    "\x1B[0;31mAttributeError\x1B[0m: 'tuple' object has no attribute 'shape'"
  ]
}
06:33:49.864 [error] Widget Error: Failed to access CDN https://unpkg.com/ after 0 attempt(s), TypeError: Failed to fetch
06:33:55.780 [error] Widget Error: Failed to access CDN https://unpkg.com/ after 0 attempt(s), TypeError: Failed to fetch
06:34:25.151 [warn] Cell completed with errors [Iu [Error]: name 'Path' is not defined
	at n.execute (~/.vscode/extensions/ms-toolsai.jupyter-2025.9.1-linux-x64/dist/extension.node.js:302:4958)] {
  ename: 'NameError',
  evalue: "name 'Path' is not defined",
  traceback: [
    '\x1B[0;31m---------------------------------------------------------------------------\x1B[0m',
    '\x1B[0;31mNameError\x1B[0m                                 Traceback (most recent call last)',
    'Cell \x1B[0;32mIn[1], line 4\x1B[0m\n' +
      '\x1B[1;32m      2\x1B[0m subject_id \x1B[38;5;241m=\x1B[39m \x1B[38;5;241m788406\x1B[39m\n' +
      "\x1B[1;32m      3\x1B[0m czstack_date \x1B[38;5;241m=\x1B[39m \x1B[38;5;124m'\x1B[39m\x1B[38;5;124m2025-07-18\x1B[39m\x1B[38;5;124m'\x1B[39m\n" +
      "\x1B[0;32m----> 4\x1B[0m save_dir \x1B[38;5;241m=\x1B[39m \x1B[43mPath\x1B[49m(\x1B[38;5;124mf\x1B[39m\x1B[38;5;124m'\x1B[39m\x1B[38;5;124m~/capsule/scratch/\x1B[39m\x1B[38;5;132;01m{\x1B[39;00msubject_id\x1B[38;5;132;01m}\x1B[39;00m\x1B[38;5;124m_\x1B[39m\x1B[38;5;132;01m{\x1B[39;00mczstack_date\x1B[38;5;132;01m}\x1B[39;00m\x1B[38;5;124m_coreg_cpsam/\x1B[39m\x1B[38;5;124m'\x1B[39m)\n" +
      '\x1B[1;32m      6\x1B[0m \x1B[38;5;66;03m# Parameters\x1B[39;00m\n' +
      '\x1B[1;32m      7\x1B[0m current_iter \x1B[38;5;241m=\x1B[39m \x1B[38;5;241m4\x1B[39m\n',
    "\x1B[0;31mNameError\x1B[0m: name 'Path' is not defined"
  ]
}
06:36:05.209 [info] Disposing request as the cell (-1) was deleted ~/capsule/code/step_3_more_iterations.ipynb
06:39:24.137 [warn] Cell completed with errors [Iu [Error]: name 'matched_hcr_df' is not defined
	at n.execute (~/.vscode/extensions/ms-toolsai.jupyter-2025.9.1-linux-x64/dist/extension.node.js:302:4958)] {
  ename: 'NameError',
  evalue: "name 'matched_hcr_df' is not defined",
  traceback: [
    '\x1B[0;31m---------------------------------------------------------------------------\x1B[0m',
    '\x1B[0;31mNameError\x1B[0m                                 Traceback (most recent call last)',
    'Cell \x1B[0;32mIn[21], line 1\x1B[0m\n' +
      '\x1B[0;32m----> 1\x1B[0m \x1B[43mmatched_hcr_df\x1B[49m\n',
    "\x1B[0;31mNameError\x1B[0m: name 'matched_hcr_df' is not defined"
  ]
}
06:39:52.181 [info] Disposing request as the cell (-1) was deleted ~/capsule/code/step_3_more_iterations.ipynb
06:44:09.391 [info] Starting Kernel (Python Path: /opt/conda/bin/python, Conda, 3.10.12) for '~/capsule/code/step_2_automatic_mapping_for_qc.ipynb' (disableUI=true)
06:44:10.201 [info] Process Execution: /opt/conda/bin/python -m pip list
06:44:10.212 [info] Process Execution: /opt/conda/bin/python -c "import ipykernel; print(ipykernel.__version__); print("5dc3a68c-e34e-4080-9c3e-2a532b2ccb4d"); print(ipykernel.__file__)"
06:44:10.223 [info] Process Execution: /opt/conda/bin/python -m ipykernel_launcher --f=~/.local/share/jupyter/runtime/kernel-v3c5baff5739bc00a57591a335f8c610845ab21fdd.json
    > cwd: ~/capsule/code
06:44:10.704 [info] Kernel successfully started
06:44:11.285 [error] Widget Error: Failed to access CDN https://unpkg.com/ after 0 attempt(s), TypeError: Failed to fetch
06:51:59.421 [warn] Cell completed with errors [Iu [Error]: name 'i' is not defined
	at n.execute (~/.vscode/extensions/ms-toolsai.jupyter-2025.9.1-linux-x64/dist/extension.node.js:302:4958)] {
  ename: 'NameError',
  evalue: "name 'i' is not defined",
  traceback: [
    '\x1B[0;31m---------------------------------------------------------------------------\x1B[0m',
    '\x1B[0;31mNameError\x1B[0m                                 Traceback (most recent call last)',
    'Cell \x1B[0;32mIn[40], line 1\x1B[0m\n' +
      "\x1B[0;32m----> 1\x1B[0m new_matched_hcr_df[\x1B[38;5;124m'\x1B[39m\x1B[38;5;124mhcr_cell_id\x1B[39m\x1B[38;5;124m'\x1B[39m]\x1B[38;5;241m.\x1B[39miloc[\x1B[43mi\x1B[49m]\n",
    "\x1B[0;31mNameError\x1B[0m: name 'i' is not defined"
  ]
}
06:55:02.592 [warn] Cell completed with errors [Iu [Error]: [Errno 2] No such file or directory: '~/capsule/scratch/788406_2025-07-18_coreg_cpsam/88406_2025-07-18_landmarks_matched_ext_iter1.csv'
	at n.execute (~/.vscode/extensions/ms-toolsai.jupyter-2025.9.1-linux-x64/dist/extension.node.js:302:4958)] {
  ename: 'FileNotFoundError',
  evalue: "[Errno 2] No such file or directory: '~/capsule/scratch/788406_2025-07-18_coreg_cpsam/88406_2025-07-18_landmarks_matched_ext_iter1.csv'",
  traceback: [
    '\x1B[0;31m---------------------------------------------------------------------------\x1B[0m',
    '\x1B[0;31mFileNotFoundError\x1B[0m                         Traceback (most recent call last)',
    'Cell \x1B[0;32mIn[51], line 3\x1B[0m\n' +
      '\x1B[1;32m      1\x1B[0m iter_num \x1B[38;5;241m=\x1B[39m \x1B[38;5;241m1\x1B[39m\n' +
      "\x1B[1;32m      2\x1B[0m iter_file \x1B[38;5;241m=\x1B[39m \x1B[38;5;124mf\x1B[39m\x1B[38;5;124m'\x1B[39m\x1B[38;5;124m~/capsule/scratch/788406_2025-07-18_coreg_cpsam/88406_2025-07-18_landmarks_matched_ext_iter\x1B[39m\x1B[38;5;132;01m{\x1B[39;00miter_num\x1B[38;5;132;01m}\x1B[39;00m\x1B[38;5;124m.csv\x1B[39m\x1B[38;5;124m'\x1B[39m\n" +
      '\x1B[0;32m----> 3\x1B[0m iter_df \x1B[38;5;241m=\x1B[39m \x1B[43mpd\x1B[49m\x1B[38;5;241;43m.\x1B[39;49m\x1B[43mread_csv\x1B[49m\x1B[43m(\x1B[49m\x1B[43miter_file\x1B[49m\x1B[43m)\x1B[49m\n',
    'File \x1B[0;32m/opt/conda/lib/python3.10/site-packages/pandas/io/parsers/readers.py:1026\x1B[0m, in \x1B[0;36mread_csv\x1B[0;34m(filepath_or_buffer, sep, delimiter, header, names, index_col, usecols, dtype, engine, converters, true_values, false_values, skipinitialspace, skiprows, skipfooter, nrows, na_values, keep_default_na, na_filter, verbose, skip_blank_lines, parse_dates, infer_datetime_format, keep_date_col, date_parser, date_format, dayfirst, cache_dates, iterator, chunksize, compression, thousands, decimal, lineterminator, quotechar, quoting, doublequote, escapechar, comment, encoding, encoding_errors, dialect, on_bad_lines, delim_whitespace, low_memory, memory_map, float_precision, storage_options, dtype_backend)\x1B[0m\n' +
      '\x1B[1;32m   1013\x1B[0m kwds_defaults \x1B[38;5;241m=\x1B[39m _refine_defaults_read(\n' +
      '\x1B[1;32m   1014\x1B[0m     dialect,\n' +
      '\x1B[1;32m   1015\x1B[0m     delimiter,\n' +
      '\x1B[0;32m   (...)\x1B[0m\n' +
      '\x1B[1;32m   1022\x1B[0m     dtype_backend\x1B[38;5;241m=\x1B[39mdtype_backend,\n' +
      '\x1B[1;32m   1023\x1B[0m )\n' +
      '\x1B[1;32m   1024\x1B[0m kwds\x1B[38;5;241m.\x1B[39mupdate(kwds_defaults)\n' +
      '\x1B[0;32m-> 1026\x1B[0m \x1B[38;5;28;01mreturn\x1B[39;00m \x1B[43m_read\x1B[49m\x1B[43m(\x1B[49m\x1B[43mfilepath_or_buffer\x1B[49m\x1B[43m,\x1B[49m\x1B[43m \x1B[49m\x1B[43mkwds\x1B[49m\x1B[43m)\x1B[49m\n',
    'File \x1B[0;32m/opt/conda/lib/python3.10/site-packages/pandas/io/parsers/readers.py:620\x1B[0m, in \x1B[0;36m_read\x1B[0;34m(filepath_or_buffer, kwds)\x1B[0m\n' +
      '\x1B[1;32m    617\x1B[0m _validate_names(kwds\x1B[38;5;241m.\x1B[39mget(\x1B[38;5;124m"\x1B[39m\x1B[38;5;124mnames\x1B[39m\x1B[38;5;124m"\x1B[39m, \x1B[38;5;28;01mNone\x1B[39;00m))\n' +
      '\x1B[1;32m    619\x1B[0m \x1B[38;5;66;03m# Create the parser.\x1B[39;00m\n' +
      '\x1B[0;32m--> 620\x1B[0m parser \x1B[38;5;241m=\x1B[39m \x1B[43mTextFileReader\x1B[49m\x1B[43m(\x1B[49m\x1B[43mfilepath_or_buffer\x1B[49m\x1B[43m,\x1B[49m\x1B[43m \x1B[49m\x1B[38;5;241;43m*\x1B[39;49m\x1B[38;5;241;43m*\x1B[39;49m\x1B[43mkwds\x1B[49m\x1B[43m)\x1B[49m\n' +
      '\x1B[1;32m    622\x1B[0m \x1B[38;5;28;01mif\x1B[39;00m chunksize \x1B[38;5;129;01mor\x1B[39;00m iterator:\n' +
      '\x1B[1;32m    623\x1B[0m     \x1B[38;5;28;01mreturn\x1B[39;00m parser\n',
    'File \x1B[0;32m/opt/conda/lib/python3.10/site-packages/pandas/io/parsers/readers.py:1620\x1B[0m, in \x1B[0;36mTextFileReader.__init__\x1B[0;34m(self, f, engine, **kwds)\x1B[0m\n' +
      '\x1B[1;32m   1617\x1B[0m     \x1B[38;5;28mself\x1B[39m\x1B[38;5;241m.\x1B[39moptions[\x1B[38;5;124m"\x1B[39m\x1B[38;5;124mhas_index_names\x1B[39m\x1B[38;5;124m"\x1B[39m] \x1B[38;5;241m=\x1B[39m kwds[\x1B[38;5;124m"\x1B[39m\x1B[38;5;124mhas_index_names\x1B[39m\x1B[38;5;124m"\x1B[39m]\n' +
      '\x1B[1;32m   1619\x1B[0m \x1B[38;5;28mself\x1B[39m\x1B[38;5;241m.\x1B[39mhandles: IOHandles \x1B[38;5;241m|\x1B[39m \x1B[38;5;28;01mNone\x1B[39;00m \x1B[38;5;241m=\x1B[39m \x1B[38;5;28;01mNone\x1B[39;00m\n' +
      '\x1B[0;32m-> 1620\x1B[0m \x1B[38;5;28mself\x1B[39m\x1B[38;5;241m.\x1B[39m_engine \x1B[38;5;241m=\x1B[39m \x1B[38;5;28;43mself\x1B[39;49m\x1B[38;5;241;43m.\x1B[39;49m\x1B[43m_make_engine\x1B[49m\x1B[43m(\x1B[49m\x1B[43mf\x1B[49m\x1B[43m,\x1B[49m\x1B[43m \x1B[49m\x1B[38;5;28;43mself\x1B[39;49m\x1B[38;5;241;43m.\x1B[39;49m\x1B[43mengine\x1B[49m\x1B[43m)\x1B[49m\n',
    'File \x1B[0;32m/opt/conda/lib/python3.10/site-packages/pandas/io/parsers/readers.py:1880\x1B[0m, in \x1B[0;36mTextFileReader._make_engine\x1B[0;34m(self, f, engine)\x1B[0m\n' +
      '\x1B[1;32m   1878\x1B[0m     \x1B[38;5;28;01mif\x1B[39;00m \x1B[38;5;124m"\x1B[39m\x1B[38;5;124mb\x1B[39m\x1B[38;5;124m"\x1B[39m \x1B[38;5;129;01mnot\x1B[39;00m \x1B[38;5;129;01min\x1B[39;00m mode:\n' +
      '\x1B[1;32m   1879\x1B[0m         mode \x1B[38;5;241m+\x1B[39m\x1B[38;5;241m=\x1B[39m \x1B[38;5;124m"\x1B[39m\x1B[38;5;124mb\x1B[39m\x1B[38;5;124m"\x1B[39m\n' +
      '\x1B[0;32m-> 1880\x1B[0m \x1B[38;5;28mself\x1B[39m\x1B[38;5;241m.\x1B[39mhandles \x1B[38;5;241m=\x1B[39m \x1B[43mget_handle\x1B[49m\x1B[43m(\x1B[49m\n' +
      '\x1B[1;32m   1881\x1B[0m \x1B[43m    \x1B[49m\x1B[43mf\x1B[49m\x1B[43m,\x1B[49m\n' +
      '\x1B[1;32m   1882\x1B[0m \x1B[43m    \x1B[49m\x1B[43mmode\x1B[49m\x1B[43m,\x1B[49m\n' +
      '\x1B[1;32m   1883\x1B[0m \x1B[43m    \x1B[49m\x1B[43mencoding\x1B[49m\x1B[38;5;241;43m=\x1B[39;49m\x1B[38;5;28;43mself\x1B[39;49m\x1B[38;5;241;43m.\x1B[39;49m\x1B[43moptions\x1B[49m\x1B[38;5;241;43m.\x1B[39;49m\x1B[43mget\x1B[49m\x1B[43m(\x1B[49m\x1B[38;5;124;43m"\x1B[39;49m\x1B[38;5;124;43mencoding\x1B[39;49m\x1B[38;5;124;43m"\x1B[39;49m\x1B[43m,\x1B[49m\x1B[43m \x1B[49m\x1B[38;5;28;43;01mNone\x1B[39;49;00m\x1B[43m)\x1B[49m\x1B[43m,\x1B[49m\n' +
      '\x1B[1;32m   1884\x1B[0m \x1B[43m    \x1B[49m\x1B[43mcompression\x1B[49m\x1B[38;5;241;43m=\x1B[39;49m\x1B[38;5;28;43mself\x1B[39;49m\x1B[38;5;241;43m.\x1B[39;49m\x1B[43moptions\x1B[49m\x1B[38;5;241;43m.\x1B[39;49m\x1B[43mget\x1B[49m\x1B[43m(\x1B[49m\x1B[38;5;124;43m"\x1B[39;49m\x1B[38;5;124;43mcompression\x1B[39;49m\x1B[38;5;124;43m"\x1B[39;49m\x1B[43m,\x1B[49m\x1B[43m \x1B[49m\x1B[38;5;28;43;01mNone\x1B[39;49;00m\x1B[43m)\x1B[49m\x1B[43m,\x1B[49m\n' +
      '\x1B[1;32m   1885\x1B[0m \x1B[43m    \x1B[49m\x1B[43mmemory_map\x1B[49m\x1B[38;5;241;43m=\x1B[39;49m\x1B[38;5;28;43mself\x1B[39;49m\x1B[38;5;241;43m.\x1B[39;49m\x1B[43moptions\x1B[49m\x1B[38;5;241;43m.\x1B[39;49m\x1B[43mget\x1B[49m\x1B[43m(\x1B[49m\x1B[38;5;124;43m"\x1B[39;49m\x1B[38;5;124;43mmemory_map\x1B[39;49m\x1B[38;5;124;43m"\x1B[39;49m\x1B[43m,\x1B[49m\x1B[43m \x1B[49m\x1B[38;5;28;43;01mFalse\x1B[39;49;00m\x1B[43m)\x1B[49m\x1B[43m,\x1B[49m\n' +
      '\x1B[1;32m   1886\x1B[0m \x1B[43m    \x1B[49m\x1B[43mis_text\x1B[49m\x1B[38;5;241;43m=\x1B[39;49m\x1B[43mis_text\x1B[49m\x1B[43m,\x1B[49m\n' +
      '\x1B[1;32m   1887\x1B[0m \x1B[43m    \x1B[49m\x1B[43merrors\x1B[49m\x1B[38;5;241;43m=\x1B[39;49m\x1B[38;5;28;43mself\x1B[39;49m\x1B[38;5;241;43m.\x1B[39;49m\x1B[43moptions\x1B[49m\x1B[38;5;241;43m.\x1B[39;49m\x1B[43mget\x1B[49m\x1B[43m(\x1B[49m\x1B[38;5;124;43m"\x1B[39;49m\x1B[38;5;124;43mencoding_errors\x1B[39;49m\x1B[38;5;124;43m"\x1B[39;49m\x1B[43m,\x1B[49m\x1B[43m \x1B[49m\x1B[38;5;124;43m"\x1B[39;49m\x1B[38;5;124;43mstrict\x1B[39;49m\x1B[38;5;124;43m"\x1B[39;49m\x1B[43m)\x1B[49m\x1B[43m,\x1B[49m\n' +
      '\x1B[1;32m   1888\x1B[0m \x1B[43m    \x1B[49m\x1B[43mstorage_options\x1B[49m\x1B[38;5;241;43m=\x1B[39;49m\x1B[38;5;28;43mself\x1B[39;49m\x1B[38;5;241;43m.\x1B[39;49m\x1B[43moptions\x1B[49m\x1B[38;5;241;43m.\x1B[39;49m\x1B[43mget\x1B[49m\x1B[43m(\x1B[49m\x1B[38;5;124;43m"\x1B[39;49m\x1B[38;5;124;43mstorage_options\x1B[39;49m\x1B[38;5;124;43m"\x1B[39;49m\x1B[43m,\x1B[49m\x1B[43m \x1B[49m\x1B[38;5;28;43;01mNone\x1B[39;49;00m\x1B[43m)\x1B[49m\x1B[43m,\x1B[49m\n' +
      '\x1B[1;32m   1889\x1B[0m \x1B[43m\x1B[49m\x1B[43m)\x1B[49m\n' +
      '\x1B[1;32m   1890\x1B[0m \x1B[38;5;28;01massert\x1B[39;00m \x1B[38;5;28mself\x1B[39m\x1B[38;5;241m.\x1B[39mhandles \x1B[38;5;129;01mis\x1B[39;00m \x1B[38;5;129;01mnot\x1B[39;00m \x1B[38;5;28;01mNone\x1B[39;00m\n' +
      '\x1B[1;32m   1891\x1B[0m f \x1B[38;5;241m=\x1B[39m \x1B[38;5;28mself\x1B[39m\x1B[38;5;241m.\x1B[39mhandles\x1B[38;5;241m.\x1B[39mhandle\n',
    'File \x1B[0;32m/opt/conda/lib/python3.10/site-packages/pandas/io/common.py:873\x1B[0m, in \x1B[0;36mget_handle\x1B[0;34m(path_or_buf, mode, encoding, compression, memory_map, is_text, errors, storage_options)\x1B[0m\n' +
      '\x1B[1;32m    868\x1B[0m \x1B[38;5;28;01melif\x1B[39;00m \x1B[38;5;28misinstance\x1B[39m(handle, \x1B[38;5;28mstr\x1B[39m):\n' +
      '\x1B[1;32m    869\x1B[0m     \x1B[38;5;66;03m# Check whether the filename is to be opened in binary mode.\x1B[39;00m\n' +
      "\x1B[1;32m    870\x1B[0m     \x1B[38;5;66;03m# Binary mode does not support 'encoding' and 'newline'.\x1B[39;00m\n" +
      '\x1B[1;32m    871\x1B[0m     \x1B[38;5;28;01mif\x1B[39;00m ioargs\x1B[38;5;241m.\x1B[39mencoding \x1B[38;5;129;01mand\x1B[39;00m \x1B[38;5;124m"\x1B[39m\x1B[38;5;124mb\x1B[39m\x1B[38;5;124m"\x1B[39m \x1B[38;5;129;01mnot\x1B[39;00m \x1B[38;5;129;01min\x1B[39;00m ioargs\x1B[38;5;241m.\x1B[39mmode:\n' +
      '\x1B[1;32m    872\x1B[0m         \x1B[38;5;66;03m# Encoding\x1B[39;00m\n' +
      '\x1B[0;32m--> 873\x1B[0m         handle \x1B[38;5;241m=\x1B[39m \x1B[38;5;28;43mopen\x1B[39;49m\x1B[43m(\x1B[49m\n' +
      '\x1B[1;32m    874\x1B[0m \x1B[43m            \x1B[49m\x1B[43mhandle\x1B[49m\x1B[43m,\x1B[49m\n' +
      '\x1B[1;32m    875\x1B[0m \x1B[43m            \x1B[49m\x1B[43mioargs\x1B[49m\x1B[38;5;241;43m.\x1B[39;49m\x1B[43mmode\x1B[49m\x1B[43m,\x1B[49m\n' +
      '\x1B[1;32m    876\x1B[0m \x1B[43m            \x1B[49m\x1B[43mencoding\x1B[49m\x1B[38;5;241;43m=\x1B[39;49m\x1B[43mioargs\x1B[49m\x1B[38;5;241;43m.\x1B[39;49m\x1B[43mencoding\x1B[49m\x1B[43m,\x1B[49m\n' +
      '\x1B[1;32m    877\x1B[0m \x1B[43m            \x1B[49m\x1B[43merrors\x1B[49m\x1B[38;5;241;43m=\x1B[39;49m\x1B[43merrors\x1B[49m\x1B[43m,\x1B[49m\n' +
      '\x1B[1;32m    878\x1B[0m \x1B[43m            \x1B[49m\x1B[43mnewline\x1B[49m\x1B[38;5;241;43m=\x1B[39;49m\x1B[38;5;124;43m"\x1B[39;49m\x1B[38;5;124;43m"\x1B[39;49m\x1B[43m,\x1B[49m\n' +
      '\x1B[1;32m    879\x1B[0m \x1B[43m        \x1B[49m\x1B[43m)\x1B[49m\n' +
      '\x1B[1;32m    880\x1B[0m     \x1B[38;5;28;01melse\x1B[39;00m:\n' +
      '\x1B[1;32m    881\x1B[0m         \x1B[38;5;66;03m# Binary mode\x1B[39;00m\n' +
      '\x1B[1;32m    882\x1B[0m         handle \x1B[38;5;241m=\x1B[39m \x1B[38;5;28mopen\x1B[39m(handle, ioargs\x1B[38;5;241m.\x1B[39mmode)\n',
    "\x1B[0;31mFileNotFoundError\x1B[0m: [Errno 2] No such file or directory: '~/capsule/scratch/788406_2025-07-18_coreg_cpsam/88406_2025-07-18_landmarks_matched_ext_iter1.csv'"
  ]
}
07:02:33.747 [warn] Cell completed with errors [Iu [Error]: Object of type PosixPath is not JSON serializable
	at n.execute (~/.vscode/extensions/ms-toolsai.jupyter-2025.9.1-linux-x64/dist/extension.node.js:302:4958)] {
  ename: 'TypeError',
  evalue: 'Object of type PosixPath is not JSON serializable',
  traceback: [
    '\x1B[0;31m---------------------------------------------------------------------------\x1B[0m',
    '\x1B[0;31mTypeError\x1B[0m                                 Traceback (most recent call last)',
    'Cell \x1B[0;32mIn[4], line 32\x1B[0m\n' +
      "\x1B[1;32m     30\x1B[0m filepaths_dict[\x1B[38;5;124m'\x1B[39m\x1B[38;5;124mspot_488_counts_path\x1B[39m\x1B[38;5;124m'\x1B[39m] \x1B[38;5;241m=\x1B[39m \x1B[38;5;28mstr\x1B[39m(spot_488_counts_path)\n" +
      "\x1B[1;32m     31\x1B[0m \x1B[38;5;28;01mwith\x1B[39;00m \x1B[38;5;28mopen\x1B[39m(filepaths_json, \x1B[38;5;124m'\x1B[39m\x1B[38;5;124mw\x1B[39m\x1B[38;5;124m'\x1B[39m) \x1B[38;5;28;01mas\x1B[39;00m f:\n" +
      '\x1B[0;32m---> 32\x1B[0m     \x1B[43mjson\x1B[49m\x1B[38;5;241;43m.\x1B[39;49m\x1B[43mdump\x1B[49m\x1B[43m(\x1B[49m\x1B[43mfilepaths_dict\x1B[49m\x1B[43m,\x1B[49m\x1B[43m \x1B[49m\x1B[43mf\x1B[49m\x1B[43m,\x1B[49m\x1B[43m \x1B[49m\x1B[43mindent\x1B[49m\x1B[38;5;241;43m=\x1B[39;49m\x1B[38;5;241;43m4\x1B[39;49m\x1B[43m)\x1B[49m\n',
    'File \x1B[0;32m/opt/conda/lib/python3.10/json/__init__.py:179\x1B[0m, in \x1B[0;36mdump\x1B[0;34m(obj, fp, skipkeys, ensure_ascii, check_circular, allow_nan, cls, indent, separators, default, sort_keys, **kw)\x1B[0m\n' +
      '\x1B[1;32m    173\x1B[0m     iterable \x1B[38;5;241m=\x1B[39m \x1B[38;5;28mcls\x1B[39m(skipkeys\x1B[38;5;241m=\x1B[39mskipkeys, ensure_ascii\x1B[38;5;241m=\x1B[39mensure_ascii,\n' +
      '\x1B[1;32m    174\x1B[0m         check_circular\x1B[38;5;241m=\x1B[39mcheck_circular, allow_nan\x1B[38;5;241m=\x1B[39mallow_nan, indent\x1B[38;5;241m=\x1B[39mindent,\n' +
      '\x1B[1;32m    175\x1B[0m         separators\x1B[38;5;241m=\x1B[39mseparators,\n' +
      '\x1B[1;32m    176\x1B[0m         default\x1B[38;5;241m=\x1B[39mdefault, sort_keys\x1B[38;5;241m=\x1B[39msort_keys, \x1B[38;5;241m*\x1B[39m\x1B[38;5;241m*\x1B[39mkw)\x1B[38;5;241m.\x1B[39miterencode(obj)\n' +
      '\x1B[1;32m    177\x1B[0m \x1B[38;5;66;03m# could accelerate with writelines in some versions of Python, at\x1B[39;00m\n' +
      '\x1B[1;32m    178\x1B[0m \x1B[38;5;66;03m# a debuggability cost\x1B[39;00m\n' +
      '\x1B[0;32m--> 179\x1B[0m \x1B[38;5;28;01mfor\x1B[39;00m chunk \x1B[38;5;129;01min\x1B[39;00m iterable:\n' +
      '\x1B[1;32m    180\x1B[0m     fp\x1B[38;5;241m.\x1B[39mwrite(chunk)\n',
    'File \x1B[0;32m/opt/conda/lib/python3.10/json/encoder.py:431\x1B[0m, in \x1B[0;36m_make_iterencode.<locals>._iterencode\x1B[0;34m(o, _current_indent_level)\x1B[0m\n' +
      '\x1B[1;32m    429\x1B[0m     \x1B[38;5;28;01myield from\x1B[39;00m _iterencode_list(o, _current_indent_level)\n' +
      '\x1B[1;32m    430\x1B[0m \x1B[38;5;28;01melif\x1B[39;00m \x1B[38;5;28misinstance\x1B[39m(o, \x1B[38;5;28mdict\x1B[39m):\n' +
      '\x1B[0;32m--> 431\x1B[0m     \x1B[38;5;28;01myield from\x1B[39;00m _iterencode_dict(o, _current_indent_level)\n' +
      '\x1B[1;32m    432\x1B[0m \x1B[38;5;28;01melse\x1B[39;00m:\n' +
      '\x1B[1;32m    433\x1B[0m     \x1B[38;5;28;01mif\x1B[39;00m markers \x1B[38;5;129;01mis\x1B[39;00m \x1B[38;5;129;01mnot\x1B[39;00m \x1B[38;5;28;01mNone\x1B[39;00m:\n',
    'File \x1B[0;32m/opt/conda/lib/python3.10/json/encoder.py:405\x1B[0m, in \x1B[0;36m_make_iterencode.<locals>._iterencode_dict\x1B[0;34m(dct, _current_indent_level)\x1B[0m\n' +
      '\x1B[1;32m    403\x1B[0m         \x1B[38;5;28;01melse\x1B[39;00m:\n' +
      '\x1B[1;32m    404\x1B[0m             chunks \x1B[38;5;241m=\x1B[39m _iterencode(value, _current_indent_level)\n' +
      '\x1B[0;32m--> 405\x1B[0m         \x1B[38;5;28;01myield from\x1B[39;00m chunks\n' +
      '\x1B[1;32m    406\x1B[0m \x1B[38;5;28;01mif\x1B[39;00m newline_indent \x1B[38;5;129;01mis\x1B[39;00m \x1B[38;5;129;01mnot\x1B[39;00m \x1B[38;5;28;01mNone\x1B[39;00m:\n' +
      '\x1B[1;32m    407\x1B[0m     _current_indent_level \x1B[38;5;241m-\x1B[39m\x1B[38;5;241m=\x1B[39m \x1B[38;5;241m1\x1B[39m\n',
    'File \x1B[0;32m/opt/conda/lib/python3.10/json/encoder.py:438\x1B[0m, in \x1B[0;36m_make_iterencode.<locals>._iterencode\x1B[0;34m(o, _current_indent_level)\x1B[0m\n' +
      '\x1B[1;32m    436\x1B[0m         \x1B[38;5;28;01mraise\x1B[39;00m \x1B[38;5;167;01mValueError\x1B[39;00m(\x1B[38;5;124m"\x1B[39m\x1B[38;5;124mCircular reference detected\x1B[39m\x1B[38;5;124m"\x1B[39m)\n' +
      '\x1B[1;32m    437\x1B[0m     markers[markerid] \x1B[38;5;241m=\x1B[39m o\n' +
      '\x1B[0;32m--> 438\x1B[0m o \x1B[38;5;241m=\x1B[39m \x1B[43m_default\x1B[49m\x1B[43m(\x1B[49m\x1B[43mo\x1B[49m\x1B[43m)\x1B[49m\n' +
      '\x1B[1;32m    439\x1B[0m \x1B[38;5;28;01myield from\x1B[39;00m _iterencode(o, _current_indent_level)\n' +
      '\x1B[1;32m    440\x1B[0m \x1B[38;5;28;01mif\x1B[39;00m markers \x1B[38;5;129;01mis\x1B[39;00m \x1B[38;5;129;01mnot\x1B[39;00m \x1B[38;5;28;01mNone\x1B[39;00m:\n',
    'File \x1B[0;32m/opt/conda/lib/python3.10/json/encoder.py:179\x1B[0m, in \x1B[0;36mJSONEncoder.default\x1B[0;34m(self, o)\x1B[0m\n' +
      '\x1B[1;32m    160\x1B[0m \x1B[38;5;28;01mdef\x1B[39;00m\x1B[38;5;250m \x1B[39m\x1B[38;5;21mdefault\x1B[39m(\x1B[38;5;28mself\x1B[39m, o):\n' +
      '\x1B[1;32m    161\x1B[0m \x1B[38;5;250m    \x1B[39m\x1B[38;5;124;03m"""Implement this method in a subclass such that it returns\x1B[39;00m\n' +
      '\x1B[1;32m    162\x1B[0m \x1B[38;5;124;03m    a serializable object for ``o``, or calls the base implementation\x1B[39;00m\n' +
      '\x1B[1;32m    163\x1B[0m \x1B[38;5;124;03m    (to raise a ``TypeError``).\x1B[39;00m\n' +
      '\x1B[0;32m   (...)\x1B[0m\n' +
      '\x1B[1;32m    177\x1B[0m \n' +
      '\x1B[1;32m    178\x1B[0m \x1B[38;5;124;03m    """\x1B[39;00m\n' +
      "\x1B[0;32m--> 179\x1B[0m     \x1B[38;5;28;01mraise\x1B[39;00m \x1B[38;5;167;01mTypeError\x1B[39;00m(\x1B[38;5;124mf\x1B[39m\x1B[38;5;124m'\x1B[39m\x1B[38;5;124mObject of type \x1B[39m\x1B[38;5;132;01m{\x1B[39;00mo\x1B[38;5;241m.\x1B[39m\x1B[38;5;18m__class__\x1B[39m\x1B[38;5;241m.\x1B[39m\x1B[38;5;18m__name__\x1B[39m\x1B[38;5;132;01m}\x1B[39;00m\x1B[38;5;124m \x1B[39m\x1B[38;5;124m'\x1B[39m\n" +
      "\x1B[1;32m    180\x1B[0m                     \x1B[38;5;124mf\x1B[39m\x1B[38;5;124m'\x1B[39m\x1B[38;5;124mis not JSON serializable\x1B[39m\x1B[38;5;124m'\x1B[39m)\n",
    '\x1B[0;31mTypeError\x1B[0m: Object of type PosixPath is not JSON serializable'
  ]
}
08:14:12.436 [warn] Cell completed with errors [Iu [Error]: Expecting value: line 2 column 25 (char 26)
	at n.execute (~/.vscode/extensions/ms-toolsai.jupyter-2025.9.1-linux-x64/dist/extension.node.js:302:4958)] {
  ename: 'JSONDecodeError',
  evalue: 'Expecting value: line 2 column 25 (char 26)',
  traceback: [
    '\x1B[0;31m---------------------------------------------------------------------------\x1B[0m',
    '\x1B[0;31mJSONDecodeError\x1B[0m                           Traceback (most recent call last)',
    'Cell \x1B[0;32mIn[16], line 4\x1B[0m\n' +
      "\x1B[1;32m      2\x1B[0m filepaths_json \x1B[38;5;241m=\x1B[39m save_dir \x1B[38;5;241m/\x1B[39m \x1B[38;5;124mf\x1B[39m\x1B[38;5;124m'\x1B[39m\x1B[38;5;132;01m{\x1B[39;00msubject_id\x1B[38;5;132;01m}\x1B[39;00m\x1B[38;5;124m_\x1B[39m\x1B[38;5;132;01m{\x1B[39;00mczstack_date\x1B[38;5;132;01m}\x1B[39;00m\x1B[38;5;124m_filepaths.json\x1B[39m\x1B[38;5;124m'\x1B[39m\n" +
      "\x1B[1;32m      3\x1B[0m \x1B[38;5;28;01mwith\x1B[39;00m \x1B[38;5;28mopen\x1B[39m(filepaths_json, \x1B[38;5;124m'\x1B[39m\x1B[38;5;124mr\x1B[39m\x1B[38;5;124m'\x1B[39m) \x1B[38;5;28;01mas\x1B[39;00m f:\n" +
      '\x1B[0;32m----> 4\x1B[0m     filepaths_dict \x1B[38;5;241m=\x1B[39m \x1B[43mjson\x1B[49m\x1B[38;5;241;43m.\x1B[39;49m\x1B[43mload\x1B[49m\x1B[43m(\x1B[49m\x1B[43mf\x1B[49m\x1B[43m)\x1B[49m\n' +
      "\x1B[1;32m      6\x1B[0m filepaths_dict[\x1B[38;5;124m'\x1B[39m\x1B[38;5;124mspot_488_counts_path\x1B[39m\x1B[38;5;124m'\x1B[39m] \x1B[38;5;241m=\x1B[39m \x1B[38;5;28mstr\x1B[39m(spot_488_counts_path)\n" +
      "\x1B[1;32m      8\x1B[0m filepaths_iter_json \x1B[38;5;241m=\x1B[39m save_dir \x1B[38;5;241m/\x1B[39m \x1B[38;5;124mf\x1B[39m\x1B[38;5;124m'\x1B[39m\x1B[38;5;132;01m{\x1B[39;00msubject_id\x1B[38;5;132;01m}\x1B[39;00m\x1B[38;5;124m_\x1B[39m\x1B[38;5;132;01m{\x1B[39;00mczstack_date\x1B[38;5;132;01m}\x1B[39;00m\x1B[38;5;124m_filepaths_iter.json\x1B[39m\x1B[38;5;124m'\x1B[39m\n",
    'File \x1B[0;32m/opt/conda/lib/python3.10/json/__init__.py:293\x1B[0m, in \x1B[0;36mload\x1B[0;34m(fp, cls, object_hook, parse_float, parse_int, parse_constant, object_pairs_hook, **kw)\x1B[0m\n' +
      '\x1B[1;32m    274\x1B[0m \x1B[38;5;28;01mdef\x1B[39;00m\x1B[38;5;250m \x1B[39m\x1B[38;5;21mload\x1B[39m(fp, \x1B[38;5;241m*\x1B[39m, \x1B[38;5;28mcls\x1B[39m\x1B[38;5;241m=\x1B[39m\x1B[38;5;28;01mNone\x1B[39;00m, object_hook\x1B[38;5;241m=\x1B[39m\x1B[38;5;28;01mNone\x1B[39;00m, parse_float\x1B[38;5;241m=\x1B[39m\x1B[38;5;28;01mNone\x1B[39;00m,\n' +
      '\x1B[1;32m    275\x1B[0m         parse_int\x1B[38;5;241m=\x1B[39m\x1B[38;5;28;01mNone\x1B[39;00m, parse_constant\x1B[38;5;241m=\x1B[39m\x1B[38;5;28;01mNone\x1B[39;00m, object_pairs_hook\x1B[38;5;241m=\x1B[39m\x1B[38;5;28;01mNone\x1B[39;00m, \x1B[38;5;241m*\x1B[39m\x1B[38;5;241m*\x1B[39mkw):\n' +
      '\x1B[1;32m    276\x1B[0m \x1B[38;5;250m    \x1B[39m\x1B[38;5;124;03m"""Deserialize ``fp`` (a ``.read()``-supporting file-like object containing\x1B[39;00m\n' +
      '\x1B[1;32m    277\x1B[0m \x1B[38;5;124;03m    a JSON document) to a Python object.\x1B[39;00m\n' +
      '\x1B[1;32m    278\x1B[0m \n' +
      '\x1B[0;32m   (...)\x1B[0m\n' +
      '\x1B[1;32m    291\x1B[0m \x1B[38;5;124;03m    kwarg; otherwise ``JSONDecoder`` is used.\x1B[39;00m\n' +
      '\x1B[1;32m    292\x1B[0m \x1B[38;5;124;03m    """\x1B[39;00m\n' +
      '\x1B[0;32m--> 293\x1B[0m     \x1B[38;5;28;01mreturn\x1B[39;00m \x1B[43mloads\x1B[49m\x1B[43m(\x1B[49m\x1B[43mfp\x1B[49m\x1B[38;5;241;43m.\x1B[39;49m\x1B[43mread\x1B[49m\x1B[43m(\x1B[49m\x1B[43m)\x1B[49m\x1B[43m,\x1B[49m\n' +
      '\x1B[1;32m    294\x1B[0m \x1B[43m        \x1B[49m\x1B[38;5;28;43mcls\x1B[39;49m\x1B[38;5;241;43m=\x1B[39;49m\x1B[38;5;28;43mcls\x1B[39;49m\x1B[43m,\x1B[49m\x1B[43m \x1B[49m\x1B[43mobject_hook\x1B[49m\x1B[38;5;241;43m=\x1B[39;49m\x1B[43mobject_hook\x1B[49m\x1B[43m,\x1B[49m\n' +
      '\x1B[1;32m    295\x1B[0m \x1B[43m        \x1B[49m\x1B[43mparse_float\x1B[49m\x1B[38;5;241;43m=\x1B[39;49m\x1B[43mparse_float\x1B[49m\x1B[43m,\x1B[49m\x1B[43m \x1B[49m\x1B[43mparse_int\x1B[49m\x1B[38;5;241;43m=\x1B[39;49m\x1B[43mparse_int\x1B[49m\x1B[43m,\x1B[49m\n' +
      '\x1B[1;32m    296\x1B[0m \x1B[43m        \x1B[49m\x1B[43mparse_constant\x1B[49m\x1B[38;5;241;43m=\x1B[39;49m\x1B[43mparse_constant\x1B[49m\x1B[43m,\x1B[49m\x1B[43m \x1B[49m\x1B[43mobject_pairs_hook\x1B[49m\x1B[38;5;241;43m=\x1B[39;49m\x1B[43mobject_pairs_hook\x1B[49m\x1B[43m,\x1B[49m\x1B[43m \x1B[49m\x1B[38;5;241;43m*\x1B[39;49m\x1B[38;5;241;43m*\x1B[39;49m\x1B[43mkw\x1B[49m\x1B[43m)\x1B[49m\n',
    'File \x1B[0;32m/opt/conda/lib/python3.10/json/__init__.py:346\x1B[0m, in \x1B[0;36mloads\x1B[0;34m(s, cls, object_hook, parse_float, parse_int, parse_constant, object_pairs_hook, **kw)\x1B[0m\n' +
      "\x1B[1;32m    341\x1B[0m     s \x1B[38;5;241m=\x1B[39m s\x1B[38;5;241m.\x1B[39mdecode(detect_encoding(s), \x1B[38;5;124m'\x1B[39m\x1B[38;5;124msurrogatepass\x1B[39m\x1B[38;5;124m'\x1B[39m)\n" +
      '\x1B[1;32m    343\x1B[0m \x1B[38;5;28;01mif\x1B[39;00m (\x1B[38;5;28mcls\x1B[39m \x1B[38;5;129;01mis\x1B[39;00m \x1B[38;5;28;01mNone\x1B[39;00m \x1B[38;5;129;01mand\x1B[39;00m object_hook \x1B[38;5;129;01mis\x1B[39;00m \x1B[38;5;28;01mNone\x1B[39;00m \x1B[38;5;129;01mand\x1B[39;00m\n' +
      '\x1B[1;32m    344\x1B[0m         parse_int \x1B[38;5;129;01mis\x1B[39;00m \x1B[38;5;28;01mNone\x1B[39;00m \x1B[38;5;129;01mand\x1B[39;00m parse_float \x1B[38;5;129;01mis\x1B[39;00m \x1B[38;5;28;01mNone\x1B[39;00m \x1B[38;5;129;01mand\x1B[39;00m\n' +
      '\x1B[1;32m    345\x1B[0m         parse_constant \x1B[38;5;129;01mis\x1B[39;00m \x1B[38;5;28;01mNone\x1B[39;00m \x1B[38;5;129;01mand\x1B[39;00m object_pairs_hook \x1B[38;5;129;01mis\x1B[39;00m \x1B[38;5;28;01mNone\x1B[39;00m \x1B[38;5;129;01mand\x1B[39;00m \x1B[38;5;129;01mnot\x1B[39;00m kw):\n' +
      '\x1B[0;32m--> 346\x1B[0m     \x1B[38;5;28;01mreturn\x1B[39;00m \x1B[43m_default_decoder\x1B[49m\x1B[38;5;241;43m.\x1B[39;49m\x1B[43mdecode\x1B[49m\x1B[43m(\x1B[49m\x1B[43ms\x1B[49m\x1B[43m)\x1B[49m\n' +
      '\x1B[1;32m    347\x1B[0m \x1B[38;5;28;01mif\x1B[39;00m \x1B[38;5;28mcls\x1B[39m \x1B[38;5;129;01mis\x1B[39;00m \x1B[38;5;28;01mNone\x1B[39;00m:\n' +
      '\x1B[1;32m    348\x1B[0m     \x1B[38;5;28mcls\x1B[39m \x1B[38;5;241m=\x1B[39m JSONDecoder\n',
    'File \x1B[0;32m/opt/conda/lib/python3.10/json/decoder.py:337\x1B[0m, in \x1B[0;36mJSONDecoder.decode\x1B[0;34m(self, s, _w)\x1B[0m\n' +
      '\x1B[1;32m    332\x1B[0m \x1B[38;5;28;01mdef\x1B[39;00m\x1B[38;5;250m \x1B[39m\x1B[38;5;21mdecode\x1B[39m(\x1B[38;5;28mself\x1B[39m, s, _w\x1B[38;5;241m=\x1B[39mWHITESPACE\x1B[38;5;241m.\x1B[39mmatch):\n' +
      '\x1B[1;32m    333\x1B[0m \x1B[38;5;250m    \x1B[39m\x1B[38;5;124;03m"""Return the Python representation of ``s`` (a ``str`` instance\x1B[39;00m\n' +
      '\x1B[1;32m    334\x1B[0m \x1B[38;5;124;03m    containing a JSON document).\x1B[39;00m\n' +
      '\x1B[1;32m    335\x1B[0m \n' +
      '\x1B[1;32m    336\x1B[0m \x1B[38;5;124;03m    """\x1B[39;00m\n' +
      '\x1B[0;32m--> 337\x1B[0m     obj, end \x1B[38;5;241m=\x1B[39m \x1B[38;5;28;43mself\x1B[39;49m\x1B[38;5;241;43m.\x1B[39;49m\x1B[43mraw_decode\x1B[49m\x1B[43m(\x1B[49m\x1B[43ms\x1B[49m\x1B[43m,\x1B[49m\x1B[43m \x1B[49m\x1B[43midx\x1B[49m\x1B[38;5;241;43m=\x1B[39;49m\x1B[43m_w\x1B[49m\x1B[43m(\x1B[49m\x1B[43ms\x1B[49m\x1B[43m,\x1B[49m\x1B[43m \x1B[49m\x1B[38;5;241;43m0\x1B[39;49m\x1B[43m)\x1B[49m\x1B[38;5;241;43m.\x1B[39;49m\x1B[43mend\x1B[49m\x1B[43m(\x1B[49m\x1B[43m)\x1B[49m\x1B[43m)\x1B[49m\n' +
      '\x1B[1;32m    338\x1B[0m     end \x1B[38;5;241m=\x1B[39m _w(s, end)\x1B[38;5;241m.\x1B[39mend()\n' +
      '\x1B[1;32m    339\x1B[0m     \x1B[38;5;28;01mif\x1B[39;00m end \x1B[38;5;241m!=\x1B[39m \x1B[38;5;28mlen\x1B[39m(s):\n',
    'File \x1B[0;32m/opt/conda/lib/python3.10/json/decoder.py:355\x1B[0m, in \x1B[0;36mJSONDecoder.raw_decode\x1B[0;34m(self, s, idx)\x1B[0m\n' +
      '\x1B[1;32m    353\x1B[0m     obj, end \x1B[38;5;241m=\x1B[39m \x1B[38;5;28mself\x1B[39m\x1B[38;5;241m.\x1B[39mscan_once(s, idx)\n' +
      '\x1B[1;32m    354\x1B[0m \x1B[38;5;28;01mexcept\x1B[39;00m \x1B[38;5;167;01mStopIteration\x1B[39;00m \x1B[38;5;28;01mas\x1B[39;00m err:\n' +
      '\x1B[0;32m--> 355\x1B[0m     \x1B[38;5;28;01mraise\x1B[39;00m JSONDecodeError(\x1B[38;5;124m"\x1B[39m\x1B[38;5;124mExpecting value\x1B[39m\x1B[38;5;124m"\x1B[39m, s, err\x1B[38;5;241m.\x1B[39mvalue) \x1B[38;5;28;01mfrom\x1B[39;00m\x1B[38;5;250m \x1B[39m\x1B[38;5;28;01mNone\x1B[39;00m\n' +
      '\x1B[1;32m    356\x1B[0m \x1B[38;5;28;01mreturn\x1B[39;00m obj, end\n',
    '\x1B[0;31mJSONDecodeError\x1B[0m: Expecting value: line 2 column 25 (char 26)'
  ]
}
08:14:46.107 [info] Starting Kernel (Python Path: /opt/conda/bin/python, Conda, 3.10.12) for '~/capsule/code/1st_iter_generate_landmarks.ipynb' (disableUI=true)
08:14:46.917 [info] Process Execution: /opt/conda/bin/python -m pip list
08:14:46.933 [info] Process Execution: /opt/conda/bin/python -c "import ipykernel; print(ipykernel.__version__); print("5dc3a68c-e34e-4080-9c3e-2a532b2ccb4d"); print(ipykernel.__file__)"
08:14:46.944 [info] Process Execution: /opt/conda/bin/python -m ipykernel_launcher --f=~/.local/share/jupyter/runtime/kernel-v3d84ffeeb0b02caf7296d697b6d091ee0adcd8346.json
    > cwd: ~/capsule/code
08:14:47.424 [info] Kernel successfully started
08:14:48.027 [error] Widget Error: Failed to access CDN https://unpkg.com/ after 0 attempt(s), TypeError: Failed to fetch
08:14:54.552 [warn] Cell completed with errors [Iu [Error]: Expecting value: line 2 column 25 (char 26)
	at n.execute (~/.vscode/extensions/ms-toolsai.jupyter-2025.9.1-linux-x64/dist/extension.node.js:302:4958)] {
  ename: 'JSONDecodeError',
  evalue: 'Expecting value: line 2 column 25 (char 26)',
  traceback: [
    '\x1B[0;31m---------------------------------------------------------------------------\x1B[0m',
    '\x1B[0;31mJSONDecodeError\x1B[0m                           Traceback (most recent call last)',
    'Cell \x1B[0;32mIn[2], line 7\x1B[0m\n' +
      "\x1B[1;32m      5\x1B[0m filepaths_json \x1B[38;5;241m=\x1B[39m save_dir \x1B[38;5;241m/\x1B[39m \x1B[38;5;124mf\x1B[39m\x1B[38;5;124m'\x1B[39m\x1B[38;5;132;01m{\x1B[39;00msubject_id\x1B[38;5;132;01m}\x1B[39;00m\x1B[38;5;124m_\x1B[39m\x1B[38;5;132;01m{\x1B[39;00mczstack_date\x1B[38;5;132;01m}\x1B[39;00m\x1B[38;5;124m_filepaths.json\x1B[39m\x1B[38;5;124m'\x1B[39m\n" +
      "\x1B[1;32m      6\x1B[0m \x1B[38;5;28;01mwith\x1B[39;00m \x1B[38;5;28mopen\x1B[39m(filepaths_json, \x1B[38;5;124m'\x1B[39m\x1B[38;5;124mr\x1B[39m\x1B[38;5;124m'\x1B[39m) \x1B[38;5;28;01mas\x1B[39;00m f:\n" +
      '\x1B[0;32m----> 7\x1B[0m     filepaths_dict \x1B[38;5;241m=\x1B[39m \x1B[43mjson\x1B[49m\x1B[38;5;241;43m.\x1B[39;49m\x1B[43mload\x1B[49m\x1B[43m(\x1B[49m\x1B[43mf\x1B[49m\x1B[43m)\x1B[49m\n' +
      '\x1B[1;32m      8\x1B[0m \x1B[38;5;28;01mfor\x1B[39;00m key \x1B[38;5;129;01min\x1B[39;00m filepaths_dict:\n' +
      '\x1B[1;32m      9\x1B[0m     filepaths_dict[key] \x1B[38;5;241m=\x1B[39m Path(filepaths_dict[key])\n',
    'File \x1B[0;32m/opt/conda/lib/python3.10/json/__init__.py:293\x1B[0m, in \x1B[0;36mload\x1B[0;34m(fp, cls, object_hook, parse_float, parse_int, parse_constant, object_pairs_hook, **kw)\x1B[0m\n' +
      '\x1B[1;32m    274\x1B[0m \x1B[38;5;28;01mdef\x1B[39;00m\x1B[38;5;250m \x1B[39m\x1B[38;5;21mload\x1B[39m(fp, \x1B[38;5;241m*\x1B[39m, \x1B[38;5;28mcls\x1B[39m\x1B[38;5;241m=\x1B[39m\x1B[38;5;28;01mNone\x1B[39;00m, object_hook\x1B[38;5;241m=\x1B[39m\x1B[38;5;28;01mNone\x1B[39;00m, parse_float\x1B[38;5;241m=\x1B[39m\x1B[38;5;28;01mNone\x1B[39;00m,\n' +
      '\x1B[1;32m    275\x1B[0m         parse_int\x1B[38;5;241m=\x1B[39m\x1B[38;5;28;01mNone\x1B[39;00m, parse_constant\x1B[38;5;241m=\x1B[39m\x1B[38;5;28;01mNone\x1B[39;00m, object_pairs_hook\x1B[38;5;241m=\x1B[39m\x1B[38;5;28;01mNone\x1B[39;00m, \x1B[38;5;241m*\x1B[39m\x1B[38;5;241m*\x1B[39mkw):\n' +
      '\x1B[1;32m    276\x1B[0m \x1B[38;5;250m    \x1B[39m\x1B[38;5;124;03m"""Deserialize ``fp`` (a ``.read()``-supporting file-like object containing\x1B[39;00m\n' +
      '\x1B[1;32m    277\x1B[0m \x1B[38;5;124;03m    a JSON document) to a Python object.\x1B[39;00m\n' +
      '\x1B[1;32m    278\x1B[0m \n' +
      '\x1B[0;32m   (...)\x1B[0m\n' +
      '\x1B[1;32m    291\x1B[0m \x1B[38;5;124;03m    kwarg; otherwise ``JSONDecoder`` is used.\x1B[39;00m\n' +
      '\x1B[1;32m    292\x1B[0m \x1B[38;5;124;03m    """\x1B[39;00m\n' +
      '\x1B[0;32m--> 293\x1B[0m     \x1B[38;5;28;01mreturn\x1B[39;00m \x1B[43mloads\x1B[49m\x1B[43m(\x1B[49m\x1B[43mfp\x1B[49m\x1B[38;5;241;43m.\x1B[39;49m\x1B[43mread\x1B[49m\x1B[43m(\x1B[49m\x1B[43m)\x1B[49m\x1B[43m,\x1B[49m\n' +
      '\x1B[1;32m    294\x1B[0m \x1B[43m        \x1B[49m\x1B[38;5;28;43mcls\x1B[39;49m\x1B[38;5;241;43m=\x1B[39;49m\x1B[38;5;28;43mcls\x1B[39;49m\x1B[43m,\x1B[49m\x1B[43m \x1B[49m\x1B[43mobject_hook\x1B[49m\x1B[38;5;241;43m=\x1B[39;49m\x1B[43mobject_hook\x1B[49m\x1B[43m,\x1B[49m\n' +
      '\x1B[1;32m    295\x1B[0m \x1B[43m        \x1B[49m\x1B[43mparse_float\x1B[49m\x1B[38;5;241;43m=\x1B[39;49m\x1B[43mparse_float\x1B[49m\x1B[43m,\x1B[49m\x1B[43m \x1B[49m\x1B[43mparse_int\x1B[49m\x1B[38;5;241;43m=\x1B[39;49m\x1B[43mparse_int\x1B[49m\x1B[43m,\x1B[49m\n' +
      '\x1B[1;32m    296\x1B[0m \x1B[43m        \x1B[49m\x1B[43mparse_constant\x1B[49m\x1B[38;5;241;43m=\x1B[39;49m\x1B[43mparse_constant\x1B[49m\x1B[43m,\x1B[49m\x1B[43m \x1B[49m\x1B[43mobject_pairs_hook\x1B[49m\x1B[38;5;241;43m=\x1B[39;49m\x1B[43mobject_pairs_hook\x1B[49m\x1B[43m,\x1B[49m\x1B[43m \x1B[49m\x1B[38;5;241;43m*\x1B[39;49m\x1B[38;5;241;43m*\x1B[39;49m\x1B[43mkw\x1B[49m\x1B[43m)\x1B[49m\n',
    'File \x1B[0;32m/opt/conda/lib/python3.10/json/__init__.py:346\x1B[0m, in \x1B[0;36mloads\x1B[0;34m(s, cls, object_hook, parse_float, parse_int, parse_constant, object_pairs_hook, **kw)\x1B[0m\n' +
      "\x1B[1;32m    341\x1B[0m     s \x1B[38;5;241m=\x1B[39m s\x1B[38;5;241m.\x1B[39mdecode(detect_encoding(s), \x1B[38;5;124m'\x1B[39m\x1B[38;5;124msurrogatepass\x1B[39m\x1B[38;5;124m'\x1B[39m)\n" +
      '\x1B[1;32m    343\x1B[0m \x1B[38;5;28;01mif\x1B[39;00m (\x1B[38;5;28mcls\x1B[39m \x1B[38;5;129;01mis\x1B[39;00m \x1B[38;5;28;01mNone\x1B[39;00m \x1B[38;5;129;01mand\x1B[39;00m object_hook \x1B[38;5;129;01mis\x1B[39;00m \x1B[38;5;28;01mNone\x1B[39;00m \x1B[38;5;129;01mand\x1B[39;00m\n' +
      '\x1B[1;32m    344\x1B[0m         parse_int \x1B[38;5;129;01mis\x1B[39;00m \x1B[38;5;28;01mNone\x1B[39;00m \x1B[38;5;129;01mand\x1B[39;00m parse_float \x1B[38;5;129;01mis\x1B[39;00m \x1B[38;5;28;01mNone\x1B[39;00m \x1B[38;5;129;01mand\x1B[39;00m\n' +
      '\x1B[1;32m    345\x1B[0m         parse_constant \x1B[38;5;129;01mis\x1B[39;00m \x1B[38;5;28;01mNone\x1B[39;00m \x1B[38;5;129;01mand\x1B[39;00m object_pairs_hook \x1B[38;5;129;01mis\x1B[39;00m \x1B[38;5;28;01mNone\x1B[39;00m \x1B[38;5;129;01mand\x1B[39;00m \x1B[38;5;129;01mnot\x1B[39;00m kw):\n' +
      '\x1B[0;32m--> 346\x1B[0m     \x1B[38;5;28;01mreturn\x1B[39;00m \x1B[43m_default_decoder\x1B[49m\x1B[38;5;241;43m.\x1B[39;49m\x1B[43mdecode\x1B[49m\x1B[43m(\x1B[49m\x1B[43ms\x1B[49m\x1B[43m)\x1B[49m\n' +
      '\x1B[1;32m    347\x1B[0m \x1B[38;5;28;01mif\x1B[39;00m \x1B[38;5;28mcls\x1B[39m \x1B[38;5;129;01mis\x1B[39;00m \x1B[38;5;28;01mNone\x1B[39;00m:\n' +
      '\x1B[1;32m    348\x1B[0m     \x1B[38;5;28mcls\x1B[39m \x1B[38;5;241m=\x1B[39m JSONDecoder\n',
    'File \x1B[0;32m/opt/conda/lib/python3.10/json/decoder.py:337\x1B[0m, in \x1B[0;36mJSONDecoder.decode\x1B[0;34m(self, s, _w)\x1B[0m\n' +
      '\x1B[1;32m    332\x1B[0m \x1B[38;5;28;01mdef\x1B[39;00m\x1B[38;5;250m \x1B[39m\x1B[38;5;21mdecode\x1B[39m(\x1B[38;5;28mself\x1B[39m, s, _w\x1B[38;5;241m=\x1B[39mWHITESPACE\x1B[38;5;241m.\x1B[39mmatch):\n' +
      '\x1B[1;32m    333\x1B[0m \x1B[38;5;250m    \x1B[39m\x1B[38;5;124;03m"""Return the Python representation of ``s`` (a ``str`` instance\x1B[39;00m\n' +
      '\x1B[1;32m    334\x1B[0m \x1B[38;5;124;03m    containing a JSON document).\x1B[39;00m\n' +
      '\x1B[1;32m    335\x1B[0m \n' +
      '\x1B[1;32m    336\x1B[0m \x1B[38;5;124;03m    """\x1B[39;00m\n' +
      '\x1B[0;32m--> 337\x1B[0m     obj, end \x1B[38;5;241m=\x1B[39m \x1B[38;5;28;43mself\x1B[39;49m\x1B[38;5;241;43m.\x1B[39;49m\x1B[43mraw_decode\x1B[49m\x1B[43m(\x1B[49m\x1B[43ms\x1B[49m\x1B[43m,\x1B[49m\x1B[43m \x1B[49m\x1B[43midx\x1B[49m\x1B[38;5;241;43m=\x1B[39;49m\x1B[43m_w\x1B[49m\x1B[43m(\x1B[49m\x1B[43ms\x1B[49m\x1B[43m,\x1B[49m\x1B[43m \x1B[49m\x1B[38;5;241;43m0\x1B[39;49m\x1B[43m)\x1B[49m\x1B[38;5;241;43m.\x1B[39;49m\x1B[43mend\x1B[49m\x1B[43m(\x1B[49m\x1B[43m)\x1B[49m\x1B[43m)\x1B[49m\n' +
      '\x1B[1;32m    338\x1B[0m     end \x1B[38;5;241m=\x1B[39m _w(s, end)\x1B[38;5;241m.\x1B[39mend()\n' +
      '\x1B[1;32m    339\x1B[0m     \x1B[38;5;28;01mif\x1B[39;00m end \x1B[38;5;241m!=\x1B[39m \x1B[38;5;28mlen\x1B[39m(s):\n',
    'File \x1B[0;32m/opt/conda/lib/python3.10/json/decoder.py:355\x1B[0m, in \x1B[0;36mJSONDecoder.raw_decode\x1B[0;34m(self, s, idx)\x1B[0m\n' +
      '\x1B[1;32m    353\x1B[0m     obj, end \x1B[38;5;241m=\x1B[39m \x1B[38;5;28mself\x1B[39m\x1B[38;5;241m.\x1B[39mscan_once(s, idx)\n' +
      '\x1B[1;32m    354\x1B[0m \x1B[38;5;28;01mexcept\x1B[39;00m \x1B[38;5;167;01mStopIteration\x1B[39;00m \x1B[38;5;28;01mas\x1B[39;00m err:\n' +
      '\x1B[0;32m--> 355\x1B[0m     \x1B[38;5;28;01mraise\x1B[39;00m JSONDecodeError(\x1B[38;5;124m"\x1B[39m\x1B[38;5;124mExpecting value\x1B[39m\x1B[38;5;124m"\x1B[39m, s, err\x1B[38;5;241m.\x1B[39mvalue) \x1B[38;5;28;01mfrom\x1B[39;00m\x1B[38;5;250m \x1B[39m\x1B[38;5;28;01mNone\x1B[39;00m\n' +
      '\x1B[1;32m    356\x1B[0m \x1B[38;5;28;01mreturn\x1B[39;00m obj, end\n',
    '\x1B[0;31mJSONDecodeError\x1B[0m: Expecting value: line 2 column 25 (char 26)'
  ]
}
08:15:45.056 [warn] Cell completed with errors [Iu [Error]: name 'zstack_seg_dir' is not defined
	at n.execute (~/.vscode/extensions/ms-toolsai.jupyter-2025.9.1-linux-x64/dist/extension.node.js:302:4958)] {
  ename: 'NameError',
  evalue: "name 'zstack_seg_dir' is not defined",
  traceback: [
    '\x1B[0;31m---------------------------------------------------------------------------\x1B[0m',
    '\x1B[0;31mNameError\x1B[0m                                 Traceback (most recent call last)',
    'Cell \x1B[0;32mIn[7], line 1\x1B[0m\n' +
      "\x1B[0;32m----> 1\x1B[0m czstack_seg_path \x1B[38;5;241m=\x1B[39m \x1B[43mzstack_seg_dir\x1B[49m \x1B[38;5;241m/\x1B[39m \x1B[38;5;124m'\x1B[39m\x1B[38;5;124mchannel_0_ref_0/segmentation_masks.tif\x1B[39m\x1B[38;5;124m'\x1B[39m\n" +
      '\x1B[1;32m      2\x1B[0m \x1B[38;5;28;01massert\x1B[39;00m czstack_seg_path\x1B[38;5;241m.\x1B[39mexists()\n',
    "\x1B[0;31mNameError\x1B[0m: name 'zstack_seg_dir' is not defined"
  ]
}
08:15:47.612 [warn] Cell completed with errors [Iu [Error]: name 'zstack_seg_dir' is not defined
	at n.execute (~/.vscode/extensions/ms-toolsai.jupyter-2025.9.1-linux-x64/dist/extension.node.js:302:4958)] {
  ename: 'NameError',
  evalue: "name 'zstack_seg_dir' is not defined",
  traceback: [
    '\x1B[0;31m---------------------------------------------------------------------------\x1B[0m',
    '\x1B[0;31mNameError\x1B[0m                                 Traceback (most recent call last)',
    'Cell \x1B[0;32mIn[8], line 1\x1B[0m\n' +
      "\x1B[0;32m----> 1\x1B[0m czstack_seg_path \x1B[38;5;241m=\x1B[39m \x1B[43mzstack_seg_dir\x1B[49m \x1B[38;5;241m/\x1B[39m \x1B[38;5;124m'\x1B[39m\x1B[38;5;124mchannel_0_ref_0/segmentation_masks.tif\x1B[39m\x1B[38;5;124m'\x1B[39m\n" +
      '\x1B[1;32m      2\x1B[0m \x1B[38;5;28;01massert\x1B[39;00m czstack_seg_path\x1B[38;5;241m.\x1B[39mexists()\n',
    "\x1B[0;31mNameError\x1B[0m: name 'zstack_seg_dir' is not defined"
  ]
}
08:15:51.416 [warn] Cell completed with errors [Iu [Error]: name 'zstack_seg_dir' is not defined
	at n.execute (~/.vscode/extensions/ms-toolsai.jupyter-2025.9.1-linux-x64/dist/extension.node.js:302:4958)] {
  ename: 'NameError',
  evalue: "name 'zstack_seg_dir' is not defined",
  traceback: [
    '\x1B[0;31m---------------------------------------------------------------------------\x1B[0m',
    '\x1B[0;31mNameError\x1B[0m                                 Traceback (most recent call last)',
    'Cell \x1B[0;32mIn[9], line 1\x1B[0m\n' +
      "\x1B[0;32m----> 1\x1B[0m czstack_seg_path \x1B[38;5;241m=\x1B[39m \x1B[43mzstack_seg_dir\x1B[49m \x1B[38;5;241m/\x1B[39m \x1B[38;5;124m'\x1B[39m\x1B[38;5;124mchannel_0_ref_0/segmentation_masks.tif\x1B[39m\x1B[38;5;124m'\x1B[39m\n" +
      '\x1B[1;32m      2\x1B[0m \x1B[38;5;28;01massert\x1B[39;00m czstack_seg_path\x1B[38;5;241m.\x1B[39mexists()\n',
    "\x1B[0;31mNameError\x1B[0m: name 'zstack_seg_dir' is not defined"
  ]
}
08:16:03.880 [warn] Cell completed with errors [Iu [Error]: name 'save_dir' is not defined
	at n.execute (~/.vscode/extensions/ms-toolsai.jupyter-2025.9.1-linux-x64/dist/extension.node.js:302:4958)] {
  ename: 'NameError',
  evalue: "name 'save_dir' is not defined",
  traceback: [
    '\x1B[0;31m---------------------------------------------------------------------------\x1B[0m',
    '\x1B[0;31mNameError\x1B[0m                                 Traceback (most recent call last)',
    'Cell \x1B[0;32mIn[12], line 1\x1B[0m\n' +
      '\x1B[0;32m----> 1\x1B[0m zstack_reg_swapped_path \x1B[38;5;241m=\x1B[39m \x1B[43msave_dir\x1B[49m \x1B[38;5;241m/\x1B[39m \x1B[38;5;124mf\x1B[39m\x1B[38;5;124m"\x1B[39m\x1B[38;5;132;01m{\x1B[39;00mcoreg_name\x1B[38;5;132;01m}\x1B[39;00m\x1B[38;5;124m_reg-dim-swapped.ome.tif\x1B[39m\x1B[38;5;124m"\x1B[39m\n' +
      '\x1B[1;32m      3\x1B[0m original_reg \x1B[38;5;241m=\x1B[39m tiff\x1B[38;5;241m.\x1B[39mimread(czstack_reg_path)\n' +
      '\x1B[1;32m      4\x1B[0m swapped \x1B[38;5;241m=\x1B[39m original_reg[np\x1B[38;5;241m.\x1B[39mnewaxis, np\x1B[38;5;241m.\x1B[39mnewaxis, \x1B[38;5;241m.\x1B[39m\x1B[38;5;241m.\x1B[39m\x1B[38;5;241m.\x1B[39m]\n',
    "\x1B[0;31mNameError\x1B[0m: name 'save_dir' is not defined"
  ]
}
08:21:39.234 [info] Too many pending requests 1 for kernel 3363e2fc-8af0-4ac7-a668-2dfe4b568db4, waiting for it to be ready.
