2025-10-17 03:23:09.273 [info] update#setState idle
2025-10-17 03:23:14.765 [error] Error: Error while decrypting the ciphertext provided to safeStorage.decryptString.
    at yh.decrypt (file:///usr/share/code/resources/app/out/main.js:46:18294)
    at Object.call (file:///usr/share/code/resources/app/out/main.js:33:4564)
    at Lf.s (file:///usr/share/code/resources/app/out/main.js:31:14859)
    at Lf.q (file:///usr/share/code/resources/app/out/main.js:31:14382)
    at Xo.value (file:///usr/share/code/resources/app/out/main.js:31:13784)
    at P.C (file:///usr/share/code/resources/app/out/main.js:30:2373)
    at P.D (file:///usr/share/code/resources/app/out/main.js:30:2443)
    at P.fire (file:///usr/share/code/resources/app/out/main.js:30:2660)
    at Xo.value (file:///usr/share/code/resources/app/out/main.js:28:5145)
    at P.C (file:///usr/share/code/resources/app/out/main.js:30:2373)
    at P.fire (file:///usr/share/code/resources/app/out/main.js:30:2591)
    at Xo.value (file:///usr/share/code/resources/app/out/main.js:28:5333)
    at P.C (file:///usr/share/code/resources/app/out/main.js:30:2373)
    at P.fire (file:///usr/share/code/resources/app/out/main.js:30:2591)
    at F (file:///usr/share/code/resources/app/out/main.js:28:7627)
    at IpcMainImpl.i (file:///usr/share/code/resources/app/out/main.js:36:10776)
    at IpcMainImpl.emit (node:events:519:28)
    at Session.<anonymous> (node:electron/js2c/browser_init:2:106370)
    at Session.emit (node:events:519:28)
