  788406 beta= 0.0  rec_id=0.202 r@5=0.202 r@10=0.202 r@20=0.210 n=623/787 med=81 wall=52.7s
  788406 beta= 3.0  rec_id=0.199 r@5=0.199 r@10=0.199 r@20=0.207 n=619/787 med=80 wall=77.8s
  788406 beta= 5.0  rec_id=0.225 r@5=0.225 r@10=0.225 r@20=0.234 n=635/787 med=80 wall=15.4s
  788406 beta= 8.0  rec_id=0.194 r@5=0.194 r@10=0.194 r@20=0.203 n=562/787 med=82 wall=15.6s
  755252 beta= 0.0  rec_id=0.033 r@5=0.033 r@10=0.033 r@20=0.044 n=542/639 med=103 wall=55.2s
  755252 beta= 3.0  rec_id=0.049 r@5=0.049 r@10=0.049 r@20=0.056 n=552/639 med=100 wall=72.6s
  755252 beta= 5.0  rec_id=0.038 r@5=0.038 r@10=0.038 r@20=0.044 n=461/639 med=99 wall=26.0s
  755252 beta= 8.0  rec_id=0.045 r@5=0.045 r@10=0.047 r@20=0.047 n=189/639 med=95 wall=26.1s
  767022 beta= 0.0  rec_id=0.081 r@5=0.081 r@10=0.082 r@20=0.108 n=654/793 med=107 wall=38.6s
  767022 beta= 3.0  rec_id=0.079 r@5=0.079 r@10=0.081 r@20=0.097 n=645/793 med=108 wall=52.4s
  767022 beta= 5.0  rec_id=0.096 r@5=0.096 r@10=0.098 r@20=0.103 n=593/793 med=111 wall=11.7s
  767022 beta= 8.0  rec_id=0.055 r@5=0.057 r@10=0.059 r@20=0.062 n=397/793 med=120 wall=11.5s
  782149 beta= 0.0  rec_id=0.000 r@5=0.000 r@10=0.000 r@20=0.000 n=145/303 med=1136 wall=36.5s
  782149 beta= 3.0  rec_id=0.000 r@5=0.000 r@10=0.000 r@20=0.000 n=138/303 med=1136 wall=46.7s
  782149 beta= 5.0  rec_id=0.000 r@5=0.000 r@10=0.000 r@20=0.000 n=140/303 med=1135 wall=7.0s
  782149 beta= 8.0  rec_id=0.000 r@5=0.000 r@10=0.000 r@20=0.000 n=139/303 med=1128 wall=7.0s

wrote /root/capsule/code/full_automatic_execution_01/sessions/47_ship_hcr_quality/p1_beta_sweep.csv

=== SUBJECT × BETA r20 ===
beta          0.0       3.0       5.0       8.0
subject                                        
755252   0.043818  0.056338  0.043818  0.046948
767022   0.108449  0.097100  0.103405  0.061791
782149   0.000000  0.000000  0.000000  0.000000
788406   0.209657  0.207116  0.233799  0.203304

=== SUBJECT × BETA recall_id ===
beta          0.0       3.0       5.0       8.0
subject                                        
755252   0.032864  0.048513  0.037559  0.045383
767022   0.080706  0.079445  0.095839  0.055485
782149   0.000000  0.000000  0.000000  0.000000
788406   0.202033  0.199492  0.224905  0.194409

=== SUBJECT × BETA median_err ===
beta             0.0          3.0          5.0          8.0
subject                                                    
755252    102.748633   100.086119    98.511618    95.218115
767022    107.337531   107.515127   110.906293   120.120572
782149   1135.545684  1135.790356  1134.936799  1128.028480
788406     81.129091    80.191534    80.191534    81.571382
