  788406 K= 5 beta= 0.0  rec_id=0.202 r@20=0.210 n=623/787 med=81 wall=58.1s
  788406 K= 5 beta= 5.0  rec_id=0.225 r@20=0.234 n=635/787 med=80 wall=72.4s
  788406 K=20 beta= 0.0  rec_id=0.168 r@20=0.180 n=632/787 med=84 wall=15.3s
  788406 K=20 beta= 3.0  rec_id=0.169 r@20=0.180 n=631/787 med=86 wall=15.6s
  788406 K=20 beta= 5.0  rec_id=0.182 r@20=0.193 n=641/787 med=82 wall=15.7s
  755252 K= 5 beta= 0.0  rec_id=0.033 r@20=0.044 n=542/639 med=103 wall=54.9s
  755252 K= 5 beta= 5.0  rec_id=0.038 r@20=0.044 n=461/639 med=99 wall=69.1s
  755252 K=20 beta= 0.0  rec_id=0.023 r@20=0.027 n=546/639 med=99 wall=26.0s
  755252 K=20 beta= 3.0  rec_id=0.022 r@20=0.025 n=556/639 med=99 wall=26.4s
  755252 K=20 beta= 5.0  rec_id=0.020 r@20=0.023 n=554/639 med=96 wall=26.3s
  767022 K= 5 beta= 0.0  rec_id=0.081 r@20=0.108 n=654/793 med=107 wall=38.5s
  767022 K= 5 beta= 5.0  rec_id=0.096 r@20=0.103 n=593/793 med=111 wall=51.5s
  767022 K=20 beta= 0.0  rec_id=0.105 r@20=0.127 n=676/793 med=97 wall=11.7s
  767022 K=20 beta= 3.0  rec_id=0.103 r@20=0.125 n=678/793 med=95 wall=11.7s
  767022 K=20 beta= 5.0  rec_id=0.107 r@20=0.126 n=690/793 med=93 wall=11.6s
  782149 K= 5 beta= 0.0  rec_id=0.000 r@20=0.000 n=145/303 med=1136 wall=36.7s
  782149 K= 5 beta= 5.0  rec_id=0.000 r@20=0.000 n=140/303 med=1135 wall=46.0s
  782149 K=20 beta= 0.0  rec_id=0.000 r@20=0.000 n=137/303 med=1128 wall=6.9s
  782149 K=20 beta= 3.0  rec_id=0.000 r@20=0.000 n=136/303 med=1127 wall=6.8s
  782149 K=20 beta= 5.0  rec_id=0.000 r@20=0.000 n=140/303 med=1124 wall=7.0s

wrote /root/capsule/code/full_automatic_execution_01/sessions/47_ship_hcr_quality/k20_beta_sweep.csv

=== r@20 by (K, beta) ===
K              5                   20                    
beta          0.0       5.0       0.0       3.0       5.0
subject                                                  
755252   0.043818  0.043818  0.026604  0.025039  0.023474
767022   0.108449  0.103405  0.127364  0.124842  0.126103
782149   0.000000  0.000000  0.000000  0.000000  0.000000
788406   0.209657  0.233799  0.180432  0.180432  0.193139

=== rec_id by (K, beta) ===
K              5                   20                    
beta          0.0       5.0       0.0       3.0       5.0
subject                                                  
755252   0.032864  0.037559  0.023474  0.021909  0.020344
767022   0.080706  0.095839  0.104666  0.103405  0.107188
782149   0.000000  0.000000  0.000000  0.000000  0.000000
788406   0.202033  0.224905  0.167726  0.168996  0.181703
