2026-02-27 22:59:23.647 [info] [main] Log level: Info
2026-02-27 22:59:23.647 [info] [main] Validating found git in: "git"
2026-02-27 22:59:23.647 [info] [main] Using git "2.34.1" from "git"
2026-02-27 22:59:23.647 [info] [Model][doInitialScan] Initial repository scan started
2026-02-27 22:59:23.647 [info] > git rev-parse --show-toplevel [19ms]
2026-02-27 22:59:23.647 [info] > git rev-parse --git-dir --git-common-dir --show-superproject-working-tree [3ms]
2026-02-27 22:59:23.699 [info] [Model][openRepository] Opened repository (path): /root/capsule
2026-02-27 22:59:23.699 [info] [Model][openRepository] Opened repository (real path): /root/capsule
2026-02-27 22:59:23.699 [info] [Model][openRepository] Opened repository (kind): repository
2026-02-27 22:59:23.714 [info] > git rev-parse --show-toplevel [4ms]
2026-02-27 22:59:23.714 [info] > git config --get commit.template [9ms]
2026-02-27 22:59:23.988 [info] > git rev-parse --show-toplevel [30ms]
2026-02-27 22:59:23.995 [info] > git for-each-ref --format=%(refname)%00%(upstream:short)%00%(objectname)%00%(upstream:track)%00%(upstream:remotename)%00%(upstream:remoteref) refs/heads/master refs/remotes/master [8ms]
2026-02-27 22:59:23.997 [info] > git rev-parse --show-toplevel [3ms]
2026-02-27 22:59:24.011 [info] > git rev-parse --show-toplevel [10ms]
2026-02-27 22:59:24.016 [info] > git for-each-ref --sort -committerdate --format %(refname)%00%(objectname)%00%(*objectname) [6ms]
2026-02-27 22:59:24.180 [info] > git rev-parse --show-toplevel [165ms]
2026-02-27 22:59:24.587 [info] > git status -z -uall [582ms]
2026-02-27 22:59:24.787 [info] > git check-ignore -v -z --stdin [202ms]
2026-02-27 22:59:24.788 [info] > git check-ignore -v -z --stdin [174ms]
2026-02-27 22:59:24.791 [info] > git for-each-ref --format=%(refname)%00%(upstream:short)%00%(objectname)%00%(upstream:track)%00%(upstream:remotename)%00%(upstream:remoteref) refs/heads/master refs/remotes/master [184ms]
2026-02-27 22:59:24.795 [info] > git rev-parse --show-toplevel [215ms]
2026-02-27 22:59:24.852 [info] > git config --get --local branch.master.vscode-merge-base [57ms]
2026-02-27 22:59:24.852 [warning] [Git][config] git config failed: Failed to execute git
2026-02-27 22:59:24.858 [info] > git config --get commit.template [74ms]
2026-02-27 22:59:24.869 [info] > git rev-parse --show-toplevel [30ms]
2026-02-27 22:59:24.873 [info] [Model][doInitialScan] Initial repository scan completed - repositories (1), closed repositories (0), parent repositories (0), unsafe repositories (0)
2026-02-27 22:59:24.897 [info] > git show --textconv :environment/postInstall [18ms]
2026-02-27 22:59:24.898 [info] > git ls-files --stage -- environment/postInstall [13ms]
2026-02-27 22:59:24.904 [info] > git reflog master --grep-reflog=branch: Created from *. [47ms]
2026-02-27 22:59:24.931 [info] > git symbolic-ref --short refs/remotes/origin/HEAD [22ms]
2026-02-27 22:59:24.937 [info] > git cat-file -s 69bbfe1c5a690b7b552ef0419dc7b3b57a68c166 [34ms]
2026-02-27 22:59:24.937 [info] > git for-each-ref --format=%(refname)%00%(upstream:short)%00%(objectname)%00%(upstream:track)%00%(upstream:remotename)%00%(upstream:remoteref) refs/heads/master refs/remotes/master [44ms]
2026-02-27 22:59:24.943 [info] > git for-each-ref --format=%(refname)%00%(upstream:short)%00%(objectname)%00%(upstream:track)%00%(upstream:remotename)%00%(upstream:remoteref) refs/heads/origin/master refs/remotes/origin/master [7ms]
2026-02-27 22:59:24.966 [info] > git config --add --local branch.master.vscode-merge-base origin/master [18ms]
2026-02-27 22:59:24.966 [info] > git for-each-ref --sort -committerdate --format %(refname)%00%(objectname)%00%(*objectname) [1ms] (cancelled)
2026-02-27 22:59:24.981 [info] > git status -z -uall [21ms] (cancelled)
2026-02-27 22:59:24.982 [info] > git config --get commit.template [9ms]
2026-02-27 22:59:24.990 [info] > git for-each-ref --format=%(refname)%00%(upstream:short)%00%(objectname)%00%(upstream:track)%00%(upstream:remotename)%00%(upstream:remoteref) refs/heads/master refs/remotes/master [1ms]
2026-02-27 22:59:25.003 [info] > git for-each-ref --sort -committerdate --format %(refname)%00%(objectname)%00%(*objectname) [1ms]
2026-02-27 22:59:25.031 [info] > git check-ignore -v -z --stdin [6ms]
2026-02-27 22:59:25.034 [info] > git blame --root --incremental 4dbc9ae08cf00fc0814ed23ba854b0db0a4e3d7e -- environment/postInstall [3ms]
2026-02-27 22:59:25.207 [info] > git check-ignore -v -z --stdin [2ms]
2026-02-27 22:59:25.233 [info] > git status -z -uall [237ms]
2026-02-27 22:59:25.252 [info] > git merge-base refs/heads/master refs/remotes/origin/master [4ms]
2026-02-27 22:59:25.257 [info] > git merge-base refs/heads/master refs/remotes/origin/master [15ms]
2026-02-27 22:59:25.264 [info] > git diff --raw --numstat --diff-filter=ADMR -z --find-renames=50% 4dbc9ae08cf00fc0814ed23ba854b0db0a4e3d7e...refs/remotes/origin/master -- [7ms]
2026-02-27 22:59:25.267 [info] > git diff --raw --numstat --diff-filter=ADMR -z --find-renames=50% 4dbc9ae08cf00fc0814ed23ba854b0db0a4e3d7e...refs/remotes/origin/master -- [5ms]
2026-02-27 22:59:26.207 [info] > git check-ignore -v -z --stdin [5ms]
2026-02-27 22:59:29.215 [info] > git config --get commit.template [7ms]
2026-02-27 22:59:29.216 [info] > git for-each-ref --format=%(refname)%00%(upstream:short)%00%(objectname)%00%(upstream:track)%00%(upstream:remotename)%00%(upstream:remoteref) refs/heads/master refs/remotes/master [2ms]
2026-02-27 22:59:29.232 [info] > git for-each-ref --sort -committerdate --format %(refname)%00%(objectname)%00%(*objectname) [2ms]
2026-02-27 22:59:29.534 [info] > git status -z -uall [311ms]
2026-02-27 22:59:39.656 [info] > git config --get commit.template [7ms]
2026-02-27 22:59:39.656 [info] > git for-each-ref --format=%(refname)%00%(upstream:short)%00%(objectname)%00%(upstream:track)%00%(upstream:remotename)%00%(upstream:remoteref) refs/heads/master refs/remotes/master [1ms]
2026-02-27 22:59:39.670 [info] > git for-each-ref --sort -committerdate --format %(refname)%00%(objectname)%00%(*objectname) [2ms]
2026-02-27 22:59:39.889 [info] > git status -z -uall [227ms]
2026-02-27 22:59:44.899 [info] > git check-ignore -v -z --stdin [1ms]
2026-02-27 22:59:44.913 [info] > git show --textconv :environment/postInstall [6ms]
2026-02-27 22:59:44.914 [info] > git ls-files --stage -- environment/postInstall [2ms]
2026-02-27 22:59:44.921 [info] > git cat-file -s 69bbfe1c5a690b7b552ef0419dc7b3b57a68c166 [2ms]
2026-02-27 22:59:47.062 [info] > git config --get commit.template [7ms]
2026-02-27 22:59:47.063 [info] > git for-each-ref --format=%(refname)%00%(upstream:short)%00%(objectname)%00%(upstream:track)%00%(upstream:remotename)%00%(upstream:remoteref) refs/heads/master refs/remotes/master [2ms]
2026-02-27 22:59:47.074 [info] > git for-each-ref --sort -committerdate --format %(refname)%00%(objectname)%00%(*objectname) [2ms]
2026-02-27 22:59:47.295 [info] > git status -z -uall [228ms]
2026-02-27 22:59:47.621 [info] > git check-ignore -v -z --stdin [1ms]
2026-02-27 22:59:52.315 [info] > git config --get commit.template [7ms]
2026-02-27 22:59:52.316 [info] > git for-each-ref --format=%(refname)%00%(upstream:short)%00%(objectname)%00%(upstream:track)%00%(upstream:remotename)%00%(upstream:remoteref) refs/heads/master refs/remotes/master [1ms]
2026-02-27 22:59:52.329 [info] > git for-each-ref --sort -committerdate --format %(refname)%00%(objectname)%00%(*objectname) [1ms]
2026-02-27 22:59:52.551 [info] > git status -z -uall [229ms]
2026-02-27 22:59:52.875 [info] > git check-ignore -v -z --stdin [1ms]
2026-02-27 22:59:57.569 [info] > git config --get commit.template [7ms]
2026-02-27 22:59:57.570 [info] > git for-each-ref --format=%(refname)%00%(upstream:short)%00%(objectname)%00%(upstream:track)%00%(upstream:remotename)%00%(upstream:remoteref) refs/heads/master refs/remotes/master [2ms]
2026-02-27 22:59:57.583 [info] > git for-each-ref --sort -committerdate --format %(refname)%00%(objectname)%00%(*objectname) [1ms]
2026-02-27 22:59:57.836 [info] > git status -z -uall [261ms]
2026-02-27 22:59:58.166 [info] > git check-ignore -v -z --stdin [1ms]
2026-02-27 23:00:02.853 [info] > git config --get commit.template [7ms]
2026-02-27 23:00:02.854 [info] > git for-each-ref --format=%(refname)%00%(upstream:short)%00%(objectname)%00%(upstream:track)%00%(upstream:remotename)%00%(upstream:remoteref) refs/heads/master refs/remotes/master [1ms]
2026-02-27 23:00:02.868 [info] > git for-each-ref --sort -committerdate --format %(refname)%00%(objectname)%00%(*objectname) [2ms]
2026-02-27 23:00:03.087 [info] > git status -z -uall [227ms]
2026-02-27 23:00:03.412 [info] > git check-ignore -v -z --stdin [1ms]
2026-02-27 23:00:09.211 [info] > git config --get commit.template [6ms]
2026-02-27 23:00:09.212 [info] > git for-each-ref --format=%(refname)%00%(upstream:short)%00%(objectname)%00%(upstream:track)%00%(upstream:remotename)%00%(upstream:remoteref) refs/heads/master refs/remotes/master [1ms]
2026-02-27 23:00:09.225 [info] > git for-each-ref --sort -committerdate --format %(refname)%00%(objectname)%00%(*objectname) [1ms]
2026-02-27 23:00:09.447 [info] > git status -z -uall [228ms]
2026-02-27 23:00:09.770 [info] > git check-ignore -v -z --stdin [1ms]
2026-02-27 23:00:17.227 [info] > git config --get commit.template [6ms]
2026-02-27 23:00:17.228 [info] > git for-each-ref --format=%(refname)%00%(upstream:short)%00%(objectname)%00%(upstream:track)%00%(upstream:remotename)%00%(upstream:remoteref) refs/heads/master refs/remotes/master [1ms]
2026-02-27 23:00:17.242 [info] > git for-each-ref --sort -committerdate --format %(refname)%00%(objectname)%00%(*objectname) [1ms]
2026-02-27 23:00:17.465 [info] > git status -z -uall [231ms]
2026-02-27 23:00:17.785 [info] > git check-ignore -v -z --stdin [1ms]
2026-02-27 23:00:22.482 [info] > git config --get commit.template [6ms]
2026-02-27 23:00:22.483 [info] > git for-each-ref --format=%(refname)%00%(upstream:short)%00%(objectname)%00%(upstream:track)%00%(upstream:remotename)%00%(upstream:remoteref) refs/heads/master refs/remotes/master [1ms]
2026-02-27 23:00:22.498 [info] > git for-each-ref --sort -committerdate --format %(refname)%00%(objectname)%00%(*objectname) [1ms]
2026-02-27 23:00:22.718 [info] > git status -z -uall [228ms]
2026-02-27 23:00:23.042 [info] > git check-ignore -v -z --stdin [1ms]
2026-02-27 23:00:27.737 [info] > git config --get commit.template [7ms]
2026-02-27 23:00:27.738 [info] > git for-each-ref --format=%(refname)%00%(upstream:short)%00%(objectname)%00%(upstream:track)%00%(upstream:remotename)%00%(upstream:remoteref) refs/heads/master refs/remotes/master [1ms]
2026-02-27 23:00:27.753 [info] > git for-each-ref --sort -committerdate --format %(refname)%00%(objectname)%00%(*objectname) [1ms]
2026-02-27 23:00:27.976 [info] > git status -z -uall [231ms]
2026-02-27 23:00:28.299 [info] > git check-ignore -v -z --stdin [2ms]
2026-02-27 23:00:32.994 [info] > git config --get commit.template [7ms]
2026-02-27 23:00:32.995 [info] > git for-each-ref --format=%(refname)%00%(upstream:short)%00%(objectname)%00%(upstream:track)%00%(upstream:remotename)%00%(upstream:remoteref) refs/heads/master refs/remotes/master [2ms]
2026-02-27 23:00:33.009 [info] > git for-each-ref --sort -committerdate --format %(refname)%00%(objectname)%00%(*objectname) [1ms]
2026-02-27 23:00:33.232 [info] > git status -z -uall [231ms]
2026-02-27 23:00:33.554 [info] > git check-ignore -v -z --stdin [2ms]
2026-02-27 23:00:38.885 [info] > git config --get commit.template [7ms]
2026-02-27 23:00:38.886 [info] > git for-each-ref --format=%(refname)%00%(upstream:short)%00%(objectname)%00%(upstream:track)%00%(upstream:remotename)%00%(upstream:remoteref) refs/heads/master refs/remotes/master [2ms]
2026-02-27 23:00:38.900 [info] > git for-each-ref --sort -committerdate --format %(refname)%00%(objectname)%00%(*objectname) [2ms]
2026-02-27 23:00:39.119 [info] > git status -z -uall [227ms]
2026-02-27 23:00:39.442 [info] > git check-ignore -v -z --stdin [2ms]
2026-02-27 23:00:52.300 [info] > git config --get commit.template [7ms]
2026-02-27 23:00:52.300 [info] > git for-each-ref --format=%(refname)%00%(upstream:short)%00%(objectname)%00%(upstream:track)%00%(upstream:remotename)%00%(upstream:remoteref) refs/heads/master refs/remotes/master [1ms]
2026-02-27 23:00:52.314 [info] > git for-each-ref --sort -committerdate --format %(refname)%00%(objectname)%00%(*objectname) [2ms]
2026-02-27 23:00:52.533 [info] > git status -z -uall [227ms]
2026-02-27 23:00:52.881 [info] > git check-ignore -v -z --stdin [1ms]
2026-02-27 23:00:59.545 [info] > git config --get commit.template [8ms]
2026-02-27 23:00:59.546 [info] > git for-each-ref --format=%(refname)%00%(upstream:short)%00%(objectname)%00%(upstream:track)%00%(upstream:remotename)%00%(upstream:remoteref) refs/heads/master refs/remotes/master [1ms]
2026-02-27 23:00:59.559 [info] > git for-each-ref --sort -committerdate --format %(refname)%00%(objectname)%00%(*objectname) [1ms]
2026-02-27 23:00:59.784 [info] > git status -z -uall [231ms]
2026-02-27 23:01:00.107 [info] > git check-ignore -v -z --stdin [2ms]
2026-02-27 23:01:07.719 [info] > git config --get commit.template [7ms]
2026-02-27 23:01:07.720 [info] > git for-each-ref --format=%(refname)%00%(upstream:short)%00%(objectname)%00%(upstream:track)%00%(upstream:remotename)%00%(upstream:remoteref) refs/heads/master refs/remotes/master [2ms]
2026-02-27 23:01:07.737 [info] > git for-each-ref --sort -committerdate --format %(refname)%00%(objectname)%00%(*objectname) [2ms]
2026-02-27 23:01:07.956 [info] > git status -z -uall [228ms]
2026-02-27 23:01:08.278 [info] > git check-ignore -v -z --stdin [1ms]
2026-02-27 23:01:14.747 [info] > git config --get commit.template [8ms]
2026-02-27 23:01:14.751 [info] > git for-each-ref --format=%(refname)%00%(upstream:short)%00%(objectname)%00%(upstream:track)%00%(upstream:remotename)%00%(upstream:remoteref) refs/heads/master refs/remotes/master [5ms]
2026-02-27 23:01:14.766 [info] > git for-each-ref --sort -committerdate --format %(refname)%00%(objectname)%00%(*objectname) [2ms]
2026-02-27 23:01:14.988 [info] > git status -z -uall [230ms]
2026-02-27 23:01:15.323 [info] > git check-ignore -v -z --stdin [2ms]
2026-02-27 23:02:03.085 [info] > git config --get commit.template [6ms]
2026-02-27 23:02:03.086 [info] > git for-each-ref --format=%(refname)%00%(upstream:short)%00%(objectname)%00%(upstream:track)%00%(upstream:remotename)%00%(upstream:remoteref) refs/heads/master refs/remotes/master [2ms]
2026-02-27 23:02:03.097 [info] > git for-each-ref --sort -committerdate --format %(refname)%00%(objectname)%00%(*objectname) [2ms]
2026-02-27 23:02:03.323 [info] > git status -z -uall [233ms]
2026-02-27 23:02:03.647 [info] > git check-ignore -v -z --stdin [1ms]
2026-02-27 23:02:08.341 [info] > git config --get commit.template [7ms]
2026-02-27 23:02:08.341 [info] > git for-each-ref --format=%(refname)%00%(upstream:short)%00%(objectname)%00%(upstream:track)%00%(upstream:remotename)%00%(upstream:remoteref) refs/heads/master refs/remotes/master [1ms]
2026-02-27 23:02:08.355 [info] > git for-each-ref --sort -committerdate --format %(refname)%00%(objectname)%00%(*objectname) [1ms]
2026-02-27 23:02:08.575 [info] > git status -z -uall [227ms]
2026-02-27 23:02:13.595 [info] > git config --get commit.template [7ms]
2026-02-27 23:02:13.596 [info] > git for-each-ref --format=%(refname)%00%(upstream:short)%00%(objectname)%00%(upstream:track)%00%(upstream:remotename)%00%(upstream:remoteref) refs/heads/master refs/remotes/master [2ms]
2026-02-27 23:02:13.608 [info] > git for-each-ref --sort -committerdate --format %(refname)%00%(objectname)%00%(*objectname) [2ms]
2026-02-27 23:02:13.828 [info] > git status -z -uall [227ms]
2026-02-27 23:02:20.825 [info] > git config --get commit.template [5ms]
2026-02-27 23:02:20.826 [info] > git for-each-ref --format=%(refname)%00%(upstream:short)%00%(objectname)%00%(upstream:track)%00%(upstream:remotename)%00%(upstream:remoteref) refs/heads/master refs/remotes/master [1ms]
2026-02-27 23:02:20.837 [info] > git for-each-ref --sort -committerdate --format %(refname)%00%(objectname)%00%(*objectname) [1ms]
2026-02-27 23:02:21.058 [info] > git status -z -uall [227ms]
2026-02-27 23:02:26.642 [info] > git config --get commit.template [2ms]
2026-02-27 23:02:26.651 [info] > git for-each-ref --format=%(refname)%00%(upstream:short)%00%(objectname)%00%(upstream:track)%00%(upstream:remotename)%00%(upstream:remoteref) refs/heads/master refs/remotes/master [3ms]
2026-02-27 23:02:26.671 [info] > git for-each-ref --sort -committerdate --format %(refname)%00%(objectname)%00%(*objectname) [9ms]
2026-02-27 23:02:26.900 [info] > git status -z -uall [243ms]
2026-02-27 23:02:31.911 [info] > git config --get commit.template [2ms]
2026-02-27 23:02:31.917 [info] > git for-each-ref --format=%(refname)%00%(upstream:short)%00%(objectname)%00%(upstream:track)%00%(upstream:remotename)%00%(upstream:remoteref) refs/heads/master refs/remotes/master [2ms]
2026-02-27 23:02:31.930 [info] > git for-each-ref --sort -committerdate --format %(refname)%00%(objectname)%00%(*objectname) [2ms]
2026-02-27 23:02:32.149 [info] > git status -z -uall [227ms]
2026-02-27 23:02:37.166 [info] > git config --get commit.template [6ms]
2026-02-27 23:02:37.167 [info] > git for-each-ref --format=%(refname)%00%(upstream:short)%00%(objectname)%00%(upstream:track)%00%(upstream:remotename)%00%(upstream:remoteref) refs/heads/master refs/remotes/master [1ms]
2026-02-27 23:02:37.179 [info] > git for-each-ref --sort -committerdate --format %(refname)%00%(objectname)%00%(*objectname) [2ms]
2026-02-27 23:02:37.418 [info] > git status -z -uall [246ms]
2026-02-27 23:02:42.437 [info] > git config --get commit.template [7ms]
2026-02-27 23:02:42.438 [info] > git for-each-ref --format=%(refname)%00%(upstream:short)%00%(objectname)%00%(upstream:track)%00%(upstream:remotename)%00%(upstream:remoteref) refs/heads/master refs/remotes/master [2ms]
2026-02-27 23:02:42.452 [info] > git for-each-ref --sort -committerdate --format %(refname)%00%(objectname)%00%(*objectname) [2ms]
2026-02-27 23:02:42.674 [info] > git status -z -uall [230ms]
2026-02-27 23:02:47.695 [info] > git config --get commit.template [8ms]
2026-02-27 23:02:47.695 [info] > git for-each-ref --format=%(refname)%00%(upstream:short)%00%(objectname)%00%(upstream:track)%00%(upstream:remotename)%00%(upstream:remoteref) refs/heads/master refs/remotes/master [2ms]
2026-02-27 23:02:47.709 [info] > git for-each-ref --sort -committerdate --format %(refname)%00%(objectname)%00%(*objectname) [2ms]
2026-02-27 23:02:47.934 [info] > git status -z -uall [233ms]
2026-02-27 23:02:52.954 [info] > git config --get commit.template [7ms]
2026-02-27 23:02:52.954 [info] > git for-each-ref --format=%(refname)%00%(upstream:short)%00%(objectname)%00%(upstream:track)%00%(upstream:remotename)%00%(upstream:remoteref) refs/heads/master refs/remotes/master [1ms]
2026-02-27 23:02:52.967 [info] > git for-each-ref --sort -committerdate --format %(refname)%00%(objectname)%00%(*objectname) [2ms]
2026-02-27 23:02:53.194 [info] > git status -z -uall [234ms]
2026-02-27 23:04:50.279 [info] > git check-ignore -v -z --stdin [138ms]
2026-02-27 23:04:50.787 [info] > git check-ignore -v -z --stdin [1ms]
2026-02-27 23:04:53.014 [info] > git config --get commit.template [5ms]
2026-02-27 23:04:53.015 [info] > git for-each-ref --format=%(refname)%00%(upstream:short)%00%(objectname)%00%(upstream:track)%00%(upstream:remotename)%00%(upstream:remoteref) refs/heads/master refs/remotes/master [1ms]
2026-02-27 23:04:53.026 [info] > git for-each-ref --sort -committerdate --format %(refname)%00%(objectname)%00%(*objectname) [2ms]
2026-02-27 23:04:53.249 [info] > git status -z -uall [230ms]
2026-02-27 23:04:58.270 [info] > git config --get commit.template [6ms]
2026-02-27 23:04:58.271 [info] > git for-each-ref --format=%(refname)%00%(upstream:short)%00%(objectname)%00%(upstream:track)%00%(upstream:remotename)%00%(upstream:remoteref) refs/heads/master refs/remotes/master [1ms]
2026-02-27 23:04:58.283 [info] > git for-each-ref --sort -committerdate --format %(refname)%00%(objectname)%00%(*objectname) [1ms]
2026-02-27 23:04:58.505 [info] > git status -z -uall [228ms]
2026-02-27 23:05:08.331 [info] > git config --get commit.template [7ms]
2026-02-27 23:05:08.331 [info] > git for-each-ref --format=%(refname)%00%(upstream:short)%00%(objectname)%00%(upstream:track)%00%(upstream:remotename)%00%(upstream:remoteref) refs/heads/master refs/remotes/master [1ms]
2026-02-27 23:05:08.344 [info] > git for-each-ref --sort -committerdate --format %(refname)%00%(objectname)%00%(*objectname) [2ms]
2026-02-27 23:05:08.564 [info] > git status -z -uall [227ms]
2026-02-27 23:09:08.243 [info] > git config --get commit.template [6ms]
2026-02-27 23:09:08.244 [info] > git for-each-ref --format=%(refname)%00%(upstream:short)%00%(objectname)%00%(upstream:track)%00%(upstream:remotename)%00%(upstream:remoteref) refs/heads/master refs/remotes/master [2ms]
2026-02-27 23:09:08.255 [info] > git for-each-ref --sort -committerdate --format %(refname)%00%(objectname)%00%(*objectname) [1ms]
2026-02-27 23:09:08.480 [info] > git status -z -uall [231ms]
2026-02-27 23:09:08.832 [info] > git check-ignore -v -z --stdin [2ms]
2026-02-27 23:09:13.500 [info] > git config --get commit.template [7ms]
2026-02-27 23:09:13.501 [info] > git for-each-ref --format=%(refname)%00%(upstream:short)%00%(objectname)%00%(upstream:track)%00%(upstream:remotename)%00%(upstream:remoteref) refs/heads/master refs/remotes/master [2ms]
2026-02-27 23:09:13.513 [info] > git for-each-ref --sort -committerdate --format %(refname)%00%(objectname)%00%(*objectname) [2ms]
2026-02-27 23:09:13.736 [info] > git status -z -uall [229ms]
2026-02-27 23:09:14.062 [info] > git check-ignore -v -z --stdin [2ms]
2026-02-27 23:09:20.276 [info] > git config --get commit.template [7ms]
2026-02-27 23:09:20.277 [info] > git for-each-ref --format=%(refname)%00%(upstream:short)%00%(objectname)%00%(upstream:track)%00%(upstream:remotename)%00%(upstream:remoteref) refs/heads/master refs/remotes/master [2ms]
2026-02-27 23:09:20.289 [info] > git for-each-ref --sort -committerdate --format %(refname)%00%(objectname)%00%(*objectname) [2ms]
2026-02-27 23:09:20.510 [info] > git status -z -uall [228ms]
2026-02-27 23:09:20.835 [info] > git check-ignore -v -z --stdin [1ms]
2026-02-27 23:09:27.048 [info] > git check-ignore -v -z --stdin [1ms]
2026-02-27 23:09:29.139 [info] > git config --get commit.template [6ms]
2026-02-27 23:09:29.140 [info] > git for-each-ref --format=%(refname)%00%(upstream:short)%00%(objectname)%00%(upstream:track)%00%(upstream:remotename)%00%(upstream:remoteref) refs/heads/master refs/remotes/master [1ms]
2026-02-27 23:09:29.153 [info] > git for-each-ref --sort -committerdate --format %(refname)%00%(objectname)%00%(*objectname) [2ms]
2026-02-27 23:09:29.387 [info] > git status -z -uall [242ms]
2026-02-27 23:09:29.408 [info] > git check-ignore -v -z --stdin [2ms]
2026-02-27 23:09:29.708 [info] > git check-ignore -v -z --stdin [1ms]
2026-02-27 23:30:25.659 [info] > git config --get commit.template [6ms]
2026-02-27 23:30:25.660 [info] > git for-each-ref --format=%(refname)%00%(upstream:short)%00%(objectname)%00%(upstream:track)%00%(upstream:remotename)%00%(upstream:remoteref) refs/heads/master refs/remotes/master [2ms]
2026-02-27 23:30:25.673 [info] > git for-each-ref --sort -committerdate --format %(refname)%00%(objectname)%00%(*objectname) [2ms]
2026-02-27 23:30:25.894 [info] > git status -z -uall [229ms]
2026-02-27 23:30:26.217 [info] > git check-ignore -v -z --stdin [2ms]
2026-02-27 23:30:28.730 [info] > git check-ignore -v -z --stdin [2ms]
2026-02-27 23:30:30.912 [info] > git config --get commit.template [7ms]
2026-02-27 23:30:30.913 [info] > git for-each-ref --format=%(refname)%00%(upstream:short)%00%(objectname)%00%(upstream:track)%00%(upstream:remotename)%00%(upstream:remoteref) refs/heads/master refs/remotes/master [1ms]
2026-02-27 23:30:30.925 [info] > git for-each-ref --sort -committerdate --format %(refname)%00%(objectname)%00%(*objectname) [1ms]
2026-02-27 23:30:31.147 [info] > git status -z -uall [228ms]
2026-02-27 23:30:31.468 [info] > git check-ignore -v -z --stdin [1ms]
2026-02-27 23:30:31.904 [info] > git check-ignore -v -z --stdin [2ms]
2026-02-27 23:30:36.160 [info] > git config --get commit.template [2ms]
2026-02-27 23:30:36.167 [info] > git for-each-ref --format=%(refname)%00%(upstream:short)%00%(objectname)%00%(upstream:track)%00%(upstream:remotename)%00%(upstream:remoteref) refs/heads/master refs/remotes/master [1ms]
2026-02-27 23:30:36.182 [info] > git for-each-ref --sort -committerdate --format %(refname)%00%(objectname)%00%(*objectname) [2ms]
2026-02-27 23:30:36.403 [info] > git status -z -uall [229ms]
2026-02-27 23:30:36.726 [info] > git check-ignore -v -z --stdin [1ms]
2026-02-27 23:30:53.784 [info] > git config --get commit.template [7ms]
2026-02-27 23:30:53.785 [info] > git for-each-ref --format=%(refname)%00%(upstream:short)%00%(objectname)%00%(upstream:track)%00%(upstream:remotename)%00%(upstream:remoteref) refs/heads/master refs/remotes/master [2ms]
2026-02-27 23:30:53.798 [info] > git for-each-ref --sort -committerdate --format %(refname)%00%(objectname)%00%(*objectname) [2ms]
2026-02-27 23:30:54.031 [info] > git status -z -uall [239ms]
2026-02-27 23:30:59.052 [info] > git config --get commit.template [8ms]
2026-02-27 23:30:59.053 [info] > git for-each-ref --format=%(refname)%00%(upstream:short)%00%(objectname)%00%(upstream:track)%00%(upstream:remotename)%00%(upstream:remoteref) refs/heads/master refs/remotes/master [1ms]
2026-02-27 23:30:59.067 [info] > git for-each-ref --sort -committerdate --format %(refname)%00%(objectname)%00%(*objectname) [2ms]
2026-02-27 23:30:59.286 [info] > git status -z -uall [227ms]
2026-02-27 23:31:00.034 [info] > git check-ignore -v -z --stdin [2ms]
2026-02-27 23:31:04.308 [info] > git config --get commit.template [7ms]
2026-02-27 23:31:04.309 [info] > git for-each-ref --format=%(refname)%00%(upstream:short)%00%(objectname)%00%(upstream:track)%00%(upstream:remotename)%00%(upstream:remoteref) refs/heads/master refs/remotes/master [1ms]
2026-02-27 23:31:04.322 [info] > git for-each-ref --sort -committerdate --format %(refname)%00%(objectname)%00%(*objectname) [1ms]
2026-02-27 23:31:04.544 [info] > git status -z -uall [229ms]
2026-02-27 23:31:04.867 [info] > git check-ignore -v -z --stdin [1ms]
2026-02-27 23:31:11.932 [info] > git config --get commit.template [2ms]
2026-02-27 23:31:11.939 [info] > git for-each-ref --format=%(refname)%00%(upstream:short)%00%(objectname)%00%(upstream:track)%00%(upstream:remotename)%00%(upstream:remoteref) refs/heads/master refs/remotes/master [1ms]
2026-02-27 23:31:11.953 [info] > git for-each-ref --sort -committerdate --format %(refname)%00%(objectname)%00%(*objectname) [1ms]
2026-02-27 23:31:12.173 [info] > git status -z -uall [228ms]
2026-02-27 23:31:12.510 [info] > git check-ignore -v -z --stdin [1ms]
2026-02-27 23:37:06.177 [info] > git config --get commit.template [7ms]
2026-02-27 23:37:06.178 [info] > git for-each-ref --format=%(refname)%00%(upstream:short)%00%(objectname)%00%(upstream:track)%00%(upstream:remotename)%00%(upstream:remoteref) refs/heads/master refs/remotes/master [2ms]
2026-02-27 23:37:06.192 [info] > git for-each-ref --sort -committerdate --format %(refname)%00%(objectname)%00%(*objectname) [2ms]
2026-02-27 23:37:06.413 [info] > git status -z -uall [229ms]
2026-02-27 23:37:06.738 [info] > git check-ignore -v -z --stdin [1ms]
2026-02-27 23:37:11.436 [info] > git config --get commit.template [7ms]
2026-02-27 23:37:11.437 [info] > git for-each-ref --format=%(refname)%00%(upstream:short)%00%(objectname)%00%(upstream:track)%00%(upstream:remotename)%00%(upstream:remoteref) refs/heads/master refs/remotes/master [2ms]
2026-02-27 23:37:11.449 [info] > git for-each-ref --sort -committerdate --format %(refname)%00%(objectname)%00%(*objectname) [1ms]
2026-02-27 23:37:11.670 [info] > git status -z -uall [227ms]
2026-02-27 23:37:11.993 [info] > git check-ignore -v -z --stdin [1ms]
2026-02-27 23:37:19.880 [info] > git config --get commit.template [7ms]
2026-02-27 23:37:19.880 [info] > git for-each-ref --format=%(refname)%00%(upstream:short)%00%(objectname)%00%(upstream:track)%00%(upstream:remotename)%00%(upstream:remoteref) refs/heads/master refs/remotes/master [1ms]
2026-02-27 23:37:19.894 [info] > git for-each-ref --sort -committerdate --format %(refname)%00%(objectname)%00%(*objectname) [2ms]
2026-02-27 23:37:20.116 [info] > git status -z -uall [229ms]
2026-02-27 23:37:20.439 [info] > git check-ignore -v -z --stdin [1ms]
2026-02-27 23:37:37.036 [info] > git config --get commit.template [8ms]
2026-02-27 23:37:37.037 [info] > git for-each-ref --format=%(refname)%00%(upstream:short)%00%(objectname)%00%(upstream:track)%00%(upstream:remotename)%00%(upstream:remoteref) refs/heads/master refs/remotes/master [2ms]
2026-02-27 23:37:37.052 [info] > git for-each-ref --sort -committerdate --format %(refname)%00%(objectname)%00%(*objectname) [2ms]
2026-02-27 23:37:37.272 [info] > git status -z -uall [227ms]
2026-02-27 23:37:42.291 [info] > git config --get commit.template [8ms]
2026-02-27 23:37:42.291 [info] > git for-each-ref --format=%(refname)%00%(upstream:short)%00%(objectname)%00%(upstream:track)%00%(upstream:remotename)%00%(upstream:remoteref) refs/heads/master refs/remotes/master [2ms]
2026-02-27 23:37:42.304 [info] > git for-each-ref --sort -committerdate --format %(refname)%00%(objectname)%00%(*objectname) [1ms]
2026-02-27 23:37:42.526 [info] > git status -z -uall [229ms]
2026-02-27 23:37:45.306 [info] > git check-ignore -v -z --stdin [2ms]
2026-02-27 23:37:47.546 [info] > git config --get commit.template [6ms]
2026-02-27 23:37:47.546 [info] > git for-each-ref --format=%(refname)%00%(upstream:short)%00%(objectname)%00%(upstream:track)%00%(upstream:remotename)%00%(upstream:remoteref) refs/heads/master refs/remotes/master [1ms]
2026-02-27 23:37:47.559 [info] > git for-each-ref --sort -committerdate --format %(refname)%00%(objectname)%00%(*objectname) [2ms]
2026-02-27 23:37:47.779 [info] > git status -z -uall [227ms]
2026-02-27 23:37:53.162 [info] > git config --get commit.template [7ms]
2026-02-27 23:37:53.163 [info] > git for-each-ref --format=%(refname)%00%(upstream:short)%00%(objectname)%00%(upstream:track)%00%(upstream:remotename)%00%(upstream:remoteref) refs/heads/master refs/remotes/master [2ms]
2026-02-27 23:37:53.174 [info] > git for-each-ref --sort -committerdate --format %(refname)%00%(objectname)%00%(*objectname) [1ms]
2026-02-27 23:37:53.396 [info] > git status -z -uall [227ms]
2026-02-27 23:37:58.414 [info] > git config --get commit.template [8ms]
2026-02-27 23:37:58.414 [info] > git for-each-ref --format=%(refname)%00%(upstream:short)%00%(objectname)%00%(upstream:track)%00%(upstream:remotename)%00%(upstream:remoteref) refs/heads/master refs/remotes/master [1ms]
2026-02-27 23:37:58.427 [info] > git for-each-ref --sort -committerdate --format %(refname)%00%(objectname)%00%(*objectname) [2ms]
2026-02-27 23:37:58.647 [info] > git status -z -uall [227ms]
