2026-02-26 22:03:01.969 [info] [getSessions] [all] starting
2026-02-26 22:03:01.969 [info] [getSessions] [all] returned 0 session(s)
2026-02-26 22:03:01.969 [info] [getSessions] [all] starting
2026-02-26 22:03:01.969 [info] [getSessions] [all] returned 0 session(s)
2026-02-26 22:03:01.969 [info] [getSessions] [all] starting
2026-02-26 22:03:01.969 [info] [getSessions] [all] returned 0 session(s)
2026-02-26 22:03:01.973 [info] [getSessions] [499b84ac-1321-427f-aa17-267ca6975798/.default offline_access] starting
2026-02-26 22:03:01.973 [info] [aebc6443-996d-45c2-90f0-388ff96faa56] Native Broker enabled: false
2026-02-26 22:03:01.976 [info] [getSessions] [499b84ac-1321-427f-aa17-267ca6975798/.default offline_access] returned 0 session(s)
2026-02-26 22:03:03.103 [info] [getSessions] [499b84ac-1321-427f-aa17-267ca6975798/.default offline_access] starting
2026-02-26 22:03:03.103 [info] [getSessions] [499b84ac-1321-427f-aa17-267ca6975798/.default offline_access] returned 0 session(s)
2026-02-26 22:03:25.194 [info] Microsoft Authentication is deactivating...
2026-02-26 22:03:30.328 [info] [aebc6443-996d-45c2-90f0-388ff96faa56] Native Broker enabled: false
2026-02-26 22:03:30.444 [info] [getSessions] [all] starting
2026-02-26 22:03:30.444 [info] [getSessions] [all] returned 0 session(s)
2026-02-26 22:03:30.444 [info] [getSessions] [all] starting
2026-02-26 22:03:30.444 [info] [getSessions] [all] returned 0 session(s)
2026-02-26 22:03:30.444 [info] [getSessions] [all] starting
2026-02-26 22:03:30.444 [info] [getSessions] [all] returned 0 session(s)
2026-02-26 22:03:30.459 [info] [getSessions] [499b84ac-1321-427f-aa17-267ca6975798/.default offline_access] starting
2026-02-26 22:03:30.459 [info] [aebc6443-996d-45c2-90f0-388ff96faa56] Native Broker enabled: false
2026-02-26 22:03:30.561 [info] [getSessions] [499b84ac-1321-427f-aa17-267ca6975798/.default offline_access] returned 0 session(s)
2026-02-26 22:03:31.614 [info] [getSessions] [all] starting
2026-02-26 22:03:31.614 [info] [getSessions] [all] returned 0 session(s)
2026-02-26 22:04:19.844 [info] [getSessions] [499b84ac-1321-427f-aa17-267ca6975798/.default offline_access] starting
2026-02-26 22:04:19.844 [info] [getSessions] [499b84ac-1321-427f-aa17-267ca6975798/.default offline_access] returned 0 session(s)
2026-02-26 22:04:20.399 [info] [getSessions] [499b84ac-1321-427f-aa17-267ca6975798/.default offline_access] starting
2026-02-26 22:04:20.399 [info] [getSessions] [499b84ac-1321-427f-aa17-267ca6975798/.default offline_access] returned 0 session(s)
2026-02-26 22:12:07.906 [info] Microsoft Authentication is deactivating...
2026-02-26 22:12:14.063 [info] [aebc6443-996d-45c2-90f0-388ff96faa56] Native Broker enabled: false
2026-02-26 22:12:14.248 [info] [getSessions] [all] starting
2026-02-26 22:12:14.248 [info] [getSessions] [all] returned 0 session(s)
2026-02-26 22:12:14.248 [info] [getSessions] [all] starting
2026-02-26 22:12:14.248 [info] [getSessions] [all] returned 0 session(s)
2026-02-26 22:12:14.248 [info] [getSessions] [all] starting
2026-02-26 22:12:14.248 [info] [getSessions] [all] returned 0 session(s)
2026-02-26 22:12:14.260 [info] [getSessions] [499b84ac-1321-427f-aa17-267ca6975798/.default offline_access] starting
2026-02-26 22:12:14.260 [info] [aebc6443-996d-45c2-90f0-388ff96faa56] Native Broker enabled: false
2026-02-26 22:12:14.373 [info] [getSessions] [499b84ac-1321-427f-aa17-267ca6975798/.default offline_access] returned 0 session(s)
2026-02-26 22:12:15.553 [info] [getSessions] [499b84ac-1321-427f-aa17-267ca6975798/.default offline_access] starting
2026-02-26 22:12:15.554 [info] [getSessions] [499b84ac-1321-427f-aa17-267ca6975798/.default offline_access] returned 0 session(s)
2026-02-26 22:16:14.019 [info] Microsoft Authentication is deactivating...
2026-02-26 22:16:20.023 [info] [aebc6443-996d-45c2-90f0-388ff96faa56] Native Broker enabled: false
2026-02-26 22:16:20.293 [info] [getSessions] [all] starting
2026-02-26 22:16:20.293 [info] [getSessions] [all] returned 0 session(s)
2026-02-26 22:16:20.293 [info] [getSessions] [all] starting
2026-02-26 22:16:20.293 [info] [getSessions] [all] returned 0 session(s)
2026-02-26 22:16:20.293 [info] [getSessions] [all] starting
2026-02-26 22:16:20.293 [info] [getSessions] [all] returned 0 session(s)
2026-02-26 22:16:20.366 [info] [getSessions] [499b84ac-1321-427f-aa17-267ca6975798/.default offline_access] starting
2026-02-26 22:16:20.366 [info] [aebc6443-996d-45c2-90f0-388ff96faa56] Native Broker enabled: false
2026-02-26 22:16:20.477 [info] [getSessions] [499b84ac-1321-427f-aa17-267ca6975798/.default offline_access] returned 0 session(s)
2026-02-26 22:16:20.967 [info] [getSessions] [499b84ac-1321-427f-aa17-267ca6975798/.default offline_access] starting
2026-02-26 22:16:20.967 [info] [getSessions] [499b84ac-1321-427f-aa17-267ca6975798/.default offline_access] returned 0 session(s)
2026-02-26 22:20:21.337 [info] Microsoft Authentication is deactivating...
2026-02-26 22:20:26.878 [info] [aebc6443-996d-45c2-90f0-388ff96faa56] Native Broker enabled: false
2026-02-26 22:20:28.567 [info] [getSessions] [all] starting
2026-02-26 22:20:28.567 [info] [getSessions] [all] returned 0 session(s)
2026-02-26 22:20:28.568 [info] [getSessions] [all] starting
2026-02-26 22:20:28.568 [info] [getSessions] [all] returned 0 session(s)
2026-02-26 22:20:28.568 [info] [getSessions] [all] starting
2026-02-26 22:20:28.568 [info] [getSessions] [all] returned 0 session(s)
2026-02-26 22:20:28.597 [info] [getSessions] [499b84ac-1321-427f-aa17-267ca6975798/.default offline_access] starting
2026-02-26 22:20:28.597 [info] [aebc6443-996d-45c2-90f0-388ff96faa56] Native Broker enabled: false
2026-02-26 22:20:28.648 [info] [getSessions] [499b84ac-1321-427f-aa17-267ca6975798/.default offline_access] returned 0 session(s)
2026-02-26 22:20:29.159 [info] [getSessions] [499b84ac-1321-427f-aa17-267ca6975798/.default offline_access] starting
2026-02-26 22:20:29.159 [info] [getSessions] [499b84ac-1321-427f-aa17-267ca6975798/.default offline_access] returned 0 session(s)
2026-02-26 22:44:30.754 [info] [getSessions] [499b84ac-1321-427f-aa17-267ca6975798/.default offline_access] starting
2026-02-26 22:44:30.754 [info] [getSessions] [499b84ac-1321-427f-aa17-267ca6975798/.default offline_access] returned 0 session(s)
2026-02-26 23:41:04.623 [info] [getSessions] [499b84ac-1321-427f-aa17-267ca6975798/.default offline_access] starting
2026-02-26 23:41:04.623 [info] [getSessions] [499b84ac-1321-427f-aa17-267ca6975798/.default offline_access] returned 0 session(s)
2026-02-27 00:12:50.143 [info] [getSessions] [499b84ac-1321-427f-aa17-267ca6975798/.default offline_access] starting
2026-02-27 00:12:50.143 [info] [getSessions] [499b84ac-1321-427f-aa17-267ca6975798/.default offline_access] returned 0 session(s)
2026-02-27 01:07:50.568 [info] [getSessions] [499b84ac-1321-427f-aa17-267ca6975798/.default offline_access] starting
2026-02-27 01:07:50.569 [info] [getSessions] [499b84ac-1321-427f-aa17-267ca6975798/.default offline_access] returned 0 session(s)
2026-02-27 02:02:51.597 [info] [getSessions] [499b84ac-1321-427f-aa17-267ca6975798/.default offline_access] starting
2026-02-27 02:02:51.597 [info] [getSessions] [499b84ac-1321-427f-aa17-267ca6975798/.default offline_access] returned 0 session(s)
2026-02-27 02:57:52.586 [info] [getSessions] [499b84ac-1321-427f-aa17-267ca6975798/.default offline_access] starting
2026-02-27 02:57:52.586 [info] [getSessions] [499b84ac-1321-427f-aa17-267ca6975798/.default offline_access] returned 0 session(s)
2026-02-27 03:52:53.532 [info] [getSessions] [499b84ac-1321-427f-aa17-267ca6975798/.default offline_access] starting
2026-02-27 03:52:53.532 [info] [getSessions] [499b84ac-1321-427f-aa17-267ca6975798/.default offline_access] returned 0 session(s)
2026-02-27 04:43:29.787 [info] [getSessions] [499b84ac-1321-427f-aa17-267ca6975798/.default offline_access] starting
2026-02-27 04:43:29.787 [info] [getSessions] [499b84ac-1321-427f-aa17-267ca6975798/.default offline_access] returned 0 session(s)
2026-02-27 05:09:00.403 [info] [getSessions] [499b84ac-1321-427f-aa17-267ca6975798/.default offline_access] starting
2026-02-27 05:09:00.403 [info] [getSessions] [499b84ac-1321-427f-aa17-267ca6975798/.default offline_access] returned 0 session(s)
2026-02-27 05:42:38.628 [info] [getSessions] [499b84ac-1321-427f-aa17-267ca6975798/.default offline_access] starting
2026-02-27 05:42:38.628 [info] [getSessions] [499b84ac-1321-427f-aa17-267ca6975798/.default offline_access] returned 0 session(s)
2026-02-27 06:37:39.529 [info] [getSessions] [499b84ac-1321-427f-aa17-267ca6975798/.default offline_access] starting
2026-02-27 06:37:39.529 [info] [getSessions] [499b84ac-1321-427f-aa17-267ca6975798/.default offline_access] returned 0 session(s)
2026-02-27 07:32:39.650 [info] [getSessions] [499b84ac-1321-427f-aa17-267ca6975798/.default offline_access] starting
2026-02-27 07:32:39.650 [info] [getSessions] [499b84ac-1321-427f-aa17-267ca6975798/.default offline_access] returned 0 session(s)
2026-02-27 08:27:40.587 [info] [getSessions] [499b84ac-1321-427f-aa17-267ca6975798/.default offline_access] starting
2026-02-27 08:27:40.587 [info] [getSessions] [499b84ac-1321-427f-aa17-267ca6975798/.default offline_access] returned 0 session(s)
2026-02-27 09:22:41.568 [info] [getSessions] [499b84ac-1321-427f-aa17-267ca6975798/.default offline_access] starting
2026-02-27 09:22:41.568 [info] [getSessions] [499b84ac-1321-427f-aa17-267ca6975798/.default offline_access] returned 0 session(s)
