Visual Studio Code (1.109.5, undefined, desktop)
Jupyter Extension Version: 2025.9.1.
Python Extension Version: 2026.2.0.
Python Environment Extension Version: 1.20.1.
Pylance Extension Version: 2026.1.1.
Platform: linux (x64).
Home = /root
Temp Storage folder ~/capsule/code/vscode-data/User/globalStorage/ms-toolsai.jupyter/version-2025.9.1
Workspace folder ~/capsule
22:20:36.936 [info] Starting Kernel (Python Path: /opt/conda/bin/python, Conda, 3.10.12) for '~/capsule/code/260227_gfp_count_verification.ipynb' (disableUI=true)
22:20:36.938 [info] Starting Kernel (Python Path: /opt/conda/bin/python, Conda, 3.10.12) for '~/capsule/code/step_3_more_iterations.ipynb' (disableUI=true)
22:20:36.939 [info] Starting Kernel (Python Path: /opt/conda/bin/python, Conda, 3.10.12) for '~/capsule/code/step_1_process_files.ipynb' (disableUI=true)
22:20:38.037 [info] Process Execution: /opt/conda/bin/python -c "import ipykernel; print(ipykernel.__version__); print("5dc3a68c-e34e-4080-9c3e-2a532b2ccb4d"); print(ipykernel.__file__)"
22:20:38.043 [info] Process Execution: /opt/conda/bin/python -m ipykernel_launcher --f=~/.local/share/jupyter/runtime/kernel-v356bc812b62f931444b5559364b75b8857eed87a7.json
    > cwd: ~/capsule/code
22:20:38.055 [info] Process Execution: /opt/conda/bin/python -c "import ipykernel; print(ipykernel.__version__); print("5dc3a68c-e34e-4080-9c3e-2a532b2ccb4d"); print(ipykernel.__file__)"
22:20:38.061 [info] Process Execution: /opt/conda/bin/python -m ipykernel_launcher --f=~/.local/share/jupyter/runtime/kernel-v348365d1a9ea16e6c4b66018b844f0354ead7b8ae.json
    > cwd: ~/capsule/code
22:20:38.068 [info] Process Execution: /opt/conda/bin/python -c "import ipykernel; print(ipykernel.__version__); print("5dc3a68c-e34e-4080-9c3e-2a532b2ccb4d"); print(ipykernel.__file__)"
22:20:38.073 [info] Process Execution: /opt/conda/bin/python -m ipykernel_launcher --f=~/.local/share/jupyter/runtime/kernel-v3e34985fa2c15013a6b0233ecfd4650f72ce55c30.json
    > cwd: ~/capsule/code
22:20:38.080 [info] Process Execution: /opt/conda/bin/python -m pip list
22:20:38.554 [info] Kernel successfully started
22:20:38.562 [info] Process Execution: /opt/conda/bin/python ~/.vscode/extensions/ms-toolsai.jupyter-2025.9.1-linux-x64/pythonFiles/printJupyterDataDir.py
22:20:38.564 [info] Kernel successfully started
22:20:38.566 [info] Kernel successfully started
22:20:38.577 [error] Failed to get baseUrl [Error: EEXIST: file already exists, mkdir '~/.vscode/extensions/ms-toolsai.jupyter-2025.9.1-linux-x64/temp/scripts/7df0c2453e49ed05d3d0f3794defcebd56ad42641b177491fc43aece0cf55ce2/jupyter/nbextensions/jupyter-js-widgets'] {
  errno: -17,
  code: 'EEXIST',
  syscall: 'mkdir',
  path: '~/.vscode/extensions/ms-toolsai.jupyter-2025.9.1-linux-x64/temp/scripts/7df0c2453e49ed05d3d0f3794defcebd56ad42641b177491fc43aece0cf55ce2/jupyter/nbextensions/jupyter-js-widgets'
}
22:20:38.578 [error] Failed to get baseUrl [Error: EEXIST: file already exists, mkdir '~/.vscode/extensions/ms-toolsai.jupyter-2025.9.1-linux-x64/temp/scripts/7df0c2453e49ed05d3d0f3794defcebd56ad42641b177491fc43aece0cf55ce2/jupyter/nbextensions/jupyter-js-widgets'] {
  errno: -17,
  code: 'EEXIST',
  syscall: 'mkdir',
  path: '~/.vscode/extensions/ms-toolsai.jupyter-2025.9.1-linux-x64/temp/scripts/7df0c2453e49ed05d3d0f3794defcebd56ad42641b177491fc43aece0cf55ce2/jupyter/nbextensions/jupyter-js-widgets'
}
22:20:39.102 [error] Failed to get baseUrl [Error: EEXIST: file already exists, mkdir '~/.vscode/extensions/ms-toolsai.jupyter-2025.9.1-linux-x64/temp/scripts/7df0c2453e49ed05d3d0f3794defcebd56ad42641b177491fc43aece0cf55ce2/jupyter/nbextensions/jupyter-js-widgets'] {
  errno: -17,
  code: 'EEXIST',
  syscall: 'mkdir',
  path: '~/.vscode/extensions/ms-toolsai.jupyter-2025.9.1-linux-x64/temp/scripts/7df0c2453e49ed05d3d0f3794defcebd56ad42641b177491fc43aece0cf55ce2/jupyter/nbextensions/jupyter-js-widgets'
}
22:20:39.102 [warn] Failed to fetch script sources [Error: EEXIST: file already exists, mkdir '~/.vscode/extensions/ms-toolsai.jupyter-2025.9.1-linux-x64/temp/scripts/7df0c2453e49ed05d3d0f3794defcebd56ad42641b177491fc43aece0cf55ce2/jupyter/nbextensions/jupyter-js-widgets'] {
  errno: -17,
  code: 'EEXIST',
  syscall: 'mkdir',
  path: '~/.vscode/extensions/ms-toolsai.jupyter-2025.9.1-linux-x64/temp/scripts/7df0c2453e49ed05d3d0f3794defcebd56ad42641b177491fc43aece0cf55ce2/jupyter/nbextensions/jupyter-js-widgets'
}
22:20:39.120 [error] Failed to get baseUrl [Error: EEXIST: file already exists, mkdir '~/.vscode/extensions/ms-toolsai.jupyter-2025.9.1-linux-x64/temp/scripts/7df0c2453e49ed05d3d0f3794defcebd56ad42641b177491fc43aece0cf55ce2/jupyter/nbextensions/jupyter-js-widgets'] {
  errno: -17,
  code: 'EEXIST',
  syscall: 'mkdir',
  path: '~/.vscode/extensions/ms-toolsai.jupyter-2025.9.1-linux-x64/temp/scripts/7df0c2453e49ed05d3d0f3794defcebd56ad42641b177491fc43aece0cf55ce2/jupyter/nbextensions/jupyter-js-widgets'
}
22:20:39.120 [warn] Failed to fetch script sources [Error: EEXIST: file already exists, mkdir '~/.vscode/extensions/ms-toolsai.jupyter-2025.9.1-linux-x64/temp/scripts/7df0c2453e49ed05d3d0f3794defcebd56ad42641b177491fc43aece0cf55ce2/jupyter/nbextensions/jupyter-js-widgets'] {
  errno: -17,
  code: 'EEXIST',
  syscall: 'mkdir',
  path: '~/.vscode/extensions/ms-toolsai.jupyter-2025.9.1-linux-x64/temp/scripts/7df0c2453e49ed05d3d0f3794defcebd56ad42641b177491fc43aece0cf55ce2/jupyter/nbextensions/jupyter-js-widgets'
}
22:20:39.153 [error] Widget Error: Failed to access CDN https://unpkg.com/ after 0 attempt(s), TypeError: Failed to fetch
22:20:39.154 [error] Widget Error: Failed to access CDN https://unpkg.com/ after 0 attempt(s), TypeError: Failed to fetch
22:20:39.154 [error] Widget Error: Failed to access CDN https://unpkg.com/ after 0 attempt(s), TypeError: Failed to fetch
22:20:44.938 [warn] Cell completed with errors [Iu [Error]: No module named 'lamf_analysis'
	at n.execute (~/.vscode/extensions/ms-toolsai.jupyter-2025.9.1-linux-x64/dist/extension.node.js:302:4958)] {
  ename: 'ModuleNotFoundError',
  evalue: "No module named 'lamf_analysis'",
  traceback: [
    '\x1B[0;31m---------------------------------------------------------------------------\x1B[0m',
    '\x1B[0;31mModuleNotFoundError\x1B[0m                       Traceback (most recent call last)',
    'Cell \x1B[0;32mIn[1], line 9\x1B[0m\n' +
      '\x1B[1;32m      6\x1B[0m \x1B[38;5;28;01mimport\x1B[39;00m \x1B[38;5;21;01mjson\x1B[39;00m\n' +
      '\x1B[1;32m      7\x1B[0m \x1B[38;5;28;01mfrom\x1B[39;00m \x1B[38;5;21;01mscipy\x1B[39;00m \x1B[38;5;28;01mimport\x1B[39;00m ndimage \x1B[38;5;28;01mas\x1B[39;00m ndi\n' +
      '\x1B[0;32m----> 9\x1B[0m \x1B[38;5;28;01mfrom\x1B[39;00m \x1B[38;5;21;01mlamf_analysis\x1B[39;00m\x1B[38;5;21;01m.\x1B[39;00m\x1B[38;5;21;01mcode_ocean\x1B[39;00m \x1B[38;5;28;01mimport\x1B[39;00m code_ocean_utils \x1B[38;5;28;01mas\x1B[39;00m cou\n' +
      '\x1B[1;32m     10\x1B[0m \x1B[38;5;28;01mfrom\x1B[39;00m \x1B[38;5;21;01mlamf_analysis\x1B[39;00m\x1B[38;5;21;01m.\x1B[39;00m\x1B[38;5;21;01mophys\x1B[39;00m \x1B[38;5;28;01mimport\x1B[39;00m zstack_utils\n' +
      '\x1B[1;32m     12\x1B[0m \x1B[38;5;28;01mfrom\x1B[39;00m \x1B[38;5;21;01mcodeocean\x1B[39;00m\x1B[38;5;21;01m.\x1B[39;00m\x1B[38;5;21;01mdata_asset\x1B[39;00m \x1B[38;5;28;01mimport\x1B[39;00m DataAssetSearchParams\n',
    "\x1B[0;31mModuleNotFoundError\x1B[0m: No module named 'lamf_analysis'"
  ]
}
22:20:44.939 [warn] Cancel all remaining cells due to cancellation or failure in execution
22:21:07.591 [warn] Cell completed with errors [Iu [Error]: No module named 'codeocean'
	at n.execute (~/.vscode/extensions/ms-toolsai.jupyter-2025.9.1-linux-x64/dist/extension.node.js:302:4958)] {
  ename: 'ModuleNotFoundError',
  evalue: "No module named 'codeocean'",
  traceback: [
    '\x1B[0;31m---------------------------------------------------------------------------\x1B[0m',
    '\x1B[0;31mModuleNotFoundError\x1B[0m                       Traceback (most recent call last)',
    'Cell \x1B[0;32mIn[2], line 12\x1B[0m\n' +
      '\x1B[1;32m      7\x1B[0m \x1B[38;5;28;01mfrom\x1B[39;00m \x1B[38;5;21;01mscipy\x1B[39;00m \x1B[38;5;28;01mimport\x1B[39;00m ndimage \x1B[38;5;28;01mas\x1B[39;00m ndi\n' +
      '\x1B[1;32m      9\x1B[0m \x1B[38;5;66;03m# from lamf_analysis.code_ocean import code_ocean_utils as cou\x1B[39;00m\n' +
      '\x1B[1;32m     10\x1B[0m \x1B[38;5;66;03m# from lamf_analysis.ophys import zstack_utils\x1B[39;00m\n' +
      '\x1B[0;32m---> 12\x1B[0m \x1B[38;5;28;01mfrom\x1B[39;00m \x1B[38;5;21;01mcodeocean\x1B[39;00m\x1B[38;5;21;01m.\x1B[39;00m\x1B[38;5;21;01mdata_asset\x1B[39;00m \x1B[38;5;28;01mimport\x1B[39;00m DataAssetSearchParams\n' +
      '\x1B[1;32m     13\x1B[0m \x1B[38;5;28;01mfrom\x1B[39;00m \x1B[38;5;21;01mcodeocean\x1B[39;00m\x1B[38;5;21;01m.\x1B[39;00m\x1B[38;5;21;01mcomponents\x1B[39;00m \x1B[38;5;28;01mimport\x1B[39;00m SearchFilter\n' +
      "\x1B[1;32m     15\x1B[0m DATA_DIR \x1B[38;5;241m=\x1B[39m Path(\x1B[38;5;124m'\x1B[39m\x1B[38;5;124m~/capsule/data/\x1B[39m\x1B[38;5;124m'\x1B[39m)\n",
    "\x1B[0;31mModuleNotFoundError\x1B[0m: No module named 'codeocean'"
  ]
}
