Visual Studio Code (1.105.1, undefined, desktop)
Jupyter Extension Version: 2025.9.1.
Python Extension not installed.
Python Environment Extension not installed.
Pylance Extension not installed.
Platform: linux (x64).
Home = /root
Temp Storage folder ~/capsule/code/vscode-data/User/globalStorage/ms-toolsai.jupyter/version-2025.9.1
Workspace folder ~/capsule
02:56:59.270 [info] Starting Kernel (Python Path: /opt/conda/bin/python, Conda, 3.10.12) for '~/capsule/code/generate_coreg_table.ipynb' (disableUI=true)
02:57:00.185 [info] Process Execution: /opt/conda/bin/python -m pip list
02:57:00.216 [info] Process Execution: /opt/conda/bin/python -c "import ipykernel; print(ipykernel.__version__); print("5dc3a68c-e34e-4080-9c3e-2a532b2ccb4d"); print(ipykernel.__file__)"
02:57:00.220 [info] Process Execution: /opt/conda/bin/python -m ipykernel_launcher --f=~/.local/share/jupyter/runtime/kernel-v36c00da6112f3e6c5a67ddaf53ca6b7e806728b22.json
    > cwd: ~/capsule/code
02:57:01.427 [info] Kernel successfully started
02:57:01.436 [info] Process Execution: /opt/conda/bin/python ~/.vscode/extensions/ms-toolsai.jupyter-2025.9.1-linux-x64/pythonFiles/printJupyterDataDir.py
03:05:19.333 [warn] Cell completed with errors Iu [Error]: name 'landmarks' is not defined
    at n.execute (~/.vscode/extensions/ms-toolsai.jupyter-2025.9.1-linux-x64/dist/extension.node.js:302:4958) {
  ename: 'NameError',
  evalue: "name 'landmarks' is not defined",
  traceback: [
    '\x1B[0;31m---------------------------------------------------------------------------\x1B[0m',
    '\x1B[0;31mNameError\x1B[0m                                 Traceback (most recent call last)',
    'Cell \x1B[0;32mIn[5], line 9\x1B[0m\n' +
      '\x1B[1;32m      7\x1B[0m landmarks_df \x1B[38;5;241m=\x1B[39m pd\x1B[38;5;241m.\x1B[39mread_csv(filename)\n' +
      "\x1B[1;32m      8\x1B[0m columns \x1B[38;5;241m=\x1B[39m [\x1B[38;5;124m'\x1B[39m\x1B[38;5;124mids\x1B[39m\x1B[38;5;124m'\x1B[39m, \x1B[38;5;124m'\x1B[39m\x1B[38;5;124mactive\x1B[39m\x1B[38;5;124m'\x1B[39m, \x1B[38;5;124m'\x1B[39m\x1B[38;5;124mczstack_x\x1B[39m\x1B[38;5;124m'\x1B[39m, \x1B[38;5;124m'\x1B[39m\x1B[38;5;124mczstack_y\x1B[39m\x1B[38;5;124m'\x1B[39m, \x1B[38;5;124m'\x1B[39m\x1B[38;5;124mczstack_z\x1B[39m\x1B[38;5;124m'\x1B[39m, \x1B[38;5;124m'\x1B[39m\x1B[38;5;124mhcr_x\x1B[39m\x1B[38;5;124m'\x1B[39m, \x1B[38;5;124m'\x1B[39m\x1B[38;5;124mhcr_y\x1B[39m\x1B[38;5;124m'\x1B[39m, \x1B[38;5;124m'\x1B[39m\x1B[38;5;124mhcr_z\x1B[39m\x1B[38;5;124m'\x1B[39m]\n" +
      '\x1B[0;32m----> 9\x1B[0m \x1B[43mlandmarks\x1B[49m\x1B[38;5;241m.\x1B[39mcolumns \x1B[38;5;241m=\x1B[39m columns\n' +
      "\x1B[1;32m     12\x1B[0m landmarks[\x1B[38;5;124m'\x1B[39m\x1B[38;5;124mczstack_id\x1B[39m\x1B[38;5;124m'\x1B[39m] \x1B[38;5;241m=\x1B[39m landmarks\x1B[38;5;241m.\x1B[39mid\x1B[38;5;241m.\x1B[39mapply(get_czstack_id)\n" +
      "\x1B[1;32m     13\x1B[0m landmarks[\x1B[38;5;124m'\x1B[39m\x1B[38;5;124mhcr_id\x1B[39m\x1B[38;5;124m'\x1B[39m] \x1B[38;5;241m=\x1B[39m landmarks\x1B[38;5;241m.\x1B[39mid\x1B[38;5;241m.\x1B[39mapply(get_hcr_id)\n",
    "\x1B[0;31mNameError\x1B[0m: name 'landmarks' is not defined"
  ]
}
03:05:32.078 [warn] Cell completed with errors Iu [Error]: 'DataFrame' object has no attribute 'id'
    at n.execute (~/.vscode/extensions/ms-toolsai.jupyter-2025.9.1-linux-x64/dist/extension.node.js:302:4958) {
  ename: 'AttributeError',
  evalue: "'DataFrame' object has no attribute 'id'",
  traceback: [
    '\x1B[0;31m---------------------------------------------------------------------------\x1B[0m',
    '\x1B[0;31mAttributeError\x1B[0m                            Traceback (most recent call last)',
    '\x1B[0;32m/tmp/ipykernel_15473/702047372.py\x1B[0m in \x1B[0;36m?\x1B[0;34m()\x1B[0m\n' +
      "\x1B[1;32m      8\x1B[0m         \x1B[0mcolumns\x1B[0m \x1B[0;34m=\x1B[0m \x1B[0;34m[\x1B[0m\x1B[0;34m'ids'\x1B[0m\x1B[0;34m,\x1B[0m \x1B[0;34m'active'\x1B[0m\x1B[0;34m,\x1B[0m \x1B[0;34m'czstack_x'\x1B[0m\x1B[0;34m,\x1B[0m \x1B[0;34m'czstack_y'\x1B[0m\x1B[0;34m,\x1B[0m \x1B[0;34m'czstack_z'\x1B[0m\x1B[0;34m,\x1B[0m \x1B[0;34m'hcr_x'\x1B[0m\x1B[0;34m,\x1B[0m \x1B[0;34m'hcr_y'\x1B[0m\x1B[0;34m,\x1B[0m \x1B[0;34m'hcr_z'\x1B[0m\x1B[0;34m]\x1B[0m\x1B[0;34m\x1B[0m\x1B[0;34m\x1B[0m\x1B[0m\n" +
      '\x1B[1;32m      9\x1B[0m         \x1B[0mlandmarks\x1B[0m\x1B[0;34m.\x1B[0m\x1B[0mcolumns\x1B[0m \x1B[0;34m=\x1B[0m \x1B[0mcolumns\x1B[0m\x1B[0;34m\x1B[0m\x1B[0;34m\x1B[0m\x1B[0m\n' +
      '\x1B[1;32m     10\x1B[0m \x1B[0;34m\x1B[0m\x1B[0m\n' +
      '\x1B[1;32m     11\x1B[0m \x1B[0;34m\x1B[0m\x1B[0m\n' +
      "\x1B[0;32m---> 12\x1B[0;31m         \x1B[0mlandmarks\x1B[0m\x1B[0;34m[\x1B[0m\x1B[0;34m'czstack_id'\x1B[0m\x1B[0;34m]\x1B[0m \x1B[0;34m=\x1B[0m \x1B[0mlandmarks\x1B[0m\x1B[0;34m.\x1B[0m\x1B[0mid\x1B[0m\x1B[0;34m.\x1B[0m\x1B[0mapply\x1B[0m\x1B[0;34m(\x1B[0m\x1B[0mget_czstack_id\x1B[0m\x1B[0;34m)\x1B[0m\x1B[0;34m\x1B[0m\x1B[0;34m\x1B[0m\x1B[0m\n" +
      "\x1B[0m\x1B[1;32m     13\x1B[0m         \x1B[0mlandmarks\x1B[0m\x1B[0;34m[\x1B[0m\x1B[0;34m'hcr_id'\x1B[0m\x1B[0;34m]\x1B[0m \x1B[0;34m=\x1B[0m \x1B[0mlandmarks\x1B[0m\x1B[0;34m.\x1B[0m\x1B[0mid\x1B[0m\x1B[0;34m.\x1B[0m\x1B[0mapply\x1B[0m\x1B[0;34m(\x1B[0m\x1B[0mget_hcr_id\x1B[0m\x1B[0;34m)\x1B[0m\x1B[0;34m\x1B[0m\x1B[0;34m\x1B[0m\x1B[0m\n" +
      '\x1B[1;32m     14\x1B[0m         \x1B[0mlandmarks\x1B[0m \x1B[0;34m=\x1B[0m \x1B[0mlandmarks\x1B[0m\x1B[0;34m[\x1B[0m\x1B[0mlandmarks\x1B[0m\x1B[0;34m.\x1B[0m\x1B[0mczstack_id\x1B[0m \x1B[0;34m!=\x1B[0m \x1B[0;34m-\x1B[0m\x1B[0;36m1\x1B[0m\x1B[0;34m]\x1B[0m\x1B[0;34m\x1B[0m\x1B[0;34m\x1B[0m\x1B[0m\n' +
      "\x1B[1;32m     15\x1B[0m         \x1B[0mlandmarks\x1B[0m \x1B[0;34m=\x1B[0m \x1B[0mlandmarks\x1B[0m\x1B[0;34m.\x1B[0m\x1B[0mquery\x1B[0m\x1B[0;34m(\x1B[0m\x1B[0;34m'active'\x1B[0m\x1B[0;34m)\x1B[0m\x1B[0;34m\x1B[0m\x1B[0;34m\x1B[0m\x1B[0m\n",
    '\x1B[0;32m/opt/conda/lib/python3.10/site-packages/pandas/core/generic.py\x1B[0m in \x1B[0;36m?\x1B[0;34m(self, name)\x1B[0m\n' +
      '\x1B[1;32m   6317\x1B[0m             \x1B[0;32mand\x1B[0m \x1B[0mname\x1B[0m \x1B[0;32mnot\x1B[0m \x1B[0;32min\x1B[0m \x1B[0mself\x1B[0m\x1B[0;34m.\x1B[0m\x1B[0m_accessors\x1B[0m\x1B[0;34m\x1B[0m\x1B[0;34m\x1B[0m\x1B[0m\n' +
      '\x1B[1;32m   6318\x1B[0m             \x1B[0;32mand\x1B[0m \x1B[0mself\x1B[0m\x1B[0;34m.\x1B[0m\x1B[0m_info_axis\x1B[0m\x1B[0;34m.\x1B[0m\x1B[0m_can_hold_identifiers_and_holds_name\x1B[0m\x1B[0;34m(\x1B[0m\x1B[0mname\x1B[0m\x1B[0;34m)\x1B[0m\x1B[0;34m\x1B[0m\x1B[0;34m\x1B[0m\x1B[0m\n' +
      '\x1B[1;32m   6319\x1B[0m         ):\n' +
      '\x1B[1;32m   6320\x1B[0m             \x1B[0;32mreturn\x1B[0m \x1B[0mself\x1B[0m\x1B[0;34m[\x1B[0m\x1B[0mname\x1B[0m\x1B[0;34m]\x1B[0m\x1B[0;34m\x1B[0m\x1B[0;34m\x1B[0m\x1B[0m\n' +
      '\x1B[0;32m-> 6321\x1B[0;31m         \x1B[0;32mreturn\x1B[0m \x1B[0mobject\x1B[0m\x1B[0;34m.\x1B[0m\x1B[0m__getattribute__\x1B[0m\x1B[0;34m(\x1B[0m\x1B[0mself\x1B[0m\x1B[0;34m,\x1B[0m \x1B[0mname\x1B[0m\x1B[0;34m)\x1B[0m\x1B[0;34m\x1B[0m\x1B[0;34m\x1B[0m\x1B[0m\n' +
      '\x1B[0m',
    "\x1B[0;31mAttributeError\x1B[0m: 'DataFrame' object has no attribute 'id'"
  ]
}
