2025-11-06 23:27:52.630 [info] [main] Log level: Info
2025-11-06 23:27:52.630 [info] [main] Validating found git in: "git"
2025-11-06 23:27:52.630 [info] [main] Using git "2.34.1" from "git"
2025-11-06 23:27:52.630 [info] [Model][doInitialScan] Initial repository scan started
2025-11-06 23:27:52.630 [info] > git rev-parse --show-toplevel [10ms]
2025-11-06 23:27:52.630 [info] > git rev-parse --git-dir --git-common-dir --show-superproject-working-tree [22ms]
2025-11-06 23:27:52.630 [info] [Model][openRepository] Opened repository (path): /root/capsule
2025-11-06 23:27:52.630 [info] [Model][openRepository] Opened repository (real path): /root/capsule
2025-11-06 23:27:52.630 [info] [Model][openRepository] Opened repository (kind): repository
2025-11-06 23:27:52.630 [info] > git rev-parse --show-toplevel [32ms]
2025-11-06 23:27:52.630 [info] > git config --get commit.template [35ms]
2025-11-06 23:27:52.631 [info] > git rev-parse --show-toplevel [8ms]
2025-11-06 23:27:52.637 [info] > git for-each-ref --format=%(refname)%00%(upstream:short)%00%(objectname)%00%(upstream:track)%00%(upstream:remotename)%00%(upstream:remoteref) refs/heads/master refs/remotes/master [8ms]
2025-11-06 23:27:52.638 [info] > git rev-parse --show-toplevel [2ms]
2025-11-06 23:27:52.654 [info] > git rev-parse --show-toplevel [12ms]
2025-11-06 23:27:52.659 [info] > git for-each-ref --sort -committerdate --format %(refname)%00%(objectname)%00%(*objectname) [6ms]
2025-11-06 23:27:52.660 [info] > git rev-parse --show-toplevel [2ms]
2025-11-06 23:27:52.663 [info] [Model][doInitialScan] Initial repository scan completed - repositories (1), closed repositories (0), parent repositories (0), unsafe repositories (0)
2025-11-06 23:27:53.131 [info] > git check-ignore -v -z --stdin [2ms]
2025-11-06 23:27:53.179 [info] > git status -z -uall [531ms]
2025-11-06 23:27:53.207 [info] > git for-each-ref --format=%(refname)%00%(upstream:short)%00%(objectname)%00%(upstream:track)%00%(upstream:remotename)%00%(upstream:remoteref) refs/heads/master refs/remotes/master [6ms]
2025-11-06 23:27:53.214 [info] > git config --get --local branch.master.vscode-merge-base [3ms]
2025-11-06 23:27:53.215 [warning] [Git][config] git config failed: Failed to execute git
2025-11-06 23:27:53.219 [info] > git config --get commit.template [13ms]
2025-11-06 23:27:53.224 [info] > git reflog master --grep-reflog=branch: Created from *. [5ms]
2025-11-06 23:27:53.228 [info] > git for-each-ref --format=%(refname)%00%(upstream:short)%00%(objectname)%00%(upstream:track)%00%(upstream:remotename)%00%(upstream:remoteref) refs/heads/master refs/remotes/master [5ms]
2025-11-06 23:27:53.237 [info] > git symbolic-ref --short refs/remotes/origin/HEAD [9ms]
2025-11-06 23:27:53.241 [info] > git for-each-ref --sort -committerdate --format %(refname)%00%(objectname)%00%(*objectname) [5ms]
2025-11-06 23:27:53.242 [info] > git for-each-ref --format=%(refname)%00%(upstream:short)%00%(objectname)%00%(upstream:track)%00%(upstream:remotename)%00%(upstream:remoteref) refs/heads/origin/master refs/remotes/origin/master [2ms]
2025-11-06 23:27:53.251 [info] > git config --add --local branch.master.vscode-merge-base origin/master [5ms]
2025-11-06 23:27:53.259 [info] > git status -z -uall [27ms] (cancelled)
2025-11-06 23:27:53.261 [info] > git config --get commit.template [2ms]
2025-11-06 23:27:53.266 [info] > git for-each-ref --format=%(refname)%00%(upstream:short)%00%(objectname)%00%(upstream:track)%00%(upstream:remotename)%00%(upstream:remoteref) refs/heads/master refs/remotes/master [1ms]
2025-11-06 23:27:53.276 [info] > git for-each-ref --sort -committerdate --format %(refname)%00%(objectname)%00%(*objectname) [1ms]
2025-11-06 23:27:54.340 [info] > git status -z -uall [1069ms]
2025-11-06 23:27:54.374 [info] > git merge-base refs/heads/master refs/remotes/origin/master [21ms]
2025-11-06 23:27:54.378 [info] > git merge-base refs/heads/master refs/remotes/origin/master [30ms]
2025-11-06 23:27:54.387 [info] > git diff --name-status -z --diff-filter=ADMR 3bb0bf18232eb4692f3373f8824bb1a1e688ebb2...refs/remotes/origin/master [4ms]
2025-11-06 23:27:54.388 [info] > git diff --name-status -z --diff-filter=ADMR 3bb0bf18232eb4692f3373f8824bb1a1e688ebb2...refs/remotes/origin/master [10ms]
2025-11-06 23:28:07.272 [info] > git check-ignore -v -z --stdin [2ms]
2025-11-06 23:28:19.943 [info] > git check-ignore -v -z --stdin [2ms]
2025-11-06 23:31:41.130 [info] > git show --textconv :scratch/767018_coreg/767018_bigwarp-project.json [10ms]
2025-11-06 23:31:41.137 [info] > git ls-files --stage -- scratch/767018_coreg/767018_bigwarp-project.json [11ms]
2025-11-06 23:31:41.144 [info] > git hash-object -t tree /dev/null [9ms]
2025-11-06 23:31:41.144 [warning] [GitFileSystemProvider][readFile] File not found - git:/root/capsule/scratch/767018_coreg/767018_bigwarp-project.json.git?%7B%22path%22%3A%22%2Froot%2Fcapsule%2Fscratch%2F767018_coreg%2F767018_bigwarp-project.json%22%2C%22ref%22%3A%22%22%7D
2025-11-06 23:31:41.154 [info] > git hash-object -t tree /dev/null [11ms]
2025-11-06 23:31:41.154 [warning] [GitFileSystemProvider][stat] File not found - git:/root/capsule/scratch/767018_coreg/767018_bigwarp-project.json.git?%7B%22path%22%3A%22%2Froot%2Fcapsule%2Fscratch%2F767018_coreg%2F767018_bigwarp-project.json%22%2C%22ref%22%3A%22%22%7D
2025-11-06 23:31:42.229 [info] > git blame --root --incremental 3bb0bf18232eb4692f3373f8824bb1a1e688ebb2 -- scratch/767018_coreg/767018_bigwarp-project.json [1ms]
2025-11-06 23:31:42.229 [info] fatal: no such path scratch/767018_coreg/767018_bigwarp-project.json in 3bb0bf18232eb4692f3373f8824bb1a1e688ebb2
