2026-02-28 01:00:41.747 [info] [main] Log level: Info
2026-02-28 01:00:41.747 [info] [main] Validating found git in: "git"
2026-02-28 01:00:41.747 [info] [main] Using git "2.34.1" from "git"
2026-02-28 01:00:41.747 [info] [Model][doInitialScan] Initial repository scan started
2026-02-28 01:00:41.747 [info] > git rev-parse --show-toplevel [8ms]
2026-02-28 01:00:41.747 [info] > git rev-parse --git-dir --git-common-dir --show-superproject-working-tree [3ms]
2026-02-28 01:00:41.747 [info] [Model][openRepository] Opened repository (path): /root/capsule
2026-02-28 01:00:41.747 [info] [Model][openRepository] Opened repository (real path): /root/capsule
2026-02-28 01:00:41.747 [info] [Model][openRepository] Opened repository (kind): repository
2026-02-28 01:00:41.747 [info] > git rev-parse --show-toplevel [3ms]
2026-02-28 01:00:41.747 [info] > git config --get commit.template [8ms]
2026-02-28 01:00:41.747 [info] > git rev-parse --show-toplevel [5ms]
2026-02-28 01:00:41.747 [info] > git for-each-ref --format=%(refname)%00%(upstream:short)%00%(objectname)%00%(upstream:track)%00%(upstream:remotename)%00%(upstream:remoteref) refs/heads/master refs/remotes/master [27ms]
2026-02-28 01:00:41.747 [info] > git rev-parse --show-toplevel [22ms]
2026-02-28 01:00:41.763 [info] > git rev-parse --show-toplevel [11ms]
2026-02-28 01:00:41.768 [info] > git for-each-ref --sort -committerdate --format %(refname)%00%(objectname)%00%(*objectname) [6ms]
2026-02-28 01:00:41.769 [info] > git rev-parse --show-toplevel [2ms]
2026-02-28 01:00:41.775 [info] > git rev-parse --show-toplevel [1ms]
2026-02-28 01:00:41.777 [info] [Model][doInitialScan] Initial repository scan completed - repositories (1), closed repositories (0), parent repositories (0), unsafe repositories (0)
2026-02-28 01:00:42.012 [info] > git status -z -uall [254ms]
2026-02-28 01:00:42.037 [info] > git for-each-ref --format=%(refname)%00%(upstream:short)%00%(objectname)%00%(upstream:track)%00%(upstream:remotename)%00%(upstream:remoteref) refs/heads/master refs/remotes/master [6ms]
2026-02-28 01:00:42.045 [info] > git config --get --local branch.master.vscode-merge-base [4ms]
2026-02-28 01:00:42.045 [warning] [Git][config] git config failed: Failed to execute git
2026-02-28 01:00:42.050 [info] > git config --get commit.template [14ms]
2026-02-28 01:00:42.055 [info] > git reflog master --grep-reflog=branch: Created from *. [6ms]
2026-02-28 01:00:42.059 [info] > git for-each-ref --format=%(refname)%00%(upstream:short)%00%(objectname)%00%(upstream:track)%00%(upstream:remotename)%00%(upstream:remoteref) refs/heads/master refs/remotes/master [5ms]
2026-02-28 01:00:42.068 [info] > git symbolic-ref --short refs/remotes/origin/HEAD [10ms]
2026-02-28 01:00:42.071 [info] > git for-each-ref --sort -committerdate --format %(refname)%00%(objectname)%00%(*objectname) [4ms]
2026-02-28 01:00:42.072 [info] > git for-each-ref --format=%(refname)%00%(upstream:short)%00%(objectname)%00%(upstream:track)%00%(upstream:remotename)%00%(upstream:remoteref) refs/heads/origin/master refs/remotes/origin/master [1ms]
2026-02-28 01:00:42.077 [info] > git config --add --local branch.master.vscode-merge-base origin/master [2ms]
2026-02-28 01:00:42.083 [info] > git status -z -uall [20ms] (cancelled)
2026-02-28 01:00:42.088 [info] > git config --get commit.template [6ms]
2026-02-28 01:00:42.089 [info] > git for-each-ref --format=%(refname)%00%(upstream:short)%00%(objectname)%00%(upstream:track)%00%(upstream:remotename)%00%(upstream:remoteref) refs/heads/master refs/remotes/master [2ms]
2026-02-28 01:00:42.099 [info] > git for-each-ref --sort -committerdate --format %(refname)%00%(objectname)%00%(*objectname) [1ms]
2026-02-28 01:00:42.217 [info] > git check-ignore -v -z --stdin [2ms]
2026-02-28 01:00:42.321 [info] > git status -z -uall [227ms]
2026-02-28 01:00:42.336 [info] > git merge-base refs/heads/master refs/remotes/origin/master [6ms]
2026-02-28 01:00:42.343 [info] > git diff --raw --numstat --diff-filter=ADMR -z --find-renames=50% 4dbc9ae08cf00fc0814ed23ba854b0db0a4e3d7e...refs/remotes/origin/master -- [2ms]
2026-02-28 01:00:42.343 [info] > git merge-base refs/heads/master refs/remotes/origin/master [8ms]
2026-02-28 01:00:42.349 [info] > git diff --raw --numstat --diff-filter=ADMR -z --find-renames=50% 4dbc9ae08cf00fc0814ed23ba854b0db0a4e3d7e...refs/remotes/origin/master -- [1ms]
2026-02-28 01:00:47.547 [info] > git check-ignore -v -z --stdin [2ms]
2026-02-28 01:00:49.228 [info] > git check-ignore -v -z --stdin [10ms]
2026-02-28 01:00:50.505 [info] > git config --get commit.template [7ms]
2026-02-28 01:00:50.506 [info] > git for-each-ref --format=%(refname)%00%(upstream:short)%00%(objectname)%00%(upstream:track)%00%(upstream:remotename)%00%(upstream:remoteref) refs/heads/master refs/remotes/master [2ms]
2026-02-28 01:00:50.520 [info] > git for-each-ref --sort -committerdate --format %(refname)%00%(objectname)%00%(*objectname) [2ms]
2026-02-28 01:00:50.742 [info] > git status -z -uall [230ms]
2026-02-28 01:01:01.322 [info] > git config --get commit.template [7ms]
2026-02-28 01:01:01.323 [info] > git for-each-ref --format=%(refname)%00%(upstream:short)%00%(objectname)%00%(upstream:track)%00%(upstream:remotename)%00%(upstream:remoteref) refs/heads/master refs/remotes/master [2ms]
2026-02-28 01:01:01.336 [info] > git for-each-ref --sort -committerdate --format %(refname)%00%(objectname)%00%(*objectname) [2ms]
2026-02-28 01:01:01.558 [info] > git status -z -uall [230ms]
2026-02-28 01:01:06.577 [info] > git config --get commit.template [6ms]
2026-02-28 01:01:06.577 [info] > git for-each-ref --format=%(refname)%00%(upstream:short)%00%(objectname)%00%(upstream:track)%00%(upstream:remotename)%00%(upstream:remoteref) refs/heads/master refs/remotes/master [1ms]
2026-02-28 01:01:06.589 [info] > git for-each-ref --sort -committerdate --format %(refname)%00%(objectname)%00%(*objectname) [1ms]
2026-02-28 01:01:06.812 [info] > git status -z -uall [228ms]
2026-02-28 01:01:11.829 [info] > git config --get commit.template [6ms]
2026-02-28 01:01:11.830 [info] > git for-each-ref --format=%(refname)%00%(upstream:short)%00%(objectname)%00%(upstream:track)%00%(upstream:remotename)%00%(upstream:remoteref) refs/heads/master refs/remotes/master [2ms]
2026-02-28 01:01:11.843 [info] > git for-each-ref --sort -committerdate --format %(refname)%00%(objectname)%00%(*objectname) [1ms]
2026-02-28 01:01:12.074 [info] > git status -z -uall [238ms]
2026-02-28 01:01:15.232 [info] > git check-ignore -v -z --stdin [2ms]
2026-02-28 01:01:15.249 [info] > git show --textconv :environment/postInstall [7ms]
2026-02-28 01:01:15.250 [info] > git ls-files --stage -- environment/postInstall [2ms]
2026-02-28 01:01:15.257 [info] > git cat-file -s 69bbfe1c5a690b7b552ef0419dc7b3b57a68c166 [1ms]
2026-02-28 01:01:15.286 [info] > git blame --root --incremental 4dbc9ae08cf00fc0814ed23ba854b0db0a4e3d7e -- environment/postInstall [3ms]
2026-02-28 01:01:17.091 [info] > git config --get commit.template [6ms]
2026-02-28 01:01:17.092 [info] > git for-each-ref --format=%(refname)%00%(upstream:short)%00%(objectname)%00%(upstream:track)%00%(upstream:remotename)%00%(upstream:remoteref) refs/heads/master refs/remotes/master [1ms]
2026-02-28 01:01:17.105 [info] > git for-each-ref --sort -committerdate --format %(refname)%00%(objectname)%00%(*objectname) [1ms]
2026-02-28 01:01:17.325 [info] > git status -z -uall [227ms]
2026-02-28 01:01:17.651 [info] > git check-ignore -v -z --stdin [1ms]
2026-02-28 01:01:20.610 [info] > git check-ignore -v -z --stdin [1ms]
2026-02-28 01:01:21.414 [info] > git check-ignore -v -z --stdin [3ms]
2026-02-28 01:01:22.343 [info] > git config --get commit.template [7ms]
2026-02-28 01:01:22.343 [info] > git for-each-ref --format=%(refname)%00%(upstream:short)%00%(objectname)%00%(upstream:track)%00%(upstream:remotename)%00%(upstream:remoteref) refs/heads/master refs/remotes/master [1ms]
2026-02-28 01:01:22.356 [info] > git for-each-ref --sort -committerdate --format %(refname)%00%(objectname)%00%(*objectname) [2ms]
2026-02-28 01:01:22.578 [info] > git status -z -uall [229ms]
2026-02-28 01:01:22.911 [info] > git check-ignore -v -z --stdin [2ms]
2026-02-28 01:01:26.396 [info] > git check-ignore -v -z --stdin [2ms]
2026-02-28 01:01:27.596 [info] > git config --get commit.template [5ms]
2026-02-28 01:01:27.597 [info] > git for-each-ref --format=%(refname)%00%(upstream:short)%00%(objectname)%00%(upstream:track)%00%(upstream:remotename)%00%(upstream:remoteref) refs/heads/master refs/remotes/master [2ms]
2026-02-28 01:01:27.608 [info] > git for-each-ref --sort -committerdate --format %(refname)%00%(objectname)%00%(*objectname) [2ms]
2026-02-28 01:01:27.828 [info] > git status -z -uall [227ms]
2026-02-28 01:01:28.170 [info] > git check-ignore -v -z --stdin [2ms]
2026-02-28 01:01:32.845 [info] > git config --get commit.template [7ms]
2026-02-28 01:01:32.845 [info] > git for-each-ref --format=%(refname)%00%(upstream:short)%00%(objectname)%00%(upstream:track)%00%(upstream:remotename)%00%(upstream:remoteref) refs/heads/master refs/remotes/master [1ms]
2026-02-28 01:01:32.859 [info] > git for-each-ref --sort -committerdate --format %(refname)%00%(objectname)%00%(*objectname) [2ms]
2026-02-28 01:01:33.079 [info] > git status -z -uall [228ms]
2026-02-28 01:01:33.403 [info] > git check-ignore -v -z --stdin [1ms]
2026-02-28 01:02:18.334 [info] > git config --get commit.template [6ms]
2026-02-28 01:02:18.335 [info] > git for-each-ref --format=%(refname)%00%(upstream:short)%00%(objectname)%00%(upstream:track)%00%(upstream:remotename)%00%(upstream:remoteref) refs/heads/master refs/remotes/master [1ms]
2026-02-28 01:02:18.358 [info] > git for-each-ref --sort -committerdate --format %(refname)%00%(objectname)%00%(*objectname) [10ms]
2026-02-28 01:02:18.360 [info] > git rev-parse --show-toplevel [3ms]
2026-02-28 01:02:18.578 [info] > git status -z -uall [235ms]
2026-02-28 01:02:23.596 [info] > git config --get commit.template [7ms]
2026-02-28 01:02:23.597 [info] > git for-each-ref --format=%(refname)%00%(upstream:short)%00%(objectname)%00%(upstream:track)%00%(upstream:remotename)%00%(upstream:remoteref) refs/heads/master refs/remotes/master [2ms]
2026-02-28 01:02:23.611 [info] > git for-each-ref --sort -committerdate --format %(refname)%00%(objectname)%00%(*objectname) [2ms]
2026-02-28 01:02:23.831 [info] > git status -z -uall [228ms]
2026-02-28 01:02:41.403 [info] > git config --get commit.template [6ms]
2026-02-28 01:02:41.404 [info] > git for-each-ref --format=%(refname)%00%(upstream:short)%00%(objectname)%00%(upstream:track)%00%(upstream:remotename)%00%(upstream:remoteref) refs/heads/master refs/remotes/master [2ms]
2026-02-28 01:02:41.418 [info] > git for-each-ref --sort -committerdate --format %(refname)%00%(objectname)%00%(*objectname) [2ms]
2026-02-28 01:02:41.637 [info] > git status -z -uall [227ms]
2026-02-28 01:02:55.624 [info] > git config --get commit.template [7ms]
2026-02-28 01:02:55.625 [info] > git for-each-ref --format=%(refname)%00%(upstream:short)%00%(objectname)%00%(upstream:track)%00%(upstream:remotename)%00%(upstream:remoteref) refs/heads/master refs/remotes/master [1ms]
2026-02-28 01:02:55.639 [info] > git for-each-ref --sort -committerdate --format %(refname)%00%(objectname)%00%(*objectname) [1ms]
2026-02-28 01:02:55.859 [info] > git status -z -uall [227ms]
2026-02-28 01:03:04.291 [info] > git config --get commit.template [7ms]
2026-02-28 01:03:04.292 [info] > git for-each-ref --format=%(refname)%00%(upstream:short)%00%(objectname)%00%(upstream:track)%00%(upstream:remotename)%00%(upstream:remoteref) refs/heads/master refs/remotes/master [2ms]
2026-02-28 01:03:04.306 [info] > git for-each-ref --sort -committerdate --format %(refname)%00%(objectname)%00%(*objectname) [2ms]
2026-02-28 01:03:04.535 [info] > git status -z -uall [237ms]
2026-02-28 01:03:41.408 [info] > git config --get commit.template [7ms]
2026-02-28 01:03:41.409 [info] > git for-each-ref --format=%(refname)%00%(upstream:short)%00%(objectname)%00%(upstream:track)%00%(upstream:remotename)%00%(upstream:remoteref) refs/heads/master refs/remotes/master [2ms]
2026-02-28 01:03:41.422 [info] > git for-each-ref --sort -committerdate --format %(refname)%00%(objectname)%00%(*objectname) [1ms]
2026-02-28 01:03:41.641 [info] > git status -z -uall [227ms]
2026-02-28 01:04:41.404 [info] > git config --get commit.template [1ms]
2026-02-28 01:04:41.412 [info] > git for-each-ref --format=%(refname)%00%(upstream:short)%00%(objectname)%00%(upstream:track)%00%(upstream:remotename)%00%(upstream:remoteref) refs/heads/master refs/remotes/master [2ms]
2026-02-28 01:04:41.426 [info] > git for-each-ref --sort -committerdate --format %(refname)%00%(objectname)%00%(*objectname) [1ms]
2026-02-28 01:04:41.646 [info] > git status -z -uall [227ms]
2026-02-28 01:05:41.158 [info] > git config --get commit.template [7ms]
2026-02-28 01:05:41.159 [info] > git for-each-ref --format=%(refname)%00%(upstream:short)%00%(objectname)%00%(upstream:track)%00%(upstream:remotename)%00%(upstream:remoteref) refs/heads/master refs/remotes/master [2ms]
2026-02-28 01:05:41.173 [info] > git for-each-ref --sort -committerdate --format %(refname)%00%(objectname)%00%(*objectname) [1ms]
2026-02-28 01:05:41.393 [info] > git status -z -uall [228ms]
2026-02-28 01:05:46.412 [info] > git config --get commit.template [7ms]
2026-02-28 01:05:46.413 [info] > git for-each-ref --format=%(refname)%00%(upstream:short)%00%(objectname)%00%(upstream:track)%00%(upstream:remotename)%00%(upstream:remoteref) refs/heads/master refs/remotes/master [2ms]
2026-02-28 01:05:46.426 [info] > git for-each-ref --sort -committerdate --format %(refname)%00%(objectname)%00%(*objectname) [1ms]
2026-02-28 01:05:46.646 [info] > git status -z -uall [227ms]
2026-02-28 01:06:08.083 [info] > git config --get commit.template [7ms]
2026-02-28 01:06:08.084 [info] > git for-each-ref --format=%(refname)%00%(upstream:short)%00%(objectname)%00%(upstream:track)%00%(upstream:remotename)%00%(upstream:remoteref) refs/heads/master refs/remotes/master [2ms]
2026-02-28 01:06:08.098 [info] > git for-each-ref --sort -committerdate --format %(refname)%00%(objectname)%00%(*objectname) [2ms]
2026-02-28 01:06:08.317 [info] > git status -z -uall [227ms]
2026-02-28 01:06:41.161 [info] > git config --get commit.template [7ms]
2026-02-28 01:06:41.162 [info] > git for-each-ref --format=%(refname)%00%(upstream:short)%00%(objectname)%00%(upstream:track)%00%(upstream:remotename)%00%(upstream:remoteref) refs/heads/master refs/remotes/master [2ms]
2026-02-28 01:06:41.176 [info] > git for-each-ref --sort -committerdate --format %(refname)%00%(objectname)%00%(*objectname) [2ms]
2026-02-28 01:06:41.395 [info] > git status -z -uall [227ms]
2026-02-28 01:07:41.163 [info] > git config --get commit.template [7ms]
2026-02-28 01:07:41.164 [info] > git for-each-ref --format=%(refname)%00%(upstream:short)%00%(objectname)%00%(upstream:track)%00%(upstream:remotename)%00%(upstream:remoteref) refs/heads/master refs/remotes/master [2ms]
2026-02-28 01:07:41.178 [info] > git for-each-ref --sort -committerdate --format %(refname)%00%(objectname)%00%(*objectname) [2ms]
2026-02-28 01:07:41.397 [info] > git status -z -uall [227ms]
2026-02-28 01:08:41.169 [info] > git config --get commit.template [7ms]
2026-02-28 01:08:41.169 [info] > git for-each-ref --format=%(refname)%00%(upstream:short)%00%(objectname)%00%(upstream:track)%00%(upstream:remotename)%00%(upstream:remoteref) refs/heads/master refs/remotes/master [1ms]
2026-02-28 01:08:41.183 [info] > git for-each-ref --sort -committerdate --format %(refname)%00%(objectname)%00%(*objectname) [1ms]
2026-02-28 01:08:41.403 [info] > git status -z -uall [228ms]
2026-02-28 01:09:41.170 [info] > git config --get commit.template [7ms]
2026-02-28 01:09:41.171 [info] > git for-each-ref --format=%(refname)%00%(upstream:short)%00%(objectname)%00%(upstream:track)%00%(upstream:remotename)%00%(upstream:remoteref) refs/heads/master refs/remotes/master [1ms]
2026-02-28 01:09:41.184 [info] > git for-each-ref --sort -committerdate --format %(refname)%00%(objectname)%00%(*objectname) [1ms]
2026-02-28 01:09:41.404 [info] > git status -z -uall [227ms]
2026-02-28 01:10:25.175 [info] > git check-ignore -v -z --stdin [2ms]
2026-02-28 01:10:25.197 [info] > git show --textconv :environment/postInstall [7ms]
2026-02-28 01:10:25.198 [info] > git ls-files --stage -- environment/postInstall [1ms]
2026-02-28 01:10:25.206 [info] > git cat-file -s 69bbfe1c5a690b7b552ef0419dc7b3b57a68c166 [2ms]
2026-02-28 01:10:32.610 [info] > git config --get commit.template [7ms]
2026-02-28 01:10:32.611 [info] > git for-each-ref --format=%(refname)%00%(upstream:short)%00%(objectname)%00%(upstream:track)%00%(upstream:remotename)%00%(upstream:remoteref) refs/heads/master refs/remotes/master [1ms]
2026-02-28 01:10:32.625 [info] > git for-each-ref --sort -committerdate --format %(refname)%00%(objectname)%00%(*objectname) [1ms]
2026-02-28 01:10:32.846 [info] > git status -z -uall [228ms]
2026-02-28 01:10:33.174 [info] > git check-ignore -v -z --stdin [2ms]
2026-02-28 01:10:33.247 [info] > git check-ignore -v -z --stdin [2ms]
2026-02-28 01:10:35.887 [info] > git check-ignore -v -z --stdin [2ms]
2026-02-28 01:10:37.865 [info] > git config --get commit.template [8ms]
2026-02-28 01:10:37.865 [info] > git for-each-ref --format=%(refname)%00%(upstream:short)%00%(objectname)%00%(upstream:track)%00%(upstream:remotename)%00%(upstream:remoteref) refs/heads/master refs/remotes/master [1ms]
2026-02-28 01:10:37.879 [info] > git for-each-ref --sort -committerdate --format %(refname)%00%(objectname)%00%(*objectname) [2ms]
2026-02-28 01:10:38.102 [info] > git status -z -uall [231ms]
2026-02-28 01:10:38.428 [info] > git check-ignore -v -z --stdin [1ms]
2026-02-28 01:10:43.121 [info] > git config --get commit.template [6ms]
2026-02-28 01:10:43.122 [info] > git for-each-ref --format=%(refname)%00%(upstream:short)%00%(objectname)%00%(upstream:track)%00%(upstream:remotename)%00%(upstream:remoteref) refs/heads/master refs/remotes/master [1ms]
2026-02-28 01:10:43.136 [info] > git for-each-ref --sort -committerdate --format %(refname)%00%(objectname)%00%(*objectname) [1ms]
2026-02-28 01:10:43.359 [info] > git status -z -uall [230ms]
2026-02-28 01:10:43.444 [info] > git check-ignore -v -z --stdin [2ms]
2026-02-28 01:10:43.687 [info] > git check-ignore -v -z --stdin [1ms]
2026-02-28 01:10:48.376 [info] > git config --get commit.template [6ms]
2026-02-28 01:10:48.377 [info] > git for-each-ref --format=%(refname)%00%(upstream:short)%00%(objectname)%00%(upstream:track)%00%(upstream:remotename)%00%(upstream:remoteref) refs/heads/master refs/remotes/master [2ms]
2026-02-28 01:10:48.390 [info] > git for-each-ref --sort -committerdate --format %(refname)%00%(objectname)%00%(*objectname) [2ms]
2026-02-28 01:10:48.610 [info] > git status -z -uall [227ms]
2026-02-28 01:10:48.936 [info] > git check-ignore -v -z --stdin [1ms]
2026-02-28 01:12:52.512 [info] > git config --get commit.template [7ms]
2026-02-28 01:12:52.512 [info] > git for-each-ref --format=%(refname)%00%(upstream:short)%00%(objectname)%00%(upstream:track)%00%(upstream:remotename)%00%(upstream:remoteref) refs/heads/master refs/remotes/master [1ms]
2026-02-28 01:12:52.525 [info] > git for-each-ref --sort -committerdate --format %(refname)%00%(objectname)%00%(*objectname) [1ms]
2026-02-28 01:12:52.747 [info] > git status -z -uall [229ms]
2026-02-28 01:12:53.050 [info] > git check-ignore -v -z --stdin [2ms]
2026-02-28 01:12:53.074 [info] > git check-ignore -v -z --stdin [1ms]
