2026-02-28 05:10:21.133 [info] Starting Python Locator /root/.vscode/extensions/ms-python.python-2026.2.0-linux-x64/python-env-tools/bin/pet server
2026-02-28 05:10:21.133 [info] Discovered manager: (Conda) /opt/conda/bin/conda
2026-02-28 05:10:21.133 [info] Discovered env: /opt/conda/bin/python
2026-02-28 05:10:21.133 [info] Discovered env: /usr/bin/python3
2026-02-28 05:10:21.134 [info] Discovered env: /bin/python3
2026-02-28 05:10:21.135 [info] Locator Conda took 63.070431ms
2026-02-28 05:10:21.135 [info] Locator Homebrew took 303.985µs
2026-02-28 05:10:21.135 [info] Locator LinuxGlobal took 80.614893ms
2026-02-28 05:10:21.135 [info] Locator PipEnv took 192.654µs
2026-02-28 05:10:21.135 [info] Locator Pixi took 219.983µs
2026-02-28 05:10:21.135 [info] Locator Poetry took 2.005996ms
2026-02-28 05:10:21.135 [info] Locator PyEnv took 2.060527ms
2026-02-28 05:10:21.135 [info] Locator Uv took 301.615µs
2026-02-28 05:10:21.135 [info] Locator Venv took 51.31µs
2026-02-28 05:10:21.135 [info] Locator VirtualEnv took 228.184µs
2026-02-28 05:10:21.135 [info] Locator VirtualEnvWrapper took 444.328µs
2026-02-28 05:10:21.135 [info] Locator GlobalVirtualEnvs took 1.073939ms
2026-02-28 05:10:21.135 [info] Locator Locators took 83.476315ms
2026-02-28 05:10:21.136 [info] Locator Path took 107.769746ms
2026-02-28 05:10:21.136 [info] Locator Workspaces took 4.712544ms
2026-02-28 05:10:21.136 [info] Refresh completed in 107ms
2026-02-28 05:10:21.428 [info] Discovered manager: (Conda) /opt/conda/bin/conda
2026-02-28 05:10:21.428 [info] Discovered env: /opt/conda/bin/python
2026-02-28 05:10:21.428 [info] Resolved Python Environment /opt/conda/bin/python
2026-02-28 05:10:21.429 [info] Discovered env: /usr/bin/python3
2026-02-28 05:10:21.429 [info] Discovered env: /bin/python3
2026-02-28 05:10:21.430 [info] Locator Conda took 77.783173ms
2026-02-28 05:10:21.430 [info] Locator Homebrew took 805.354µs
2026-02-28 05:10:21.430 [info] Locator LinuxGlobal took 75.995641ms
2026-02-28 05:10:21.430 [info] Locator PipEnv took 178.633µs
2026-02-28 05:10:21.430 [info] Locator Pixi took 184.683µs
2026-02-28 05:10:21.430 [info] Locator Poetry took 1.592798ms
2026-02-28 05:10:21.430 [info] Locator PyEnv took 562.97µs
2026-02-28 05:10:21.430 [info] Locator Uv took 255.795µs
2026-02-28 05:10:21.431 [info] Locator Venv took 162.552µs
2026-02-28 05:10:21.431 [info] Locator VirtualEnv took 445.538µs
2026-02-28 05:10:21.431 [info] Locator VirtualEnvWrapper took 200.094µs
2026-02-28 05:10:21.431 [info] Locator GlobalVirtualEnvs took 341.636µs
2026-02-28 05:10:21.431 [info] Locator Locators took 78.161279ms
2026-02-28 05:10:21.431 [info] Locator Path took 100.017867ms
2026-02-28 05:10:21.431 [info] Locator Workspaces took 5.099701ms
2026-02-28 05:10:21.431 [info] Refresh completed in 100ms
2026-02-28 05:10:21.432 [info] Resolved Python Environment /opt/conda/bin/python
2026-02-28 05:10:28.581 [info] Discovered manager: (Conda) /opt/conda/bin/conda
2026-02-28 05:10:28.581 [info] Discovered env: /opt/conda/bin/python
2026-02-28 05:10:28.627 [info] Discovered env: /bin/python3
2026-02-28 05:10:28.629 [info] Discovered env: /usr/bin/python3
2026-02-28 05:10:28.653 [info] Locator Conda took 73.522667ms
2026-02-28 05:10:28.653 [info] Locator Homebrew took 147.462µs
2026-02-28 05:10:28.653 [info] Locator LinuxGlobal took 64.428645ms
2026-02-28 05:10:28.654 [info] Locator PipEnv took 62.541µs
2026-02-28 05:10:28.654 [info] Locator Pixi took 57.521µs
2026-02-28 05:10:28.654 [info] Locator Poetry took 547.06µs
2026-02-28 05:10:28.654 [info] Locator PyEnv took 250.414µs
2026-02-28 05:10:28.654 [info] Locator Uv took 43.561µs
2026-02-28 05:10:28.654 [info] Locator Venv took 217.634µs
2026-02-28 05:10:28.654 [info] Locator VirtualEnv took 69.581µs
2026-02-28 05:10:28.654 [info] Locator VirtualEnvWrapper took 250.945µs
2026-02-28 05:10:28.654 [info] Locator GlobalVirtualEnvs took 147.173µs
2026-02-28 05:10:28.654 [info] Locator Locators took 73.841332ms
2026-02-28 05:10:28.654 [info] Locator Path took 90.142172ms
2026-02-28 05:10:28.654 [info] Locator Workspaces took 3.471241ms
2026-02-28 05:10:28.654 [info] Refresh completed in 90ms
2026-02-28 05:11:09.884 [info] Resolved Python Environment /opt/conda/bin/python
2026-02-28 05:11:40.813 [info] Resolved Python Environment /opt/conda/bin/python
2026-02-28 05:12:32.316 [info] Resolved Python Environment /opt/conda/bin/python
2026-02-28 05:13:11.198 [info] Resolved Python Environment /opt/conda/bin/python
2026-02-28 05:13:52.955 [info] Resolved Python Environment /opt/conda/bin/python
2026-02-28 05:14:23.694 [info] Resolved Python Environment /opt/conda/bin/python
2026-02-28 05:14:56.009 [info] Resolved Python Environment /opt/conda/bin/python
2026-02-28 05:18:50.544 [info] Resolved Python Environment /opt/conda/bin/python
2026-02-28 05:19:56.426 [info] Resolved Python Environment /opt/conda/bin/python
2026-02-28 05:20:27.149 [info] Resolved Python Environment /opt/conda/bin/python
2026-02-28 05:30:13.808 [info] Resolved Python Environment /opt/conda/bin/python
2026-02-28 05:30:59.240 [info] Resolved Python Environment /opt/conda/bin/python
2026-02-28 05:31:50.642 [info] Resolved Python Environment /opt/conda/bin/python
2026-02-28 05:32:57.817 [info] Resolved Python Environment /opt/conda/bin/python
2026-02-28 05:33:28.491 [info] Resolved Python Environment /opt/conda/bin/python
2026-02-28 05:35:44.552 [info] Resolved Python Environment /opt/conda/bin/python
2026-02-28 05:36:33.676 [info] Resolved Python Environment /opt/conda/bin/python
2026-02-28 05:49:25.026 [info] Resolved Python Environment /opt/conda/bin/python
2026-02-28 05:50:05.686 [info] Resolved Python Environment /opt/conda/bin/python
2026-02-28 05:51:31.781 [info] Resolved Python Environment /opt/conda/bin/python
2026-02-28 06:05:44.282 [info] Resolved Python Environment /opt/conda/bin/python
2026-02-28 06:06:14.963 [info] Resolved Python Environment /opt/conda/bin/python
2026-02-28 06:06:50.065 [info] Resolved Python Environment /opt/conda/bin/python
2026-02-28 06:07:22.811 [info] Resolved Python Environment /opt/conda/bin/python
2026-02-28 06:08:33.274 [info] Resolved Python Environment /opt/conda/bin/python
2026-02-28 06:09:10.267 [info] Resolved Python Environment /opt/conda/bin/python
2026-02-28 06:10:05.956 [info] Resolved Python Environment /opt/conda/bin/python
2026-02-28 06:18:12.672 [info] Starting Python Locator /root/.vscode/extensions/ms-python.python-2026.2.0-linux-x64/python-env-tools/bin/pet server
2026-02-28 06:18:12.859 [info] Discovered manager: (Conda) /opt/conda/bin/conda
2026-02-28 06:18:12.859 [info] Discovered env: /opt/conda/bin/python
2026-02-28 06:18:12.932 [info] Discovered env: /usr/bin/python3
2026-02-28 06:18:12.964 [info] Discovered env: /bin/python3
2026-02-28 06:18:13.270 [info] Locator Conda took 79.95702ms
2026-02-28 06:18:13.270 [info] Locator Homebrew took 932.997µs
2026-02-28 06:18:13.270 [info] Locator LinuxGlobal took 90.625954ms
2026-02-28 06:18:13.270 [info] Locator PipEnv took 403.188µs
2026-02-28 06:18:13.271 [info] Locator Pixi took 164.573µs
2026-02-28 06:18:13.271 [info] Locator Poetry took 1.576469ms
2026-02-28 06:18:13.271 [info] Locator PyEnv took 1.13107ms
2026-02-28 06:18:13.385 [info] Locator Uv took 265.205µs
2026-02-28 06:18:13.416 [info] Locator Venv took 373.547µs
2026-02-28 06:18:13.421 [info] Locator VirtualEnv took 178.903µs
2026-02-28 06:18:13.435 [info] Locator VirtualEnvWrapper took 274.345µs
2026-02-28 06:18:13.442 [info] Locator GlobalVirtualEnvs took 742.864µs
2026-02-28 06:18:13.448 [info] Locator Locators took 92.881596ms
2026-02-28 06:18:13.450 [info] Locator Path took 107.690335ms
2026-02-28 06:18:13.451 [info] Locator Workspaces took 4.932009ms
2026-02-28 06:18:13.451 [info] Refresh completed in 107ms
2026-02-28 06:18:13.454 [info] Resolved Python Environment /opt/conda/bin/python
2026-02-28 06:18:13.465 [info] Resolved Python Environment /opt/conda/bin/python
2026-02-28 06:18:47.467 [info] Resolved Python Environment /opt/conda/bin/python
2026-02-28 06:19:25.458 [info] Resolved Python Environment /opt/conda/bin/python
2026-02-28 06:19:57.844 [info] Resolved Python Environment /opt/conda/bin/python
2026-02-28 06:20:51.590 [info] Resolved Python Environment /opt/conda/bin/python
2026-02-28 06:21:24.753 [info] Resolved Python Environment /opt/conda/bin/python
2026-02-28 06:21:58.531 [info] Resolved Python Environment /opt/conda/bin/python
2026-02-28 06:22:59.161 [info] Resolved Python Environment /opt/conda/bin/python
2026-02-28 06:23:42.638 [info] Resolved Python Environment /opt/conda/bin/python
2026-02-28 06:24:16.865 [info] Resolved Python Environment /opt/conda/bin/python
2026-02-28 06:24:47.086 [info] Resolved Python Environment /opt/conda/bin/python
2026-02-28 06:25:17.773 [info] Resolved Python Environment /opt/conda/bin/python
2026-02-28 06:25:58.497 [info] Resolved Python Environment /opt/conda/bin/python
2026-02-28 06:26:36.918 [info] Resolved Python Environment /opt/conda/bin/python
2026-02-28 06:27:07.185 [info] Resolved Python Environment /opt/conda/bin/python
2026-02-28 06:27:44.732 [info] Resolved Python Environment /opt/conda/bin/python
2026-02-28 06:28:16.787 [info] Resolved Python Environment /opt/conda/bin/python
2026-02-28 06:28:47.167 [info] Resolved Python Environment /opt/conda/bin/python
2026-02-28 06:30:19.483 [info] Resolved Python Environment /opt/conda/bin/python
2026-02-28 06:30:54.967 [info] Resolved Python Environment /opt/conda/bin/python
2026-02-28 06:33:27.589 [info] Resolved Python Environment /opt/conda/bin/python
2026-02-28 06:34:00.962 [info] Resolved Python Environment /opt/conda/bin/python
2026-02-28 06:34:31.029 [info] Resolved Python Environment /opt/conda/bin/python
2026-02-28 06:35:52.323 [info] Resolved Python Environment /opt/conda/bin/python
2026-02-28 06:36:22.971 [info] Resolved Python Environment /opt/conda/bin/python
2026-02-28 06:36:53.052 [info] Resolved Python Environment /opt/conda/bin/python
2026-02-28 06:37:45.194 [info] Resolved Python Environment /opt/conda/bin/python
2026-02-28 06:38:20.083 [info] Resolved Python Environment /opt/conda/bin/python
2026-02-28 06:39:11.488 [info] Resolved Python Environment /opt/conda/bin/python
2026-02-28 06:39:43.285 [info] Resolved Python Environment /opt/conda/bin/python
2026-02-28 06:40:18.282 [info] Resolved Python Environment /opt/conda/bin/python
2026-02-28 06:41:03.289 [info] Resolved Python Environment /opt/conda/bin/python
2026-02-28 06:41:41.380 [info] Resolved Python Environment /opt/conda/bin/python
2026-02-28 06:42:44.477 [info] Resolved Python Environment /opt/conda/bin/python
2026-02-28 06:43:21.567 [info] Resolved Python Environment /opt/conda/bin/python
2026-02-28 06:43:59.109 [info] Resolved Python Environment /opt/conda/bin/python
2026-02-28 06:44:56.517 [info] Resolved Python Environment /opt/conda/bin/python
2026-02-28 06:45:27.007 [info] Resolved Python Environment /opt/conda/bin/python
2026-02-28 06:46:08.305 [info] Resolved Python Environment /opt/conda/bin/python
2026-02-28 06:46:44.035 [info] Resolved Python Environment /opt/conda/bin/python
2026-02-28 06:47:32.125 [info] Resolved Python Environment /opt/conda/bin/python
2026-02-28 06:48:02.289 [info] Resolved Python Environment /opt/conda/bin/python
2026-02-28 06:49:52.152 [info] Resolved Python Environment /opt/conda/bin/python
2026-02-28 06:50:34.808 [info] Resolved Python Environment /opt/conda/bin/python
2026-02-28 06:51:05.607 [info] Resolved Python Environment /opt/conda/bin/python
2026-02-28 06:51:48.110 [info] Resolved Python Environment /opt/conda/bin/python
2026-02-28 06:52:47.149 [info] Resolved Python Environment /opt/conda/bin/python
2026-02-28 06:53:19.389 [info] Resolved Python Environment /opt/conda/bin/python
2026-02-28 06:53:51.056 [info] Resolved Python Environment /opt/conda/bin/python
2026-02-28 06:54:22.607 [info] Resolved Python Environment /opt/conda/bin/python
2026-02-28 06:55:23.338 [info] Resolved Python Environment /opt/conda/bin/python
2026-02-28 06:56:57.092 [info] Resolved Python Environment /opt/conda/bin/python
2026-02-28 06:57:29.917 [info] Resolved Python Environment /opt/conda/bin/python
2026-02-28 06:58:12.745 [info] Resolved Python Environment /opt/conda/bin/python
2026-02-28 06:58:44.868 [info] Resolved Python Environment /opt/conda/bin/python
2026-02-28 06:59:26.700 [info] Resolved Python Environment /opt/conda/bin/python
2026-02-28 07:00:09.279 [info] Resolved Python Environment /opt/conda/bin/python
2026-02-28 07:01:56.611 [info] Resolved Python Environment /opt/conda/bin/python
2026-02-28 07:02:38.738 [info] Resolved Python Environment /opt/conda/bin/python
2026-02-28 07:03:18.144 [info] Resolved Python Environment /opt/conda/bin/python
2026-02-28 07:03:50.995 [info] Resolved Python Environment /opt/conda/bin/python
2026-02-28 07:04:23.871 [info] Resolved Python Environment /opt/conda/bin/python
2026-02-28 07:05:04.563 [info] Resolved Python Environment /opt/conda/bin/python
2026-02-28 07:55:55.343 [info] Resolved Python Environment /opt/conda/bin/python
2026-02-28 07:58:17.689 [info] Resolved Python Environment /opt/conda/bin/python
2026-02-28 08:12:44.741 [info] Resolved Python Environment /opt/conda/bin/python
2026-02-28 08:14:08.646 [info] Resolved Python Environment /opt/conda/bin/python
2026-02-28 08:14:44.447 [info] Resolved Python Environment /opt/conda/bin/python
2026-02-28 08:15:16.613 [info] Resolved Python Environment /opt/conda/bin/python
2026-02-28 08:15:54.638 [info] Resolved Python Environment /opt/conda/bin/python
2026-02-28 08:16:28.292 [info] Resolved Python Environment /opt/conda/bin/python
2026-02-28 08:16:59.162 [info] Resolved Python Environment /opt/conda/bin/python
2026-02-28 08:17:50.192 [info] Resolved Python Environment /opt/conda/bin/python
2026-02-28 08:18:21.337 [info] Resolved Python Environment /opt/conda/bin/python
2026-02-28 08:18:51.747 [info] Resolved Python Environment /opt/conda/bin/python
2026-02-28 08:19:31.647 [info] Resolved Python Environment /opt/conda/bin/python
2026-02-28 08:20:12.926 [info] Resolved Python Environment /opt/conda/bin/python
2026-02-28 08:22:21.853 [info] Resolved Python Environment /opt/conda/bin/python
2026-02-28 08:23:29.590 [info] Resolved Python Environment /opt/conda/bin/python
2026-02-28 08:24:01.200 [info] Resolved Python Environment /opt/conda/bin/python
2026-02-28 08:24:40.059 [info] Resolved Python Environment /opt/conda/bin/python
2026-02-28 09:34:41.061 [info] Resolved Python Environment /opt/conda/bin/python
2026-02-28 09:35:11.512 [info] Resolved Python Environment /opt/conda/bin/python
2026-02-28 09:36:28.042 [info] Resolved Python Environment /opt/conda/bin/python
