2026-02-28 05:10:21.133 [info] Native locator: Refresh started
2026-02-28 05:10:21.133 [info] Conda environment manager found at: /opt/conda/bin/conda
2026-02-28 05:10:21.133 [info] Using conda: /opt/conda/bin/conda
2026-02-28 05:10:21.136 [info] Native locator: Refresh finished in 185 ms
2026-02-28 05:10:21.239 [info] Native locator: Refresh started
2026-02-28 05:10:21.266 [info] > /opt/conda/bin/conda info --json
2026-02-28 05:10:21.280 [info] > pyenv which python
2026-02-28 05:10:21.280 [info] cwd: .
2026-02-28 05:10:21.428 [info] Conda environment manager found at: /opt/conda/bin/conda
2026-02-28 05:10:21.428 [info] Conda set to: /opt/conda/bin/conda
2026-02-28 05:10:21.431 [info] Native locator: Refresh finished in 193 ms
2026-02-28 05:10:21.987 [info] Python interpreter path: /opt/conda/bin/python
2026-02-28 05:10:21.988 [info] > /opt/conda/bin/conda config --get auto_activate_base
2026-02-28 05:10:22.010 [info] > /opt/conda/bin/conda run -p /opt/conda --no-capture-output python ~/.vscode/extensions/ms-python.python-2026.2.0-linux-x64/python_files/get_output_via_markers.py ~/.vscode/extensions/ms-python.python-2026.2.0-linux-x64/python_files/printEnvVariables.py
2026-02-28 05:10:22.010 [info] shell: bash
2026-02-28 05:10:22.010 [info] > /opt/conda/bin/conda run -p /opt/conda --no-capture-output python ~/.vscode/extensions/ms-python.python-2026.2.0-linux-x64/python_files/get_output_via_markers.py ~/.vscode/extensions/ms-python.python-2026.2.0-linux-x64/python_files/printEnvVariables.py
2026-02-28 05:10:22.010 [info] shell: bash
2026-02-28 05:10:22.010 [info] > /opt/conda/bin/conda run -p /opt/conda --no-capture-output python ~/.vscode/extensions/ms-python.python-2026.2.0-linux-x64/python_files/get_output_via_markers.py ~/.vscode/extensions/ms-python.python-2026.2.0-linux-x64/python_files/printEnvVariables.py
2026-02-28 05:10:22.010 [info] shell: bash
2026-02-28 05:10:22.010 [info] > /opt/conda/bin/conda run -p /opt/conda --no-capture-output python ~/.vscode/extensions/ms-python.python-2026.2.0-linux-x64/python_files/get_output_via_markers.py ~/.vscode/extensions/ms-python.python-2026.2.0-linux-x64/python_files/printEnvVariables.py
2026-02-28 05:10:22.010 [info] shell: bash
2026-02-28 05:10:23.847 [info] Starting Pylance language server.
2026-02-28 05:10:28.561 [info] Native locator: Refresh started
2026-02-28 05:10:28.581 [info] Conda environment manager found at: /opt/conda/bin/conda
2026-02-28 05:10:28.581 [info] Conda set to: /opt/conda/bin/conda
2026-02-28 05:10:28.655 [info] Native locator: Refresh finished in 93 ms
2026-02-28 05:10:50.549 [info] Active interpreter [/root/capsule/code/260227_landmark_checking.ipynb]:  /opt/conda/bin/python
2026-02-28 05:12:49.169 [info] Active interpreter [/root/capsule/code/step_2_automatic_mapping_for_qc.ipynb]:  /opt/conda/bin/python
2026-02-28 06:18:12.672 [info] Native locator: Refresh started
2026-02-28 06:18:12.697 [info] Native locator: Refresh started
2026-02-28 06:18:12.707 [info] Native locator: Refresh started
2026-02-28 06:18:12.731 [info] > conda info --json
2026-02-28 06:18:12.783 [info] > pyenv which python
2026-02-28 06:18:12.783 [info] cwd: .
2026-02-28 06:18:12.859 [info] Conda environment manager found at: /opt/conda/bin/conda
2026-02-28 06:18:12.859 [info] Using conda: /opt/conda/bin/conda
2026-02-28 06:18:13.451 [info] Native locator: Refresh finished in 1326 ms
2026-02-28 06:18:13.462 [info] > /opt/conda/bin/conda info --json
2026-02-28 06:18:14.152 [info] Python interpreter path: /opt/conda/bin/python
2026-02-28 06:18:14.153 [info] > /opt/conda/bin/conda config --get auto_activate_base
2026-02-28 06:18:14.202 [info] > /opt/conda/bin/conda run -p /opt/conda --no-capture-output python ~/.vscode/extensions/ms-python.python-2026.2.0-linux-x64/python_files/get_output_via_markers.py ~/.vscode/extensions/ms-python.python-2026.2.0-linux-x64/python_files/printEnvVariables.py
2026-02-28 06:18:14.202 [info] shell: bash
2026-02-28 06:18:14.202 [info] > /opt/conda/bin/conda run -p /opt/conda --no-capture-output python ~/.vscode/extensions/ms-python.python-2026.2.0-linux-x64/python_files/get_output_via_markers.py ~/.vscode/extensions/ms-python.python-2026.2.0-linux-x64/python_files/printEnvVariables.py
2026-02-28 06:18:14.202 [info] shell: bash
2026-02-28 06:18:14.202 [info] > /opt/conda/bin/conda run -p /opt/conda --no-capture-output python ~/.vscode/extensions/ms-python.python-2026.2.0-linux-x64/python_files/get_output_via_markers.py ~/.vscode/extensions/ms-python.python-2026.2.0-linux-x64/python_files/printEnvVariables.py
2026-02-28 06:18:14.202 [info] shell: bash
2026-02-28 06:18:14.202 [info] > /opt/conda/bin/conda run -p /opt/conda --no-capture-output python ~/.vscode/extensions/ms-python.python-2026.2.0-linux-x64/python_files/get_output_via_markers.py ~/.vscode/extensions/ms-python.python-2026.2.0-linux-x64/python_files/printEnvVariables.py
2026-02-28 06:18:14.203 [info] shell: bash
2026-02-28 06:18:14.203 [info] > /opt/conda/bin/conda run -p /opt/conda --no-capture-output python ~/.vscode/extensions/ms-python.python-2026.2.0-linux-x64/python_files/get_output_via_markers.py ~/.vscode/extensions/ms-python.python-2026.2.0-linux-x64/python_files/printEnvVariables.py
2026-02-28 06:18:14.203 [info] shell: bash
2026-02-28 06:18:16.100 [info] Starting Pylance language server.
2026-02-28 06:44:09.386 [info] Active interpreter [/root/capsule/code/step_2_automatic_mapping_for_qc.ipynb]:  /opt/conda/bin/python
2026-02-28 06:44:09.401 [info] > /opt/conda/bin/conda run -p /opt/conda --no-capture-output python ~/.vscode/extensions/ms-python.python-2026.2.0-linux-x64/python_files/get_output_via_markers.py ~/.vscode/extensions/ms-python.python-2026.2.0-linux-x64/python_files/printEnvVariables.py
2026-02-28 06:44:09.401 [info] shell: bash
2026-02-28 06:44:09.412 [info] > /opt/conda/bin/conda run -p /opt/conda --no-capture-output python ~/.vscode/extensions/ms-python.python-2026.2.0-linux-x64/python_files/get_output_via_markers.py ~/.vscode/extensions/ms-python.python-2026.2.0-linux-x64/python_files/printEnvVariables.py
2026-02-28 06:44:09.412 [info] shell: bash
2026-02-28 08:14:46.101 [info] Active interpreter [/root/capsule/code/1st_iter_generate_landmarks.ipynb]:  /opt/conda/bin/python
2026-02-28 08:14:46.118 [info] > /opt/conda/bin/conda run -p /opt/conda --no-capture-output python ~/.vscode/extensions/ms-python.python-2026.2.0-linux-x64/python_files/get_output_via_markers.py ~/.vscode/extensions/ms-python.python-2026.2.0-linux-x64/python_files/printEnvVariables.py
2026-02-28 08:14:46.119 [info] shell: bash
2026-02-28 08:14:46.139 [info] > /opt/conda/bin/conda run -p /opt/conda --no-capture-output python ~/.vscode/extensions/ms-python.python-2026.2.0-linux-x64/python_files/get_output_via_markers.py ~/.vscode/extensions/ms-python.python-2026.2.0-linux-x64/python_files/printEnvVariables.py
2026-02-28 08:14:46.139 [info] shell: bash
