
=== 788406 ===
  n_gt=787  n_cz=932  n_hcr_gfp=17427
  CZ seg-mask loaded: shape=(450, 512, 512) xy_um=0.780 z_um=1.000 n_labels=1 med_vol_um3=593372.5 wall=2.7s
  GT pairs with vol info: 0/787
/opt/conda/lib/python3.11/site-packages/zarr/core/metadata/v2.py:190: ZarrUserWarning: Found an empty list of filters in the array metadata document. This is contrary to the Zarr V2 specification, and will cause an error in the future. Use None (or Null in a JSON document) instead of an empty list of filters.
  warnings.warn(msg, ZarrUserWarning, stacklevel=1)
/opt/conda/lib/python3.11/site-packages/zarr/core/metadata/v2.py:190: ZarrUserWarning: Found an empty list of filters in the array metadata document. This is contrary to the Zarr V2 specification, and will cause an error in the future. Use None (or Null in a JSON document) instead of an empty list of filters.
  warnings.warn(msg, ZarrUserWarning, stacklevel=1)
  P1 pairs emitted: 718  wall=57.5s
  log_ratio stats:
    GT-all (from coreg_table):  {'n': 0, 'med': nan, 'iqr': nan, 'p10': nan, 'p90': nan, 'std': nan}
    P1-emitted & GT:            {'n': 0, 'med': nan, 'iqr': nan, 'p10': nan, 'p90': nan, 'std': nan}
    P1-emitted & wrong:         {'n': 0, 'med': nan, 'iqr': nan, 'p10': nan, 'p90': nan, 'std': nan}

=== 755252 ===
  n_gt=639  n_cz=835  n_hcr_gfp=30804
  CZ seg-mask loaded: shape=(450, 512, 512) xy_um=0.780 z_um=1.000 n_labels=1 med_vol_um3=784874.9 wall=3.6s
  755252 FAILED: RuntimeError: subject 755252 has no 'volume' column (no metrics.pickle)
Traceback (most recent call last):
  File "/root/capsule/code/full_automatic_execution_01/sessions/45_iou_augmented_p1/probe_vol_ratio.py", line 172, in main
    rows.append(analyze_subject(subj))
                ^^^^^^^^^^^^^^^^^^^^^
  File "/root/capsule/code/full_automatic_execution_01/sessions/45_iou_augmented_p1/probe_vol_ratio.py", line 106, in analyze_subject
    hcr_vol = hcr_volumes_um3(s)
              ^^^^^^^^^^^^^^^^^^
  File "/root/capsule/code/full_automatic_execution_01/sessions/45_iou_augmented_p1/probe_vol_ratio.py", line 70, in hcr_volumes_um3
    raise RuntimeError(f"subject {s.subject_id} has no 'volume' column (no metrics.pickle)")
RuntimeError: subject 755252 has no 'volume' column (no metrics.pickle)

=== 767022 ===
  n_gt=793  n_cz=926  n_hcr_gfp=14239
  CZ seg-mask loaded: shape=(450, 512, 512) xy_um=0.780 z_um=1.000 n_labels=1 med_vol_um3=847717.8 wall=3.5s
  767022 FAILED: RuntimeError: subject 767022 has no 'volume' column (no metrics.pickle)
Traceback (most recent call last):
  File "/root/capsule/code/full_automatic_execution_01/sessions/45_iou_augmented_p1/probe_vol_ratio.py", line 172, in main
    rows.append(analyze_subject(subj))
                ^^^^^^^^^^^^^^^^^^^^^
  File "/root/capsule/code/full_automatic_execution_01/sessions/45_iou_augmented_p1/probe_vol_ratio.py", line 106, in analyze_subject
    hcr_vol = hcr_volumes_um3(s)
              ^^^^^^^^^^^^^^^^^^
  File "/root/capsule/code/full_automatic_execution_01/sessions/45_iou_augmented_p1/probe_vol_ratio.py", line 70, in hcr_volumes_um3
    raise RuntimeError(f"subject {s.subject_id} has no 'volume' column (no metrics.pickle)")
RuntimeError: subject 767022 has no 'volume' column (no metrics.pickle)


=== SUMMARY ===
subject  n_gt  n_gt_with_vol  gt_log_med  gt_log_iqr  p1_n_pairs  p1_n_gt  p1_gt_log_iqr  p1_wrong_log_iqr
 788406   787              0         NaN         NaN         718      159            NaN               NaN
