=== 788406 — HCR-feature re-ranker diagnostic ===
/opt/conda/lib/python3.11/site-packages/zarr/core/metadata/v2.py:190: ZarrUserWarning: Found an empty list of filters in the array metadata document. This is contrary to the Zarr V2 specification, and will cause an error in the future. Use None (or Null in a JSON document) instead of an empty list of filters.
  warnings.warn(msg, ZarrUserWarning, stacklevel=1)
/opt/conda/lib/python3.11/site-packages/zarr/core/metadata/v2.py:190: ZarrUserWarning: Found an empty list of filters in the array metadata document. This is contrary to the Zarr V2 specification, and will cause an error in the future. Use None (or Null in a JSON document) instead of an empty list of filters.
  warnings.warn(msg, ZarrUserWarning, stacklevel=1)
  putatives built in 52.4s  n_cz=932  n_hcr_gfp=17427  K=5
  HCR feature cols: ['counts', 'volume', 'density']
  GT in top-5: 383/784 (48.9%)
  n_correct_putatives=383 n_wrong_putatives=1532

  feature     | correct_med (IQR) | wrong_med (IQR) | AUC (correct>wrong?)
  ------------|-------------------|-----------------|---------------------
  counts      |        299 (    178) |        280 (    208) | 0.554
  volume      |   1.06e+05 (7.5e+04) |   1.19e+05 (7.63e+04) | 0.437
  density     |    0.00348 (0.00155) |    0.00276 (0.00219) | 0.619
  dist_um     |       42.2 (   25.2) |       61.8 (   30.4) | 0.250
  cos         |    -0.0191 (  0.252) |     0.0181 (  0.273) | 0.449

  LR on within-CZ z-features: AUC=0.794 (in-sample)
  coef mapping:
    z_dist_um            -1.176
    z_cos                -0.099
    z_counts             -0.505
    z_volume             -0.051
    z_density            +0.651
    z_log_counts         +0.754
    z_log_volume         -0.031
    z_log_density        -0.241
  Baseline (z_dist + z_cos only) AUC=0.767
  Lift from HCR features: +0.027
