
=== 788406 ===
/opt/conda/lib/python3.11/site-packages/zarr/core/metadata/v2.py:190: ZarrUserWarning: Found an empty list of filters in the array metadata document. This is contrary to the Zarr V2 specification, and will cause an error in the future. Use None (or Null in a JSON document) instead of an empty list of filters.
  warnings.warn(msg, ZarrUserWarning, stacklevel=1)
/opt/conda/lib/python3.11/site-packages/zarr/core/metadata/v2.py:190: ZarrUserWarning: Found an empty list of filters in the array metadata document. This is contrary to the Zarr V2 specification, and will cause an error in the future. Use None (or Null in a JSON document) instead of an empty list of filters.
  warnings.warn(msg, ZarrUserWarning, stacklevel=1)
/opt/conda/lib/python3.11/site-packages/zarr/core/metadata/v2.py:190: ZarrUserWarning: Found an empty list of filters in the array metadata document. This is contrary to the Zarr V2 specification, and will cause an error in the future. Use None (or Null in a JSON document) instead of an empty list of filters.
  warnings.warn(msg, ZarrUserWarning, stacklevel=1)
  P1 n=727 wall=124.7s
  P4 n=872 wall=14.7s
  p6[cpd_nonrigid]: cz=932 hcr_gfp_total=17427 hcr_crop=4440 (pad=150.0µm)
  p6[cpd_nonrigid]: solver 4.6s rigid_scale=1.000 warped_extent_zyx=[1395.5, 734.7, 724.7]
  P6 n=679 wall=11.5s
  raw_up_P1_P4_P6        r@20=0.263
  raw_up_P4_P1_P6        r@20=0.197
  raw_up_P6_P1_P4        r@20=0.241
  raw_uc3                r@20=0.203
  cal_uc3                r@20=0.264
  C5_auto                r@20=0.263
  C5_auto_cal            r@20=0.263
  cal_uc3_mid_up         r@20=0.263

=== 790322 ===
/opt/conda/lib/python3.11/site-packages/zarr/core/metadata/v2.py:190: ZarrUserWarning: Found an empty list of filters in the array metadata document. This is contrary to the Zarr V2 specification, and will cause an error in the future. Use None (or Null in a JSON document) instead of an empty list of filters.
  warnings.warn(msg, ZarrUserWarning, stacklevel=1)
/opt/conda/lib/python3.11/site-packages/zarr/core/metadata/v2.py:190: ZarrUserWarning: Found an empty list of filters in the array metadata document. This is contrary to the Zarr V2 specification, and will cause an error in the future. Use None (or Null in a JSON document) instead of an empty list of filters.
  warnings.warn(msg, ZarrUserWarning, stacklevel=1)
/opt/conda/lib/python3.11/site-packages/zarr/core/metadata/v2.py:190: ZarrUserWarning: Found an empty list of filters in the array metadata document. This is contrary to the Zarr V2 specification, and will cause an error in the future. Use None (or Null in a JSON document) instead of an empty list of filters.
  warnings.warn(msg, ZarrUserWarning, stacklevel=1)
  P1 n=647 wall=110.6s
  P4 n=790 wall=11.4s
  p6[cpd_nonrigid]: cz=1016 hcr_gfp_total=10131 hcr_crop=2047 (pad=150.0µm)
  p6[cpd_nonrigid]: solver 2.3s rigid_scale=1.000 warped_extent_zyx=[911.3, 693.2, 688.4]
  P6 n=603 wall=8.1s
  raw_up_P1_P4_P6        r@20=0.289
  raw_up_P4_P1_P6        r@20=0.224
  raw_up_P6_P1_P4        r@20=0.276
  raw_uc3                r@20=0.230
  cal_uc3                r@20=0.287
  C5_auto                r@20=0.289
  C5_auto_cal            r@20=0.289
  cal_uc3_mid_up         r@20=0.289

=== 755252 ===
/opt/conda/lib/python3.11/site-packages/zarr/core/metadata/v2.py:190: ZarrUserWarning: Found an empty list of filters in the array metadata document. This is contrary to the Zarr V2 specification, and will cause an error in the future. Use None (or Null in a JSON document) instead of an empty list of filters.
  warnings.warn(msg, ZarrUserWarning, stacklevel=1)
/opt/conda/lib/python3.11/site-packages/zarr/core/metadata/v2.py:190: ZarrUserWarning: Found an empty list of filters in the array metadata document. This is contrary to the Zarr V2 specification, and will cause an error in the future. Use None (or Null in a JSON document) instead of an empty list of filters.
  warnings.warn(msg, ZarrUserWarning, stacklevel=1)
/opt/conda/lib/python3.11/site-packages/zarr/core/metadata/v2.py:190: ZarrUserWarning: Found an empty list of filters in the array metadata document. This is contrary to the Zarr V2 specification, and will cause an error in the future. Use None (or Null in a JSON document) instead of an empty list of filters.
  warnings.warn(msg, ZarrUserWarning, stacklevel=1)
  P1 n=607 wall=105.5s
  P4 n=729 wall=25.8s
  p6[cpd_nonrigid]: cz=835 hcr_gfp_total=30804 hcr_crop=8346 (pad=150.0µm)
  p6[cpd_nonrigid]: solver 6.1s rigid_scale=1.000 warped_extent_zyx=[988.8, 619.0, 624.0]
  P6 n=661 wall=20.5s
  raw_up_P1_P4_P6        r@20=0.066
  raw_up_P4_P1_P6        r@20=0.095
  raw_up_P6_P1_P4        r@20=0.070
  raw_uc3                r@20=0.089
  cal_uc3                r@20=0.077
  C5_auto                r@20=0.095
  C5_auto_cal            r@20=0.095
  cal_uc3_mid_up         r@20=0.077

=== 767022 ===
/opt/conda/lib/python3.11/site-packages/zarr/core/metadata/v2.py:190: ZarrUserWarning: Found an empty list of filters in the array metadata document. This is contrary to the Zarr V2 specification, and will cause an error in the future. Use None (or Null in a JSON document) instead of an empty list of filters.
  warnings.warn(msg, ZarrUserWarning, stacklevel=1)
/opt/conda/lib/python3.11/site-packages/zarr/core/metadata/v2.py:190: ZarrUserWarning: Found an empty list of filters in the array metadata document. This is contrary to the Zarr V2 specification, and will cause an error in the future. Use None (or Null in a JSON document) instead of an empty list of filters.
  warnings.warn(msg, ZarrUserWarning, stacklevel=1)
/opt/conda/lib/python3.11/site-packages/zarr/core/metadata/v2.py:190: ZarrUserWarning: Found an empty list of filters in the array metadata document. This is contrary to the Zarr V2 specification, and will cause an error in the future. Use None (or Null in a JSON document) instead of an empty list of filters.
  warnings.warn(msg, ZarrUserWarning, stacklevel=1)
  P1 n=672 wall=81.3s
  P4 n=747 wall=12.7s
  p6[cpd_nonrigid]: cz=926 hcr_gfp_total=14239 hcr_crop=5184 (pad=150.0µm)
  p6[cpd_nonrigid]: solver 5.3s rigid_scale=1.000 warped_extent_zyx=[1512.4, 781.2, 778.9]
  P6 n=576 wall=11.0s
  raw_up_P1_P4_P6        r@20=0.117
  raw_up_P4_P1_P6        r@20=0.079
  raw_up_P6_P1_P4        r@20=0.092
  raw_uc3                r@20=0.083
  cal_uc3                r@20=0.110
  C5_auto                r@20=0.117
  C5_auto_cal            r@20=0.117
  cal_uc3_mid_up         r@20=0.117

=== 767018 ===
/opt/conda/lib/python3.11/site-packages/zarr/core/metadata/v2.py:190: ZarrUserWarning: Found an empty list of filters in the array metadata document. This is contrary to the Zarr V2 specification, and will cause an error in the future. Use None (or Null in a JSON document) instead of an empty list of filters.
  warnings.warn(msg, ZarrUserWarning, stacklevel=1)
/opt/conda/lib/python3.11/site-packages/zarr/core/metadata/v2.py:190: ZarrUserWarning: Found an empty list of filters in the array metadata document. This is contrary to the Zarr V2 specification, and will cause an error in the future. Use None (or Null in a JSON document) instead of an empty list of filters.
  warnings.warn(msg, ZarrUserWarning, stacklevel=1)
/opt/conda/lib/python3.11/site-packages/zarr/core/metadata/v2.py:190: ZarrUserWarning: Found an empty list of filters in the array metadata document. This is contrary to the Zarr V2 specification, and will cause an error in the future. Use None (or Null in a JSON document) instead of an empty list of filters.
  warnings.warn(msg, ZarrUserWarning, stacklevel=1)
  P1 n=580 wall=114.7s
  P4 n=726 wall=10.7s
  p6[cpd_nonrigid]: cz=785 hcr_gfp_total=9161 hcr_crop=2419 (pad=150.0µm)
  p6[cpd_nonrigid]: solver 2.0s rigid_scale=1.000 warped_extent_zyx=[1480.8, 807.8, 787.5]
  P6 n=497 wall=6.9s
  raw_up_P1_P4_P6        r@20=0.194
  raw_up_P4_P1_P6        r@20=0.308
  raw_up_P6_P1_P4        r@20=0.289
  raw_uc3                r@20=0.315
  cal_uc3                r@20=0.271
  C5_auto                r@20=0.315
  C5_auto_cal            r@20=0.271
  cal_uc3_mid_up         r@20=0.271

=== 782149 ===
/opt/conda/lib/python3.11/site-packages/zarr/core/metadata/v2.py:190: ZarrUserWarning: Found an empty list of filters in the array metadata document. This is contrary to the Zarr V2 specification, and will cause an error in the future. Use None (or Null in a JSON document) instead of an empty list of filters.
  warnings.warn(msg, ZarrUserWarning, stacklevel=1)
/opt/conda/lib/python3.11/site-packages/zarr/core/metadata/v2.py:190: ZarrUserWarning: Found an empty list of filters in the array metadata document. This is contrary to the Zarr V2 specification, and will cause an error in the future. Use None (or Null in a JSON document) instead of an empty list of filters.
  warnings.warn(msg, ZarrUserWarning, stacklevel=1)
/opt/conda/lib/python3.11/site-packages/zarr/core/metadata/v2.py:190: ZarrUserWarning: Found an empty list of filters in the array metadata document. This is contrary to the Zarr V2 specification, and will cause an error in the future. Use None (or Null in a JSON document) instead of an empty list of filters.
  warnings.warn(msg, ZarrUserWarning, stacklevel=1)
  P1 n=415 wall=80.5s
  P4 n=546 wall=8.4s
  p6[cpd_nonrigid]: cz=894 hcr_gfp_total=3831 hcr_crop=962 (pad=150.0µm)
  p6[cpd_nonrigid]: solver 1.3s rigid_scale=1.000 warped_extent_zyx=[1026.5, 770.1, 772.7]
  P6 n=318 wall=6.1s
  raw_up_P1_P4_P6        r@20=0.000
  raw_up_P4_P1_P6        r@20=0.000
  raw_up_P6_P1_P4        r@20=0.000
  raw_uc3                r@20=0.000
  cal_uc3                r@20=0.000
  C5_auto                r@20=0.000
  C5_auto_cal            r@20=0.000
  cal_uc3_mid_up         r@20=0.000

=== SUMMARY ===
  raw_up_P1_P4_P6        sum r@20 = 0.929
  raw_up_P4_P1_P6        sum r@20 = 0.903
  raw_up_P6_P1_P4        sum r@20 = 0.970
  raw_uc3                sum r@20 = 0.921
  cal_uc3                sum r@20 = 1.008
  C5_auto                sum r@20 = 1.080
  C5_auto_cal            sum r@20 = 1.036
  cal_uc3_mid_up         sum r@20 = 1.017

  best_per_subject       sum r@20 = 1.081
    788406: cal_uc3 r@20=0.264
    790322: raw_up_P1_P4_P6 r@20=0.289
    755252: raw_up_P4_P1_P6 r@20=0.095
    767022: raw_up_P1_P4_P6 r@20=0.117
    767018: raw_uc3 r@20=0.315
    782149: raw_up_P1_P4_P6 r@20=0.000

wrote /root/capsule/code/full_automatic_execution_01/sessions/55_f7_calibration/strategy_sweep.csv
