2026-02-27 22:20:32.172 [info] [main] Log level: Info
2026-02-27 22:20:32.172 [info] [main] Validating found git in: "git"
2026-02-27 22:20:32.172 [info] [main] Using git "2.34.1" from "git"
2026-02-27 22:20:32.172 [info] [Model][doInitialScan] Initial repository scan started
2026-02-27 22:20:32.172 [info] > git rev-parse --show-toplevel [9ms]
2026-02-27 22:20:32.172 [info] > git rev-parse --git-dir --git-common-dir --show-superproject-working-tree [3ms]
2026-02-27 22:20:32.172 [info] [Model][openRepository] Opened repository (path): /root/capsule
2026-02-27 22:20:32.172 [info] [Model][openRepository] Opened repository (real path): /root/capsule
2026-02-27 22:20:32.172 [info] [Model][openRepository] Opened repository (kind): repository
2026-02-27 22:20:32.172 [info] > git rev-parse --show-toplevel [3ms]
2026-02-27 22:20:32.172 [info] > git config --get commit.template [6ms]
2026-02-27 22:20:32.172 [info] > git for-each-ref --format=%(refname)%00%(upstream:short)%00%(objectname)%00%(upstream:track)%00%(upstream:remotename)%00%(upstream:remoteref) refs/heads/master refs/remotes/master [27ms]
2026-02-27 22:20:32.172 [info] > git rev-parse --show-toplevel [33ms]
2026-02-27 22:20:32.173 [info] > git rev-parse --show-toplevel [2ms]
2026-02-27 22:20:32.188 [info] > git for-each-ref --sort -committerdate --format %(refname)%00%(objectname)%00%(*objectname) [5ms]
2026-02-27 22:20:32.190 [info] > git rev-parse --show-toplevel [2ms]
2026-02-27 22:20:32.195 [info] > git rev-parse --show-toplevel [1ms]
2026-02-27 22:20:32.201 [info] > git rev-parse --show-toplevel [1ms]
2026-02-27 22:20:32.203 [info] [Model][doInitialScan] Initial repository scan completed - repositories (1), closed repositories (0), parent repositories (0), unsafe repositories (0)
2026-02-27 22:20:32.494 [info] > git status -z -uall [317ms]
2026-02-27 22:20:32.529 [info] > git for-each-ref --format=%(refname)%00%(upstream:short)%00%(objectname)%00%(upstream:track)%00%(upstream:remotename)%00%(upstream:remoteref) refs/heads/master refs/remotes/master [7ms]
2026-02-27 22:20:32.538 [info] > git config --get --local branch.master.vscode-merge-base [3ms]
2026-02-27 22:20:32.538 [warning] [Git][config] git config failed: Failed to execute git
2026-02-27 22:20:32.542 [info] > git config --get commit.template [14ms]
2026-02-27 22:20:32.547 [info] > git reflog master --grep-reflog=branch: Created from *. [5ms]
2026-02-27 22:20:32.551 [info] > git for-each-ref --format=%(refname)%00%(upstream:short)%00%(objectname)%00%(upstream:track)%00%(upstream:remotename)%00%(upstream:remoteref) refs/heads/master refs/remotes/master [4ms]
2026-02-27 22:20:32.560 [info] > git symbolic-ref --short refs/remotes/origin/HEAD [10ms]
2026-02-27 22:20:32.564 [info] > git for-each-ref --sort -committerdate --format %(refname)%00%(objectname)%00%(*objectname) [5ms]
2026-02-27 22:20:32.565 [info] > git for-each-ref --format=%(refname)%00%(upstream:short)%00%(objectname)%00%(upstream:track)%00%(upstream:remotename)%00%(upstream:remoteref) refs/heads/origin/master refs/remotes/origin/master [2ms]
2026-02-27 22:20:32.570 [info] > git config --add --local branch.master.vscode-merge-base origin/master [2ms]
2026-02-27 22:20:32.577 [info] > git status -z -uall [22ms] (cancelled)
2026-02-27 22:20:32.577 [info] > git config --get commit.template [1ms]
2026-02-27 22:20:32.584 [info] > git for-each-ref --format=%(refname)%00%(upstream:short)%00%(objectname)%00%(upstream:track)%00%(upstream:remotename)%00%(upstream:remoteref) refs/heads/master refs/remotes/master [1ms]
2026-02-27 22:20:32.595 [info] > git for-each-ref --sort -committerdate --format %(refname)%00%(objectname)%00%(*objectname) [2ms]
2026-02-27 22:20:32.724 [info] > git check-ignore -v -z --stdin [2ms]
2026-02-27 22:20:32.880 [info] > git status -z -uall [291ms]
2026-02-27 22:20:32.905 [info] > git merge-base refs/heads/master refs/remotes/origin/master [7ms]
2026-02-27 22:20:32.913 [info] > git diff --raw --numstat --diff-filter=ADMR -z --find-renames=50% 4dbc9ae08cf00fc0814ed23ba854b0db0a4e3d7e...refs/remotes/origin/master -- [3ms]
2026-02-27 22:20:32.913 [info] > git merge-base refs/heads/master refs/remotes/origin/master [10ms]
2026-02-27 22:20:32.919 [info] > git diff --raw --numstat --diff-filter=ADMR -z --find-renames=50% 4dbc9ae08cf00fc0814ed23ba854b0db0a4e3d7e...refs/remotes/origin/master -- [1ms]
2026-02-27 22:21:13.933 [info] > git check-ignore -v -z --stdin [1ms]
2026-02-27 22:21:13.969 [info] > git show --textconv :environment/postInstall [7ms]
2026-02-27 22:21:13.970 [info] > git ls-files --stage -- environment/postInstall [2ms]
2026-02-27 22:21:13.977 [info] > git cat-file -s 69bbfe1c5a690b7b552ef0419dc7b3b57a68c166 [2ms]
2026-02-27 22:21:13.999 [info] > git blame --root --incremental 4dbc9ae08cf00fc0814ed23ba854b0db0a4e3d7e -- environment/postInstall [3ms]
2026-02-27 22:21:14.328 [info] > git check-ignore -v -z --stdin [2ms]
2026-02-27 22:21:24.536 [info] > git check-ignore -v -z --stdin [2ms]
2026-02-27 22:21:25.818 [info] > git check-ignore -v -z --stdin [2ms]
2026-02-27 22:21:25.833 [info] > git show --textconv :environment/postInstall.full [7ms]
2026-02-27 22:21:25.834 [info] > git ls-files --stage -- environment/postInstall.full [2ms]
2026-02-27 22:21:25.841 [info] > git cat-file -s 4a5f620e0e1ea0c6551c37c3f4419b7d04546de7 [1ms]
2026-02-27 22:21:29.684 [info] > git blame --root --incremental 4dbc9ae08cf00fc0814ed23ba854b0db0a4e3d7e -- environment/postInstall.full [9ms]
2026-02-27 22:21:32.322 [info] > git check-ignore -v -z --stdin [2ms]
2026-02-27 22:21:32.341 [info] > git show --textconv :environment/postInstall [7ms]
2026-02-27 22:21:32.342 [info] > git ls-files --stage -- environment/postInstall [1ms]
2026-02-27 22:21:32.349 [info] > git cat-file -s 69bbfe1c5a690b7b552ef0419dc7b3b57a68c166 [1ms]
2026-02-27 22:21:40.587 [info] > git check-ignore -v -z --stdin [1ms]
2026-02-27 22:21:40.889 [info] > git check-ignore -v -z --stdin [1ms]
2026-02-27 22:21:43.071 [info] > git check-ignore -v -z --stdin [2ms]
2026-02-27 22:21:52.641 [info] > git check-ignore -v -z --stdin [1ms]
2026-02-27 22:21:52.656 [info] > git show --textconv :environment/postInstall.full [7ms]
2026-02-27 22:21:52.657 [info] > git ls-files --stage -- environment/postInstall.full [2ms]
2026-02-27 22:21:52.664 [info] > git cat-file -s 4a5f620e0e1ea0c6551c37c3f4419b7d04546de7 [1ms]
2026-02-27 22:31:31.710 [info] > git check-ignore -v -z --stdin [2ms]
2026-02-27 22:31:31.726 [info] > git show --textconv :environment/postInstall [7ms]
2026-02-27 22:31:31.727 [info] > git ls-files --stage -- environment/postInstall [2ms]
2026-02-27 22:31:31.733 [info] > git cat-file -s 69bbfe1c5a690b7b552ef0419dc7b3b57a68c166 [1ms]
2026-02-27 22:31:37.439 [info] > git check-ignore -v -z --stdin [1ms]
2026-02-27 22:31:37.453 [info] > git show --textconv :environment/postInstall.full [6ms]
2026-02-27 22:31:37.454 [info] > git ls-files --stage -- environment/postInstall.full [1ms]
2026-02-27 22:31:37.462 [info] > git cat-file -s 4a5f620e0e1ea0c6551c37c3f4419b7d04546de7 [1ms]
2026-02-27 22:31:43.566 [info] > git check-ignore -v -z --stdin [1ms]
2026-02-27 22:31:43.582 [info] > git show --textconv :environment/postInstall [7ms]
2026-02-27 22:31:43.583 [info] > git ls-files --stage -- environment/postInstall [2ms]
2026-02-27 22:31:43.590 [info] > git cat-file -s 69bbfe1c5a690b7b552ef0419dc7b3b57a68c166 [1ms]
2026-02-27 22:31:48.883 [info] > git check-ignore -v -z --stdin [2ms]
2026-02-27 22:31:56.511 [info] > git check-ignore -v -z --stdin [2ms]
2026-02-27 22:31:58.024 [info] > git check-ignore -v -z --stdin [2ms]
2026-02-27 22:32:01.085 [info] > git check-ignore -v -z --stdin [2ms]
2026-02-27 22:32:02.949 [info] > git check-ignore -v -z --stdin [1ms]
