2026-03-02 16:23:53.716 [info] Reading sessions from keychain...
2026-03-02 16:23:53.717 [info] Getting sessions for all scopes...
2026-03-02 16:23:57.489 [info] Got 0 sessions for ...
2026-03-02 16:23:57.489 [info] Reading sessions from keychain...
2026-03-02 16:23:57.490 [info] Getting sessions for all scopes...
2026-03-02 16:23:57.501 [info] Got 0 sessions for ...
2026-03-02 16:23:57.501 [info] Getting sessions for all scopes...
2026-03-02 16:23:57.501 [info] Got 0 sessions for ...
2026-03-02 16:23:57.501 [info] Getting sessions for all scopes...
2026-03-02 16:23:57.501 [info] Got 0 sessions for ...
2026-03-02 16:23:57.501 [info] Getting sessions for all scopes...
2026-03-02 16:23:57.501 [info] Got 0 sessions for ...
2026-03-02 16:23:57.545 [info] Getting sessions for all scopes...
2026-03-02 16:23:57.545 [info] Got 0 sessions for ...
2026-03-02 16:23:59.818 [info] Getting sessions for all scopes...
2026-03-02 16:23:59.818 [info] Got 0 sessions for ...
2026-03-02 16:46:31.552 [info] Getting sessions for all scopes...
2026-03-02 16:46:31.552 [info] Got 0 sessions for ...
2026-03-02 16:46:31.552 [info] Getting sessions for all scopes...
2026-03-02 16:46:31.552 [info] Got 0 sessions for ...
2026-03-02 16:46:31.616 [info] Getting sessions for user:email...
2026-03-02 16:46:31.616 [info] Got 0 sessions for user:email...
2026-03-02 16:46:31.616 [info] Getting sessions for read:user,repo,user:email,workflow...
2026-03-02 16:46:31.616 [info] Got 0 sessions for read:user,repo,user:email,workflow...
2026-03-02 16:46:31.643 [info] Getting sessions for all scopes...
2026-03-02 16:46:31.643 [info] Got 0 sessions for ...
2026-03-02 16:46:31.644 [info] Getting sessions for user:email...
2026-03-02 16:46:31.644 [info] Got 0 sessions for user:email...
2026-03-02 16:46:31.773 [info] Getting sessions for all scopes...
2026-03-02 16:46:31.773 [info] Got 0 sessions for ...
2026-03-02 16:46:31.773 [info] Getting sessions for all scopes...
2026-03-02 16:46:31.773 [info] Got 0 sessions for ...
2026-03-02 16:46:31.776 [info] Getting sessions for read:user,repo,user:email,workflow...
2026-03-02 16:46:31.776 [info] Got 0 sessions for read:user,repo,user:email,workflow...
2026-03-02 16:46:31.776 [info] Getting sessions for user:email...
2026-03-02 16:46:31.776 [info] Got 0 sessions for user:email...
2026-03-02 16:46:32.511 [info] Getting sessions for all scopes...
2026-03-02 16:46:32.511 [info] Got 0 sessions for ...
2026-03-02 16:46:32.537 [info] Getting sessions for all scopes...
2026-03-02 16:46:32.537 [info] Got 0 sessions for ...
2026-03-02 16:46:32.537 [info] Getting sessions for all scopes...
2026-03-02 16:46:32.537 [info] Got 0 sessions for ...
2026-03-02 16:46:32.543 [info] Getting sessions for all scopes...
2026-03-02 16:46:32.543 [info] Got 0 sessions for ...
2026-03-02 16:46:32.562 [info] Getting sessions for user:email...
2026-03-02 16:46:32.562 [info] Got 0 sessions for user:email...
2026-03-02 16:46:32.562 [info] Getting sessions for read:user,repo,user:email,workflow...
2026-03-02 16:46:32.562 [info] Got 0 sessions for read:user,repo,user:email,workflow...
2026-03-02 16:46:32.568 [info] Getting sessions for all scopes...
2026-03-02 16:46:32.568 [info] Got 0 sessions for ...
2026-03-02 16:46:32.569 [info] Getting sessions for all scopes...
2026-03-02 16:46:32.569 [info] Got 0 sessions for ...
2026-03-02 16:46:32.578 [info] Getting sessions for read:user,repo,user:email,workflow...
2026-03-02 16:46:32.578 [info] Got 0 sessions for read:user,repo,user:email,workflow...
2026-03-02 16:46:32.578 [info] Getting sessions for user:email...
2026-03-02 16:46:32.578 [info] Got 0 sessions for user:email...
2026-03-02 16:46:36.955 [info] Logging in with 'any' account...
2026-03-02 16:46:36.955 [info] Logging in for the following scopes: read:user repo user:email workflow
2026-03-02 16:46:37.017 [info] Trying with local server... (read:user repo user:email workflow)
2026-03-02 16:47:35.482 [info] Exchanging code for token...
2026-03-02 16:47:36.486 [info] Token exchange success!
2026-03-02 16:47:36.487 [info] Getting user info...
2026-03-02 16:47:36.711 [info] Got account info!
2026-03-02 16:47:36.712 [info] Storing 1 sessions...
2026-03-02 16:47:36.714 [info] Reading sessions from keychain...
2026-03-02 16:47:36.714 [info] Stored 1 sessions!
2026-03-02 16:47:36.714 [info] Login success!
2026-03-02 16:47:36.717 [info] Got stored sessions!
2026-03-02 16:47:36.717 [info] Got 1 verified sessions.
2026-03-02 16:47:36.717 [info] Getting sessions for all scopes...
2026-03-02 16:47:36.718 [info] Got 1 sessions for ...
2026-03-02 16:47:36.718 [info] Getting sessions for all scopes...
2026-03-02 16:47:36.718 [info] Got 1 sessions for ...
2026-03-02 16:47:36.720 [info] Getting sessions for read:user,repo,user:email,workflow...
2026-03-02 16:47:36.720 [info] Got 1 sessions for read:user,repo,user:email,workflow...
2026-03-02 16:47:36.729 [info] Getting sessions for all scopes...
2026-03-02 16:47:36.729 [info] Got 1 sessions for ...
2026-03-02 16:47:36.730 [info] Getting sessions for read:user,repo,user:email,workflow...
2026-03-02 16:47:36.730 [info] Got 1 sessions for read:user,repo,user:email,workflow...
2026-03-02 16:47:36.816 [info] Getting sessions for all scopes...
2026-03-02 16:47:36.816 [info] Got 1 sessions for ...
2026-03-02 16:47:36.816 [info] Getting sessions for all scopes...
2026-03-02 16:47:36.817 [info] Got 1 sessions for ...
2026-03-02 16:47:36.926 [info] FetcherService: Electron fetch failed with status: 429 
2026-03-02 16:47:36.926 [info] Unable to resolve optional EDU details. Status: 429 
2026-03-02 16:47:37.308 [info] Getting sessions for all scopes...
2026-03-02 16:47:37.308 [info] Got 1 sessions for ...
2026-03-02 16:47:37.308 [info] Getting sessions for all scopes...
2026-03-02 16:47:37.308 [info] Got 1 sessions for ...
2026-03-02 16:47:37.338 [info] Getting sessions for read:user,repo,user:email,workflow...
2026-03-02 16:47:37.338 [info] Got 1 sessions for read:user,repo,user:email,workflow...
2026-03-02 16:47:37.345 [info] Getting sessions for all scopes...
2026-03-02 16:47:37.345 [info] Got 1 sessions for ...
2026-03-02 16:47:37.345 [info] Getting sessions for all scopes...
2026-03-02 16:47:37.345 [info] Got 1 sessions for ...
2026-03-02 16:47:37.346 [info] Getting sessions for read:user,repo,user:email,workflow...
2026-03-02 16:47:37.346 [info] Got 1 sessions for read:user,repo,user:email,workflow...
2026-03-02 16:47:37.525 [info] Getting sessions for all scopes...
2026-03-02 16:47:37.525 [info] Got 1 sessions for ...
2026-03-02 16:47:37.525 [info] Getting sessions for read:user,repo,user:email,workflow...
2026-03-02 16:47:37.525 [info] Got 1 sessions for read:user,repo,user:email,workflow...
2026-03-02 16:47:37.837 [info] Getting sessions for all scopes...
2026-03-02 16:47:37.837 [info] Got 1 sessions for ...
2026-03-02 16:47:37.838 [info] Getting sessions for read:user,repo,user:email,workflow...
2026-03-02 16:47:37.838 [info] Got 1 sessions for read:user,repo,user:email,workflow...
2026-03-02 16:49:03.618 [info] Getting sessions for all scopes...
2026-03-02 16:49:03.618 [info] Got 1 sessions for ...
2026-03-02 16:49:03.619 [info] Getting sessions for all scopes...
2026-03-02 16:49:03.619 [info] Got 1 sessions for ...
2026-03-02 16:52:51.171 [info] Getting sessions for all scopes...
2026-03-02 16:52:51.171 [info] Got 1 sessions for ...
2026-03-02 16:52:51.172 [info] Getting sessions for read:user,repo,user:email,workflow...
2026-03-02 16:52:51.172 [info] Got 1 sessions for read:user,repo,user:email,workflow...
2026-03-02 17:03:46.256 [info] Getting sessions for all scopes...
2026-03-02 17:03:46.256 [info] Got 1 sessions for ...
2026-03-02 17:03:46.257 [info] Getting sessions for read:user,repo,user:email,workflow...
2026-03-02 17:03:46.257 [info] Got 1 sessions for read:user,repo,user:email,workflow...
2026-03-02 17:03:54.656 [info] Getting sessions for all scopes...
2026-03-02 17:03:54.656 [info] Got 1 sessions for ...
2026-03-02 17:03:54.657 [info] Getting sessions for read:user,repo,user:email,workflow...
2026-03-02 17:03:54.657 [info] Got 1 sessions for read:user,repo,user:email,workflow...
2026-03-02 17:04:00.931 [info] Getting sessions for all scopes...
2026-03-02 17:04:00.931 [info] Got 1 sessions for ...
2026-03-02 17:04:01.005 [info] Getting sessions for read:user,repo,user:email,workflow...
2026-03-02 17:04:01.005 [info] Got 1 sessions for read:user,repo,user:email,workflow...
2026-03-02 17:04:05.529 [info] Getting sessions for all scopes...
2026-03-02 17:04:05.529 [info] Got 1 sessions for ...
2026-03-02 17:04:05.530 [info] Getting sessions for read:user,repo,user:email,workflow...
2026-03-02 17:04:05.530 [info] Got 1 sessions for read:user,repo,user:email,workflow...
2026-03-02 17:07:59.077 [info] Getting sessions for all scopes...
2026-03-02 17:07:59.077 [info] Got 1 sessions for ...
2026-03-02 17:07:59.079 [info] Getting sessions for read:user,repo,user:email,workflow...
2026-03-02 17:07:59.079 [info] Got 1 sessions for read:user,repo,user:email,workflow...
2026-03-02 17:08:02.860 [info] Getting sessions for all scopes...
2026-03-02 17:08:02.860 [info] Got 1 sessions for ...
2026-03-02 17:08:02.861 [info] Getting sessions for read:user,repo,user:email,workflow...
2026-03-02 17:08:02.861 [info] Got 1 sessions for read:user,repo,user:email,workflow...
2026-03-02 17:08:06.578 [info] Getting sessions for all scopes...
2026-03-02 17:08:06.578 [info] Got 1 sessions for ...
2026-03-02 17:08:06.580 [info] Getting sessions for read:user,repo,user:email,workflow...
2026-03-02 17:08:06.580 [info] Got 1 sessions for read:user,repo,user:email,workflow...
2026-03-02 17:08:13.565 [info] Getting sessions for all scopes...
2026-03-02 17:08:13.565 [info] Got 1 sessions for ...
2026-03-02 17:08:13.575 [info] Getting sessions for read:user,repo,user:email,workflow...
2026-03-02 17:08:13.575 [info] Got 1 sessions for read:user,repo,user:email,workflow...
2026-03-02 17:08:16.210 [info] Getting sessions for all scopes...
2026-03-02 17:08:16.211 [info] Got 1 sessions for ...
2026-03-02 17:08:16.211 [info] Getting sessions for read:user,repo,user:email,workflow...
2026-03-02 17:08:16.211 [info] Got 1 sessions for read:user,repo,user:email,workflow...
2026-03-02 17:08:19.759 [info] Getting sessions for all scopes...
2026-03-02 17:08:19.759 [info] Got 1 sessions for ...
2026-03-02 17:08:19.760 [info] Getting sessions for read:user,repo,user:email,workflow...
2026-03-02 17:08:19.760 [info] Got 1 sessions for read:user,repo,user:email,workflow...
2026-03-02 17:08:49.034 [info] Getting sessions for all scopes...
2026-03-02 17:08:49.034 [info] Got 1 sessions for ...
2026-03-02 17:08:49.034 [info] Getting sessions for all scopes...
2026-03-02 17:08:49.034 [info] Got 1 sessions for ...
2026-03-02 17:08:49.050 [info] Getting sessions for read:user,repo,user:email,workflow...
2026-03-02 17:08:49.050 [info] Got 1 sessions for read:user,repo,user:email,workflow...
2026-03-02 17:08:49.531 [info] Getting sessions for all scopes...
2026-03-02 17:08:49.531 [info] Got 1 sessions for ...
2026-03-02 17:08:49.532 [info] Getting sessions for all scopes...
2026-03-02 17:08:49.532 [info] Got 1 sessions for ...
2026-03-02 17:08:49.535 [info] Getting sessions for read:user,repo,user:email,workflow...
2026-03-02 17:08:49.535 [info] Got 1 sessions for read:user,repo,user:email,workflow...
2026-03-02 17:08:49.549 [info] Getting sessions for all scopes...
2026-03-02 17:08:49.549 [info] Got 1 sessions for ...
2026-03-02 17:08:49.551 [info] Getting sessions for read:user,repo,user:email,workflow...
2026-03-02 17:08:49.551 [info] Got 1 sessions for read:user,repo,user:email,workflow...
2026-03-02 17:08:52.709 [info] Getting sessions for all scopes...
2026-03-02 17:08:52.709 [info] Got 1 sessions for ...
2026-03-02 17:08:52.764 [info] Getting sessions for read:user,repo,user:email,workflow...
2026-03-02 17:08:52.764 [info] Got 1 sessions for read:user,repo,user:email,workflow...
2026-03-02 17:09:10.314 [info] Getting sessions for all scopes...
2026-03-02 17:09:10.314 [info] Got 1 sessions for ...
2026-03-02 17:09:10.348 [info] Getting sessions for read:user,repo,user:email,workflow...
2026-03-02 17:09:10.348 [info] Got 1 sessions for read:user,repo,user:email,workflow...
2026-03-02 17:09:16.669 [info] Getting sessions for all scopes...
2026-03-02 17:09:16.669 [info] Got 1 sessions for ...
2026-03-02 17:09:16.749 [info] Getting sessions for read:user,repo,user:email,workflow...
2026-03-02 17:09:16.749 [info] Got 1 sessions for read:user,repo,user:email,workflow...
2026-03-02 17:09:24.804 [info] Getting sessions for all scopes...
2026-03-02 17:09:24.804 [info] Got 1 sessions for ...
2026-03-02 17:09:24.900 [info] Getting sessions for read:user,repo,user:email,workflow...
2026-03-02 17:09:24.900 [info] Got 1 sessions for read:user,repo,user:email,workflow...
2026-03-02 17:09:34.415 [info] Getting sessions for all scopes...
2026-03-02 17:09:34.415 [info] Got 1 sessions for ...
2026-03-02 17:09:34.464 [info] Getting sessions for read:user,repo,user:email,workflow...
2026-03-02 17:09:34.464 [info] Got 1 sessions for read:user,repo,user:email,workflow...
2026-03-02 17:10:18.777 [info] Getting sessions for all scopes...
2026-03-02 17:10:18.777 [info] Got 1 sessions for ...
2026-03-02 17:10:18.778 [info] Getting sessions for read:user,repo,user:email,workflow...
2026-03-02 17:10:18.778 [info] Got 1 sessions for read:user,repo,user:email,workflow...
2026-03-02 17:10:24.907 [info] Getting sessions for all scopes...
2026-03-02 17:10:24.907 [info] Got 1 sessions for ...
2026-03-02 17:10:24.908 [info] Getting sessions for read:user,repo,user:email,workflow...
2026-03-02 17:10:24.908 [info] Got 1 sessions for read:user,repo,user:email,workflow...
2026-03-02 17:10:31.181 [info] Getting sessions for all scopes...
2026-03-02 17:10:31.181 [info] Got 1 sessions for ...
2026-03-02 17:10:31.198 [info] Getting sessions for read:user,repo,user:email,workflow...
2026-03-02 17:10:31.198 [info] Got 1 sessions for read:user,repo,user:email,workflow...
2026-03-02 17:10:31.205 [info] Getting sessions for all scopes...
2026-03-02 17:10:31.205 [info] Got 1 sessions for ...
2026-03-02 17:10:31.206 [info] Getting sessions for read:user,repo,user:email,workflow...
2026-03-02 17:10:31.206 [info] Got 1 sessions for read:user,repo,user:email,workflow...
2026-03-02 17:10:36.344 [info] Getting sessions for all scopes...
2026-03-02 17:10:36.344 [info] Got 1 sessions for ...
2026-03-02 17:10:36.345 [info] Getting sessions for read:user,repo,user:email,workflow...
2026-03-02 17:10:36.345 [info] Got 1 sessions for read:user,repo,user:email,workflow...
2026-03-02 17:10:36.354 [info] Getting sessions for all scopes...
2026-03-02 17:10:36.354 [info] Got 1 sessions for ...
2026-03-02 17:10:36.355 [info] Getting sessions for read:user,repo,user:email,workflow...
2026-03-02 17:10:36.355 [info] Got 1 sessions for read:user,repo,user:email,workflow...
2026-03-02 17:10:38.320 [info] Getting sessions for all scopes...
2026-03-02 17:10:38.320 [info] Got 1 sessions for ...
2026-03-02 17:10:38.324 [info] Getting sessions for read:user,repo,user:email,workflow...
2026-03-02 17:10:38.324 [info] Got 1 sessions for read:user,repo,user:email,workflow...
2026-03-02 17:10:38.347 [info] Getting sessions for all scopes...
2026-03-02 17:10:38.347 [info] Got 1 sessions for ...
2026-03-02 17:10:38.348 [info] Getting sessions for read:user,repo,user:email,workflow...
2026-03-02 17:10:38.348 [info] Got 1 sessions for read:user,repo,user:email,workflow...
2026-03-02 17:16:15.801 [info] Getting sessions for all scopes...
2026-03-02 17:16:15.801 [info] Got 1 sessions for ...
2026-03-02 17:16:15.802 [info] Getting sessions for read:user,repo,user:email,workflow...
2026-03-02 17:16:15.802 [info] Got 1 sessions for read:user,repo,user:email,workflow...
2026-03-02 17:16:17.240 [info] Getting sessions for all scopes...
2026-03-02 17:16:17.240 [info] Got 1 sessions for ...
2026-03-02 17:16:17.241 [info] Getting sessions for read:user,repo,user:email,workflow...
2026-03-02 17:16:17.241 [info] Got 1 sessions for read:user,repo,user:email,workflow...
2026-03-02 17:16:17.245 [info] Getting sessions for all scopes...
2026-03-02 17:16:17.245 [info] Got 1 sessions for ...
2026-03-02 17:16:17.246 [info] Getting sessions for read:user,repo,user:email,workflow...
2026-03-02 17:16:17.246 [info] Got 1 sessions for read:user,repo,user:email,workflow...
2026-03-02 17:16:30.860 [info] Getting sessions for all scopes...
2026-03-02 17:16:30.860 [info] Got 1 sessions for ...
2026-03-02 17:16:30.861 [info] Getting sessions for read:user,repo,user:email,workflow...
2026-03-02 17:16:30.861 [info] Got 1 sessions for read:user,repo,user:email,workflow...
2026-03-02 17:16:30.865 [info] Getting sessions for all scopes...
2026-03-02 17:16:30.865 [info] Got 1 sessions for ...
2026-03-02 17:16:30.866 [info] Getting sessions for read:user,repo,user:email,workflow...
2026-03-02 17:16:30.866 [info] Got 1 sessions for read:user,repo,user:email,workflow...
2026-03-02 17:16:35.050 [info] Getting sessions for all scopes...
2026-03-02 17:16:35.050 [info] Got 1 sessions for ...
2026-03-02 17:16:35.055 [info] Getting sessions for read:user,repo,user:email,workflow...
2026-03-02 17:16:35.055 [info] Got 1 sessions for read:user,repo,user:email,workflow...
2026-03-02 17:16:35.060 [info] Getting sessions for all scopes...
2026-03-02 17:16:35.060 [info] Got 1 sessions for ...
2026-03-02 17:16:35.060 [info] Getting sessions for read:user,repo,user:email,workflow...
2026-03-02 17:16:35.061 [info] Got 1 sessions for read:user,repo,user:email,workflow...
2026-03-02 17:17:06.019 [info] Getting sessions for all scopes...
2026-03-02 17:17:06.019 [info] Got 1 sessions for ...
2026-03-02 17:17:06.169 [info] Getting sessions for read:user,repo,user:email,workflow...
2026-03-02 17:17:06.169 [info] Got 1 sessions for read:user,repo,user:email,workflow...
2026-03-02 17:17:06.176 [info] Getting sessions for all scopes...
2026-03-02 17:17:06.176 [info] Got 1 sessions for ...
2026-03-02 17:17:06.178 [info] Getting sessions for read:user,repo,user:email,workflow...
2026-03-02 17:17:06.178 [info] Got 1 sessions for read:user,repo,user:email,workflow...
2026-03-02 17:17:13.811 [info] Getting sessions for all scopes...
2026-03-02 17:17:13.812 [info] Got 1 sessions for ...
2026-03-02 17:17:13.812 [info] Getting sessions for read:user,repo,user:email,workflow...
2026-03-02 17:17:13.812 [info] Got 1 sessions for read:user,repo,user:email,workflow...
2026-03-02 17:17:13.823 [info] Getting sessions for all scopes...
2026-03-02 17:17:13.823 [info] Got 1 sessions for ...
2026-03-02 17:17:13.823 [info] Getting sessions for read:user,repo,user:email,workflow...
2026-03-02 17:17:13.823 [info] Got 1 sessions for read:user,repo,user:email,workflow...
2026-03-02 17:17:45.887 [info] Getting sessions for all scopes...
2026-03-02 17:17:45.887 [info] Got 1 sessions for ...
2026-03-02 17:17:46.015 [info] Getting sessions for read:user,repo,user:email,workflow...
2026-03-02 17:17:46.015 [info] Got 1 sessions for read:user,repo,user:email,workflow...
2026-03-02 17:17:46.022 [info] Getting sessions for all scopes...
2026-03-02 17:17:46.022 [info] Got 1 sessions for ...
2026-03-02 17:17:46.023 [info] Getting sessions for read:user,repo,user:email,workflow...
2026-03-02 17:17:46.023 [info] Got 1 sessions for read:user,repo,user:email,workflow...
2026-03-02 17:17:49.198 [info] Getting sessions for all scopes...
2026-03-02 17:17:49.199 [info] Got 1 sessions for ...
2026-03-02 17:17:49.207 [info] Getting sessions for read:user,repo,user:email,workflow...
2026-03-02 17:17:49.207 [info] Got 1 sessions for read:user,repo,user:email,workflow...
2026-03-02 17:17:52.045 [info] Getting sessions for all scopes...
2026-03-02 17:17:52.045 [info] Got 1 sessions for ...
2026-03-02 17:17:52.046 [info] Getting sessions for read:user,repo,user:email,workflow...
2026-03-02 17:17:52.046 [info] Got 1 sessions for read:user,repo,user:email,workflow...
2026-03-02 17:17:52.054 [info] Getting sessions for all scopes...
2026-03-02 17:17:52.054 [info] Got 1 sessions for ...
2026-03-02 17:17:52.055 [info] Getting sessions for read:user,repo,user:email,workflow...
2026-03-02 17:17:52.055 [info] Got 1 sessions for read:user,repo,user:email,workflow...
2026-03-02 17:19:46.739 [info] Getting sessions for all scopes...
2026-03-02 17:19:46.739 [info] Got 1 sessions for ...
2026-03-02 17:19:46.740 [info] Getting sessions for read:user,repo,user:email,workflow...
2026-03-02 17:19:46.740 [info] Got 1 sessions for read:user,repo,user:email,workflow...
2026-03-02 17:19:46.748 [info] Getting sessions for all scopes...
2026-03-02 17:19:46.748 [info] Got 1 sessions for ...
2026-03-02 17:19:46.748 [info] Getting sessions for read:user,repo,user:email,workflow...
2026-03-02 17:19:46.748 [info] Got 1 sessions for read:user,repo,user:email,workflow...
2026-03-02 17:19:59.268 [info] Getting sessions for all scopes...
2026-03-02 17:19:59.268 [info] Got 1 sessions for ...
2026-03-02 17:19:59.269 [info] Getting sessions for read:user,repo,user:email,workflow...
2026-03-02 17:19:59.269 [info] Got 1 sessions for read:user,repo,user:email,workflow...
2026-03-02 17:19:59.272 [info] Getting sessions for all scopes...
2026-03-02 17:19:59.272 [info] Got 1 sessions for ...
2026-03-02 17:19:59.273 [info] Getting sessions for read:user,repo,user:email,workflow...
2026-03-02 17:19:59.273 [info] Got 1 sessions for read:user,repo,user:email,workflow...
2026-03-02 17:20:12.157 [info] Getting sessions for all scopes...
2026-03-02 17:20:12.157 [info] Got 1 sessions for ...
2026-03-02 17:20:12.157 [info] Getting sessions for all scopes...
2026-03-02 17:20:12.157 [info] Got 1 sessions for ...
2026-03-02 17:20:26.192 [info] Getting sessions for all scopes...
2026-03-02 17:20:26.192 [info] Got 1 sessions for ...
2026-03-02 17:20:26.204 [info] Getting sessions for read:user,repo,user:email,workflow...
2026-03-02 17:20:26.205 [info] Got 1 sessions for read:user,repo,user:email,workflow...
2026-03-02 17:20:26.227 [info] Getting sessions for all scopes...
2026-03-02 17:20:26.227 [info] Got 1 sessions for ...
2026-03-02 17:20:26.251 [info] Getting sessions for read:user,repo,user:email,workflow...
2026-03-02 17:20:26.251 [info] Got 1 sessions for read:user,repo,user:email,workflow...
2026-03-02 17:20:37.371 [info] Getting sessions for all scopes...
2026-03-02 17:20:37.371 [info] Got 1 sessions for ...
2026-03-02 17:20:37.372 [info] Getting sessions for read:user,repo,user:email,workflow...
2026-03-02 17:20:37.372 [info] Got 1 sessions for read:user,repo,user:email,workflow...
2026-03-02 17:20:37.381 [info] Getting sessions for all scopes...
2026-03-02 17:20:37.381 [info] Got 1 sessions for ...
2026-03-02 17:20:37.382 [info] Getting sessions for read:user,repo,user:email,workflow...
2026-03-02 17:20:37.382 [info] Got 1 sessions for read:user,repo,user:email,workflow...
2026-03-02 17:23:16.462 [info] Getting sessions for all scopes...
2026-03-02 17:23:16.462 [info] Got 1 sessions for ...
2026-03-02 17:23:16.463 [info] Getting sessions for read:user,repo,user:email,workflow...
2026-03-02 17:23:16.463 [info] Got 1 sessions for read:user,repo,user:email,workflow...
2026-03-02 17:23:16.467 [info] Getting sessions for all scopes...
2026-03-02 17:23:16.467 [info] Got 1 sessions for ...
2026-03-02 17:23:16.470 [info] Getting sessions for read:user,repo,user:email,workflow...
2026-03-02 17:23:16.470 [info] Got 1 sessions for read:user,repo,user:email,workflow...
2026-03-02 17:23:25.748 [info] Getting sessions for all scopes...
2026-03-02 17:23:25.748 [info] Got 1 sessions for ...
2026-03-02 17:23:25.749 [info] Getting sessions for read:user,repo,user:email,workflow...
2026-03-02 17:23:25.749 [info] Got 1 sessions for read:user,repo,user:email,workflow...
2026-03-02 17:23:25.755 [info] Getting sessions for all scopes...
2026-03-02 17:23:25.755 [info] Got 1 sessions for ...
2026-03-02 17:23:25.756 [info] Getting sessions for read:user,repo,user:email,workflow...
2026-03-02 17:23:25.756 [info] Got 1 sessions for read:user,repo,user:email,workflow...
2026-03-02 17:23:38.562 [info] Getting sessions for all scopes...
2026-03-02 17:23:38.562 [info] Got 1 sessions for ...
2026-03-02 17:23:38.649 [info] Getting sessions for read:user,repo,user:email,workflow...
2026-03-02 17:23:38.650 [info] Got 1 sessions for read:user,repo,user:email,workflow...
2026-03-02 17:23:38.657 [info] Getting sessions for all scopes...
2026-03-02 17:23:38.657 [info] Got 1 sessions for ...
2026-03-02 17:23:38.658 [info] Getting sessions for read:user,repo,user:email,workflow...
2026-03-02 17:23:38.658 [info] Got 1 sessions for read:user,repo,user:email,workflow...
2026-03-02 17:23:44.310 [info] Getting sessions for all scopes...
2026-03-02 17:23:44.310 [info] Got 1 sessions for ...
2026-03-02 17:23:44.311 [info] Getting sessions for read:user,repo,user:email,workflow...
2026-03-02 17:23:44.311 [info] Got 1 sessions for read:user,repo,user:email,workflow...
2026-03-02 17:23:44.315 [info] Getting sessions for all scopes...
2026-03-02 17:23:44.315 [info] Got 1 sessions for ...
2026-03-02 17:23:44.316 [info] Getting sessions for read:user,repo,user:email,workflow...
2026-03-02 17:23:44.316 [info] Got 1 sessions for read:user,repo,user:email,workflow...
2026-03-02 17:23:44.319 [info] Getting sessions for all scopes...
2026-03-02 17:23:44.319 [info] Got 1 sessions for ...
2026-03-02 17:23:44.320 [info] Getting sessions for read:user,repo,user:email,workflow...
2026-03-02 17:23:44.320 [info] Got 1 sessions for read:user,repo,user:email,workflow...
2026-03-02 17:29:50.540 [info] Getting sessions for all scopes...
2026-03-02 17:29:50.540 [info] Got 1 sessions for ...
2026-03-02 17:29:50.541 [info] Getting sessions for read:user,repo,user:email,workflow...
2026-03-02 17:29:50.541 [info] Got 1 sessions for read:user,repo,user:email,workflow...
2026-03-02 17:29:51.044 [info] Getting sessions for all scopes...
2026-03-02 17:29:51.044 [info] Got 1 sessions for ...
2026-03-02 17:29:51.044 [info] Getting sessions for all scopes...
2026-03-02 17:29:51.044 [info] Got 1 sessions for ...
2026-03-02 17:29:51.045 [info] Getting sessions for read:user,repo,user:email,workflow...
2026-03-02 17:29:51.045 [info] Got 1 sessions for read:user,repo,user:email,workflow...
2026-03-02 17:29:51.050 [info] Getting sessions for all scopes...
2026-03-02 17:29:51.050 [info] Got 1 sessions for ...
2026-03-02 17:29:51.051 [info] Getting sessions for read:user,repo,user:email,workflow...
2026-03-02 17:29:51.051 [info] Got 1 sessions for read:user,repo,user:email,workflow...
2026-03-02 17:48:22.934 [info] Getting sessions for all scopes...
2026-03-02 17:48:22.934 [info] Got 1 sessions for ...
2026-03-02 17:48:22.935 [info] Getting sessions for read:user,repo,user:email,workflow...
2026-03-02 17:48:22.935 [info] Got 1 sessions for read:user,repo,user:email,workflow...
2026-03-02 17:50:57.115 [info] Getting sessions for all scopes...
2026-03-02 17:50:57.115 [info] Got 1 sessions for ...
2026-03-02 17:50:57.116 [info] Getting sessions for read:user,repo,user:email,workflow...
2026-03-02 17:50:57.116 [info] Got 1 sessions for read:user,repo,user:email,workflow...
2026-03-02 17:50:57.583 [info] Getting sessions for all scopes...
2026-03-02 17:50:57.583 [info] Got 1 sessions for ...
2026-03-02 17:50:57.583 [info] Getting sessions for all scopes...
2026-03-02 17:50:57.583 [info] Got 1 sessions for ...
2026-03-02 17:50:57.589 [info] Getting sessions for read:user,repo,user:email,workflow...
2026-03-02 17:50:57.589 [info] Got 1 sessions for read:user,repo,user:email,workflow...
2026-03-02 17:50:57.594 [info] Getting sessions for all scopes...
2026-03-02 17:50:57.594 [info] Got 1 sessions for ...
2026-03-02 17:50:57.595 [info] Getting sessions for read:user,repo,user:email,workflow...
2026-03-02 17:50:57.595 [info] Got 1 sessions for read:user,repo,user:email,workflow...
2026-03-02 18:12:14.241 [info] Getting sessions for all scopes...
2026-03-02 18:12:14.242 [info] Got 1 sessions for ...
2026-03-02 18:12:14.242 [info] Getting sessions for read:user,repo,user:email,workflow...
2026-03-02 18:12:14.242 [info] Got 1 sessions for read:user,repo,user:email,workflow...
2026-03-02 18:12:14.741 [info] Getting sessions for all scopes...
2026-03-02 18:12:14.741 [info] Got 1 sessions for ...
2026-03-02 18:12:14.742 [info] Getting sessions for all scopes...
2026-03-02 18:12:14.742 [info] Got 1 sessions for ...
2026-03-02 18:12:14.742 [info] Getting sessions for read:user,repo,user:email,workflow...
2026-03-02 18:12:14.743 [info] Got 1 sessions for read:user,repo,user:email,workflow...
2026-03-02 18:12:14.748 [info] Getting sessions for all scopes...
2026-03-02 18:12:14.748 [info] Got 1 sessions for ...
2026-03-02 18:12:14.749 [info] Getting sessions for read:user,repo,user:email,workflow...
2026-03-02 18:12:14.749 [info] Got 1 sessions for read:user,repo,user:email,workflow...
2026-03-02 18:20:12.692 [info] Getting sessions for all scopes...
2026-03-02 18:20:12.692 [info] Got 1 sessions for ...
2026-03-02 18:20:12.692 [info] Getting sessions for all scopes...
2026-03-02 18:20:12.692 [info] Got 1 sessions for ...
2026-03-02 18:23:52.416 [info] Getting sessions for all scopes...
2026-03-02 18:23:52.416 [info] Got 1 sessions for ...
2026-03-02 18:23:52.418 [info] Getting sessions for read:user,repo,user:email,workflow...
2026-03-02 18:23:52.418 [info] Got 1 sessions for read:user,repo,user:email,workflow...
2026-03-02 18:33:56.178 [info] Getting sessions for all scopes...
2026-03-02 18:33:56.178 [info] Got 1 sessions for ...
2026-03-02 18:33:56.179 [info] Getting sessions for read:user,repo,user:email,workflow...
2026-03-02 18:33:56.179 [info] Got 1 sessions for read:user,repo,user:email,workflow...
2026-03-02 18:33:56.579 [info] Getting sessions for all scopes...
2026-03-02 18:33:56.579 [info] Got 1 sessions for ...
2026-03-02 18:33:56.579 [info] Getting sessions for all scopes...
2026-03-02 18:33:56.579 [info] Got 1 sessions for ...
2026-03-02 18:33:56.580 [info] Getting sessions for read:user,repo,user:email,workflow...
2026-03-02 18:33:56.580 [info] Got 1 sessions for read:user,repo,user:email,workflow...
2026-03-02 18:33:56.585 [info] Getting sessions for all scopes...
2026-03-02 18:33:56.585 [info] Got 1 sessions for ...
2026-03-02 18:33:56.585 [info] Getting sessions for read:user,repo,user:email,workflow...
2026-03-02 18:33:56.585 [info] Got 1 sessions for read:user,repo,user:email,workflow...
2026-03-02 18:59:04.796 [info] Getting sessions for all scopes...
2026-03-02 18:59:04.796 [info] Got 1 sessions for ...
2026-03-02 18:59:04.797 [info] Getting sessions for read:user,repo,user:email,workflow...
2026-03-02 18:59:04.797 [info] Got 1 sessions for read:user,repo,user:email,workflow...
2026-03-02 18:59:09.462 [info] Getting sessions for all scopes...
2026-03-02 18:59:09.462 [info] Got 1 sessions for ...
2026-03-02 18:59:09.465 [info] Getting sessions for read:user,repo,user:email,workflow...
2026-03-02 18:59:09.465 [info] Got 1 sessions for read:user,repo,user:email,workflow...
2026-03-02 18:59:09.864 [info] Getting sessions for all scopes...
2026-03-02 18:59:09.864 [info] Got 1 sessions for ...
2026-03-02 18:59:09.865 [info] Getting sessions for read:user,repo,user:email,workflow...
2026-03-02 18:59:09.865 [info] Got 1 sessions for read:user,repo,user:email,workflow...
2026-03-02 18:59:10.562 [info] Getting sessions for all scopes...
2026-03-02 18:59:10.562 [info] Got 1 sessions for ...
2026-03-02 18:59:10.562 [info] Getting sessions for all scopes...
2026-03-02 18:59:10.562 [info] Got 1 sessions for ...
2026-03-02 18:59:10.563 [info] Getting sessions for read:user,repo,user:email,workflow...
2026-03-02 18:59:10.563 [info] Got 1 sessions for read:user,repo,user:email,workflow...
2026-03-02 18:59:10.568 [info] Getting sessions for all scopes...
2026-03-02 18:59:10.568 [info] Got 1 sessions for ...
2026-03-02 18:59:10.568 [info] Getting sessions for read:user,repo,user:email,workflow...
2026-03-02 18:59:10.568 [info] Got 1 sessions for read:user,repo,user:email,workflow...
2026-03-02 18:59:11.541 [info] Getting sessions for all scopes...
2026-03-02 18:59:11.541 [info] Got 1 sessions for ...
2026-03-02 18:59:11.542 [info] Getting sessions for read:user,repo,user:email,workflow...
2026-03-02 18:59:11.542 [info] Got 1 sessions for read:user,repo,user:email,workflow...
2026-03-02 18:59:11.546 [info] Getting sessions for all scopes...
2026-03-02 18:59:11.546 [info] Got 1 sessions for ...
2026-03-02 18:59:11.547 [info] Getting sessions for read:user,repo,user:email,workflow...
2026-03-02 18:59:11.547 [info] Got 1 sessions for read:user,repo,user:email,workflow...
2026-03-02 18:59:11.555 [info] Getting sessions for all scopes...
2026-03-02 18:59:11.555 [info] Got 1 sessions for ...
2026-03-02 18:59:11.556 [info] Getting sessions for read:user,repo,user:email,workflow...
2026-03-02 18:59:11.556 [info] Got 1 sessions for read:user,repo,user:email,workflow...
2026-03-02 18:59:11.610 [info] Getting sessions for all scopes...
2026-03-02 18:59:11.610 [info] Got 1 sessions for ...
2026-03-02 18:59:11.610 [info] Getting sessions for read:user,repo,user:email,workflow...
2026-03-02 18:59:11.610 [info] Got 1 sessions for read:user,repo,user:email,workflow...
2026-03-02 18:59:11.614 [info] Getting sessions for all scopes...
2026-03-02 18:59:11.614 [info] Got 1 sessions for ...
2026-03-02 18:59:11.615 [info] Getting sessions for read:user,repo,user:email,workflow...
2026-03-02 18:59:11.615 [info] Got 1 sessions for read:user,repo,user:email,workflow...
2026-03-02 18:59:11.620 [info] Getting sessions for all scopes...
2026-03-02 18:59:11.620 [info] Got 1 sessions for ...
2026-03-02 18:59:11.621 [info] Getting sessions for read:user,repo,user:email,workflow...
2026-03-02 18:59:11.621 [info] Got 1 sessions for read:user,repo,user:email,workflow...
2026-03-02 19:00:10.288 [info] Getting sessions for all scopes...
2026-03-02 19:00:10.288 [info] Got 1 sessions for ...
2026-03-02 19:00:10.289 [info] Getting sessions for read:user,repo,user:email,workflow...
2026-03-02 19:00:10.289 [info] Got 1 sessions for read:user,repo,user:email,workflow...
2026-03-02 19:00:10.837 [info] Getting sessions for all scopes...
2026-03-02 19:00:10.838 [info] Got 1 sessions for ...
2026-03-02 19:00:10.839 [info] Getting sessions for read:user,repo,user:email,workflow...
2026-03-02 19:00:10.840 [info] Got 1 sessions for read:user,repo,user:email,workflow...
2026-03-02 19:02:07.738 [info] Getting sessions for all scopes...
2026-03-02 19:02:07.738 [info] Got 1 sessions for ...
2026-03-02 19:02:07.739 [info] Getting sessions for read:user,repo,user:email,workflow...
2026-03-02 19:02:07.739 [info] Got 1 sessions for read:user,repo,user:email,workflow...
