2026-02-27 22:47:10.250 [info] Starting Python Locator /root/.vscode/extensions/ms-python.python-2026.2.0-linux-x64/python-env-tools/bin/pet server
2026-02-27 22:47:10.646 [info] Discovered manager: (Conda) /opt/conda/bin/conda
2026-02-27 22:47:10.647 [info] Discovered env: /opt/conda/bin/python
2026-02-27 22:47:10.730 [info] Discovered env: /bin/python3
2026-02-27 22:47:10.753 [info] Discovered env: /usr/bin/python3
2026-02-27 22:47:10.765 [info] Locator Conda took 166.064971ms
2026-02-27 22:47:10.765 [info] Locator Homebrew took 450.743µs
2026-02-27 22:47:10.765 [info] Locator LinuxGlobal took 184.67677ms
2026-02-27 22:47:10.766 [info] Locator PipEnv took 345.32µs
2026-02-27 22:47:10.766 [info] Locator Pixi took 230.537µs
2026-02-27 22:47:10.766 [info] Locator Poetry took 1.42078ms
2026-02-27 22:47:10.766 [info] Locator PyEnv took 2.016028ms
2026-02-27 22:47:10.766 [info] Locator Uv took 115.793µs
2026-02-27 22:47:10.766 [info] Locator Venv took 331.269µs
2026-02-27 22:47:10.766 [info] Locator VirtualEnv took 179.055µs
2026-02-27 22:47:10.766 [info] Locator VirtualEnvWrapper took 476.363µs
2026-02-27 22:47:10.766 [info] Locator GlobalVirtualEnvs took 921.326µs
2026-02-27 22:47:10.766 [info] Locator Locators took 186.828311ms
2026-02-27 22:47:10.766 [info] Locator Path took 212.752419ms
2026-02-27 22:47:10.766 [info] Locator Workspaces took 5.420534ms
2026-02-27 22:47:10.767 [info] Refresh completed in 212ms
2026-02-27 22:47:10.770 [info] Resolved Python Environment /opt/conda/bin/python
2026-02-27 22:47:10.778 [info] Resolved Python Environment /opt/conda/bin/python
2026-02-27 22:47:40.867 [info] Discovered manager: (Conda) /opt/conda/bin/conda
2026-02-27 22:47:40.868 [info] Discovered env: /opt/conda/bin/python
2026-02-27 22:47:40.873 [info] Resolved Python Environment /opt/conda/bin/python
2026-02-27 22:47:40.912 [info] Discovered env: /bin/python3
2026-02-27 22:47:40.913 [info] Discovered env: /usr/bin/python3
2026-02-27 22:47:40.929 [info] Locator Conda took 66.570135ms
2026-02-27 22:47:40.929 [info] Locator Homebrew took 264.708µs
2026-02-27 22:47:40.929 [info] Locator LinuxGlobal took 63.56258ms
2026-02-27 22:47:40.929 [info] Locator PipEnv took 149.694µs
2026-02-27 22:47:40.930 [info] Locator Pixi took 212.316µs
2026-02-27 22:47:40.930 [info] Locator Poetry took 577.796µs
2026-02-27 22:47:40.930 [info] Locator PyEnv took 422.743µs
2026-02-27 22:47:40.930 [info] Locator Uv took 51.811µs
2026-02-27 22:47:40.930 [info] Locator Venv took 72.222µs
2026-02-27 22:47:40.930 [info] Locator VirtualEnv took 132.564µs
2026-02-27 22:47:40.930 [info] Locator VirtualEnvWrapper took 79.303µs
2026-02-27 22:47:40.930 [info] Locator GlobalVirtualEnvs took 107.233µs
2026-02-27 22:47:40.930 [info] Locator Locators took 67.399079ms
2026-02-27 22:47:40.930 [info] Locator Path took 81.877501ms
2026-02-27 22:47:40.930 [info] Locator Workspaces took 4.450827ms
2026-02-27 22:47:40.931 [info] Refresh completed in 82ms
2026-02-27 22:48:18.000 [info] Resolved Python Environment /opt/conda/bin/python
