2026-02-27 22:47:10.250 [info] Native locator: Refresh started
2026-02-27 22:47:10.300 [info] Native locator: Refresh started
2026-02-27 22:47:10.324 [info] > conda info --json
2026-02-27 22:47:10.428 [info] > pyenv which python
2026-02-27 22:47:10.428 [info] cwd: .
2026-02-27 22:47:10.647 [info] Conda environment manager found at: /opt/conda/bin/conda
2026-02-27 22:47:10.647 [info] Using conda: /opt/conda/bin/conda
2026-02-27 22:47:10.767 [info] Native locator: Refresh finished in 771 ms
2026-02-27 22:47:10.775 [info] > /opt/conda/bin/conda info --json
2026-02-27 22:47:11.457 [info] Python interpreter path: /opt/conda/bin/python
2026-02-27 22:47:11.459 [info] > /opt/conda/bin/conda config --get auto_activate_base
2026-02-27 22:47:11.484 [info] > /opt/conda/bin/conda run -p /opt/conda --no-capture-output python ~/.vscode/extensions/ms-python.python-2026.2.0-linux-x64/python_files/get_output_via_markers.py ~/.vscode/extensions/ms-python.python-2026.2.0-linux-x64/python_files/printEnvVariables.py
2026-02-27 22:47:11.484 [info] shell: bash
2026-02-27 22:47:11.484 [info] > /opt/conda/bin/conda run -p /opt/conda --no-capture-output python ~/.vscode/extensions/ms-python.python-2026.2.0-linux-x64/python_files/get_output_via_markers.py ~/.vscode/extensions/ms-python.python-2026.2.0-linux-x64/python_files/printEnvVariables.py
2026-02-27 22:47:11.484 [info] shell: bash
2026-02-27 22:47:11.484 [info] > /opt/conda/bin/conda run -p /opt/conda --no-capture-output python ~/.vscode/extensions/ms-python.python-2026.2.0-linux-x64/python_files/get_output_via_markers.py ~/.vscode/extensions/ms-python.python-2026.2.0-linux-x64/python_files/printEnvVariables.py
2026-02-27 22:47:11.484 [info] shell: bash
2026-02-27 22:47:11.484 [info] > /opt/conda/bin/conda run -p /opt/conda --no-capture-output python ~/.vscode/extensions/ms-python.python-2026.2.0-linux-x64/python_files/get_output_via_markers.py ~/.vscode/extensions/ms-python.python-2026.2.0-linux-x64/python_files/printEnvVariables.py
2026-02-27 22:47:11.484 [info] shell: bash
2026-02-27 22:47:13.370 [info] Starting Pylance language server.
2026-02-27 22:47:40.846 [info] Native locator: Refresh started
2026-02-27 22:47:40.867 [info] Conda environment manager found at: /opt/conda/bin/conda
2026-02-27 22:47:40.867 [info] Conda set to: /opt/conda/bin/conda
2026-02-27 22:47:40.931 [info] Native locator: Refresh finished in 86 ms
