2025-10-17 03:23:15.932 [info] Starting Python Locator /root/.vscode/extensions/ms-python.python-2025.16.0-linux-x64/python-env-tools/bin/pet server
2025-10-17 03:23:15.932 [info] Discovered manager: (Conda) /opt/conda/bin/conda
2025-10-17 03:23:15.932 [info] Discovered env: /opt/conda/bin/python
2025-10-17 03:23:15.938 [info] Discovered env: /usr/bin/python3
2025-10-17 03:23:15.938 [info] Discovered env: /bin/python3
2025-10-17 03:23:15.939 [info] Locator Conda took 71.227735ms
2025-10-17 03:23:15.939 [info] Locator Homebrew took 803.907µs
2025-10-17 03:23:15.939 [info] Locator LinuxGlobal took 82.879436ms
2025-10-17 03:23:15.939 [info] Locator PipEnv took 325.553µs
2025-10-17 03:23:15.939 [info] Locator Pixi took 273.259µs
2025-10-17 03:23:15.939 [info] Locator Poetry took 2.462981ms
2025-10-17 03:23:15.940 [info] Locator PyEnv took 2.755871ms
2025-10-17 03:23:15.940 [info] Locator Venv took 175.943µs
2025-10-17 03:23:15.940 [info] Locator VirtualEnv took 482.342µs
2025-10-17 03:23:15.940 [info] Locator VirtualEnvWrapper took 549.608µs
2025-10-17 03:23:15.940 [info] Locator GlobalVirtualEnvs took 1.722978ms
2025-10-17 03:23:15.940 [info] Locator Locators took 85.276963ms
2025-10-17 03:23:15.940 [info] Locator Path took 109.355195ms
2025-10-17 03:23:15.940 [info] Locator Workspaces took 7.803368ms
2025-10-17 03:23:15.940 [info] Refresh completed in 110ms
2025-10-17 03:23:16.309 [info] Resolved Python Environment /opt/conda/bin/python
2025-10-17 03:23:16.309 [info] Discovered manager: (Conda) /opt/conda/bin/conda
2025-10-17 03:23:16.309 [info] Discovered env: /opt/conda/bin/python
2025-10-17 03:23:16.502 [info] Discovered env: /bin/python3
2025-10-17 03:23:16.531 [info] Discovered env: /usr/bin/python3
2025-10-17 03:23:16.535 [info] Locator Conda took 60.311398ms
2025-10-17 03:23:16.535 [info] Locator Homebrew took 169.256µs
2025-10-17 03:23:16.535 [info] Locator LinuxGlobal took 56.16858ms
2025-10-17 03:23:16.535 [info] Locator PipEnv took 67.801µs
2025-10-17 03:23:16.535 [info] Locator Pixi took 75.193µs
2025-10-17 03:23:16.535 [info] Locator Poetry took 439.967µs
2025-10-17 03:23:16.535 [info] Locator PyEnv took 236.269µs
2025-10-17 03:23:16.535 [info] Locator Venv took 84.24µs
2025-10-17 03:23:16.535 [info] Locator VirtualEnv took 36.728µs
2025-10-17 03:23:16.535 [info] Locator VirtualEnvWrapper took 462.736µs
2025-10-17 03:23:16.535 [info] Locator GlobalVirtualEnvs took 88.495µs
2025-10-17 03:23:16.535 [info] Locator Locators took 60.629946ms
2025-10-17 03:23:16.535 [info] Locator Path took 73.00384ms
2025-10-17 03:23:16.535 [info] Locator Workspaces took 12.511766ms
2025-10-17 03:23:16.535 [info] Refresh completed in 73ms
2025-10-17 03:23:16.537 [info] Resolved Python Environment /opt/conda/bin/python
2025-10-17 03:23:17.249 [info] Resolved Python Environment /usr/bin/python3
