2026-03-03 17:02:21.002 [info] Native locator: Refresh started
2026-03-03 17:02:21.009 [info] Conda environment manager found at: /opt/conda/bin/conda
2026-03-03 17:02:21.009 [info] Using conda: /opt/conda/bin/conda
2026-03-03 17:02:21.212 [info] Native locator: Refresh finished in 450 ms
2026-03-03 17:02:58.120 [info] Native locator: Refresh started
2026-03-03 17:02:58.135 [info] Native locator: Refresh started
2026-03-03 17:02:58.151 [info] > /opt/conda/bin/conda info --json
2026-03-03 17:02:58.356 [info] > pyenv which python
2026-03-03 17:02:58.356 [info] cwd: .
2026-03-03 17:02:58.415 [info] Conda environment manager found at: /opt/conda/bin/conda
2026-03-03 17:02:58.415 [info] Conda set to: /opt/conda/bin/conda
2026-03-03 17:02:58.422 [info] Native locator: Refresh finished in 302 ms
2026-03-03 17:02:58.990 [info] Python interpreter path: /opt/conda/bin/python
2026-03-03 17:02:58.991 [info] > /opt/conda/bin/conda config --get auto_activate_base
2026-03-03 17:02:59.020 [info] > /opt/conda/bin/conda run -p /opt/conda --no-capture-output python ~/.vscode/extensions/ms-python.python-2026.2.0-linux-x64/python_files/get_output_via_markers.py ~/.vscode/extensions/ms-python.python-2026.2.0-linux-x64/python_files/printEnvVariables.py
2026-03-03 17:02:59.020 [info] shell: bash
2026-03-03 17:02:59.020 [info] > /opt/conda/bin/conda run -p /opt/conda --no-capture-output python ~/.vscode/extensions/ms-python.python-2026.2.0-linux-x64/python_files/get_output_via_markers.py ~/.vscode/extensions/ms-python.python-2026.2.0-linux-x64/python_files/printEnvVariables.py
2026-03-03 17:02:59.020 [info] shell: bash
2026-03-03 17:02:59.020 [info] > /opt/conda/bin/conda run -p /opt/conda --no-capture-output python ~/.vscode/extensions/ms-python.python-2026.2.0-linux-x64/python_files/get_output_via_markers.py ~/.vscode/extensions/ms-python.python-2026.2.0-linux-x64/python_files/printEnvVariables.py
2026-03-03 17:02:59.020 [info] shell: bash
2026-03-03 17:02:59.020 [info] > /opt/conda/bin/conda run -p /opt/conda --no-capture-output python ~/.vscode/extensions/ms-python.python-2026.2.0-linux-x64/python_files/get_output_via_markers.py ~/.vscode/extensions/ms-python.python-2026.2.0-linux-x64/python_files/printEnvVariables.py
2026-03-03 17:02:59.020 [info] shell: bash
2026-03-03 17:03:01.021 [info] Starting Pylance language server.
2026-03-03 17:03:02.272 [info] Active interpreter [/root/capsule/code/step_1_process_files.ipynb]:  /opt/conda/bin/python
2026-03-03 18:43:33.980 [info] Active interpreter [/root/capsule/code/step_2_automatic_mapping_for_qc.ipynb]:  /opt/conda/bin/python
2026-03-03 18:43:34.007 [info] > /opt/conda/bin/conda run -p /opt/conda --no-capture-output python ~/.vscode/extensions/ms-python.python-2026.2.0-linux-x64/python_files/get_output_via_markers.py ~/.vscode/extensions/ms-python.python-2026.2.0-linux-x64/python_files/printEnvVariables.py
2026-03-03 18:43:34.007 [info] shell: bash
2026-03-03 18:43:34.007 [info] > /opt/conda/bin/conda run -p /opt/conda --no-capture-output python ~/.vscode/extensions/ms-python.python-2026.2.0-linux-x64/python_files/get_output_via_markers.py ~/.vscode/extensions/ms-python.python-2026.2.0-linux-x64/python_files/printEnvVariables.py
2026-03-03 18:43:34.007 [info] shell: bash
2026-03-03 19:18:34.340 [info] Active interpreter [/root/capsule/code/step_3_more_iterations.ipynb]:  /opt/conda/bin/python
2026-03-03 19:18:34.350 [info] > /opt/conda/bin/conda run -p /opt/conda --no-capture-output python ~/.vscode/extensions/ms-python.python-2026.2.0-linux-x64/python_files/get_output_via_markers.py ~/.vscode/extensions/ms-python.python-2026.2.0-linux-x64/python_files/printEnvVariables.py
2026-03-03 19:18:34.350 [info] shell: bash
2026-03-03 19:18:34.358 [info] > /opt/conda/bin/conda run -p /opt/conda --no-capture-output python ~/.vscode/extensions/ms-python.python-2026.2.0-linux-x64/python_files/get_output_via_markers.py ~/.vscode/extensions/ms-python.python-2026.2.0-linux-x64/python_files/printEnvVariables.py
2026-03-03 19:18:34.358 [info] shell: bash
