2026-03-03 17:02:21.002 [info] Starting Python Locator /root/.vscode/extensions/ms-python.python-2026.2.0-linux-x64/python-env-tools/bin/pet server
2026-03-03 17:02:21.008 [info] Discovered manager: (Conda) /opt/conda/bin/conda
2026-03-03 17:02:21.009 [info] Discovered env: /opt/conda/bin/python
2026-03-03 17:02:21.148 [info] Discovered env: /usr/bin/python3
2026-03-03 17:02:21.148 [info] Discovered env: /bin/python3
2026-03-03 17:02:21.150 [info] Locator Conda took 62.27015ms
2026-03-03 17:02:21.151 [info] Locator Homebrew took 362.076µs
2026-03-03 17:02:21.151 [info] Locator LinuxGlobal took 81.750336ms
2026-03-03 17:02:21.151 [info] Locator PipEnv took 487.524µs
2026-03-03 17:02:21.151 [info] Locator Pixi took 224.396µs
2026-03-03 17:02:21.152 [info] Locator Poetry took 2.312911ms
2026-03-03 17:02:21.152 [info] Locator PyEnv took 1.646804ms
2026-03-03 17:02:21.152 [info] Locator Uv took 239.216µs
2026-03-03 17:02:21.152 [info] Locator Venv took 54.044µs
2026-03-03 17:02:21.152 [info] Locator VirtualEnv took 669.366µs
2026-03-03 17:02:21.152 [info] Locator VirtualEnvWrapper took 659.856µs
2026-03-03 17:02:21.172 [info] Locator GlobalVirtualEnvs took 488.524µs
2026-03-03 17:02:21.174 [info] Locator Locators took 85.10925ms
2026-03-03 17:02:21.180 [info] Locator Path took 113.355582ms
2026-03-03 17:02:21.187 [info] Locator Workspaces took 4.694316ms
2026-03-03 17:02:21.212 [info] Refresh completed in 113ms
2026-03-03 17:02:58.414 [info] Resolved Python Environment /opt/conda/bin/python
2026-03-03 17:02:58.415 [info] Discovered manager: (Conda) /opt/conda/bin/conda
2026-03-03 17:02:58.415 [info] Discovered env: /opt/conda/bin/python
2026-03-03 17:02:58.416 [info] Discovered env: /usr/bin/python3
2026-03-03 17:02:58.416 [info] Discovered env: /bin/python3
2026-03-03 17:02:58.421 [info] Locator Conda took 102.413707ms
2026-03-03 17:02:58.421 [info] Locator Homebrew took 15.708884ms
2026-03-03 17:02:58.421 [info] Locator LinuxGlobal took 91.199835ms
2026-03-03 17:02:58.421 [info] Locator PipEnv took 140.22µs
2026-03-03 17:02:58.421 [info] Locator Pixi took 52.704µs
2026-03-03 17:02:58.421 [info] Locator Poetry took 370.296µs
2026-03-03 17:02:58.421 [info] Locator PyEnv took 281.81µs
2026-03-03 17:02:58.421 [info] Locator Uv took 168.371µs
2026-03-03 17:02:58.421 [info] Locator Venv took 103.487µs
2026-03-03 17:02:58.421 [info] Locator VirtualEnv took 15.909149ms
2026-03-03 17:02:58.421 [info] Locator VirtualEnvWrapper took 128.779µs
2026-03-03 17:02:58.421 [info] Locator GlobalVirtualEnvs took 67.194µs
2026-03-03 17:02:58.421 [info] Locator Locators took 103.501162ms
2026-03-03 17:02:58.421 [info] Locator Path took 106.731397ms
2026-03-03 17:02:58.421 [info] Locator Workspaces took 19.09681ms
2026-03-03 17:02:58.421 [info] Refresh completed in 106ms
2026-03-03 17:02:58.423 [info] Resolved Python Environment /opt/conda/bin/python
2026-03-03 17:07:27.299 [info] Resolved Python Environment /opt/conda/bin/python
2026-03-03 17:08:05.003 [info] Resolved Python Environment /opt/conda/bin/python
2026-03-03 18:43:33.993 [info] Resolved Python Environment /opt/conda/bin/python
2026-03-03 18:44:48.070 [info] Resolved Python Environment /opt/conda/bin/python
2026-03-03 19:18:28.898 [info] Resolved Python Environment /opt/conda/bin/python
2026-03-03 19:19:01.021 [info] Resolved Python Environment /opt/conda/bin/python
2026-03-03 19:39:16.530 [info] Resolved Python Environment /opt/conda/bin/python
2026-03-03 19:39:48.326 [info] Resolved Python Environment /opt/conda/bin/python
2026-03-03 19:41:29.961 [info] Resolved Python Environment /opt/conda/bin/python
2026-03-03 19:42:04.333 [info] Resolved Python Environment /opt/conda/bin/python
2026-03-03 19:42:35.131 [info] Resolved Python Environment /opt/conda/bin/python
2026-03-03 19:44:55.343 [info] Resolved Python Environment /opt/conda/bin/python
2026-03-03 19:46:55.716 [info] Resolved Python Environment /opt/conda/bin/python
2026-03-03 19:48:07.121 [info] Resolved Python Environment /opt/conda/bin/python
2026-03-03 19:48:37.703 [info] Resolved Python Environment /opt/conda/bin/python
2026-03-03 19:49:13.490 [info] Resolved Python Environment /opt/conda/bin/python
2026-03-03 19:49:43.889 [info] Resolved Python Environment /opt/conda/bin/python
2026-03-03 19:50:19.343 [info] Resolved Python Environment /opt/conda/bin/python
2026-03-03 19:50:57.697 [info] Resolved Python Environment /opt/conda/bin/python
2026-03-03 19:51:46.646 [info] Resolved Python Environment /opt/conda/bin/python
2026-03-03 19:52:19.996 [info] Resolved Python Environment /opt/conda/bin/python
2026-03-03 19:52:54.550 [info] Resolved Python Environment /opt/conda/bin/python
2026-03-03 19:53:32.377 [info] Resolved Python Environment /opt/conda/bin/python
2026-03-03 19:54:03.356 [info] Resolved Python Environment /opt/conda/bin/python
2026-03-03 19:54:49.460 [info] Resolved Python Environment /opt/conda/bin/python
2026-03-03 21:32:23.444 [info] Resolved Python Environment /opt/conda/bin/python
2026-03-03 22:41:19.509 [info] Resolved Python Environment /opt/conda/bin/python
