2026-02-26 22:01:40.433 [info] Reading sessions from keychain...
2026-02-26 22:01:40.433 [info] Getting sessions for all scopes...
2026-02-26 22:01:43.849 [info] Got 0 sessions for ...
2026-02-26 22:01:43.849 [info] Getting sessions for all scopes...
2026-02-26 22:01:43.849 [info] Got 0 sessions for ...
2026-02-26 22:01:43.939 [info] Getting sessions for all scopes...
2026-02-26 22:01:43.939 [info] Got 0 sessions for ...
2026-02-26 22:01:44.043 [info] Getting sessions for all scopes...
2026-02-26 22:01:44.043 [info] Got 0 sessions for ...
2026-02-26 22:01:45.191 [info] Getting sessions for all scopes...
2026-02-26 22:01:45.191 [info] Got 0 sessions for ...
2026-02-26 22:03:01.851 [info] Getting sessions for all scopes...
2026-02-26 22:03:01.852 [info] Got 0 sessions for ...
2026-02-26 22:03:01.852 [info] Getting sessions for all scopes...
2026-02-26 22:03:01.852 [info] Got 0 sessions for ...
2026-02-26 22:03:01.936 [info] Getting sessions for user:email...
2026-02-26 22:03:01.936 [info] Got 0 sessions for user:email...
2026-02-26 22:03:01.936 [info] Getting sessions for read:user,repo,user:email,workflow...
2026-02-26 22:03:01.936 [info] Got 0 sessions for read:user,repo,user:email,workflow...
2026-02-26 22:03:01.978 [info] Getting sessions for all scopes...
2026-02-26 22:03:01.978 [info] Got 0 sessions for ...
2026-02-26 22:03:01.978 [info] Getting sessions for user:email...
2026-02-26 22:03:01.978 [info] Got 0 sessions for user:email...
2026-02-26 22:03:02.156 [info] Getting sessions for all scopes...
2026-02-26 22:03:02.156 [info] Got 0 sessions for ...
2026-02-26 22:03:02.157 [info] Getting sessions for all scopes...
2026-02-26 22:03:02.157 [info] Got 0 sessions for ...
2026-02-26 22:03:02.179 [info] Getting sessions for read:user,repo,user:email,workflow...
2026-02-26 22:03:02.179 [info] Got 0 sessions for read:user,repo,user:email,workflow...
2026-02-26 22:03:02.441 [info] Getting sessions for user:email...
2026-02-26 22:03:02.441 [info] Got 0 sessions for user:email...
2026-02-26 22:03:03.067 [info] Getting sessions for all scopes...
2026-02-26 22:03:03.067 [info] Got 0 sessions for ...
2026-02-26 22:03:03.103 [info] Getting sessions for all scopes...
2026-02-26 22:03:03.103 [info] Got 0 sessions for ...
2026-02-26 22:03:03.109 [info] Getting sessions for all scopes...
2026-02-26 22:03:03.109 [info] Got 0 sessions for ...
2026-02-26 22:03:03.140 [info] Getting sessions for read:user,repo,user:email,workflow...
2026-02-26 22:03:03.140 [info] Got 0 sessions for read:user,repo,user:email,workflow...
2026-02-26 22:03:03.150 [info] Getting sessions for all scopes...
2026-02-26 22:03:03.150 [info] Got 0 sessions for ...
2026-02-26 22:03:03.150 [info] Getting sessions for all scopes...
2026-02-26 22:03:03.150 [info] Got 0 sessions for ...
2026-02-26 22:03:03.176 [info] Getting sessions for read:user,repo,user:email,workflow...
2026-02-26 22:03:03.176 [info] Got 0 sessions for read:user,repo,user:email,workflow...
2026-02-26 22:03:03.176 [info] Getting sessions for user:email...
2026-02-26 22:03:03.176 [info] Got 0 sessions for user:email...
2026-02-26 22:03:28.256 [info] Reading sessions from keychain...
2026-02-26 22:03:28.256 [info] Getting sessions for all scopes...
2026-02-26 22:03:28.297 [info] Got 0 sessions for ...
2026-02-26 22:03:28.297 [info] Getting sessions for all scopes...
2026-02-26 22:03:28.297 [info] Got 0 sessions for ...
2026-02-26 22:03:28.297 [info] Getting sessions for all scopes...
2026-02-26 22:03:28.297 [info] Got 0 sessions for ...
2026-02-26 22:03:28.297 [info] Getting sessions for all scopes...
2026-02-26 22:03:28.297 [info] Got 0 sessions for ...
2026-02-26 22:03:28.322 [info] Getting sessions for all scopes...
2026-02-26 22:03:28.322 [info] Got 0 sessions for ...
2026-02-26 22:03:28.322 [info] Getting sessions for all scopes...
2026-02-26 22:03:28.322 [info] Got 0 sessions for ...
2026-02-26 22:03:28.624 [info] Getting sessions for all scopes...
2026-02-26 22:03:28.624 [info] Got 0 sessions for ...
2026-02-26 22:03:28.664 [info] Getting sessions for all scopes...
2026-02-26 22:03:28.664 [info] Got 0 sessions for ...
2026-02-26 22:03:29.143 [info] Getting sessions for user:email...
2026-02-26 22:03:29.143 [info] Got 0 sessions for user:email...
2026-02-26 22:03:29.144 [info] Getting sessions for read:user,repo,user:email,workflow...
2026-02-26 22:03:29.144 [info] Got 0 sessions for read:user,repo,user:email,workflow...
2026-02-26 22:03:30.375 [info] Getting sessions for all scopes...
2026-02-26 22:03:30.375 [info] Got 0 sessions for ...
2026-02-26 22:03:30.444 [info] Getting sessions for user:email...
2026-02-26 22:03:30.444 [info] Got 0 sessions for user:email...
2026-02-26 22:03:31.120 [info] Getting sessions for all scopes...
2026-02-26 22:03:31.120 [info] Got 0 sessions for ...
2026-02-26 22:03:31.120 [info] Getting sessions for all scopes...
2026-02-26 22:03:31.120 [info] Got 0 sessions for ...
2026-02-26 22:03:31.121 [info] Getting sessions for all scopes...
2026-02-26 22:03:31.121 [info] Got 0 sessions for ...
2026-02-26 22:03:31.191 [info] Getting sessions for all scopes...
2026-02-26 22:03:31.191 [info] Got 0 sessions for ...
2026-02-26 22:03:31.614 [info] Getting sessions for all scopes...
2026-02-26 22:03:31.614 [info] Got 0 sessions for ...
2026-02-26 22:03:32.160 [info] Getting sessions for user:email...
2026-02-26 22:03:32.160 [info] Got 0 sessions for user:email...
2026-02-26 22:03:32.160 [info] Getting sessions for read:user,repo,user:email,workflow...
2026-02-26 22:03:32.160 [info] Got 0 sessions for read:user,repo,user:email,workflow...
2026-02-26 22:03:32.234 [info] Getting sessions for all scopes...
2026-02-26 22:03:32.234 [info] Got 0 sessions for ...
2026-02-26 22:03:32.234 [info] Getting sessions for all scopes...
2026-02-26 22:03:32.234 [info] Got 0 sessions for ...
2026-02-26 22:03:32.310 [info] Getting sessions for user:email...
2026-02-26 22:03:32.310 [info] Got 0 sessions for user:email...
2026-02-26 22:03:32.310 [info] Getting sessions for read:user,repo,user:email,workflow...
2026-02-26 22:03:32.310 [info] Got 0 sessions for read:user,repo,user:email,workflow...
2026-02-26 22:03:34.578 [info] Logging in with 'any' account...
2026-02-26 22:03:34.578 [info] Logging in for the following scopes: read:user repo user:email workflow
2026-02-26 22:03:34.653 [info] Trying with local server... (read:user repo user:email workflow)
2026-02-26 22:04:19.147 [info] Exchanging code for token...
2026-02-26 22:04:19.478 [info] Token exchange success!
2026-02-26 22:04:19.479 [info] Getting user info...
2026-02-26 22:04:19.833 [info] Got account info!
2026-02-26 22:04:19.834 [info] Storing 1 sessions...
2026-02-26 22:04:19.836 [info] Reading sessions from keychain...
2026-02-26 22:04:19.836 [info] Stored 1 sessions!
2026-02-26 22:04:19.836 [info] Login success!
2026-02-26 22:04:19.842 [info] Got stored sessions!
2026-02-26 22:04:19.842 [info] Got 1 verified sessions.
2026-02-26 22:04:19.843 [info] Getting sessions for all scopes...
2026-02-26 22:04:19.843 [info] Got 1 sessions for ...
2026-02-26 22:04:19.843 [info] Getting sessions for all scopes...
2026-02-26 22:04:19.843 [info] Got 1 sessions for ...
2026-02-26 22:04:19.845 [info] Getting sessions for read:user,repo,user:email,workflow...
2026-02-26 22:04:19.845 [info] Got 1 sessions for read:user,repo,user:email,workflow...
2026-02-26 22:04:19.860 [info] Getting sessions for all scopes...
2026-02-26 22:04:19.860 [info] Got 1 sessions for ...
2026-02-26 22:04:19.861 [info] Getting sessions for read:user,repo,user:email,workflow...
2026-02-26 22:04:19.861 [info] Got 1 sessions for read:user,repo,user:email,workflow...
2026-02-26 22:04:19.941 [info] Getting sessions for all scopes...
2026-02-26 22:04:19.941 [info] Got 1 sessions for ...
2026-02-26 22:04:19.941 [info] Getting sessions for all scopes...
2026-02-26 22:04:19.942 [info] Got 1 sessions for ...
2026-02-26 22:04:20.075 [info] FetcherService: Electron fetch failed with status: 429 
2026-02-26 22:04:20.075 [info] Unable to resolve optional EDU details. Status: 429 
2026-02-26 22:04:20.373 [info] Getting sessions for all scopes...
2026-02-26 22:04:20.373 [info] Got 1 sessions for ...
2026-02-26 22:04:20.398 [info] Getting sessions for all scopes...
2026-02-26 22:04:20.398 [info] Got 1 sessions for ...
2026-02-26 22:04:20.403 [info] Getting sessions for read:user,repo,user:email,workflow...
2026-02-26 22:04:20.403 [info] Got 1 sessions for read:user,repo,user:email,workflow...
2026-02-26 22:04:20.412 [info] Getting sessions for all scopes...
2026-02-26 22:04:20.412 [info] Got 1 sessions for ...
2026-02-26 22:04:20.413 [info] Getting sessions for all scopes...
2026-02-26 22:04:20.413 [info] Got 1 sessions for ...
2026-02-26 22:04:20.415 [info] Getting sessions for read:user,repo,user:email,workflow...
2026-02-26 22:04:20.415 [info] Got 1 sessions for read:user,repo,user:email,workflow...
2026-02-26 22:04:20.587 [info] Getting sessions for all scopes...
2026-02-26 22:04:20.587 [info] Got 1 sessions for ...
2026-02-26 22:04:20.588 [info] Getting sessions for read:user,repo,user:email,workflow...
2026-02-26 22:04:20.588 [info] Got 1 sessions for read:user,repo,user:email,workflow...
2026-02-26 22:04:20.950 [info] Getting sessions for all scopes...
2026-02-26 22:04:20.950 [info] Got 1 sessions for ...
2026-02-26 22:04:20.961 [info] Getting sessions for read:user,repo,user:email,workflow...
2026-02-26 22:04:20.961 [info] Got 1 sessions for read:user,repo,user:email,workflow...
2026-02-26 22:05:32.052 [info] Getting sessions for all scopes...
2026-02-26 22:05:32.052 [info] Got 1 sessions for ...
2026-02-26 22:05:32.053 [info] Getting sessions for read:user,repo,user:email,workflow...
2026-02-26 22:05:32.053 [info] Got 1 sessions for read:user,repo,user:email,workflow...
2026-02-26 22:12:06.261 [info] Getting sessions for all scopes...
2026-02-26 22:12:06.261 [info] Got 1 sessions for ...
2026-02-26 22:12:06.262 [info] Getting sessions for read:user,repo,user:email,workflow...
2026-02-26 22:12:06.262 [info] Got 1 sessions for read:user,repo,user:email,workflow...
2026-02-26 22:12:12.422 [info] Reading sessions from keychain...
2026-02-26 22:12:12.422 [info] Getting sessions for all scopes...
2026-02-26 22:12:12.422 [info] Got stored sessions!
2026-02-26 22:12:12.422 [info] Got 1 verified sessions.
2026-02-26 22:12:12.422 [info] Got 1 sessions for ...
2026-02-26 22:12:12.422 [info] Getting sessions for all scopes...
2026-02-26 22:12:12.422 [info] Got 1 sessions for ...
2026-02-26 22:12:12.422 [info] Getting sessions for all scopes...
2026-02-26 22:12:12.422 [info] Got 1 sessions for ...
2026-02-26 22:12:12.422 [info] Getting sessions for all scopes...
2026-02-26 22:12:12.422 [info] Got 1 sessions for ...
2026-02-26 22:12:12.422 [info] Getting sessions for all scopes...
2026-02-26 22:12:12.422 [info] Got 1 sessions for ...
2026-02-26 22:12:12.422 [info] Getting sessions for all scopes...
2026-02-26 22:12:12.422 [info] Got 1 sessions for ...
2026-02-26 22:12:12.422 [info] Getting sessions for all scopes...
2026-02-26 22:12:12.422 [info] Got 1 sessions for ...
2026-02-26 22:12:12.765 [info] Getting sessions for read:user,repo,user:email,workflow...
2026-02-26 22:12:12.765 [info] Got 1 sessions for read:user,repo,user:email,workflow...
2026-02-26 22:12:13.410 [info] Getting sessions for all scopes...
2026-02-26 22:12:13.410 [info] Got 1 sessions for ...
2026-02-26 22:12:14.107 [info] FetcherService: Electron fetch failed with status: 429 
2026-02-26 22:12:14.109 [info] Unable to resolve optional EDU details. Status: 429 
2026-02-26 22:12:14.134 [info] Getting sessions for all scopes...
2026-02-26 22:12:14.134 [info] Got 1 sessions for ...
2026-02-26 22:12:14.229 [info] Getting sessions for read:user,repo,user:email,workflow...
2026-02-26 22:12:14.229 [info] Got 1 sessions for read:user,repo,user:email,workflow...
2026-02-26 22:12:14.596 [info] Getting sessions for all scopes...
2026-02-26 22:12:14.596 [info] Got 1 sessions for ...
2026-02-26 22:12:14.632 [info] Getting sessions for read:user,repo,user:email,workflow...
2026-02-26 22:12:14.632 [info] Got 1 sessions for read:user,repo,user:email,workflow...
2026-02-26 22:12:15.553 [info] Getting sessions for all scopes...
2026-02-26 22:12:15.553 [info] Got 1 sessions for ...
2026-02-26 22:12:15.553 [info] Getting sessions for all scopes...
2026-02-26 22:12:15.553 [info] Got 1 sessions for ...
2026-02-26 22:12:15.606 [info] Getting sessions for read:user,repo,user:email,workflow...
2026-02-26 22:12:15.606 [info] Got 1 sessions for read:user,repo,user:email,workflow...
2026-02-26 22:12:15.815 [info] Getting sessions for all scopes...
2026-02-26 22:12:15.815 [info] Got 1 sessions for ...
2026-02-26 22:12:15.817 [info] Getting sessions for all scopes...
2026-02-26 22:12:15.817 [info] Got 1 sessions for ...
2026-02-26 22:12:15.841 [info] Getting sessions for read:user,repo,user:email,workflow...
2026-02-26 22:12:15.841 [info] Got 1 sessions for read:user,repo,user:email,workflow...
2026-02-26 22:12:15.862 [info] Getting sessions for all scopes...
2026-02-26 22:12:15.862 [info] Got 1 sessions for ...
2026-02-26 22:12:15.871 [info] Getting sessions for all scopes...
2026-02-26 22:12:15.871 [info] Got 1 sessions for ...
2026-02-26 22:12:16.072 [info] Getting sessions for all scopes...
2026-02-26 22:12:16.072 [info] Got 1 sessions for ...
2026-02-26 22:12:16.109 [info] Getting sessions for read:user,repo,user:email,workflow...
2026-02-26 22:12:16.109 [info] Got 1 sessions for read:user,repo,user:email,workflow...
2026-02-26 22:12:16.743 [info] Getting sessions for all scopes...
2026-02-26 22:12:16.743 [info] Got 1 sessions for ...
2026-02-26 22:12:16.744 [info] Getting sessions for read:user,repo,user:email,workflow...
2026-02-26 22:12:16.744 [info] Got 1 sessions for read:user,repo,user:email,workflow...
2026-02-26 22:12:48.817 [info] Getting sessions for all scopes...
2026-02-26 22:12:48.817 [info] Got 1 sessions for ...
2026-02-26 22:12:48.818 [info] Getting sessions for read:user,repo,user:email,workflow...
2026-02-26 22:12:48.818 [info] Got 1 sessions for read:user,repo,user:email,workflow...
2026-02-26 22:12:50.605 [info] Getting sessions for all scopes...
2026-02-26 22:12:50.605 [info] Got 1 sessions for ...
2026-02-26 22:12:50.606 [info] Getting sessions for read:user,repo,user:email,workflow...
2026-02-26 22:12:50.606 [info] Got 1 sessions for read:user,repo,user:email,workflow...
2026-02-26 22:16:18.490 [info] Reading sessions from keychain...
2026-02-26 22:16:18.490 [info] Getting sessions for all scopes...
2026-02-26 22:16:18.490 [info] Got stored sessions!
2026-02-26 22:16:18.490 [info] Got 1 verified sessions.
2026-02-26 22:16:18.490 [info] Got 1 sessions for ...
2026-02-26 22:16:18.490 [info] Getting sessions for all scopes...
2026-02-26 22:16:18.490 [info] Got 1 sessions for ...
2026-02-26 22:16:18.490 [info] Getting sessions for all scopes...
2026-02-26 22:16:18.490 [info] Got 1 sessions for ...
2026-02-26 22:16:18.490 [info] Getting sessions for all scopes...
2026-02-26 22:16:18.490 [info] Got 1 sessions for ...
2026-02-26 22:16:18.490 [info] Getting sessions for all scopes...
2026-02-26 22:16:18.490 [info] Got 1 sessions for ...
2026-02-26 22:16:18.490 [info] Getting sessions for all scopes...
2026-02-26 22:16:18.490 [info] Got 1 sessions for ...
2026-02-26 22:16:18.490 [info] Getting sessions for all scopes...
2026-02-26 22:16:18.490 [info] Got 1 sessions for ...
2026-02-26 22:16:18.490 [info] Getting sessions for all scopes...
2026-02-26 22:16:18.490 [info] Got 1 sessions for ...
2026-02-26 22:16:18.723 [info] Getting sessions for read:user,repo,user:email,workflow...
2026-02-26 22:16:18.724 [info] Got 1 sessions for read:user,repo,user:email,workflow...
2026-02-26 22:16:19.185 [info] Getting sessions for all scopes...
2026-02-26 22:16:19.185 [info] Got 1 sessions for ...
2026-02-26 22:16:20.267 [info] Getting sessions for read:user,repo,user:email,workflow...
2026-02-26 22:16:20.267 [info] Got 1 sessions for read:user,repo,user:email,workflow...
2026-02-26 22:16:20.270 [info] FetcherService: Electron fetch failed with status: 429 
2026-02-26 22:16:20.272 [info] Unable to resolve optional EDU details. Status: 429 
2026-02-26 22:16:20.920 [info] Getting sessions for all scopes...
2026-02-26 22:16:20.920 [info] Got 1 sessions for ...
2026-02-26 22:16:20.966 [info] Getting sessions for all scopes...
2026-02-26 22:16:20.967 [info] Got 1 sessions for ...
2026-02-26 22:16:21.002 [info] Getting sessions for read:user,repo,user:email,workflow...
2026-02-26 22:16:21.002 [info] Got 1 sessions for read:user,repo,user:email,workflow...
2026-02-26 22:16:21.909 [info] Getting sessions for all scopes...
2026-02-26 22:16:21.909 [info] Got 1 sessions for ...
2026-02-26 22:16:21.932 [info] Getting sessions for all scopes...
2026-02-26 22:16:21.932 [info] Got 1 sessions for ...
2026-02-26 22:16:21.933 [info] Getting sessions for all scopes...
2026-02-26 22:16:21.933 [info] Got 1 sessions for ...
2026-02-26 22:16:21.984 [info] Getting sessions for all scopes...
2026-02-26 22:16:21.984 [info] Got 1 sessions for ...
2026-02-26 22:16:22.157 [info] Getting sessions for read:user,repo,user:email,workflow...
2026-02-26 22:16:22.157 [info] Got 1 sessions for read:user,repo,user:email,workflow...
2026-02-26 22:16:22.651 [info] Getting sessions for all scopes...
2026-02-26 22:16:22.651 [info] Got 1 sessions for ...
2026-02-26 22:16:22.665 [info] Getting sessions for read:user,repo,user:email,workflow...
2026-02-26 22:16:22.665 [info] Got 1 sessions for read:user,repo,user:email,workflow...
2026-02-26 22:16:23.133 [info] Getting sessions for all scopes...
2026-02-26 22:16:23.133 [info] Got 1 sessions for ...
2026-02-26 22:16:23.136 [info] Getting sessions for read:user,repo,user:email,workflow...
2026-02-26 22:16:23.136 [info] Got 1 sessions for read:user,repo,user:email,workflow...
2026-02-26 22:20:25.899 [info] Reading sessions from keychain...
2026-02-26 22:20:25.899 [info] Getting sessions for all scopes...
2026-02-26 22:20:25.899 [info] Got stored sessions!
2026-02-26 22:20:25.899 [info] Got 1 verified sessions.
2026-02-26 22:20:25.899 [info] Got 1 sessions for ...
2026-02-26 22:20:25.899 [info] Getting sessions for all scopes...
2026-02-26 22:20:25.899 [info] Got 1 sessions for ...
2026-02-26 22:20:25.899 [info] Getting sessions for all scopes...
2026-02-26 22:20:25.899 [info] Got 1 sessions for ...
2026-02-26 22:20:25.899 [info] Getting sessions for all scopes...
2026-02-26 22:20:25.899 [info] Got 1 sessions for ...
2026-02-26 22:20:25.899 [info] Getting sessions for all scopes...
2026-02-26 22:20:25.899 [info] Got 1 sessions for ...
2026-02-26 22:20:25.899 [info] Getting sessions for all scopes...
2026-02-26 22:20:25.899 [info] Got 1 sessions for ...
2026-02-26 22:20:25.899 [info] Getting sessions for all scopes...
2026-02-26 22:20:25.899 [info] Got 1 sessions for ...
2026-02-26 22:20:25.899 [info] Getting sessions for all scopes...
2026-02-26 22:20:25.899 [info] Got 1 sessions for ...
2026-02-26 22:20:26.084 [info] Getting sessions for read:user,repo,user:email,workflow...
2026-02-26 22:20:26.085 [info] Got 1 sessions for read:user,repo,user:email,workflow...
2026-02-26 22:20:26.527 [info] Getting sessions for all scopes...
2026-02-26 22:20:26.527 [info] Got 1 sessions for ...
2026-02-26 22:20:28.377 [info] FetcherService: Electron fetch failed with status: 429 
2026-02-26 22:20:28.380 [info] Unable to resolve optional EDU details. Status: 429 
2026-02-26 22:20:28.517 [info] Getting sessions for read:user,repo,user:email,workflow...
2026-02-26 22:20:28.517 [info] Got 1 sessions for read:user,repo,user:email,workflow...
2026-02-26 22:20:29.101 [info] Getting sessions for all scopes...
2026-02-26 22:20:29.101 [info] Got 1 sessions for ...
2026-02-26 22:20:29.158 [info] Getting sessions for all scopes...
2026-02-26 22:20:29.158 [info] Got 1 sessions for ...
2026-02-26 22:20:29.210 [info] Getting sessions for read:user,repo,user:email,workflow...
2026-02-26 22:20:29.210 [info] Got 1 sessions for read:user,repo,user:email,workflow...
2026-02-26 22:20:29.579 [info] Getting sessions for all scopes...
2026-02-26 22:20:29.579 [info] Got 1 sessions for ...
2026-02-26 22:20:29.611 [info] Getting sessions for all scopes...
2026-02-26 22:20:29.611 [info] Got 1 sessions for ...
2026-02-26 22:20:29.612 [info] Getting sessions for all scopes...
2026-02-26 22:20:29.612 [info] Got 1 sessions for ...
2026-02-26 22:20:29.622 [info] Getting sessions for all scopes...
2026-02-26 22:20:29.622 [info] Got 1 sessions for ...
2026-02-26 22:20:29.673 [info] Getting sessions for read:user,repo,user:email,workflow...
2026-02-26 22:20:29.673 [info] Got 1 sessions for read:user,repo,user:email,workflow...
2026-02-26 22:20:29.871 [info] Getting sessions for all scopes...
2026-02-26 22:20:29.871 [info] Got 1 sessions for ...
2026-02-26 22:20:29.951 [info] Getting sessions for read:user,repo,user:email,workflow...
2026-02-26 22:20:29.951 [info] Got 1 sessions for read:user,repo,user:email,workflow...
2026-02-26 22:20:30.319 [info] Getting sessions for all scopes...
2026-02-26 22:20:30.319 [info] Got 1 sessions for ...
2026-02-26 22:20:30.320 [info] Getting sessions for read:user,repo,user:email,workflow...
2026-02-26 22:20:30.320 [info] Got 1 sessions for read:user,repo,user:email,workflow...
2026-02-26 22:44:30.061 [info] Getting sessions for all scopes...
2026-02-26 22:44:30.061 [info] Got 1 sessions for ...
2026-02-26 22:44:30.062 [info] Getting sessions for read:user,repo,user:email,workflow...
2026-02-26 22:44:30.062 [info] Got 1 sessions for read:user,repo,user:email,workflow...
2026-02-26 22:44:30.753 [info] Getting sessions for all scopes...
2026-02-26 22:44:30.753 [info] Got 1 sessions for ...
2026-02-26 22:44:30.754 [info] Getting sessions for all scopes...
2026-02-26 22:44:30.754 [info] Got 1 sessions for ...
2026-02-26 22:44:30.755 [info] Getting sessions for read:user,repo,user:email,workflow...
2026-02-26 22:44:30.755 [info] Got 1 sessions for read:user,repo,user:email,workflow...
2026-02-26 22:44:30.761 [info] Getting sessions for all scopes...
2026-02-26 22:44:30.761 [info] Got 1 sessions for ...
2026-02-26 22:44:30.762 [info] Getting sessions for read:user,repo,user:email,workflow...
2026-02-26 22:44:30.762 [info] Got 1 sessions for read:user,repo,user:email,workflow...
2026-02-26 22:50:53.868 [info] Getting sessions for all scopes...
2026-02-26 22:50:53.868 [info] Got 1 sessions for ...
2026-02-26 22:50:53.869 [info] Getting sessions for read:user,repo,user:email,workflow...
2026-02-26 22:50:53.869 [info] Got 1 sessions for read:user,repo,user:email,workflow...
2026-02-26 22:51:33.243 [info] Getting sessions for all scopes...
2026-02-26 22:51:33.243 [info] Got 1 sessions for ...
2026-02-26 22:51:33.244 [info] Getting sessions for read:user,repo,user:email,workflow...
2026-02-26 22:51:33.244 [info] Got 1 sessions for read:user,repo,user:email,workflow...
2026-02-26 23:36:40.146 [info] Getting sessions for all scopes...
2026-02-26 23:36:40.146 [info] Got 1 sessions for ...
2026-02-26 23:36:40.147 [info] Getting sessions for read:user,repo,user:email,workflow...
2026-02-26 23:36:40.147 [info] Got 1 sessions for read:user,repo,user:email,workflow...
2026-02-26 23:41:04.008 [info] Getting sessions for all scopes...
2026-02-26 23:41:04.008 [info] Got 1 sessions for ...
2026-02-26 23:41:04.009 [info] Getting sessions for read:user,repo,user:email,workflow...
2026-02-26 23:41:04.009 [info] Got 1 sessions for read:user,repo,user:email,workflow...
2026-02-26 23:41:04.622 [info] Getting sessions for all scopes...
2026-02-26 23:41:04.622 [info] Got 1 sessions for ...
2026-02-26 23:41:04.623 [info] Getting sessions for all scopes...
2026-02-26 23:41:04.623 [info] Got 1 sessions for ...
2026-02-26 23:41:04.624 [info] Getting sessions for read:user,repo,user:email,workflow...
2026-02-26 23:41:04.624 [info] Got 1 sessions for read:user,repo,user:email,workflow...
2026-02-26 23:41:04.630 [info] Getting sessions for all scopes...
2026-02-26 23:41:04.630 [info] Got 1 sessions for ...
2026-02-26 23:41:04.630 [info] Getting sessions for read:user,repo,user:email,workflow...
2026-02-26 23:41:04.630 [info] Got 1 sessions for read:user,repo,user:email,workflow...
2026-02-27 00:07:56.921 [info] Getting sessions for all scopes...
2026-02-27 00:07:56.921 [info] Got 1 sessions for ...
2026-02-27 00:07:56.924 [info] Getting sessions for read:user,repo,user:email,workflow...
2026-02-27 00:07:56.924 [info] Got 1 sessions for read:user,repo,user:email,workflow...
2026-02-27 00:10:38.914 [info] Getting sessions for all scopes...
2026-02-27 00:10:38.915 [info] Got 1 sessions for ...
2026-02-27 00:10:38.962 [info] Getting sessions for read:user,repo,user:email,workflow...
2026-02-27 00:10:38.962 [info] Got 1 sessions for read:user,repo,user:email,workflow...
2026-02-27 00:12:49.570 [info] Getting sessions for all scopes...
2026-02-27 00:12:49.570 [info] Got 1 sessions for ...
2026-02-27 00:12:49.578 [info] Getting sessions for read:user,repo,user:email,workflow...
2026-02-27 00:12:49.578 [info] Got 1 sessions for read:user,repo,user:email,workflow...
2026-02-27 00:12:50.143 [info] Getting sessions for all scopes...
2026-02-27 00:12:50.143 [info] Got 1 sessions for ...
2026-02-27 00:12:50.143 [info] Getting sessions for all scopes...
2026-02-27 00:12:50.143 [info] Got 1 sessions for ...
2026-02-27 00:12:50.154 [info] Getting sessions for read:user,repo,user:email,workflow...
2026-02-27 00:12:50.154 [info] Got 1 sessions for read:user,repo,user:email,workflow...
2026-02-27 00:12:50.164 [info] Getting sessions for all scopes...
2026-02-27 00:12:50.164 [info] Got 1 sessions for ...
2026-02-27 00:12:50.166 [info] Getting sessions for read:user,repo,user:email,workflow...
2026-02-27 00:12:50.166 [info] Got 1 sessions for read:user,repo,user:email,workflow...
2026-02-27 01:02:08.048 [info] Getting sessions for all scopes...
2026-02-27 01:02:08.048 [info] Got 1 sessions for ...
2026-02-27 01:02:08.049 [info] Getting sessions for read:user,repo,user:email,workflow...
2026-02-27 01:02:08.049 [info] Got 1 sessions for read:user,repo,user:email,workflow...
2026-02-27 01:07:50.010 [info] Getting sessions for all scopes...
2026-02-27 01:07:50.011 [info] Got 1 sessions for ...
2026-02-27 01:07:50.011 [info] Getting sessions for read:user,repo,user:email,workflow...
2026-02-27 01:07:50.011 [info] Got 1 sessions for read:user,repo,user:email,workflow...
2026-02-27 01:07:50.568 [info] Getting sessions for all scopes...
2026-02-27 01:07:50.568 [info] Got 1 sessions for ...
2026-02-27 01:07:50.568 [info] Getting sessions for all scopes...
2026-02-27 01:07:50.568 [info] Got 1 sessions for ...
2026-02-27 01:07:50.569 [info] Getting sessions for read:user,repo,user:email,workflow...
2026-02-27 01:07:50.569 [info] Got 1 sessions for read:user,repo,user:email,workflow...
2026-02-27 01:07:50.575 [info] Getting sessions for all scopes...
2026-02-27 01:07:50.575 [info] Got 1 sessions for ...
2026-02-27 01:07:50.576 [info] Getting sessions for read:user,repo,user:email,workflow...
2026-02-27 01:07:50.576 [info] Got 1 sessions for read:user,repo,user:email,workflow...
2026-02-27 01:36:40.148 [info] Getting sessions for all scopes...
2026-02-27 01:36:40.148 [info] Got 1 sessions for ...
2026-02-27 01:36:40.149 [info] Getting sessions for read:user,repo,user:email,workflow...
2026-02-27 01:36:40.149 [info] Got 1 sessions for read:user,repo,user:email,workflow...
2026-02-27 02:02:51.010 [info] Getting sessions for all scopes...
2026-02-27 02:02:51.010 [info] Got 1 sessions for ...
2026-02-27 02:02:51.011 [info] Getting sessions for read:user,repo,user:email,workflow...
2026-02-27 02:02:51.011 [info] Got 1 sessions for read:user,repo,user:email,workflow...
2026-02-27 02:02:51.596 [info] Getting sessions for all scopes...
2026-02-27 02:02:51.596 [info] Got 1 sessions for ...
2026-02-27 02:02:51.596 [info] Getting sessions for all scopes...
2026-02-27 02:02:51.596 [info] Got 1 sessions for ...
2026-02-27 02:02:51.599 [info] Getting sessions for read:user,repo,user:email,workflow...
2026-02-27 02:02:51.599 [info] Got 1 sessions for read:user,repo,user:email,workflow...
2026-02-27 02:02:51.604 [info] Getting sessions for all scopes...
2026-02-27 02:02:51.604 [info] Got 1 sessions for ...
2026-02-27 02:02:51.605 [info] Getting sessions for read:user,repo,user:email,workflow...
2026-02-27 02:02:51.605 [info] Got 1 sessions for read:user,repo,user:email,workflow...
2026-02-27 02:12:08.109 [info] Getting sessions for all scopes...
2026-02-27 02:12:08.109 [info] Got 1 sessions for ...
2026-02-27 02:12:08.110 [info] Getting sessions for read:user,repo,user:email,workflow...
2026-02-27 02:12:08.110 [info] Got 1 sessions for read:user,repo,user:email,workflow...
2026-02-27 02:57:52.010 [info] Getting sessions for all scopes...
2026-02-27 02:57:52.010 [info] Got 1 sessions for ...
2026-02-27 02:57:52.011 [info] Getting sessions for read:user,repo,user:email,workflow...
2026-02-27 02:57:52.012 [info] Got 1 sessions for read:user,repo,user:email,workflow...
2026-02-27 02:57:52.586 [info] Getting sessions for all scopes...
2026-02-27 02:57:52.586 [info] Got 1 sessions for ...
2026-02-27 02:57:52.586 [info] Getting sessions for all scopes...
2026-02-27 02:57:52.586 [info] Got 1 sessions for ...
2026-02-27 02:57:52.587 [info] Getting sessions for read:user,repo,user:email,workflow...
2026-02-27 02:57:52.587 [info] Got 1 sessions for read:user,repo,user:email,workflow...
2026-02-27 02:57:52.595 [info] Getting sessions for all scopes...
2026-02-27 02:57:52.595 [info] Got 1 sessions for ...
2026-02-27 02:57:52.596 [info] Getting sessions for read:user,repo,user:email,workflow...
2026-02-27 02:57:52.596 [info] Got 1 sessions for read:user,repo,user:email,workflow...
2026-02-27 03:02:08.055 [info] Getting sessions for all scopes...
2026-02-27 03:02:08.055 [info] Got 1 sessions for ...
2026-02-27 03:02:08.056 [info] Getting sessions for read:user,repo,user:email,workflow...
2026-02-27 03:02:08.056 [info] Got 1 sessions for read:user,repo,user:email,workflow...
2026-02-27 03:36:40.152 [info] Getting sessions for all scopes...
2026-02-27 03:36:40.152 [info] Got 1 sessions for ...
2026-02-27 03:36:40.153 [info] Getting sessions for read:user,repo,user:email,workflow...
2026-02-27 03:36:40.153 [info] Got 1 sessions for read:user,repo,user:email,workflow...
2026-02-27 03:52:53.009 [info] Getting sessions for all scopes...
2026-02-27 03:52:53.009 [info] Got 1 sessions for ...
2026-02-27 03:52:53.010 [info] Getting sessions for read:user,repo,user:email,workflow...
2026-02-27 03:52:53.010 [info] Got 1 sessions for read:user,repo,user:email,workflow...
2026-02-27 03:52:53.531 [info] Getting sessions for all scopes...
2026-02-27 03:52:53.531 [info] Got 1 sessions for ...
2026-02-27 03:52:53.532 [info] Getting sessions for all scopes...
2026-02-27 03:52:53.532 [info] Got 1 sessions for ...
2026-02-27 03:52:53.533 [info] Getting sessions for read:user,repo,user:email,workflow...
2026-02-27 03:52:53.533 [info] Got 1 sessions for read:user,repo,user:email,workflow...
2026-02-27 03:52:53.539 [info] Getting sessions for all scopes...
2026-02-27 03:52:53.539 [info] Got 1 sessions for ...
2026-02-27 03:52:53.540 [info] Getting sessions for read:user,repo,user:email,workflow...
2026-02-27 03:52:53.540 [info] Got 1 sessions for read:user,repo,user:email,workflow...
2026-02-27 04:12:08.130 [info] Getting sessions for all scopes...
2026-02-27 04:12:08.130 [info] Got 1 sessions for ...
2026-02-27 04:12:08.131 [info] Getting sessions for read:user,repo,user:email,workflow...
2026-02-27 04:12:08.131 [info] Got 1 sessions for read:user,repo,user:email,workflow...
2026-02-27 04:42:37.538 [info] Getting sessions for all scopes...
2026-02-27 04:42:37.538 [info] Got 1 sessions for ...
2026-02-27 04:42:37.560 [info] Getting sessions for read:user,repo,user:email,workflow...
2026-02-27 04:42:37.560 [info] Got 1 sessions for read:user,repo,user:email,workflow...
2026-02-27 04:43:29.123 [info] Getting sessions for all scopes...
2026-02-27 04:43:29.123 [info] Got 1 sessions for ...
2026-02-27 04:43:29.124 [info] Getting sessions for read:user,repo,user:email,workflow...
2026-02-27 04:43:29.124 [info] Got 1 sessions for read:user,repo,user:email,workflow...
2026-02-27 04:43:29.786 [info] Getting sessions for all scopes...
2026-02-27 04:43:29.786 [info] Got 1 sessions for ...
2026-02-27 04:43:29.787 [info] Getting sessions for all scopes...
2026-02-27 04:43:29.787 [info] Got 1 sessions for ...
2026-02-27 04:43:29.806 [info] Getting sessions for read:user,repo,user:email,workflow...
2026-02-27 04:43:29.806 [info] Got 1 sessions for read:user,repo,user:email,workflow...
2026-02-27 04:43:29.822 [info] Getting sessions for all scopes...
2026-02-27 04:43:29.822 [info] Got 1 sessions for ...
2026-02-27 04:43:29.825 [info] Getting sessions for read:user,repo,user:email,workflow...
2026-02-27 04:43:29.826 [info] Got 1 sessions for read:user,repo,user:email,workflow...
2026-02-27 05:08:59.834 [info] Getting sessions for all scopes...
2026-02-27 05:08:59.834 [info] Got 1 sessions for ...
2026-02-27 05:08:59.837 [info] Getting sessions for read:user,repo,user:email,workflow...
2026-02-27 05:08:59.837 [info] Got 1 sessions for read:user,repo,user:email,workflow...
2026-02-27 05:09:00.402 [info] Getting sessions for all scopes...
2026-02-27 05:09:00.402 [info] Got 1 sessions for ...
2026-02-27 05:09:00.403 [info] Getting sessions for all scopes...
2026-02-27 05:09:00.403 [info] Got 1 sessions for ...
2026-02-27 05:09:00.404 [info] Getting sessions for read:user,repo,user:email,workflow...
2026-02-27 05:09:00.404 [info] Got 1 sessions for read:user,repo,user:email,workflow...
2026-02-27 05:09:00.438 [info] Getting sessions for all scopes...
2026-02-27 05:09:00.438 [info] Got 1 sessions for ...
2026-02-27 05:09:00.440 [info] Getting sessions for read:user,repo,user:email,workflow...
2026-02-27 05:09:00.440 [info] Got 1 sessions for read:user,repo,user:email,workflow...
2026-02-27 05:20:23.364 [info] Getting sessions for all scopes...
2026-02-27 05:20:23.364 [info] Got 1 sessions for ...
2026-02-27 05:20:23.364 [info] Getting sessions for read:user,repo,user:email,workflow...
2026-02-27 05:20:23.364 [info] Got 1 sessions for read:user,repo,user:email,workflow...
2026-02-27 05:20:30.052 [info] Getting sessions for all scopes...
2026-02-27 05:20:30.052 [info] Got 1 sessions for ...
2026-02-27 05:20:30.053 [info] Getting sessions for all scopes...
2026-02-27 05:20:30.053 [info] Got 1 sessions for ...
2026-02-27 05:42:38.104 [info] Getting sessions for all scopes...
2026-02-27 05:42:38.104 [info] Got 1 sessions for ...
2026-02-27 05:42:38.105 [info] Getting sessions for read:user,repo,user:email,workflow...
2026-02-27 05:42:38.105 [info] Got 1 sessions for read:user,repo,user:email,workflow...
2026-02-27 05:42:38.628 [info] Getting sessions for all scopes...
2026-02-27 05:42:38.628 [info] Got 1 sessions for ...
2026-02-27 05:42:38.628 [info] Getting sessions for all scopes...
2026-02-27 05:42:38.628 [info] Got 1 sessions for ...
2026-02-27 05:42:38.629 [info] Getting sessions for read:user,repo,user:email,workflow...
2026-02-27 05:42:38.629 [info] Got 1 sessions for read:user,repo,user:email,workflow...
2026-02-27 05:42:38.636 [info] Getting sessions for all scopes...
2026-02-27 05:42:38.636 [info] Got 1 sessions for ...
2026-02-27 05:42:38.636 [info] Getting sessions for read:user,repo,user:email,workflow...
2026-02-27 05:42:38.637 [info] Got 1 sessions for read:user,repo,user:email,workflow...
2026-02-27 06:02:08.063 [info] Getting sessions for all scopes...
2026-02-27 06:02:08.063 [info] Got 1 sessions for ...
2026-02-27 06:02:08.066 [info] Getting sessions for read:user,repo,user:email,workflow...
2026-02-27 06:02:08.066 [info] Got 1 sessions for read:user,repo,user:email,workflow...
2026-02-27 06:36:40.158 [info] Getting sessions for all scopes...
2026-02-27 06:36:40.158 [info] Got 1 sessions for ...
2026-02-27 06:36:40.159 [info] Getting sessions for read:user,repo,user:email,workflow...
2026-02-27 06:36:40.159 [info] Got 1 sessions for read:user,repo,user:email,workflow...
2026-02-27 06:37:39.001 [info] Getting sessions for all scopes...
2026-02-27 06:37:39.001 [info] Got 1 sessions for ...
2026-02-27 06:37:39.002 [info] Getting sessions for read:user,repo,user:email,workflow...
2026-02-27 06:37:39.002 [info] Got 1 sessions for read:user,repo,user:email,workflow...
2026-02-27 06:37:39.528 [info] Getting sessions for all scopes...
2026-02-27 06:37:39.528 [info] Got 1 sessions for ...
2026-02-27 06:37:39.529 [info] Getting sessions for all scopes...
2026-02-27 06:37:39.529 [info] Got 1 sessions for ...
2026-02-27 06:37:39.530 [info] Getting sessions for read:user,repo,user:email,workflow...
2026-02-27 06:37:39.530 [info] Got 1 sessions for read:user,repo,user:email,workflow...
2026-02-27 06:37:39.534 [info] Getting sessions for all scopes...
2026-02-27 06:37:39.534 [info] Got 1 sessions for ...
2026-02-27 06:37:39.535 [info] Getting sessions for read:user,repo,user:email,workflow...
2026-02-27 06:37:39.535 [info] Got 1 sessions for read:user,repo,user:email,workflow...
2026-02-27 07:12:08.133 [info] Getting sessions for all scopes...
2026-02-27 07:12:08.133 [info] Got 1 sessions for ...
2026-02-27 07:12:08.134 [info] Getting sessions for read:user,repo,user:email,workflow...
2026-02-27 07:12:08.134 [info] Got 1 sessions for read:user,repo,user:email,workflow...
2026-02-27 07:32:39.003 [info] Getting sessions for all scopes...
2026-02-27 07:32:39.003 [info] Got 1 sessions for ...
2026-02-27 07:32:39.004 [info] Getting sessions for read:user,repo,user:email,workflow...
2026-02-27 07:32:39.004 [info] Got 1 sessions for read:user,repo,user:email,workflow...
2026-02-27 07:32:39.650 [info] Getting sessions for all scopes...
2026-02-27 07:32:39.650 [info] Got 1 sessions for ...
2026-02-27 07:32:39.650 [info] Getting sessions for all scopes...
2026-02-27 07:32:39.650 [info] Got 1 sessions for ...
2026-02-27 07:32:39.651 [info] Getting sessions for read:user,repo,user:email,workflow...
2026-02-27 07:32:39.651 [info] Got 1 sessions for read:user,repo,user:email,workflow...
2026-02-27 07:32:39.656 [info] Getting sessions for all scopes...
2026-02-27 07:32:39.656 [info] Got 1 sessions for ...
2026-02-27 07:32:39.657 [info] Getting sessions for read:user,repo,user:email,workflow...
2026-02-27 07:32:39.657 [info] Got 1 sessions for read:user,repo,user:email,workflow...
2026-02-27 08:02:08.064 [info] Getting sessions for all scopes...
2026-02-27 08:02:08.064 [info] Got 1 sessions for ...
2026-02-27 08:02:08.065 [info] Getting sessions for read:user,repo,user:email,workflow...
2026-02-27 08:02:08.065 [info] Got 1 sessions for read:user,repo,user:email,workflow...
2026-02-27 08:27:40.002 [info] Getting sessions for all scopes...
2026-02-27 08:27:40.002 [info] Got 1 sessions for ...
2026-02-27 08:27:40.003 [info] Getting sessions for read:user,repo,user:email,workflow...
2026-02-27 08:27:40.003 [info] Got 1 sessions for read:user,repo,user:email,workflow...
2026-02-27 08:27:40.586 [info] Getting sessions for all scopes...
2026-02-27 08:27:40.586 [info] Got 1 sessions for ...
2026-02-27 08:27:40.586 [info] Getting sessions for all scopes...
2026-02-27 08:27:40.586 [info] Got 1 sessions for ...
2026-02-27 08:27:40.587 [info] Getting sessions for read:user,repo,user:email,workflow...
2026-02-27 08:27:40.587 [info] Got 1 sessions for read:user,repo,user:email,workflow...
2026-02-27 08:27:40.601 [info] Getting sessions for all scopes...
2026-02-27 08:27:40.601 [info] Got 1 sessions for ...
2026-02-27 08:27:40.603 [info] Getting sessions for read:user,repo,user:email,workflow...
2026-02-27 08:27:40.603 [info] Got 1 sessions for read:user,repo,user:email,workflow...
2026-02-27 08:36:40.162 [info] Getting sessions for all scopes...
2026-02-27 08:36:40.162 [info] Got 1 sessions for ...
2026-02-27 08:36:40.163 [info] Getting sessions for read:user,repo,user:email,workflow...
2026-02-27 08:36:40.163 [info] Got 1 sessions for read:user,repo,user:email,workflow...
2026-02-27 09:12:08.150 [info] Getting sessions for all scopes...
2026-02-27 09:12:08.150 [info] Got 1 sessions for ...
2026-02-27 09:12:08.151 [info] Getting sessions for read:user,repo,user:email,workflow...
2026-02-27 09:12:08.151 [info] Got 1 sessions for read:user,repo,user:email,workflow...
2026-02-27 09:22:41.002 [info] Getting sessions for all scopes...
2026-02-27 09:22:41.002 [info] Got 1 sessions for ...
2026-02-27 09:22:41.003 [info] Getting sessions for read:user,repo,user:email,workflow...
2026-02-27 09:22:41.003 [info] Got 1 sessions for read:user,repo,user:email,workflow...
2026-02-27 09:22:41.568 [info] Getting sessions for all scopes...
2026-02-27 09:22:41.568 [info] Got 1 sessions for ...
2026-02-27 09:22:41.568 [info] Getting sessions for all scopes...
2026-02-27 09:22:41.568 [info] Got 1 sessions for ...
2026-02-27 09:22:41.569 [info] Getting sessions for read:user,repo,user:email,workflow...
2026-02-27 09:22:41.569 [info] Got 1 sessions for read:user,repo,user:email,workflow...
2026-02-27 09:22:41.577 [info] Getting sessions for all scopes...
2026-02-27 09:22:41.577 [info] Got 1 sessions for ...
2026-02-27 09:22:41.578 [info] Getting sessions for read:user,repo,user:email,workflow...
2026-02-27 09:22:41.578 [info] Got 1 sessions for read:user,repo,user:email,workflow...
