2025-11-13 22:46:06.536 [info] Marked extension as removed ms-python.vscode-pylance-2025.8.3
2025-11-13 22:46:19.894 [info] Deleted marked for removal extension from disk ms-python.vscode-pylance /root/.vscode/extensions/ms-python.vscode-pylance-2025.8.3
2025-11-13 22:46:21.566 [info] Getting Manifest... ms-python.debugpy
2025-11-13 22:46:21.567 [info] Getting Manifest... ms-python.python
2025-11-13 22:46:21.569 [info] Getting Manifest... ms-python.vscode-python-envs
2025-11-13 22:46:21.748 [info] Installing extension: ms-python.python {"productVersion":{"version":"1.105.1","date":"2025-10-14T22:33:36.618Z"},"pinned":false,"operation":3,"isApplicationScoped":false,"profileLocation":{"$mid":1,"external":"vscode-userdata:/root/.vscode/extensions/extensions.json","path":"/root/.vscode/extensions/extensions.json","scheme":"vscode-userdata"}}
2025-11-13 22:46:21.751 [info] Installing extension: ms-python.vscode-python-envs {"productVersion":{"version":"1.105.1","date":"2025-10-14T22:33:36.618Z"},"pinned":false,"operation":3,"isApplicationScoped":false,"profileLocation":{"$mid":1,"external":"vscode-userdata:/root/.vscode/extensions/extensions.json","path":"/root/.vscode/extensions/extensions.json","scheme":"vscode-userdata"}}
2025-11-13 22:46:21.765 [info] Installing extension: ms-python.debugpy {"productVersion":{"version":"1.105.1","date":"2025-10-14T22:33:36.618Z"},"pinned":false,"operation":3,"isApplicationScoped":false,"profileLocation":{"$mid":1,"external":"vscode-userdata:/root/.vscode/extensions/extensions.json","path":"/root/.vscode/extensions/extensions.json","scheme":"vscode-userdata"}}
2025-11-13 22:46:21.867 [info] Getting Manifest... ms-python.python
2025-11-13 22:46:23.171 [info] Extension signature verification result for ms-python.vscode-python-envs: Success. Internal Code: 0. Executed: true. Duration: 1128ms.
2025-11-13 22:46:23.281 [info] Extension signature verification result for ms-python.python: Success. Internal Code: 0. Executed: true. Duration: 1189ms.
2025-11-13 22:46:23.300 [info] Extension signature verification result for ms-python.debugpy: Success. Internal Code: 0. Executed: true. Duration: 1164ms.
2025-11-13 22:46:23.558 [info] Extracted extension to file:///root/.vscode/extensions/ms-python.vscode-python-envs-1.12.0-linux-x64: ms-python.vscode-python-envs
2025-11-13 22:46:23.569 [info] Renamed to /root/.vscode/extensions/ms-python.vscode-python-envs-1.12.0-linux-x64
2025-11-13 22:46:23.590 [info] Marked extension as removed ms-python.vscode-python-envs-1.10.0-linux-x64
2025-11-13 22:46:23.597 [info] Extension installed successfully: ms-python.vscode-python-envs vscode-userdata:/root/.vscode/extensions/extensions.json
2025-11-13 22:46:24.078 [info] Extracted extension to file:///root/.vscode/extensions/ms-python.debugpy-2025.16.0-linux-x64: ms-python.debugpy
2025-11-13 22:46:24.095 [info] Renamed to /root/.vscode/extensions/ms-python.debugpy-2025.16.0-linux-x64
2025-11-13 22:46:24.124 [info] Extension installed successfully: ms-python.debugpy vscode-userdata:/root/.vscode/extensions/extensions.json
2025-11-13 22:46:24.125 [info] Marked extension as removed ms-python.debugpy-2025.14.1-linux-x64
2025-11-13 22:46:25.017 [info] Extracted extension to file:///root/.vscode/extensions/ms-python.python-2025.18.0-linux-x64: ms-python.python
2025-11-13 22:46:25.105 [info] Renamed to /root/.vscode/extensions/ms-python.python-2025.18.0-linux-x64
2025-11-13 22:46:25.125 [info] Marked extension as removed ms-python.python-2025.16.0-linux-x64
2025-11-13 22:46:25.128 [info] Extension installed successfully: ms-python.python vscode-userdata:/root/.vscode/extensions/extensions.json
