2026-02-28 05:09:58.327 [info] update#setState idle
2026-02-28 05:10:28.305 [info] update#setState checking for updates
2026-02-28 05:10:28.328 [info] update#setState idle
2026-02-28 06:10:28.309 [info] update#setState checking for updates
2026-02-28 06:10:28.370 [info] update#setState idle
2026-02-28 06:16:21.057 [error] Error: Error while decrypting the ciphertext provided to safeStorage.decryptString.
    at Mh.decrypt (file:///usr/share/code/resources/app/out/main.js:46:17936)
    at Object.call (file:///usr/share/code/resources/app/out/main.js:33:4580)
    at Xf.s (file:///usr/share/code/resources/app/out/main.js:31:14894)
    at Xf.q (file:///usr/share/code/resources/app/out/main.js:31:14417)
    at ca.value (file:///usr/share/code/resources/app/out/main.js:31:13819)
    at D.C (file:///usr/share/code/resources/app/out/main.js:30:2328)
    at D (file:///usr/share/code/resources/app/out/main.js:30:2398)
    at D.fire (file:///usr/share/code/resources/app/out/main.js:30:2615)
    at ca.value (file:///usr/share/code/resources/app/out/main.js:28:5390)
    at D.C (file:///usr/share/code/resources/app/out/main.js:30:2328)
    at D.fire (file:///usr/share/code/resources/app/out/main.js:30:2546)
    at ca.value (file:///usr/share/code/resources/app/out/main.js:28:5574)
    at D.C (file:///usr/share/code/resources/app/out/main.js:30:2328)
    at D.fire (file:///usr/share/code/resources/app/out/main.js:30:2546)
    at N (file:///usr/share/code/resources/app/out/main.js:28:8307)
    at IpcMainImpl.i (file:///usr/share/code/resources/app/out/main.js:36:10846)
    at IpcMainImpl.emit (node:events:519:28)
    at Session.<anonymous> (node:electron/js2c/browser_init:2:106626)
    at Session.emit (node:events:519:28)
2026-02-28 06:18:07.769 [info] Extension host with pid 3240 exited with code: 0, signal: unknown.
2026-02-28 06:18:08.255 [error] [UtilityProcess id: 1, type: fileWatcher, pid: 3341]: crashed with code 15 and reason 'killed'
2026-02-28 07:10:28.313 [info] update#setState checking for updates
2026-02-28 07:10:28.376 [info] update#setState idle
2026-02-28 08:10:28.315 [info] update#setState checking for updates
2026-02-28 08:10:28.396 [info] update#setState idle
2026-02-28 09:10:28.318 [info] update#setState checking for updates
2026-02-28 09:10:28.380 [info] update#setState idle
