2026-02-28 01:00:39.691 [info] update#setState idle
2026-02-28 01:00:44.952 [error] Error: Error while decrypting the ciphertext provided to safeStorage.decryptString.
    at Mh.decrypt (file:///usr/share/code/resources/app/out/main.js:46:17936)
    at Object.call (file:///usr/share/code/resources/app/out/main.js:33:4580)
    at Xf.s (file:///usr/share/code/resources/app/out/main.js:31:14894)
    at Xf.q (file:///usr/share/code/resources/app/out/main.js:31:14417)
    at ca.value (file:///usr/share/code/resources/app/out/main.js:31:13819)
    at D.C (file:///usr/share/code/resources/app/out/main.js:30:2328)
    at D (file:///usr/share/code/resources/app/out/main.js:30:2398)
    at D.fire (file:///usr/share/code/resources/app/out/main.js:30:2615)
    at ca.value (file:///usr/share/code/resources/app/out/main.js:28:5390)
    at D.C (file:///usr/share/code/resources/app/out/main.js:30:2328)
    at D.fire (file:///usr/share/code/resources/app/out/main.js:30:2546)
    at ca.value (file:///usr/share/code/resources/app/out/main.js:28:5574)
    at D.C (file:///usr/share/code/resources/app/out/main.js:30:2328)
    at D.fire (file:///usr/share/code/resources/app/out/main.js:30:2546)
    at N (file:///usr/share/code/resources/app/out/main.js:28:8307)
    at IpcMainImpl.i (file:///usr/share/code/resources/app/out/main.js:36:10846)
    at IpcMainImpl.emit (node:events:519:28)
    at Session.<anonymous> (node:electron/js2c/browser_init:2:106626)
    at Session.emit (node:events:519:28)
2026-02-28 01:01:09.675 [info] update#setState checking for updates
2026-02-28 01:01:09.702 [info] update#setState idle
