2026-02-26 21:37:02.607 [info] Python-envs extension version: 1.20.1
2026-02-26 21:37:02.607 [info] 
=== Python Envs Configuration Levels ===
2026-02-26 21:37:02.607 [info] {
  "section": "Python Envs Configuration Levels",
  "defaultEnvManager": {
    "workspaceFolderValue": "undefined",
    "workspaceValue": "undefined",
    "globalValue": "undefined",
    "defaultValue": "ms-python.python:venv"
  },
  "defaultPackageManager": {
    "workspaceFolderValue": "undefined",
    "workspaceValue": "undefined",
    "globalValue": "undefined",
    "defaultValue": "ms-python.python:pip"
  }
}
2026-02-26 21:37:02.607 [info] [pet] Starting Python Locator /root/.vscode/extensions/ms-python.vscode-python-envs-1.20.1-linux-x64/python-env-tools/bin/pet server
2026-02-26 21:37:02.611 [info] [pet] configure: Sending configuration update: {"workspaceDirectories":["/root/capsule"],"environmentDirectories":["/root/capsule/**/.venv"],"pipenvExecutable":"pipenv","poetryExecutable":"poetry","cacheDirectory":"/root/capsule/code/vscode-data/User/globalStorage/ms-python.vscode-python-envs/pythonLocator"}
2026-02-26 21:37:02.612 [info] Using conda from PATH: /opt/conda/bin/conda
2026-02-26 21:37:02.617 [info] Conda Sourcing Status:
├─ Conda Path: /opt/conda/bin/conda
├─ Conda Folder: /opt/conda
├─ Active on Launch: true
└─ No Shell-specific Sourcing Scripts Found
2026-02-26 21:37:02.675 [info] Refreshing Conda Environments
2026-02-26 21:37:02.675 [info] Refreshing conda environments (hardRefresh=true)
2026-02-26 21:37:32.612 [warning] [pet] Configure request timed out, killing hung process for restart
2026-02-26 21:37:32.612 [info] [pet] Killing hung/crashed PET process
2026-02-26 21:37:32.612 [error] [pet] configure: Configuration error Request 'configure' timed out after 30000ms
2026-02-26 21:37:32.612 [warning] [pet] Request timed out, killing hung process for restart
2026-02-26 21:37:32.612 [error] [pet] Error refreshing Request 'configure' timed out after 30000ms
2026-02-26 21:37:32.613 [warning] [pet] Restarting Python Environment Tools (attempt 1/3, waiting 1000ms)
2026-02-26 21:37:32.613 [info] Pipenv not found, turning off pipenv features. If you have pipenv installed in a non-standard location, set the "python.pipenvPath" setting. [Error: Request 'configure' timed out after 30000ms
	at Timeout.<anonymous> (/root/.vscode/extensions/ms-python.vscode-python-envs-1.20.1-linux-x64/dist/extension.js:2:534062)
	at listOnTimeout (node:internal/timers:588:17)
	at process.processTimers (node:internal/timers:523:7)]
2026-02-26 21:37:32.614 [error] [pet] Python Environment Tools exited unexpectedly with code null, signal SIGTERM
2026-02-26 21:37:33.619 [info] [pet] Starting Python Locator /root/.vscode/extensions/ms-python.vscode-python-envs-1.20.1-linux-x64/python-env-tools/bin/pet server
2026-02-26 21:37:33.619 [info] [pet] Python Environment Tools restarted successfully
2026-02-26 21:37:33.619 [info] [pet] configure: Sending configuration update: {"workspaceDirectories":["/root/capsule"],"environmentDirectories":["/root/capsule/**/.venv"],"pipenvExecutable":"pipenv","poetryExecutable":"poetry","cacheDirectory":"/root/capsule/code/vscode-data/User/globalStorage/ms-python.vscode-python-envs/pythonLocator"}
2026-02-26 21:38:03.622 [warning] [pet] Configure request timed out, killing hung process for restart
2026-02-26 21:38:03.622 [info] [pet] Killing hung/crashed PET process
2026-02-26 21:38:03.622 [error] [pet] configure: Configuration error Request 'configure' timed out after 30000ms
2026-02-26 21:38:03.622 [warning] [pet] Request timed out, killing hung process for restart
2026-02-26 21:38:03.622 [error] [pet] Error refreshing Request 'configure' timed out after 30000ms
2026-02-26 21:38:03.622 [warning] [pet] Restarting Python Environment Tools (attempt 2/3, waiting 2000ms)
2026-02-26 21:38:03.623 [info] Pyenv not found, turning off pyenv features. [Error: Request 'configure' timed out after 30000ms
	at Timeout.<anonymous> (/root/.vscode/extensions/ms-python.vscode-python-envs-1.20.1-linux-x64/dist/extension.js:2:534062)
	at listOnTimeout (node:internal/timers:588:17)
	at process.processTimers (node:internal/timers:523:7)]
2026-02-26 21:38:03.623 [error] [pet] Python Environment Tools exited unexpectedly with code null, signal SIGTERM
2026-02-26 21:38:05.629 [info] [pet] Starting Python Locator /root/.vscode/extensions/ms-python.vscode-python-envs-1.20.1-linux-x64/python-env-tools/bin/pet server
2026-02-26 21:38:05.629 [info] [pet] Python Environment Tools restarted successfully
2026-02-26 21:38:05.630 [info] [pet] configure: Sending configuration update: {"workspaceDirectories":["/root/capsule"],"environmentDirectories":["/root/capsule/**/.venv"],"pipenvExecutable":"pipenv","poetryExecutable":"poetry","cacheDirectory":"/root/capsule/code/vscode-data/User/globalStorage/ms-python.vscode-python-envs/pythonLocator"}
2026-02-26 21:38:35.631 [warning] [pet] Configure request timed out, killing hung process for restart
2026-02-26 21:38:35.631 [info] [pet] Killing hung/crashed PET process
2026-02-26 21:38:35.631 [error] [pet] configure: Configuration error Request 'configure' timed out after 30000ms
2026-02-26 21:38:35.631 [warning] [pet] Request timed out, killing hung process for restart
2026-02-26 21:38:35.631 [error] [pet] Error refreshing Request 'configure' timed out after 30000ms
2026-02-26 21:38:35.631 [warning] [pet] Restarting Python Environment Tools (attempt 3/3, waiting 4000ms)
2026-02-26 21:38:35.631 [info] Poetry not found, turning off poetry features. [Error: Request 'configure' timed out after 30000ms
	at Timeout.<anonymous> (/root/.vscode/extensions/ms-python.vscode-python-envs-1.20.1-linux-x64/dist/extension.js:2:534062)
	at listOnTimeout (node:internal/timers:588:17)
	at process.processTimers (node:internal/timers:523:7)]
2026-02-26 21:38:35.632 [info] [interpreterSelection] Applying initial environment selection for 1 workspace folder(s)
2026-02-26 21:38:35.633 [error] [pet] Python Environment Tools exited unexpectedly with code null, signal SIGTERM
2026-02-26 21:38:39.638 [info] [pet] Starting Python Locator /root/.vscode/extensions/ms-python.vscode-python-envs-1.20.1-linux-x64/python-env-tools/bin/pet server
2026-02-26 21:38:39.638 [info] [pet] Python Environment Tools restarted successfully
2026-02-26 21:38:39.639 [info] [pet] configure: Sending configuration update: {"workspaceDirectories":["/root/capsule"],"environmentDirectories":["/root/capsule/**/.venv"],"pipenvExecutable":"pipenv","poetryExecutable":"poetry","cacheDirectory":"/root/capsule/code/vscode-data/User/globalStorage/ms-python.vscode-python-envs/pythonLocator"}
2026-02-26 21:39:09.640 [warning] [pet] Configure request timed out, killing hung process for restart
2026-02-26 21:39:09.640 [info] [pet] Killing hung/crashed PET process
2026-02-26 21:39:09.640 [error] [pet] configure: Configuration error Request 'configure' timed out after 30000ms
2026-02-26 21:39:09.640 [warning] [pet] Request timed out, killing hung process for restart
2026-02-26 21:39:09.640 [error] [pet] Error refreshing Request 'configure' timed out after 30000ms
2026-02-26 21:39:09.643 [error] Failed to refresh native finder for conda environments [Error: Python Environment Tools (PET) failed after 3 restart attempts. Please reload the window or check the output channel for details. To debug, run "Python Environments: Run Python Environment Tool (PET) in Terminal" from the Command Palette.
	at S.ensureProcessRunning (/root/.vscode/extensions/ms-python.vscode-python-envs-1.20.1-linux-x64/dist/extension.js:2:535872)
	at S.doRefresh (/root/.vscode/extensions/ms-python.vscode-python-envs-1.20.1-linux-x64/dist/extension.js:2:540575)
	at c.workerFunc (/root/.vscode/extensions/ms-python.vscode-python-envs-1.20.1-linux-x64/dist/extension.js:2:535168)
	at o.workFunc (/root/.vscode/extensions/ms-python.vscode-python-envs-1.20.1-linux-x64/dist/extension.js:2:287619)
	at o.start (/root/.vscode/extensions/ms-python.vscode-python-envs-1.20.1-linux-x64/dist/extension.js:2:286434)]
2026-02-26 21:39:09.643 [error] Failed to refresh native finder: Python Environment Tools (PET) failed after 3 restart attempts. Please reload the window or check the output channel for details. To debug, run "Python Environments: Run Python Environment Tool (PET) in Terminal" from the Command Palette.
2026-02-26 21:39:09.645 [error] [interpreterSelection] Failed to set environment for /root/capsule: Error: Python Environment Tools (PET) failed after 3 restart attempts. Please reload the window or check the output channel for details. To debug, run "Python Environments: Run Python Environment Tool (PET) in Terminal" from the Command Palette.
2026-02-26 21:39:09.646 [error] [pet] Python Environment Tools exited unexpectedly with code null, signal SIGTERM
2026-02-26 21:39:09.648 [info] [interpreterSelection] global: none (source: autoDiscovery)
2026-02-26 21:40:42.158 [info] Refreshing Conda Environments
2026-02-26 21:40:42.159 [info] Refreshing conda environments (hardRefresh=true)
2026-02-26 21:40:42.159 [error] Failed to refresh native finder for conda environments [Error: Python Environment Tools (PET) failed after 3 restart attempts. Please reload the window or check the output channel for details. To debug, run "Python Environments: Run Python Environment Tool (PET) in Terminal" from the Command Palette.
	at S.ensureProcessRunning (/root/.vscode/extensions/ms-python.vscode-python-envs-1.20.1-linux-x64/dist/extension.js:2:535872)
	at S.doRefresh (/root/.vscode/extensions/ms-python.vscode-python-envs-1.20.1-linux-x64/dist/extension.js:2:540575)
	at c.workerFunc (/root/.vscode/extensions/ms-python.vscode-python-envs-1.20.1-linux-x64/dist/extension.js:2:535168)
	at o.workFunc (/root/.vscode/extensions/ms-python.vscode-python-envs-1.20.1-linux-x64/dist/extension.js:2:287619)
	at o.start (/root/.vscode/extensions/ms-python.vscode-python-envs-1.20.1-linux-x64/dist/extension.js:2:286434)]
2026-02-26 21:40:42.159 [error] Failed to refresh native finder: Python Environment Tools (PET) failed after 3 restart attempts. Please reload the window or check the output channel for details. To debug, run "Python Environments: Run Python Environment Tool (PET) in Terminal" from the Command Palette.
2026-02-26 21:41:09.748 [info] Refreshing conda environments (hardRefresh=false)
2026-02-26 21:41:09.748 [error] Failed to refresh native finder for conda environments [Error: Python Environment Tools (PET) failed after 3 restart attempts. Please reload the window or check the output channel for details. To debug, run "Python Environments: Run Python Environment Tool (PET) in Terminal" from the Command Palette.
	at S.ensureProcessRunning (/root/.vscode/extensions/ms-python.vscode-python-envs-1.20.1-linux-x64/dist/extension.js:2:535872)
	at S.doRefresh (/root/.vscode/extensions/ms-python.vscode-python-envs-1.20.1-linux-x64/dist/extension.js:2:540575)
	at c.workerFunc (/root/.vscode/extensions/ms-python.vscode-python-envs-1.20.1-linux-x64/dist/extension.js:2:535168)
	at o.workFunc (/root/.vscode/extensions/ms-python.vscode-python-envs-1.20.1-linux-x64/dist/extension.js:2:287619)
	at o.start (/root/.vscode/extensions/ms-python.vscode-python-envs-1.20.1-linux-x64/dist/extension.js:2:286434)]
2026-02-26 21:41:09.748 [error] Failed to refresh native finder: Python Environment Tools (PET) failed after 3 restart attempts. Please reload the window or check the output channel for details. To debug, run "Python Environments: Run Python Environment Tool (PET) in Terminal" from the Command Palette.
2026-02-26 21:41:09.749 [error] Unable to handle /opt/conda
2026-02-26 21:41:09.820 [error] Unable to handle /opt/conda
2026-02-26 21:41:09.830 [error] Unable to handle /opt/conda/bin/python
2026-02-26 21:41:09.837 [error] Unable to handle /opt/conda/bin/python
2026-02-26 21:41:09.839 [error] Unable to handle /opt/conda/bin/python
2026-02-26 21:41:32.114 [error] Unable to handle /opt/conda/bin/python
2026-02-26 21:41:37.816 [error] Unable to handle /opt/conda/bin/python
2026-02-26 21:41:37.817 [error] Unable to handle /opt/conda/bin/python
2026-02-26 21:41:37.818 [error] Unable to handle /opt/conda/bin/python
2026-02-26 21:41:37.820 [error] Unable to handle /opt/conda/bin/python
2026-02-26 21:41:37.821 [error] Unable to handle /opt/conda/bin/python
2026-02-26 21:41:37.822 [error] Unable to handle /opt/conda/bin/python
2026-02-26 21:41:58.072 [info] Refreshing Conda Environments
2026-02-26 21:41:58.072 [info] Refreshing conda environments (hardRefresh=true)
2026-02-26 21:41:58.072 [error] Failed to refresh native finder for conda environments [Error: Python Environment Tools (PET) failed after 3 restart attempts. Please reload the window or check the output channel for details. To debug, run "Python Environments: Run Python Environment Tool (PET) in Terminal" from the Command Palette.
	at S.ensureProcessRunning (/root/.vscode/extensions/ms-python.vscode-python-envs-1.20.1-linux-x64/dist/extension.js:2:535872)
	at S.doRefresh (/root/.vscode/extensions/ms-python.vscode-python-envs-1.20.1-linux-x64/dist/extension.js:2:540575)
	at c.workerFunc (/root/.vscode/extensions/ms-python.vscode-python-envs-1.20.1-linux-x64/dist/extension.js:2:535168)
	at o.workFunc (/root/.vscode/extensions/ms-python.vscode-python-envs-1.20.1-linux-x64/dist/extension.js:2:287619)
	at o.start (/root/.vscode/extensions/ms-python.vscode-python-envs-1.20.1-linux-x64/dist/extension.js:2:286434)]
2026-02-26 21:41:58.072 [error] Failed to refresh native finder: Python Environment Tools (PET) failed after 3 restart attempts. Please reload the window or check the output channel for details. To debug, run "Python Environments: Run Python Environment Tool (PET) in Terminal" from the Command Palette.
2026-02-26 21:42:05.043 [error] Unable to handle /opt/conda/bin/python
