2026-02-28 06:16:21.182 [info] [getSessions] [all] starting
2026-02-28 06:16:21.183 [info] [getSessions] [all] returned 0 session(s)
2026-02-28 06:16:21.183 [info] [getSessions] [all] starting
2026-02-28 06:16:21.183 [info] [getSessions] [all] returned 0 session(s)
2026-02-28 06:16:21.183 [info] [getSessions] [all] starting
2026-02-28 06:16:21.183 [info] [getSessions] [all] returned 0 session(s)
2026-02-28 06:16:21.188 [info] [getSessions] [499b84ac-1321-427f-aa17-267ca6975798/.default offline_access] starting
2026-02-28 06:16:21.188 [info] [aebc6443-996d-45c2-90f0-388ff96faa56] Native Broker enabled: false
2026-02-28 06:16:21.191 [info] [getSessions] [499b84ac-1321-427f-aa17-267ca6975798/.default offline_access] returned 0 session(s)
2026-02-28 06:16:21.995 [info] [getSessions] [499b84ac-1321-427f-aa17-267ca6975798/.default offline_access] starting
2026-02-28 06:16:21.995 [info] [getSessions] [499b84ac-1321-427f-aa17-267ca6975798/.default offline_access] returned 0 session(s)
2026-02-28 06:17:56.257 [info] [getSessions] [499b84ac-1321-427f-aa17-267ca6975798/.default offline_access] starting
2026-02-28 06:17:56.257 [info] [getSessions] [499b84ac-1321-427f-aa17-267ca6975798/.default offline_access] returned 0 session(s)
2026-02-28 06:17:56.722 [info] [getSessions] [499b84ac-1321-427f-aa17-267ca6975798/.default offline_access] starting
2026-02-28 06:17:56.722 [info] [getSessions] [499b84ac-1321-427f-aa17-267ca6975798/.default offline_access] returned 0 session(s)
2026-02-28 06:18:07.752 [info] Microsoft Authentication is deactivating...
2026-02-28 06:18:12.603 [info] [aebc6443-996d-45c2-90f0-388ff96faa56] Native Broker enabled: false
2026-02-28 06:18:12.677 [info] [getSessions] [all] starting
2026-02-28 06:18:12.677 [info] [getSessions] [all] returned 0 session(s)
2026-02-28 06:18:12.677 [info] [getSessions] [all] starting
2026-02-28 06:18:12.677 [info] [getSessions] [all] returned 0 session(s)
2026-02-28 06:18:12.677 [info] [getSessions] [all] starting
2026-02-28 06:18:12.677 [info] [getSessions] [all] returned 0 session(s)
2026-02-28 06:18:12.719 [info] [getSessions] [499b84ac-1321-427f-aa17-267ca6975798/.default offline_access] starting
2026-02-28 06:18:12.719 [info] [aebc6443-996d-45c2-90f0-388ff96faa56] Native Broker enabled: false
2026-02-28 06:18:12.858 [info] [getSessions] [499b84ac-1321-427f-aa17-267ca6975798/.default offline_access] returned 0 session(s)
2026-02-28 06:18:13.214 [info] [getSessions] [499b84ac-1321-427f-aa17-267ca6975798/.default offline_access] starting
2026-02-28 06:18:13.214 [info] [getSessions] [499b84ac-1321-427f-aa17-267ca6975798/.default offline_access] returned 0 session(s)
2026-02-28 06:18:13.960 [info] [getSessions] [all] starting
2026-02-28 06:18:13.960 [info] [getSessions] [all] returned 0 session(s)
2026-02-28 06:39:29.777 [info] [getSessions] [499b84ac-1321-427f-aa17-267ca6975798/.default offline_access] starting
2026-02-28 06:39:29.777 [info] [getSessions] [499b84ac-1321-427f-aa17-267ca6975798/.default offline_access] returned 0 session(s)
2026-02-28 07:00:36.107 [info] [getSessions] [499b84ac-1321-427f-aa17-267ca6975798/.default offline_access] starting
2026-02-28 07:00:36.107 [info] [getSessions] [499b84ac-1321-427f-aa17-267ca6975798/.default offline_access] returned 0 session(s)
2026-02-28 07:55:36.564 [info] [getSessions] [499b84ac-1321-427f-aa17-267ca6975798/.default offline_access] starting
2026-02-28 07:55:36.564 [info] [getSessions] [499b84ac-1321-427f-aa17-267ca6975798/.default offline_access] returned 0 session(s)
2026-02-28 08:16:44.396 [info] [getSessions] [499b84ac-1321-427f-aa17-267ca6975798/.default offline_access] starting
2026-02-28 08:16:44.396 [info] [getSessions] [499b84ac-1321-427f-aa17-267ca6975798/.default offline_access] returned 0 session(s)
2026-02-28 09:09:26.502 [info] [getSessions] [499b84ac-1321-427f-aa17-267ca6975798/.default offline_access] starting
2026-02-28 09:09:26.502 [info] [getSessions] [499b84ac-1321-427f-aa17-267ca6975798/.default offline_access] returned 0 session(s)
2026-02-28 09:34:40.410 [info] [getSessions] [499b84ac-1321-427f-aa17-267ca6975798/.default offline_access] starting
2026-02-28 09:34:40.410 [info] [getSessions] [499b84ac-1321-427f-aa17-267ca6975798/.default offline_access] returned 0 session(s)
