2026-03-02 20:07:09.755 [info] [aebc6443-996d-45c2-90f0-388ff96faa56] Native Broker enabled: false
2026-03-02 20:07:10.378 [info] [getSessions] [all] starting
2026-03-02 20:07:10.378 [info] [getSessions] [all] returned 0 session(s)
2026-03-02 20:07:10.379 [info] [getSessions] [all] starting
2026-03-02 20:07:10.379 [info] [getSessions] [all] returned 0 session(s)
2026-03-02 20:07:10.379 [info] [getSessions] [all] starting
2026-03-02 20:07:10.379 [info] [getSessions] [all] returned 0 session(s)
2026-03-02 20:07:11.000 [info] [getSessions] [499b84ac-1321-427f-aa17-267ca6975798/.default offline_access] starting
2026-03-02 20:07:11.000 [info] [aebc6443-996d-45c2-90f0-388ff96faa56] Native Broker enabled: false
2026-03-02 20:07:11.523 [info] [getSessions] [499b84ac-1321-427f-aa17-267ca6975798/.default offline_access] returned 0 session(s)
2026-03-02 20:07:11.873 [info] [getSessions] [all] starting
2026-03-02 20:07:11.873 [info] [getSessions] [all] returned 0 session(s)
2026-03-02 20:07:11.988 [info] [getSessions] [499b84ac-1321-427f-aa17-267ca6975798/.default offline_access] starting
2026-03-02 20:07:11.989 [info] [getSessions] [499b84ac-1321-427f-aa17-267ca6975798/.default offline_access] returned 0 session(s)
2026-03-02 20:28:20.673 [info] [getSessions] [499b84ac-1321-427f-aa17-267ca6975798/.default offline_access] starting
2026-03-02 20:28:20.673 [info] [getSessions] [499b84ac-1321-427f-aa17-267ca6975798/.default offline_access] returned 0 session(s)
2026-03-02 21:23:21.385 [info] [getSessions] [499b84ac-1321-427f-aa17-267ca6975798/.default offline_access] starting
2026-03-02 21:23:21.385 [info] [getSessions] [499b84ac-1321-427f-aa17-267ca6975798/.default offline_access] returned 0 session(s)
2026-03-02 22:17:29.404 [info] [getSessions] [499b84ac-1321-427f-aa17-267ca6975798/.default offline_access] starting
2026-03-02 22:17:29.404 [info] [getSessions] [499b84ac-1321-427f-aa17-267ca6975798/.default offline_access] returned 0 session(s)
2026-03-02 22:48:43.263 [info] [getSessions] [499b84ac-1321-427f-aa17-267ca6975798/.default offline_access] starting
2026-03-02 22:48:43.263 [info] [getSessions] [499b84ac-1321-427f-aa17-267ca6975798/.default offline_access] returned 0 session(s)
2026-03-02 23:43:43.467 [info] [getSessions] [499b84ac-1321-427f-aa17-267ca6975798/.default offline_access] starting
2026-03-02 23:43:43.467 [info] [getSessions] [499b84ac-1321-427f-aa17-267ca6975798/.default offline_access] returned 0 session(s)
2026-03-03 00:35:17.801 [info] [getSessions] [499b84ac-1321-427f-aa17-267ca6975798/.default offline_access] starting
2026-03-03 00:35:17.801 [info] [getSessions] [499b84ac-1321-427f-aa17-267ca6975798/.default offline_access] returned 0 session(s)
2026-03-03 01:08:46.026 [info] [getSessions] [499b84ac-1321-427f-aa17-267ca6975798/.default offline_access] starting
2026-03-03 01:08:46.026 [info] [getSessions] [499b84ac-1321-427f-aa17-267ca6975798/.default offline_access] returned 0 session(s)
