2026-02-27 16:33:07.123 [info] Reading sessions from keychain...
2026-02-27 16:33:07.123 [info] Getting sessions for all scopes...
2026-02-27 16:33:09.730 [info] Got stored sessions!
2026-02-27 16:33:09.730 [info] Got 1 verified sessions.
2026-02-27 16:33:09.730 [info] Got 1 sessions for ...
2026-02-27 16:33:09.730 [info] Getting sessions for all scopes...
2026-02-27 16:33:09.730 [info] Got 1 sessions for ...
2026-02-27 16:33:09.730 [info] Getting sessions for all scopes...
2026-02-27 16:33:09.730 [info] Got 1 sessions for ...
2026-02-27 16:33:09.730 [info] Getting sessions for all scopes...
2026-02-27 16:33:09.730 [info] Got 1 sessions for ...
2026-02-27 16:33:09.730 [info] Getting sessions for all scopes...
2026-02-27 16:33:09.730 [info] Got 1 sessions for ...
2026-02-27 16:33:09.730 [info] Getting sessions for all scopes...
2026-02-27 16:33:09.731 [info] Got 1 sessions for ...
2026-02-27 16:33:09.919 [info] Getting sessions for all scopes...
2026-02-27 16:33:09.919 [info] Got 1 sessions for ...
2026-02-27 16:33:10.104 [info] Getting sessions for all scopes...
2026-02-27 16:33:10.104 [info] Got 1 sessions for ...
2026-02-27 16:33:10.436 [info] Getting sessions for read:user,repo,user:email,workflow...
2026-02-27 16:33:10.437 [info] Got 1 sessions for read:user,repo,user:email,workflow...
2026-02-27 16:33:10.803 [info] Getting sessions for all scopes...
2026-02-27 16:33:10.803 [info] Got 1 sessions for ...
2026-02-27 16:33:11.699 [info] FetcherService: Electron fetch failed with status: 429 
2026-02-27 16:33:11.701 [info] Unable to resolve optional EDU details. Status: 429 
2026-02-27 16:33:12.394 [info] Getting sessions for read:user,repo,user:email,workflow...
2026-02-27 16:33:12.394 [info] Got 1 sessions for read:user,repo,user:email,workflow...
2026-02-27 16:33:13.059 [info] Getting sessions for all scopes...
2026-02-27 16:33:13.059 [info] Got 1 sessions for ...
2026-02-27 16:33:13.060 [info] Getting sessions for all scopes...
2026-02-27 16:33:13.060 [info] Got 1 sessions for ...
2026-02-27 16:33:13.105 [info] Getting sessions for read:user,repo,user:email,workflow...
2026-02-27 16:33:13.105 [info] Got 1 sessions for read:user,repo,user:email,workflow...
2026-02-27 16:33:13.322 [info] Getting sessions for all scopes...
2026-02-27 16:33:13.322 [info] Got 1 sessions for ...
2026-02-27 16:33:13.327 [info] Getting sessions for all scopes...
2026-02-27 16:33:13.327 [info] Got 1 sessions for ...
2026-02-27 16:33:13.327 [info] Getting sessions for all scopes...
2026-02-27 16:33:13.327 [info] Got 1 sessions for ...
2026-02-27 16:33:13.334 [info] Getting sessions for all scopes...
2026-02-27 16:33:13.334 [info] Got 1 sessions for ...
2026-02-27 16:33:13.354 [info] Getting sessions for read:user,repo,user:email,workflow...
2026-02-27 16:33:13.354 [info] Got 1 sessions for read:user,repo,user:email,workflow...
2026-02-27 16:33:13.870 [info] Getting sessions for all scopes...
2026-02-27 16:33:13.870 [info] Got 1 sessions for ...
2026-02-27 16:33:13.949 [info] Getting sessions for read:user,repo,user:email,workflow...
2026-02-27 16:33:13.949 [info] Got 1 sessions for read:user,repo,user:email,workflow...
2026-02-27 16:33:14.441 [info] Getting sessions for all scopes...
2026-02-27 16:33:14.441 [info] Got 1 sessions for ...
2026-02-27 16:33:14.446 [info] Getting sessions for read:user,repo,user:email,workflow...
2026-02-27 16:33:14.446 [info] Got 1 sessions for read:user,repo,user:email,workflow...
2026-02-27 16:35:29.870 [info] Getting sessions for all scopes...
2026-02-27 16:35:29.870 [info] Got 1 sessions for ...
2026-02-27 16:35:29.871 [info] Getting sessions for all scopes...
2026-02-27 16:35:29.871 [info] Got 1 sessions for ...
2026-02-27 17:08:32.654 [info] Getting sessions for all scopes...
2026-02-27 17:08:32.655 [info] Got 1 sessions for ...
2026-02-27 17:08:32.669 [info] Getting sessions for read:user,repo,user:email,workflow...
2026-02-27 17:08:32.669 [info] Got 1 sessions for read:user,repo,user:email,workflow...
2026-02-27 17:08:34.072 [info] Getting sessions for all scopes...
2026-02-27 17:08:34.072 [info] Got 1 sessions for ...
2026-02-27 17:08:34.072 [info] Getting sessions for all scopes...
2026-02-27 17:08:34.072 [info] Got 1 sessions for ...
2026-02-27 17:08:34.095 [info] Getting sessions for read:user,repo,user:email,workflow...
2026-02-27 17:08:34.095 [info] Got 1 sessions for read:user,repo,user:email,workflow...
2026-02-27 17:08:34.097 [info] Getting sessions for all scopes...
2026-02-27 17:08:34.097 [info] Got 1 sessions for ...
2026-02-27 17:08:34.097 [info] Getting sessions for read:user,repo,user:email,workflow...
2026-02-27 17:08:34.097 [info] Got 1 sessions for read:user,repo,user:email,workflow...
2026-02-27 17:08:34.576 [info] Getting sessions for all scopes...
2026-02-27 17:08:34.576 [info] Got 1 sessions for ...
2026-02-27 17:08:34.576 [info] Getting sessions for all scopes...
2026-02-27 17:08:34.576 [info] Got 1 sessions for ...
2026-02-27 17:08:34.607 [info] Getting sessions for read:user,repo,user:email,workflow...
2026-02-27 17:08:34.607 [info] Got 1 sessions for read:user,repo,user:email,workflow...
2026-02-27 17:08:34.612 [info] Getting sessions for all scopes...
2026-02-27 17:08:34.612 [info] Got 1 sessions for ...
2026-02-27 17:08:34.613 [info] Getting sessions for read:user,repo,user:email,workflow...
2026-02-27 17:08:34.613 [info] Got 1 sessions for read:user,repo,user:email,workflow...
2026-02-27 17:10:21.759 [info] Getting sessions for all scopes...
2026-02-27 17:10:21.759 [info] Got 1 sessions for ...
2026-02-27 17:10:21.760 [info] Getting sessions for all scopes...
2026-02-27 17:10:21.760 [info] Got 1 sessions for ...
2026-02-27 17:10:24.764 [info] Getting sessions for all scopes...
2026-02-27 17:10:24.765 [info] Got 1 sessions for ...
2026-02-27 17:10:24.765 [info] Getting sessions for all scopes...
2026-02-27 17:10:24.765 [info] Got 1 sessions for ...
2026-02-27 17:30:53.985 [info] Getting sessions for all scopes...
2026-02-27 17:30:53.985 [info] Got 1 sessions for ...
2026-02-27 17:30:53.986 [info] Getting sessions for read:user,repo,user:email,workflow...
2026-02-27 17:30:53.986 [info] Got 1 sessions for read:user,repo,user:email,workflow...
2026-02-27 17:30:54.635 [info] Getting sessions for all scopes...
2026-02-27 17:30:54.635 [info] Got 1 sessions for ...
2026-02-27 17:30:54.636 [info] Getting sessions for all scopes...
2026-02-27 17:30:54.636 [info] Got 1 sessions for ...
2026-02-27 17:30:54.639 [info] Getting sessions for read:user,repo,user:email,workflow...
2026-02-27 17:30:54.639 [info] Got 1 sessions for read:user,repo,user:email,workflow...
2026-02-27 17:30:54.655 [info] Getting sessions for all scopes...
2026-02-27 17:30:54.655 [info] Got 1 sessions for ...
2026-02-27 17:30:54.656 [info] Getting sessions for read:user,repo,user:email,workflow...
2026-02-27 17:30:54.656 [info] Got 1 sessions for read:user,repo,user:email,workflow...
2026-02-27 17:38:27.597 [info] Getting sessions for all scopes...
2026-02-27 17:38:27.598 [info] Got 1 sessions for ...
2026-02-27 17:38:27.648 [info] Getting sessions for read:user,repo,user:email,workflow...
2026-02-27 17:38:27.648 [info] Got 1 sessions for read:user,repo,user:email,workflow...
2026-02-27 17:38:28.044 [info] Getting sessions for all scopes...
2026-02-27 17:38:28.044 [info] Got 1 sessions for ...
2026-02-27 17:38:28.232 [info] Getting sessions for read:user,repo,user:email,workflow...
2026-02-27 17:38:28.232 [info] Got 1 sessions for read:user,repo,user:email,workflow...
2026-02-27 17:38:48.103 [info] Getting sessions for all scopes...
2026-02-27 17:38:48.103 [info] Got 1 sessions for ...
2026-02-27 17:38:48.103 [info] Getting sessions for read:user,repo,user:email,workflow...
2026-02-27 17:38:48.103 [info] Got 1 sessions for read:user,repo,user:email,workflow...
2026-02-27 17:58:31.852 [info] Getting sessions for all scopes...
2026-02-27 17:58:31.852 [info] Got 1 sessions for ...
2026-02-27 17:58:31.853 [info] Getting sessions for read:user,repo,user:email,workflow...
2026-02-27 17:58:31.853 [info] Got 1 sessions for read:user,repo,user:email,workflow...
2026-02-27 17:58:32.418 [info] Getting sessions for all scopes...
2026-02-27 17:58:32.418 [info] Got 1 sessions for ...
2026-02-27 17:58:32.418 [info] Getting sessions for all scopes...
2026-02-27 17:58:32.418 [info] Got 1 sessions for ...
2026-02-27 17:58:32.419 [info] Getting sessions for read:user,repo,user:email,workflow...
2026-02-27 17:58:32.419 [info] Got 1 sessions for read:user,repo,user:email,workflow...
2026-02-27 17:58:32.425 [info] Getting sessions for all scopes...
2026-02-27 17:58:32.425 [info] Got 1 sessions for ...
2026-02-27 17:58:32.426 [info] Getting sessions for read:user,repo,user:email,workflow...
2026-02-27 17:58:32.426 [info] Got 1 sessions for read:user,repo,user:email,workflow...
2026-02-27 18:09:13.026 [info] Getting sessions for all scopes...
2026-02-27 18:09:13.026 [info] Got 1 sessions for ...
2026-02-27 18:09:13.038 [info] Getting sessions for read:user,repo,user:email,workflow...
2026-02-27 18:09:13.038 [info] Got 1 sessions for read:user,repo,user:email,workflow...
2026-02-27 18:10:25.271 [info] Getting sessions for all scopes...
2026-02-27 18:10:25.271 [info] Got 1 sessions for ...
2026-02-27 18:10:25.272 [info] Getting sessions for all scopes...
2026-02-27 18:10:25.272 [info] Got 1 sessions for ...
2026-02-27 18:19:33.163 [info] Getting sessions for all scopes...
2026-02-27 18:19:33.163 [info] Got 1 sessions for ...
2026-02-27 18:19:33.167 [info] Getting sessions for read:user,repo,user:email,workflow...
2026-02-27 18:19:33.168 [info] Got 1 sessions for read:user,repo,user:email,workflow...
2026-02-27 18:19:33.757 [info] Getting sessions for all scopes...
2026-02-27 18:19:33.757 [info] Got 1 sessions for ...
2026-02-27 18:19:33.757 [info] Getting sessions for all scopes...
2026-02-27 18:19:33.757 [info] Got 1 sessions for ...
2026-02-27 18:19:33.759 [info] Getting sessions for read:user,repo,user:email,workflow...
2026-02-27 18:19:33.759 [info] Got 1 sessions for read:user,repo,user:email,workflow...
2026-02-27 18:19:33.767 [info] Getting sessions for all scopes...
2026-02-27 18:19:33.767 [info] Got 1 sessions for ...
2026-02-27 18:19:33.768 [info] Getting sessions for read:user,repo,user:email,workflow...
2026-02-27 18:19:33.768 [info] Got 1 sessions for read:user,repo,user:email,workflow...
2026-02-27 18:28:13.029 [info] Getting sessions for all scopes...
2026-02-27 18:28:13.029 [info] Got 1 sessions for ...
2026-02-27 18:28:13.029 [info] Getting sessions for all scopes...
2026-02-27 18:28:13.029 [info] Got 1 sessions for ...
2026-02-27 18:28:13.516 [info] Getting sessions for all scopes...
2026-02-27 18:28:13.516 [info] Got 1 sessions for ...
2026-02-27 18:28:13.517 [info] Getting sessions for all scopes...
2026-02-27 18:28:13.517 [info] Got 1 sessions for ...
2026-02-27 18:28:16.087 [info] Getting sessions for all scopes...
2026-02-27 18:28:16.087 [info] Got 1 sessions for ...
2026-02-27 18:28:16.094 [info] Getting sessions for all scopes...
2026-02-27 18:28:16.094 [info] Got 1 sessions for ...
2026-02-27 18:37:17.925 [info] Getting sessions for all scopes...
2026-02-27 18:37:17.925 [info] Got 1 sessions for ...
2026-02-27 18:37:17.926 [info] Getting sessions for all scopes...
2026-02-27 18:37:17.926 [info] Got 1 sessions for ...
2026-02-27 18:37:22.501 [info] Getting sessions for all scopes...
2026-02-27 18:37:22.501 [info] Got 1 sessions for ...
2026-02-27 18:37:22.502 [info] Getting sessions for all scopes...
2026-02-27 18:37:22.502 [info] Got 1 sessions for ...
2026-02-27 18:39:18.213 [info] Getting sessions for all scopes...
2026-02-27 18:39:18.213 [info] Got 1 sessions for ...
2026-02-27 18:39:18.214 [info] Getting sessions for read:user,repo,user:email,workflow...
2026-02-27 18:39:18.214 [info] Got 1 sessions for read:user,repo,user:email,workflow...
2026-02-27 18:40:52.378 [info] Getting sessions for all scopes...
2026-02-27 18:40:52.378 [info] Got 1 sessions for ...
2026-02-27 18:40:52.379 [info] Getting sessions for read:user,repo,user:email,workflow...
2026-02-27 18:40:52.379 [info] Got 1 sessions for read:user,repo,user:email,workflow...
2026-02-27 18:40:52.929 [info] Getting sessions for all scopes...
2026-02-27 18:40:52.929 [info] Got 1 sessions for ...
2026-02-27 18:40:52.930 [info] Getting sessions for all scopes...
2026-02-27 18:40:52.930 [info] Got 1 sessions for ...
2026-02-27 18:40:52.931 [info] Getting sessions for read:user,repo,user:email,workflow...
2026-02-27 18:40:52.931 [info] Got 1 sessions for read:user,repo,user:email,workflow...
2026-02-27 18:40:52.939 [info] Getting sessions for all scopes...
2026-02-27 18:40:52.939 [info] Got 1 sessions for ...
2026-02-27 18:40:52.940 [info] Getting sessions for read:user,repo,user:email,workflow...
2026-02-27 18:40:52.940 [info] Got 1 sessions for read:user,repo,user:email,workflow...
2026-02-27 18:43:07.137 [info] Getting sessions for all scopes...
2026-02-27 18:43:07.137 [info] Got 1 sessions for ...
2026-02-27 18:43:07.138 [info] Getting sessions for all scopes...
2026-02-27 18:43:07.138 [info] Got 1 sessions for ...
2026-02-27 18:43:09.902 [info] Getting sessions for all scopes...
2026-02-27 18:43:09.902 [info] Got 1 sessions for ...
2026-02-27 18:43:09.902 [info] Getting sessions for all scopes...
2026-02-27 18:43:09.902 [info] Got 1 sessions for ...
2026-02-27 18:43:14.122 [info] Getting sessions for all scopes...
2026-02-27 18:43:14.122 [info] Got 1 sessions for ...
2026-02-27 18:43:14.122 [info] Getting sessions for all scopes...
2026-02-27 18:43:14.122 [info] Got 1 sessions for ...
2026-02-27 18:43:14.492 [info] Getting sessions for all scopes...
2026-02-27 18:43:14.492 [info] Got 1 sessions for ...
2026-02-27 18:43:14.492 [info] Getting sessions for all scopes...
2026-02-27 18:43:14.492 [info] Got 1 sessions for ...
2026-02-27 18:43:14.864 [info] Getting sessions for all scopes...
2026-02-27 18:43:14.864 [info] Got 1 sessions for ...
2026-02-27 18:43:14.865 [info] Getting sessions for all scopes...
2026-02-27 18:43:14.865 [info] Got 1 sessions for ...
2026-02-27 18:43:15.942 [info] Getting sessions for all scopes...
2026-02-27 18:43:15.942 [info] Got 1 sessions for ...
2026-02-27 18:43:15.943 [info] Getting sessions for all scopes...
2026-02-27 18:43:15.943 [info] Got 1 sessions for ...
2026-02-27 18:43:16.298 [info] Getting sessions for all scopes...
2026-02-27 18:43:16.298 [info] Got 1 sessions for ...
2026-02-27 18:43:16.299 [info] Getting sessions for all scopes...
2026-02-27 18:43:16.299 [info] Got 1 sessions for ...
2026-02-27 18:43:43.113 [info] Getting sessions for all scopes...
2026-02-27 18:43:43.113 [info] Got 1 sessions for ...
2026-02-27 18:43:43.114 [info] Getting sessions for read:user,repo,user:email,workflow...
2026-02-27 18:43:43.114 [info] Got 1 sessions for read:user,repo,user:email,workflow...
