2025-11-06 23:28:01.145 [info] Starting Python Locator /root/.vscode/extensions/ms-python.python-2025.16.0-linux-x64/python-env-tools/bin/pet server
2025-11-06 23:28:01.145 [info] Discovered manager: (Conda) /opt/conda/bin/conda
2025-11-06 23:28:01.145 [info] Discovered env: /opt/conda/bin/python
2025-11-06 23:28:01.158 [info] Discovered env: /usr/bin/python3
2025-11-06 23:28:01.159 [info] Discovered env: /bin/python3
2025-11-06 23:28:01.182 [info] Locator Conda took 93.286574ms
2025-11-06 23:28:01.183 [info] Locator Homebrew took 233.148µs
2025-11-06 23:28:01.183 [info] Locator LinuxGlobal took 99.626082ms
2025-11-06 23:28:01.183 [info] Locator PipEnv took 182.236µs
2025-11-06 23:28:01.183 [info] Locator Pixi took 30.569µs
2025-11-06 23:28:01.183 [info] Locator Poetry took 1.645296ms
2025-11-06 23:28:01.183 [info] Locator PyEnv took 1.213012ms
2025-11-06 23:28:01.183 [info] Locator Venv took 344.35µs
2025-11-06 23:28:01.183 [info] Locator VirtualEnv took 1.028039ms
2025-11-06 23:28:01.183 [info] Locator VirtualEnvWrapper took 240.838µs
2025-11-06 23:28:01.183 [info] Locator GlobalVirtualEnvs took 412.01µs
2025-11-06 23:28:01.183 [info] Locator Locators took 101.816473ms
2025-11-06 23:28:01.183 [info] Locator Path took 124.773399ms
2025-11-06 23:28:01.183 [info] Locator Workspaces took 6.365207ms
2025-11-06 23:28:01.183 [info] Refresh completed in 124ms
2025-11-06 23:28:01.587 [info] Discovered manager: (Conda) /opt/conda/bin/conda
2025-11-06 23:28:01.588 [info] Discovered env: /opt/conda/bin/python
2025-11-06 23:28:01.588 [info] Resolved Python Environment /opt/conda/bin/python
2025-11-06 23:28:01.620 [info] Discovered env: /usr/bin/python3
2025-11-06 23:28:01.622 [info] Discovered env: /bin/python3
2025-11-06 23:28:01.804 [info] Locator Conda took 65.076191ms
2025-11-06 23:28:01.804 [info] Locator Homebrew took 984.173µs
2025-11-06 23:28:01.804 [info] Locator LinuxGlobal took 62.808062ms
2025-11-06 23:28:01.804 [info] Locator PipEnv took 130.283µs
2025-11-06 23:28:01.804 [info] Locator Pixi took 157.41µs
2025-11-06 23:28:01.804 [info] Locator Poetry took 477.579µs
2025-11-06 23:28:01.804 [info] Locator PyEnv took 399.058µs
2025-11-06 23:28:01.804 [info] Locator Venv took 337.586µs
2025-11-06 23:28:01.804 [info] Locator VirtualEnv took 223.021µs
2025-11-06 23:28:01.804 [info] Locator VirtualEnvWrapper took 155.458µs
2025-11-06 23:28:01.804 [info] Locator GlobalVirtualEnvs took 370.977µs
2025-11-06 23:28:01.804 [info] Locator Locators took 65.385197ms
2025-11-06 23:28:01.804 [info] Locator Path took 92.327473ms
2025-11-06 23:28:01.804 [info] Locator Workspaces took 6.702398ms
2025-11-06 23:28:01.804 [info] Refresh completed in 92ms
2025-11-06 23:28:01.806 [info] Resolved Python Environment /opt/conda/bin/python
2025-11-06 23:28:02.832 [info] Resolved Python Environment /usr/bin/python3
2025-11-06 23:28:59.905 [info] Resolved Python Environment /usr/bin/python3
2025-11-06 23:29:43.355 [info] Resolved Python Environment /usr/bin/python3
2025-11-06 23:31:40.835 [info] Resolved Python Environment /usr/bin/python3
2025-11-07 03:02:29.197 [info] Resolved Python Environment /usr/bin/python3
