/opt/conda/lib/python3.11/site-packages/zarr/core/metadata/v2.py:190: ZarrUserWarning: Found an empty list of filters in the array metadata document. This is contrary to the Zarr V2 specification, and will cause an error in the future. Use None (or Null in a JSON document) instead of an empty list of filters.
  warnings.warn(msg, ZarrUserWarning, stacklevel=1)
/opt/conda/lib/python3.11/site-packages/zarr/core/metadata/v2.py:190: ZarrUserWarning: Found an empty list of filters in the array metadata document. This is contrary to the Zarr V2 specification, and will cause an error in the future. Use None (or Null in a JSON document) instead of an empty list of filters.
  warnings.warn(msg, ZarrUserWarning, stacklevel=1)

  782149: n_gt=303 n_gt_in_sets=299 wall=6.8s scales_inv=[0.557, 0.549, 0.355]
    residual_um: n=299 median=340.0 p10=164.0 p90=487.1 max=573.3
    n(res<  5µm)=0/299 (0.0 %)
    n(res< 10µm)=0/299 (0.0 %)
    n(res< 20µm)=0/299 (0.0 %)
    n(res< 30µm)=0/299 (0.0 %)
    n(res< 50µm)=2/299 (0.7 %)
    n(res<100µm)=9/299 (3.0 %)
    n(res<200µm)=48/299 (16.1 %)
    nearest_is_GT: 1/299 (0.3 %)
    GT_in_top  5: 6/299 (2.0 %)
    GT_in_top 10: 13/299 (4.3 %)
    GT_in_top 20: 28/299 (9.4 %)
    GT_in_top 50: 52/299 (17.4 %)

  788406: n_gt=787 n_gt_in_sets=784 wall=11.8s scales_inv=[0.56, 0.555, 0.357]
    residual_um: n=784 median=329.9 p10=152.5 p90=514.6 max=652.5
    n(res<  5µm)=0/784 (0.0 %)
    n(res< 10µm)=0/784 (0.0 %)
    n(res< 20µm)=0/784 (0.0 %)
    n(res< 30µm)=0/784 (0.0 %)
    n(res< 50µm)=2/784 (0.3 %)
    n(res<100µm)=27/784 (3.4 %)
    n(res<200µm)=143/784 (18.2 %)
    nearest_is_GT: 1/784 (0.1 %)
    GT_in_top  5: 7/784 (0.9 %)
    GT_in_top 10: 12/784 (1.5 %)
    GT_in_top 20: 26/784 (3.3 %)
    GT_in_top 50: 63/784 (8.0 %)
