/opt/conda/lib/python3.11/site-packages/zarr/core/metadata/v2.py:190: ZarrUserWarning: Found an empty list of filters in the array metadata document. This is contrary to the Zarr V2 specification, and will cause an error in the future. Use None (or Null in a JSON document) instead of an empty list of filters.
  warnings.warn(msg, ZarrUserWarning, stacklevel=1)
Traceback (most recent call last):
  File "/opt/conda/lib/python3.11/site-packages/pandas/core/indexes/base.py", line 3641, in get_loc
    return self._engine.get_loc(casted_key)
           ^^^^^^^^^^^^^^^^^^^^^^^^^^^^^^^^
  File "pandas/_libs/index.pyx", line 168, in pandas._libs.index.IndexEngine.get_loc
  File "pandas/_libs/index.pyx", line 197, in pandas._libs.index.IndexEngine.get_loc
  File "pandas/_libs/hashtable_class_helper.pxi", line 7668, in pandas._libs.hashtable.PyObjectHashTable.get_item
  File "pandas/_libs/hashtable_class_helper.pxi", line 7676, in pandas._libs.hashtable.PyObjectHashTable.get_item
KeyError: 'czstack_cell_id'

The above exception was the direct cause of the following exception:

Traceback (most recent call last):
  File "/root/capsule/code/full_automatic_execution_01/sessions/49_782149_alt_coarse/probe_i2_residual.py", line 105, in <module>
    main()
  File "/root/capsule/code/full_automatic_execution_01/sessions/49_782149_alt_coarse/probe_i2_residual.py", line 57, in main
    gt_cz = gt["czstack_cell_id"].astype(int).values
            ~~^^^^^^^^^^^^^^^^^^^
  File "/opt/conda/lib/python3.11/site-packages/pandas/core/frame.py", line 4378, in __getitem__
    indexer = self.columns.get_loc(key)
              ^^^^^^^^^^^^^^^^^^^^^^^^^
  File "/opt/conda/lib/python3.11/site-packages/pandas/core/indexes/base.py", line 3648, in get_loc
    raise KeyError(key) from err
KeyError: 'czstack_cell_id'
