Visual Studio Code (1.109.5, undefined, desktop)
Jupyter Extension Version: 2025.9.1.
Python Extension Version: 2026.2.0.
Python Environment Extension Version: 1.20.1.
Pylance Extension Version: 2026.1.1.
Platform: linux (x64).
Home = /root
Temp Storage folder ~/capsule/code/vscode-data/User/globalStorage/ms-toolsai.jupyter/version-2025.9.1
Workspace folder ~/capsule
22:47:10.724 [info] Starting Kernel (Python Path: /opt/conda/bin/python, Conda, 3.10.12) for '~/capsule/code/260227_gfp_count_verification.ipynb' (disableUI=true)
22:47:10.725 [info] Starting Kernel (Python Path: /opt/conda/bin/python, Conda, 3.10.12) for '~/capsule/code/step_1_process_files.ipynb' (disableUI=true)
22:47:10.726 [info] Starting Kernel (Python Path: /opt/conda/bin/python, Conda, 3.10.12) for '~/capsule/code/step_3_more_iterations.ipynb' (disableUI=true)
22:47:12.274 [info] Process Execution: /opt/conda/bin/python -c "import ipykernel; print(ipykernel.__version__); print("5dc3a68c-e34e-4080-9c3e-2a532b2ccb4d"); print(ipykernel.__file__)"
22:47:12.279 [info] Process Execution: /opt/conda/bin/python -m ipykernel_launcher --f=~/.local/share/jupyter/runtime/kernel-v315bc7852a5f5665a0173ac868f6731cb61fe788e.json
    > cwd: ~/capsule/code
22:47:12.289 [info] Process Execution: /opt/conda/bin/python -m pip list
22:47:12.295 [info] Process Execution: /opt/conda/bin/python -c "import ipykernel; print(ipykernel.__version__); print("5dc3a68c-e34e-4080-9c3e-2a532b2ccb4d"); print(ipykernel.__file__)"
22:47:12.299 [info] Process Execution: /opt/conda/bin/python -m ipykernel_launcher --f=~/.local/share/jupyter/runtime/kernel-v33a46ed2c89c507f8a74e0f5f52a532e75f68d8b9.json
    > cwd: ~/capsule/code
22:47:12.307 [info] Process Execution: /opt/conda/bin/python -c "import ipykernel; print(ipykernel.__version__); print("5dc3a68c-e34e-4080-9c3e-2a532b2ccb4d"); print(ipykernel.__file__)"
22:47:12.312 [info] Process Execution: /opt/conda/bin/python -m ipykernel_launcher --f=~/.local/share/jupyter/runtime/kernel-v3dcf8f4e4d0a79d0c4a83038d08b7ce1597b70642.json
    > cwd: ~/capsule/code
22:47:12.792 [info] Kernel successfully started
22:47:12.799 [info] Process Execution: /opt/conda/bin/python ~/.vscode/extensions/ms-toolsai.jupyter-2025.9.1-linux-x64/pythonFiles/printJupyterDataDir.py
22:47:12.801 [info] Kernel successfully started
22:47:12.803 [info] Kernel successfully started
22:47:13.570 [error] Widget Error: Failed to access CDN https://unpkg.com/ after 0 attempt(s), TypeError: Failed to fetch
22:47:41.486 [error] Widget Error: Failed to access CDN https://unpkg.com/ after 0 attempt(s), TypeError: Failed to fetch
22:47:43.478 [warn] Cell completed with errors [Iu [Error]: No module named 'lamf_analysis'
	at n.execute (~/.vscode/extensions/ms-toolsai.jupyter-2025.9.1-linux-x64/dist/extension.node.js:302:4958)] {
  ename: 'ModuleNotFoundError',
  evalue: "No module named 'lamf_analysis'",
  traceback: [
    '\x1B[0;31m---------------------------------------------------------------------------\x1B[0m',
    '\x1B[0;31mModuleNotFoundError\x1B[0m                       Traceback (most recent call last)',
    'Cell \x1B[0;32mIn[1], line 9\x1B[0m\n' +
      '\x1B[1;32m      6\x1B[0m \x1B[38;5;28;01mimport\x1B[39;00m\x1B[38;5;250m \x1B[39m\x1B[38;5;21;01mjson\x1B[39;00m\n' +
      '\x1B[1;32m      7\x1B[0m \x1B[38;5;28;01mfrom\x1B[39;00m\x1B[38;5;250m \x1B[39m\x1B[38;5;21;01mscipy\x1B[39;00m\x1B[38;5;250m \x1B[39m\x1B[38;5;28;01mimport\x1B[39;00m ndimage \x1B[38;5;28;01mas\x1B[39;00m ndi\n' +
      '\x1B[0;32m----> 9\x1B[0m \x1B[38;5;28;01mfrom\x1B[39;00m\x1B[38;5;250m \x1B[39m\x1B[38;5;21;01mlamf_analysis\x1B[39;00m\x1B[38;5;21;01m.\x1B[39;00m\x1B[38;5;21;01mcode_ocean\x1B[39;00m\x1B[38;5;250m \x1B[39m\x1B[38;5;28;01mimport\x1B[39;00m code_ocean_utils \x1B[38;5;28;01mas\x1B[39;00m cou\n' +
      '\x1B[1;32m     10\x1B[0m \x1B[38;5;28;01mfrom\x1B[39;00m\x1B[38;5;250m \x1B[39m\x1B[38;5;21;01mlamf_analysis\x1B[39;00m\x1B[38;5;21;01m.\x1B[39;00m\x1B[38;5;21;01mophys\x1B[39;00m\x1B[38;5;250m \x1B[39m\x1B[38;5;28;01mimport\x1B[39;00m zstack_utils\n' +
      '\x1B[1;32m     12\x1B[0m \x1B[38;5;28;01mfrom\x1B[39;00m\x1B[38;5;250m \x1B[39m\x1B[38;5;21;01mcodeocean\x1B[39;00m\x1B[38;5;21;01m.\x1B[39;00m\x1B[38;5;21;01mdata_asset\x1B[39;00m\x1B[38;5;250m \x1B[39m\x1B[38;5;28;01mimport\x1B[39;00m DataAssetSearchParams\n',
    "\x1B[0;31mModuleNotFoundError\x1B[0m: No module named 'lamf_analysis'"
  ]
}
22:47:43.480 [warn] Cancel all remaining cells due to cancellation or failure in execution
