/opt/conda/lib/python3.11/site-packages/zarr/core/metadata/v2.py:190: ZarrUserWarning: Found an empty list of filters in the array metadata document. This is contrary to the Zarr V2 specification, and will cause an error in the future. Use None (or Null in a JSON document) instead of an empty list of filters.
  warnings.warn(msg, ZarrUserWarning, stacklevel=1)
/opt/conda/lib/python3.11/site-packages/zarr/core/metadata/v2.py:190: ZarrUserWarning: Found an empty list of filters in the array metadata document. This is contrary to the Zarr V2 specification, and will cause an error in the future. Use None (or Null in a JSON document) instead of an empty list of filters.
  warnings.warn(msg, ZarrUserWarning, stacklevel=1)
  788406 P1   rec_id=0.202 r@5=0.202 r@10=0.202 r@20=0.210 n_pred=623/787 med=81 wall=56.3s
  788406 P3   rec_id=0.080 r@5=0.080 r@10=0.080 r@20=0.083 n_pred=100/787 med=0 wall=173.3s
  788406 P4   rec_id=0.146 r@5=0.146 r@10=0.146 r@20=0.159 n_pred=751/787 med=91 wall=79.1s
  788406 P5   rec_id=0.000 r@5=0.000 r@10=0.000 r@20=0.000 n_pred=787/787 med=754 wall=79.5s
  788406 P14  rec_id=0.203 r@5=0.203 r@10=0.203 r@20=0.211 n_pred=606/787 med=79 wall=15.1s
/opt/conda/lib/python3.11/site-packages/zarr/core/metadata/v2.py:190: ZarrUserWarning: Found an empty list of filters in the array metadata document. This is contrary to the Zarr V2 specification, and will cause an error in the future. Use None (or Null in a JSON document) instead of an empty list of filters.
  warnings.warn(msg, ZarrUserWarning, stacklevel=1)
/opt/conda/lib/python3.11/site-packages/zarr/core/metadata/v2.py:190: ZarrUserWarning: Found an empty list of filters in the array metadata document. This is contrary to the Zarr V2 specification, and will cause an error in the future. Use None (or Null in a JSON document) instead of an empty list of filters.
  warnings.warn(msg, ZarrUserWarning, stacklevel=1)
  755252 P1   rec_id=0.033 r@5=0.033 r@10=0.033 r@20=0.044 n_pred=542/639 med=103 wall=54.1s
  755252 P3   rec_id=0.008 r@5=0.008 r@10=0.008 r@20=0.009 n_pred=126/639 med=114 wall=167.6s
  755252 P4   rec_id=0.045 r@5=0.045 r@10=0.045 r@20=0.058 n_pred=633/639 med=100 wall=89.1s
  755252 P5   rec_id=0.000 r@5=0.000 r@10=0.000 r@20=0.000 n_pred=639/639 med=590 wall=38.1s
  755252 P14  rec_id=0.050 r@5=0.050 r@10=0.050 r@20=0.058 n_pred=589/639 med=104 wall=25.0s
/opt/conda/lib/python3.11/site-packages/zarr/core/metadata/v2.py:190: ZarrUserWarning: Found an empty list of filters in the array metadata document. This is contrary to the Zarr V2 specification, and will cause an error in the future. Use None (or Null in a JSON document) instead of an empty list of filters.
  warnings.warn(msg, ZarrUserWarning, stacklevel=1)
/opt/conda/lib/python3.11/site-packages/zarr/core/metadata/v2.py:190: ZarrUserWarning: Found an empty list of filters in the array metadata document. This is contrary to the Zarr V2 specification, and will cause an error in the future. Use None (or Null in a JSON document) instead of an empty list of filters.
  warnings.warn(msg, ZarrUserWarning, stacklevel=1)
  767022 P1   rec_id=0.081 r@5=0.081 r@10=0.082 r@20=0.108 n_pred=654/793 med=107 wall=37.8s
  767022 P3   rec_id=0.018 r@5=0.018 r@10=0.018 r@20=0.028 n_pred=64/793 med=40 wall=168.9s
  767022 P4   rec_id=0.039 r@5=0.039 r@10=0.040 r@20=0.048 n_pred=711/793 med=136 wall=75.3s
  767022 P5   rec_id=0.000 r@5=0.000 r@10=0.000 r@20=0.000 n_pred=793/793 med=730 wall=47.3s
  767022 P14  rec_id=0.039 r@5=0.039 r@10=0.040 r@20=0.053 n_pred=488/793 med=122 wall=11.4s
/opt/conda/lib/python3.11/site-packages/zarr/core/metadata/v2.py:190: ZarrUserWarning: Found an empty list of filters in the array metadata document. This is contrary to the Zarr V2 specification, and will cause an error in the future. Use None (or Null in a JSON document) instead of an empty list of filters.
  warnings.warn(msg, ZarrUserWarning, stacklevel=1)
/opt/conda/lib/python3.11/site-packages/zarr/core/metadata/v2.py:190: ZarrUserWarning: Found an empty list of filters in the array metadata document. This is contrary to the Zarr V2 specification, and will cause an error in the future. Use None (or Null in a JSON document) instead of an empty list of filters.
  warnings.warn(msg, ZarrUserWarning, stacklevel=1)
  782149 P1   rec_id=0.000 r@5=0.000 r@10=0.000 r@20=0.000 n_pred=145/303 med=1136 wall=36.2s
  782149 P3   rec_id=0.000 r@5=0.000 r@10=0.000 r@20=0.000 n_pred=10/303 med=1132 wall=158.9s
  782149 P4   rec_id=0.000 r@5=0.000 r@10=0.000 r@20=0.000 n_pred=206/303 med=1141 wall=70.5s
  782149 P5   rec_id=0.000 r@5=0.000 r@10=0.000 r@20=0.000 n_pred=303/303 med=1058 wall=29.6s
  782149 P14  rec_id=0.000 r@5=0.000 r@10=0.000 r@20=0.000 n_pred=49/303 med=1142 wall=7.2s

=== SUBJECT × CANDIDATE r@20 MATRIX ===
candidate        P1       P14        P3        P4   P5
subject                                               
755252     0.043818  0.057903  0.009390  0.057903  0.0
767022     0.108449  0.052963  0.027743  0.047919  0.0
782149     0.000000  0.000000  0.000000  0.000000  0.0
788406     0.209657  0.210928  0.082592  0.158831  0.0

=== SUBJECT × CANDIDATE recall_id MATRIX ===
candidate        P1       P14        P3        P4   P5
subject                                               
755252     0.032864  0.050078  0.007825  0.045383  0.0
767022     0.080706  0.039092  0.017654  0.039092  0.0
782149     0.000000  0.000000  0.000000  0.000000  0.0
788406     0.202033  0.203304  0.080051  0.146125  0.0

=== PER SUBJECT, BEST P-CANDIDATE BY r@20 ===
  788406: P14 r@20=0.211 r@10=0.203 rec_id=0.203 med=79
  755252: P4 r@20=0.058 r@10=0.045 rec_id=0.045 med=100
  767022: P1 r@20=0.108 r@10=0.082 rec_id=0.081 med=107
  782149: P1 r@20=0.000 r@10=0.000 rec_id=0.000 med=1136
