2026-03-03 05:18:07.503 [info] Native locator: Refresh started
2026-03-03 05:18:08.030 [info] Conda environment manager found at: /opt/conda/bin/conda
2026-03-03 05:18:08.030 [info] Using conda: /opt/conda/bin/conda
2026-03-03 05:18:08.480 [info] Native locator: Refresh started
2026-03-03 05:18:08.736 [info] > pyenv which python
2026-03-03 05:18:08.736 [info] cwd: .
2026-03-03 05:18:08.756 [info] > /opt/conda/bin/conda info --json
2026-03-03 05:18:08.840 [info] Native locator: Refresh finished in 1385 ms
2026-03-03 05:18:09.545 [info] Python interpreter path: /opt/conda/bin/python
2026-03-03 05:18:09.546 [info] > /opt/conda/bin/conda config --get auto_activate_base
2026-03-03 05:18:09.589 [info] > /opt/conda/bin/conda run -p /opt/conda --no-capture-output python ~/.vscode/extensions/ms-python.python-2026.2.0-linux-x64/python_files/get_output_via_markers.py ~/.vscode/extensions/ms-python.python-2026.2.0-linux-x64/python_files/printEnvVariables.py
2026-03-03 05:18:09.589 [info] shell: bash
2026-03-03 05:18:09.589 [info] > /opt/conda/bin/conda run -p /opt/conda --no-capture-output python ~/.vscode/extensions/ms-python.python-2026.2.0-linux-x64/python_files/get_output_via_markers.py ~/.vscode/extensions/ms-python.python-2026.2.0-linux-x64/python_files/printEnvVariables.py
2026-03-03 05:18:09.589 [info] shell: bash
2026-03-03 05:18:09.589 [info] > /opt/conda/bin/conda run -p /opt/conda --no-capture-output python ~/.vscode/extensions/ms-python.python-2026.2.0-linux-x64/python_files/get_output_via_markers.py ~/.vscode/extensions/ms-python.python-2026.2.0-linux-x64/python_files/printEnvVariables.py
2026-03-03 05:18:09.589 [info] shell: bash
2026-03-03 05:18:09.589 [info] > /opt/conda/bin/conda run -p /opt/conda --no-capture-output python ~/.vscode/extensions/ms-python.python-2026.2.0-linux-x64/python_files/get_output_via_markers.py ~/.vscode/extensions/ms-python.python-2026.2.0-linux-x64/python_files/printEnvVariables.py
2026-03-03 05:18:09.589 [info] shell: bash
2026-03-03 05:18:09.589 [info] > /opt/conda/bin/conda run -p /opt/conda --no-capture-output python ~/.vscode/extensions/ms-python.python-2026.2.0-linux-x64/python_files/get_output_via_markers.py ~/.vscode/extensions/ms-python.python-2026.2.0-linux-x64/python_files/printEnvVariables.py
2026-03-03 05:18:09.589 [info] shell: bash
2026-03-03 05:18:11.495 [info] Starting Pylance language server.
2026-03-03 05:58:26.186 [info] Native locator: Refresh started
2026-03-03 05:58:26.210 [info] Conda environment manager found at: /opt/conda/bin/conda
2026-03-03 05:58:26.210 [info] Conda set to: /opt/conda/bin/conda
2026-03-03 05:58:26.290 [info] Native locator: Refresh finished in 103 ms
2026-03-03 06:32:58.587 [info] Active interpreter [/root/capsule/code/step_4_generate_coreg_table.ipynb]:  /opt/conda/bin/python
2026-03-03 06:32:58.618 [info] > /opt/conda/bin/conda run -p /opt/conda --no-capture-output python ~/.vscode/extensions/ms-python.python-2026.2.0-linux-x64/python_files/get_output_via_markers.py ~/.vscode/extensions/ms-python.python-2026.2.0-linux-x64/python_files/printEnvVariables.py
2026-03-03 06:32:58.618 [info] shell: bash
2026-03-03 06:32:58.618 [info] > /opt/conda/bin/conda run -p /opt/conda --no-capture-output python ~/.vscode/extensions/ms-python.python-2026.2.0-linux-x64/python_files/get_output_via_markers.py ~/.vscode/extensions/ms-python.python-2026.2.0-linux-x64/python_files/printEnvVariables.py
2026-03-03 06:32:58.618 [info] shell: bash
