2026-02-26 22:01:51.034 [info] [test-by-project] Activating project-based testing mode
2026-02-26 22:01:51.034 [info] [test-by-project] Discovering projects for workspace: /root/capsule
2026-02-26 22:01:51.034 [info] Native locator: Refresh started
2026-02-26 22:01:51.034 [info] [test-by-project] Found 1 total Python projects from API
2026-02-26 22:01:51.034 [info] [test-by-project] Filtered to 1 projects in workspace
2026-02-26 22:01:51.034 [info] [test-by-project] Creating adapter for: capsule at file:///root/capsule
2026-02-26 22:01:51.059 [info] > conda info --json
2026-02-26 22:01:51.075 [info] > pyenv which python
2026-02-26 22:01:51.075 [info] cwd: .
2026-02-26 22:01:53.978 [info] Native locator: Refresh started
2026-02-26 22:01:53.979 [info] Native locator: Refresh started
2026-02-26 22:03:30.513 [info] [test-by-project] Activating project-based testing mode
2026-02-26 22:03:30.513 [info] [test-by-project] Discovering projects for workspace: /root/capsule
2026-02-26 22:03:30.513 [info] Native locator: Refresh started
2026-02-26 22:03:30.513 [info] [test-by-project] Found 1 total Python projects from API
2026-02-26 22:03:30.513 [info] [test-by-project] Filtered to 1 projects in workspace
2026-02-26 22:03:30.513 [info] [test-by-project] Creating adapter for: capsule at file:///root/capsule
2026-02-26 22:03:30.535 [info] Native locator: Refresh started
2026-02-26 22:03:30.554 [info] > conda info --json
2026-02-26 22:03:30.587 [info] > pyenv which python
2026-02-26 22:03:30.587 [info] cwd: .
2026-02-26 22:04:00.526 [error] [test-by-project] Failed to create adapter for /root/capsule: [Error: Request 'configure' timed out after 30000ms
	at Timeout.<anonymous> (/root/.vscode/extensions/ms-python.vscode-python-envs-1.20.1-linux-x64/dist/extension.js:2:534062)
	at listOnTimeout (node:internal/timers:588:17)
	at process.processTimers (node:internal/timers:523:7)]
2026-02-26 22:04:00.526 [info] [test-by-project] All adapters failed, falling back to default project
2026-02-26 22:04:00.526 [info] [test-by-project] Creating default project for: /root/capsule
2026-02-26 22:04:00.527 [info] [test-by-project] Registered 1 project(s) for /root/capsule
2026-02-26 22:04:00.528 [info] [test-by-project] Activated 1 project(s) for /root/capsule
2026-02-26 22:04:00.528 [info] [test-by-project] Subscribed to Python project changes
2026-02-26 22:04:31.536 [info] Native locator: Refresh finished in 61024 ms
2026-02-26 22:04:31.537 [error] [
  'Failed to activate a workspace, Class name = v, completed in 61025ms, has a falsy return value, Arg 1: <Uri:/root/capsule>, Arg 2: {"started":1772143410198}, Return Value: undefined',
  [Error: Request 'configure' timed out after 30000ms
  	at Timeout.<anonymous> (/root/.vscode/extensions/ms-python.vscode-python-envs-1.20.1-linux-x64/dist/extension.js:2:534062)
  	at listOnTimeout (node:internal/timers:588:17)
  	at process.processTimers (node:internal/timers:523:7)]
]
2026-02-26 22:04:31.537 [error] Failure during activation. [Error: Request 'configure' timed out after 30000ms
	at Timeout.<anonymous> (/root/.vscode/extensions/ms-python.vscode-python-envs-1.20.1-linux-x64/dist/extension.js:2:534062)
	at listOnTimeout (node:internal/timers:588:17)
	at process.processTimers (node:internal/timers:523:7)]
2026-02-26 22:04:31.537 [error] sendStartupTelemetry() failed. [Error: Request 'configure' timed out after 30000ms
	at Timeout.<anonymous> (/root/.vscode/extensions/ms-python.vscode-python-envs-1.20.1-linux-x64/dist/extension.js:2:534062)
	at listOnTimeout (node:internal/timers:588:17)
	at process.processTimers (node:internal/timers:523:7)]
2026-02-26 22:04:43.001 [info] Native locator: Refresh started
2026-02-26 22:04:43.001 [info] Native locator: Refresh started
2026-02-26 22:07:41.595 [info] Native locator: Refresh finished in 178595 ms
2026-02-26 22:08:52.219 [info] Native locator: Refresh started
2026-02-26 22:09:31.797 [info] Active interpreter [/root/capsule]:  /opt/conda/bin/python3.10
2026-02-26 22:09:56.819 [info] > conda run -p /opt/conda --no-capture-output python ~/.vscode/extensions/ms-python.python-2026.2.0-linux-x64/python_files/get_output_via_markers.py ~/.vscode/extensions/ms-python.python-2026.2.0-linux-x64/python_files/printEnvVariables.py
2026-02-26 22:09:56.819 [info] shell: bash
2026-02-26 22:09:56.826 [info] > conda run -p /opt/conda --no-capture-output python ~/.vscode/extensions/ms-python.python-2026.2.0-linux-x64/python_files/get_output_via_markers.py ~/.vscode/extensions/ms-python.python-2026.2.0-linux-x64/python_files/printEnvVariables.py
2026-02-26 22:09:56.826 [info] shell: bash
2026-02-26 22:10:20.652 [info] Native locator: Refresh finished in 88432 ms
2026-02-26 22:11:25.476 [info] Native locator: Refresh started
2026-02-26 22:11:25.478 [info] Native locator: Refresh finished in 2 ms
2026-02-26 22:11:28.391 [info] Active interpreter [/root/capsule]:  /opt/conda/bin/python
2026-02-26 22:11:30.906 [info] Native locator: Refresh started
2026-02-26 22:12:14.299 [info] [test-by-project] Activating project-based testing mode
2026-02-26 22:12:14.299 [info] [test-by-project] Discovering projects for workspace: /root/capsule
2026-02-26 22:12:14.299 [info] Native locator: Refresh started
2026-02-26 22:12:14.299 [info] [test-by-project] Found 1 total Python projects from API
2026-02-26 22:12:14.299 [info] [test-by-project] Filtered to 1 projects in workspace
2026-02-26 22:12:14.299 [info] [test-by-project] Creating adapter for: capsule at file:///root/capsule
2026-02-26 22:12:14.330 [info] > conda info --json
2026-02-26 22:12:14.381 [info] > pyenv which python
2026-02-26 22:12:14.381 [info] cwd: .
2026-02-26 22:12:18.357 [info] Native locator: Refresh started
2026-02-26 22:12:18.357 [info] Native locator: Refresh started
2026-02-26 22:12:44.312 [error] [test-by-project] Failed to create adapter for /root/capsule: [Error: No Python environment found for project file:///root/capsule
	at t.TestProjectRegistry.createProjectAdapter (/root/.vscode/extensions/ms-python.python-2026.2.0-linux-x64/out/client/extension.js:2:986786)
	at async t.TestProjectRegistry.discoverProjects (/root/.vscode/extensions/ms-python.python-2026.2.0-linux-x64/out/client/extension.js:2:986138)
	at async t.TestProjectRegistry.discoverAndRegisterProjects (/root/.vscode/extensions/ms-python.python-2026.2.0-linux-x64/out/client/extension.js:2:984880)
	at async /root/.vscode/extensions/ms-python.python-2026.2.0-linux-x64/out/client/extension.js:2:1000520
	at async Promise.allSettled (index 0)
	at async j.activate (/root/.vscode/extensions/ms-python.python-2026.2.0-linux-x64/out/client/extension.js:2:1000439)
	at async Promise.all (index 13)
	at async v.activate (/root/.vscode/extensions/ms-python.python-2026.2.0-linux-x64/out/client/extension.js:2:1824)
	at async Promise.all (index 0)
	at async /root/.vscode/extensions/ms-python.python-2026.2.0-linux-x64/out/client/extension.js:2:2734610]
2026-02-26 22:12:44.312 [info] [test-by-project] All adapters failed, falling back to default project
2026-02-26 22:12:44.312 [info] [test-by-project] Creating default project for: /root/capsule
2026-02-26 22:12:44.313 [info] [test-by-project] Registered 1 project(s) for /root/capsule
2026-02-26 22:12:44.313 [info] [test-by-project] Activated 1 project(s) for /root/capsule
2026-02-26 22:12:44.314 [info] [test-by-project] Subscribed to Python project changes
2026-02-26 22:12:52.027 [info] Native locator: Refresh started
2026-02-26 22:12:54.354 [info] > conda run -p /opt/conda --no-capture-output python ~/.vscode/extensions/ms-python.python-2026.2.0-linux-x64/python_files/get_output_via_markers.py ~/.vscode/extensions/ms-python.python-2026.2.0-linux-x64/python_files/printEnvVariables.py
2026-02-26 22:12:54.354 [info] shell: bash
2026-02-26 22:12:54.363 [info] > conda run -p /opt/conda --no-capture-output python ~/.vscode/extensions/ms-python.python-2026.2.0-linux-x64/python_files/get_output_via_markers.py ~/.vscode/extensions/ms-python.python-2026.2.0-linux-x64/python_files/printEnvVariables.py
2026-02-26 22:12:54.363 [info] shell: bash
2026-02-26 22:12:56.046 [info] Native locator: Refresh started
2026-02-26 22:13:15.320 [info] Native locator: Refresh finished in 61022 ms
2026-02-26 22:13:15.321 [error] [
  'Failed to activate a workspace, Class name = v, completed in 61023ms, has a falsy return value, Arg 1: <Uri:/root/capsule/code/step_2_iterate_estimation_and_generate_results.ipynb>, Arg 2: {"started":1772143934021}, Return Value: undefined',
  [Error: Request 'configure' timed out after 30000ms
  	at Timeout.<anonymous> (/root/.vscode/extensions/ms-python.vscode-python-envs-1.20.1-linux-x64/dist/extension.js:2:534062)
  	at listOnTimeout (node:internal/timers:588:17)
  	at process.processTimers (node:internal/timers:523:7)]
]
2026-02-26 22:13:15.321 [error] Failure during activation. [Error: Request 'configure' timed out after 30000ms
	at Timeout.<anonymous> (/root/.vscode/extensions/ms-python.vscode-python-envs-1.20.1-linux-x64/dist/extension.js:2:534062)
	at listOnTimeout (node:internal/timers:588:17)
	at process.processTimers (node:internal/timers:523:7)]
2026-02-26 22:13:15.321 [error] sendStartupTelemetry() failed. [Error: Request 'configure' timed out after 30000ms
	at Timeout.<anonymous> (/root/.vscode/extensions/ms-python.vscode-python-envs-1.20.1-linux-x64/dist/extension.js:2:534062)
	at listOnTimeout (node:internal/timers:588:17)
	at process.processTimers (node:internal/timers:523:7)]
2026-02-26 22:14:52.356 [info] Active interpreter [/root/capsule]:  /opt/conda/bin/python
2026-02-26 22:14:52.356 [info] Active interpreter [global]:  /opt/conda/bin/python
2026-02-26 22:16:20.457 [info] [test-by-project] Activating project-based testing mode
2026-02-26 22:16:20.457 [info] [test-by-project] Discovering projects for workspace: /root/capsule
2026-02-26 22:16:20.457 [info] Native locator: Refresh started
2026-02-26 22:16:20.457 [info] [test-by-project] Found 1 total Python projects from API
2026-02-26 22:16:20.457 [info] [test-by-project] Filtered to 1 projects in workspace
2026-02-26 22:16:20.457 [info] [test-by-project] Creating adapter for: capsule at file:///root/capsule
2026-02-26 22:16:20.473 [info] Native locator: Refresh started
2026-02-26 22:16:20.497 [info] > conda info --json
2026-02-26 22:16:20.655 [info] > pyenv which python
2026-02-26 22:16:20.655 [info] cwd: .
2026-02-26 22:17:07.822 [info] Native locator: Refresh started
2026-02-26 22:17:07.822 [info] Native locator: Refresh started
2026-02-26 22:18:24.417 [error] [test-by-project] Failed to create adapter for /root/capsule: [Error: Request 'configure' timed out after 30000ms
	at Timeout.<anonymous> (/root/.vscode/extensions/ms-python.vscode-python-envs-1.20.1-linux-x64/dist/extension.js:2:534062)
	at listOnTimeout (node:internal/timers:588:17)
	at process.processTimers (node:internal/timers:523:7)]
2026-02-26 22:18:24.417 [info] [test-by-project] All adapters failed, falling back to default project
2026-02-26 22:18:24.417 [info] [test-by-project] Creating default project for: /root/capsule
2026-02-26 22:18:24.417 [info] [test-by-project] Registered 1 project(s) for /root/capsule
2026-02-26 22:18:24.418 [info] [test-by-project] Activated 1 project(s) for /root/capsule
2026-02-26 22:18:24.418 [info] [test-by-project] Subscribed to Python project changes
2026-02-26 22:18:55.427 [info] Native locator: Refresh finished in 154970 ms
2026-02-26 22:18:55.429 [error] [
  'Failed to activate a workspace, Class name = v, completed in 154971ms, has a falsy return value, Arg 1: <Uri:/root/capsule/code/step_2_iterate_estimation_and_generate_results.ipynb>, Arg 2: {"started":1772144180028}, Return Value: undefined',
  [Error: Request 'configure' timed out after 30000ms
  	at Timeout.<anonymous> (/root/.vscode/extensions/ms-python.vscode-python-envs-1.20.1-linux-x64/dist/extension.js:2:534062)
  	at listOnTimeout (node:internal/timers:588:17)
  	at process.processTimers (node:internal/timers:523:7)]
]
2026-02-26 22:18:55.429 [error] Failure during activation. [Error: Request 'configure' timed out after 30000ms
	at Timeout.<anonymous> (/root/.vscode/extensions/ms-python.vscode-python-envs-1.20.1-linux-x64/dist/extension.js:2:534062)
	at listOnTimeout (node:internal/timers:588:17)
	at process.processTimers (node:internal/timers:523:7)]
2026-02-26 22:18:55.429 [error] sendStartupTelemetry() failed. [Error: Request 'configure' timed out after 30000ms
	at Timeout.<anonymous> (/root/.vscode/extensions/ms-python.vscode-python-envs-1.20.1-linux-x64/dist/extension.js:2:534062)
	at listOnTimeout (node:internal/timers:588:17)
	at process.processTimers (node:internal/timers:523:7)]
2026-02-26 22:19:28.710 [info] > conda run -p /opt/conda --no-capture-output python ~/.vscode/extensions/ms-python.python-2026.2.0-linux-x64/python_files/get_output_via_markers.py ~/.vscode/extensions/ms-python.python-2026.2.0-linux-x64/python_files/printEnvVariables.py
2026-02-26 22:19:28.711 [info] shell: bash
2026-02-26 22:19:28.717 [info] > conda run -p /opt/conda --no-capture-output python ~/.vscode/extensions/ms-python.python-2026.2.0-linux-x64/python_files/get_output_via_markers.py ~/.vscode/extensions/ms-python.python-2026.2.0-linux-x64/python_files/printEnvVariables.py
2026-02-26 22:19:28.717 [info] shell: bash
2026-02-26 22:20:28.609 [info] Native locator: Refresh started
2026-02-26 22:20:28.684 [info] Native locator: Refresh started
2026-02-26 22:20:28.699 [info] Native locator: Refresh started
2026-02-26 22:20:28.714 [info] > conda info --json
2026-02-26 22:20:28.735 [info] > pyenv which python
2026-02-26 22:20:28.735 [info] cwd: .
2026-02-26 22:20:29.215 [info] Conda environment manager found at: /opt/conda/bin/conda
2026-02-26 22:20:29.215 [info] Using conda: /opt/conda/bin/conda
2026-02-26 22:20:29.245 [info] Native locator: Refresh finished in 901 ms
2026-02-26 22:20:29.256 [info] > /opt/conda/bin/conda info --json
2026-02-26 22:20:30.279 [info] Python interpreter path: /opt/conda/bin/python
2026-02-26 22:20:30.280 [info] > /opt/conda/bin/conda config --get auto_activate_base
2026-02-26 22:20:30.297 [info] > /opt/conda/bin/conda run -p /opt/conda --no-capture-output python ~/.vscode/extensions/ms-python.python-2026.2.0-linux-x64/python_files/get_output_via_markers.py ~/.vscode/extensions/ms-python.python-2026.2.0-linux-x64/python_files/printEnvVariables.py
2026-02-26 22:20:30.297 [info] shell: bash
2026-02-26 22:20:30.297 [info] > /opt/conda/bin/conda run -p /opt/conda --no-capture-output python ~/.vscode/extensions/ms-python.python-2026.2.0-linux-x64/python_files/get_output_via_markers.py ~/.vscode/extensions/ms-python.python-2026.2.0-linux-x64/python_files/printEnvVariables.py
2026-02-26 22:20:30.297 [info] shell: bash
2026-02-26 22:20:32.762 [info] Starting Pylance language server.
2026-02-26 22:51:46.073 [info] Active interpreter [/root/capsule/code/1st_iter_generate_landmarks.ipynb]:  /opt/conda/bin/python
2026-02-26 22:51:46.086 [info] > /opt/conda/bin/conda run -p /opt/conda --no-capture-output python ~/.vscode/extensions/ms-python.python-2026.2.0-linux-x64/python_files/get_output_via_markers.py ~/.vscode/extensions/ms-python.python-2026.2.0-linux-x64/python_files/printEnvVariables.py
2026-02-26 22:51:46.086 [info] shell: bash
2026-02-26 22:51:46.100 [info] > /opt/conda/bin/conda run -p /opt/conda --no-capture-output python ~/.vscode/extensions/ms-python.python-2026.2.0-linux-x64/python_files/get_output_via_markers.py ~/.vscode/extensions/ms-python.python-2026.2.0-linux-x64/python_files/printEnvVariables.py
2026-02-26 22:51:46.100 [info] shell: bash
2026-02-27 00:10:39.165 [error] Unable to find workspace for given file
2026-02-27 00:12:41.783 [info] Active interpreter [/root/capsule/code/step_3_more_iterations.ipynb]:  /opt/conda/bin/python
2026-02-27 00:12:41.799 [info] > /opt/conda/bin/conda run -p /opt/conda --no-capture-output python ~/.vscode/extensions/ms-python.python-2026.2.0-linux-x64/python_files/get_output_via_markers.py ~/.vscode/extensions/ms-python.python-2026.2.0-linux-x64/python_files/printEnvVariables.py
2026-02-27 00:12:41.799 [info] shell: bash
2026-02-27 00:12:41.818 [info] > /opt/conda/bin/conda run -p /opt/conda --no-capture-output python ~/.vscode/extensions/ms-python.python-2026.2.0-linux-x64/python_files/get_output_via_markers.py ~/.vscode/extensions/ms-python.python-2026.2.0-linux-x64/python_files/printEnvVariables.py
2026-02-27 00:12:41.818 [info] shell: bash
