2026-02-26 22:20:28.609 [info] Starting Python Locator /root/.vscode/extensions/ms-python.python-2026.2.0-linux-x64/python-env-tools/bin/pet server
2026-02-26 22:20:29.214 [info] Discovered manager: (Conda) /opt/conda/bin/conda
2026-02-26 22:20:29.215 [info] Discovered env: /opt/conda/bin/python
2026-02-26 22:20:29.230 [info] Discovered env: /bin/python3
2026-02-26 22:20:29.235 [info] Discovered env: /usr/bin/python3
2026-02-26 22:20:29.240 [info] Locator Conda took 153.640986ms
2026-02-26 22:20:29.240 [info] Locator Homebrew took 174.441µs
2026-02-26 22:20:29.240 [info] Locator LinuxGlobal took 189.166635ms
2026-02-26 22:20:29.241 [info] Locator PipEnv took 681.59µs
2026-02-26 22:20:29.241 [info] Locator Pixi took 135.961µs
2026-02-26 22:20:29.241 [info] Locator Poetry took 1.082666ms
2026-02-26 22:20:29.241 [info] Locator PyEnv took 1.043591ms
2026-02-26 22:20:29.241 [info] Locator Uv took 101.221µs
2026-02-26 22:20:29.241 [info] Locator Venv took 315.539µs
2026-02-26 22:20:29.241 [info] Locator VirtualEnv took 203.121µs
2026-02-26 22:20:29.241 [info] Locator VirtualEnvWrapper took 420.925µs
2026-02-26 22:20:29.241 [info] Locator GlobalVirtualEnvs took 369.657µs
2026-02-26 22:20:29.241 [info] Locator Locators took 190.647597ms
2026-02-26 22:20:29.241 [info] Locator Path took 231.106597ms
2026-02-26 22:20:29.241 [info] Locator Workspaces took 3.589255ms
2026-02-26 22:20:29.241 [info] Refresh completed in 231ms
2026-02-26 22:20:29.248 [info] Resolved Python Environment /opt/conda/bin/python
2026-02-26 22:20:29.680 [info] Resolved Python Environment /opt/conda/bin/python
2026-02-26 22:22:42.973 [info] Resolved Python Environment /opt/conda/bin/python
2026-02-26 22:23:34.494 [info] Resolved Python Environment /opt/conda/bin/python
2026-02-26 22:25:40.760 [info] Resolved Python Environment /opt/conda/bin/python
2026-02-26 22:26:42.762 [info] Resolved Python Environment /opt/conda/bin/python
2026-02-26 22:27:27.631 [info] Resolved Python Environment /opt/conda/bin/python
2026-02-26 22:28:18.795 [info] Resolved Python Environment /opt/conda/bin/python
2026-02-26 22:29:37.010 [info] Resolved Python Environment /opt/conda/bin/python
2026-02-26 22:30:29.038 [info] Resolved Python Environment /opt/conda/bin/python
2026-02-26 22:31:02.159 [info] Resolved Python Environment /opt/conda/bin/python
2026-02-26 22:31:45.472 [info] Resolved Python Environment /opt/conda/bin/python
2026-02-26 22:32:40.534 [info] Resolved Python Environment /opt/conda/bin/python
2026-02-26 22:33:11.777 [info] Resolved Python Environment /opt/conda/bin/python
2026-02-26 22:33:43.701 [info] Resolved Python Environment /opt/conda/bin/python
2026-02-26 22:44:29.765 [info] Resolved Python Environment /opt/conda/bin/python
2026-02-26 22:45:00.450 [info] Resolved Python Environment /opt/conda/bin/python
2026-02-26 22:45:43.513 [info] Resolved Python Environment /opt/conda/bin/python
2026-02-26 22:46:21.377 [info] Resolved Python Environment /opt/conda/bin/python
2026-02-26 22:46:54.512 [info] Resolved Python Environment /opt/conda/bin/python
2026-02-26 22:47:28.898 [info] Resolved Python Environment /opt/conda/bin/python
2026-02-26 22:48:27.608 [info] Resolved Python Environment /opt/conda/bin/python
2026-02-26 22:49:06.307 [info] Resolved Python Environment /opt/conda/bin/python
2026-02-26 22:50:56.158 [info] Resolved Python Environment /opt/conda/bin/python
2026-02-26 22:51:38.141 [info] Resolved Python Environment /opt/conda/bin/python
2026-02-26 22:52:41.554 [info] Resolved Python Environment /opt/conda/bin/python
2026-02-26 22:53:22.759 [info] Resolved Python Environment /opt/conda/bin/python
2026-02-26 22:53:57.099 [info] Resolved Python Environment /opt/conda/bin/python
2026-02-26 22:54:44.270 [info] Resolved Python Environment /opt/conda/bin/python
2026-02-26 22:55:20.829 [info] Resolved Python Environment /opt/conda/bin/python
2026-02-26 22:55:58.637 [info] Resolved Python Environment /opt/conda/bin/python
2026-02-26 22:56:32.274 [info] Resolved Python Environment /opt/conda/bin/python
2026-02-27 00:08:37.734 [info] Resolved Python Environment /opt/conda/bin/python
2026-02-27 00:10:16.871 [info] Resolved Python Environment /opt/conda/bin/python
2026-02-27 00:12:07.163 [info] Resolved Python Environment /opt/conda/bin/python
2026-02-27 00:12:38.828 [info] Resolved Python Environment /opt/conda/bin/python
2026-02-27 00:13:13.042 [info] Resolved Python Environment /opt/conda/bin/python
2026-02-27 00:13:58.512 [info] Resolved Python Environment /opt/conda/bin/python
2026-02-27 00:14:34.103 [info] Resolved Python Environment /opt/conda/bin/python
2026-02-27 00:15:04.206 [info] Resolved Python Environment /opt/conda/bin/python
2026-02-27 00:15:44.401 [info] Resolved Python Environment /opt/conda/bin/python
2026-02-27 02:16:23.637 [info] Resolved Python Environment /opt/conda/bin/python
2026-02-27 04:42:37.429 [info] Resolved Python Environment /opt/conda/bin/python
2026-02-27 04:43:29.605 [info] Resolved Python Environment /opt/conda/bin/python
2026-02-27 04:44:06.629 [info] Resolved Python Environment /opt/conda/bin/python
2026-02-27 04:44:41.300 [info] Resolved Python Environment /opt/conda/bin/python
2026-02-27 04:45:26.959 [info] Resolved Python Environment /opt/conda/bin/python
2026-02-27 04:46:19.124 [info] Resolved Python Environment /opt/conda/bin/python
2026-02-27 04:46:55.432 [info] Resolved Python Environment /opt/conda/bin/python
2026-02-27 04:47:27.700 [info] Resolved Python Environment /opt/conda/bin/python
2026-02-27 04:48:03.703 [info] Resolved Python Environment /opt/conda/bin/python
2026-02-27 04:50:31.600 [info] Resolved Python Environment /opt/conda/bin/python
2026-02-27 04:51:07.165 [info] Resolved Python Environment /opt/conda/bin/python
2026-02-27 05:03:08.439 [info] Resolved Python Environment /opt/conda/bin/python
2026-02-27 05:03:39.955 [info] Resolved Python Environment /opt/conda/bin/python
2026-02-27 05:04:16.549 [info] Resolved Python Environment /opt/conda/bin/python
2026-02-27 05:09:25.290 [info] Resolved Python Environment /opt/conda/bin/python
