2026-03-02 20:07:07.046 [info] Reading sessions from keychain...
2026-03-02 20:07:07.046 [info] Getting sessions for all scopes...
2026-03-02 20:07:09.674 [info] Got stored sessions!
2026-03-02 20:07:09.674 [info] Got 1 verified sessions.
2026-03-02 20:07:09.674 [info] Got 1 sessions for ...
2026-03-02 20:07:09.675 [info] Getting sessions for all scopes...
2026-03-02 20:07:09.675 [info] Got 1 sessions for ...
2026-03-02 20:07:09.675 [info] Getting sessions for all scopes...
2026-03-02 20:07:09.675 [info] Got 1 sessions for ...
2026-03-02 20:07:09.675 [info] Getting sessions for all scopes...
2026-03-02 20:07:09.675 [info] Got 1 sessions for ...
2026-03-02 20:07:09.675 [info] Getting sessions for all scopes...
2026-03-02 20:07:09.675 [info] Got 1 sessions for ...
2026-03-02 20:07:09.675 [info] Getting sessions for all scopes...
2026-03-02 20:07:09.675 [info] Got 1 sessions for ...
2026-03-02 20:07:09.675 [info] Getting sessions for all scopes...
2026-03-02 20:07:09.675 [info] Got 1 sessions for ...
2026-03-02 20:07:09.729 [info] Getting sessions for all scopes...
2026-03-02 20:07:09.729 [info] Got 1 sessions for ...
2026-03-02 20:07:09.819 [info] Getting sessions for read:user,repo,user:email,workflow...
2026-03-02 20:07:09.820 [info] Got 1 sessions for read:user,repo,user:email,workflow...
2026-03-02 20:07:10.379 [info] Getting sessions for all scopes...
2026-03-02 20:07:10.379 [info] Got 1 sessions for ...
2026-03-02 20:07:11.001 [info] Getting sessions for all scopes...
2026-03-02 20:07:11.001 [info] Got 1 sessions for ...
2026-03-02 20:07:11.515 [info] FetcherService: Electron fetch failed with status: 429 
2026-03-02 20:07:11.517 [info] Unable to resolve optional EDU details. Status: 429 
2026-03-02 20:07:11.519 [info] Getting sessions for read:user,repo,user:email,workflow...
2026-03-02 20:07:11.519 [info] Got 1 sessions for read:user,repo,user:email,workflow...
2026-03-02 20:07:11.873 [info] Getting sessions for all scopes...
2026-03-02 20:07:11.873 [info] Got 1 sessions for ...
2026-03-02 20:07:11.988 [info] Getting sessions for all scopes...
2026-03-02 20:07:11.988 [info] Got 1 sessions for ...
2026-03-02 20:07:11.988 [info] Getting sessions for all scopes...
2026-03-02 20:07:11.988 [info] Got 1 sessions for ...
2026-03-02 20:07:12.021 [info] Getting sessions for read:user,repo,user:email,workflow...
2026-03-02 20:07:12.021 [info] Got 1 sessions for read:user,repo,user:email,workflow...
2026-03-02 20:07:12.224 [info] Getting sessions for all scopes...
2026-03-02 20:07:12.224 [info] Got 1 sessions for ...
2026-03-02 20:07:12.288 [info] Getting sessions for all scopes...
2026-03-02 20:07:12.288 [info] Got 1 sessions for ...
2026-03-02 20:07:12.290 [info] Getting sessions for all scopes...
2026-03-02 20:07:12.290 [info] Got 1 sessions for ...
2026-03-02 20:07:12.319 [info] Getting sessions for all scopes...
2026-03-02 20:07:12.319 [info] Got 1 sessions for ...
2026-03-02 20:07:12.469 [info] Getting sessions for read:user,repo,user:email,workflow...
2026-03-02 20:07:12.469 [info] Got 1 sessions for read:user,repo,user:email,workflow...
2026-03-02 20:07:12.846 [info] Getting sessions for all scopes...
2026-03-02 20:07:12.846 [info] Got 1 sessions for ...
2026-03-02 20:07:12.866 [info] Getting sessions for read:user,repo,user:email,workflow...
2026-03-02 20:07:12.867 [info] Got 1 sessions for read:user,repo,user:email,workflow...
2026-03-02 20:07:13.370 [info] Getting sessions for all scopes...
2026-03-02 20:07:13.370 [info] Got 1 sessions for ...
2026-03-02 20:07:13.371 [info] Getting sessions for read:user,repo,user:email,workflow...
2026-03-02 20:07:13.371 [info] Got 1 sessions for read:user,repo,user:email,workflow...
2026-03-02 20:07:24.266 [info] Getting sessions for all scopes...
2026-03-02 20:07:24.266 [info] Got 1 sessions for ...
2026-03-02 20:07:24.266 [info] Getting sessions for all scopes...
2026-03-02 20:07:24.266 [info] Got 1 sessions for ...
2026-03-02 20:28:20.170 [info] Getting sessions for all scopes...
2026-03-02 20:28:20.170 [info] Got 1 sessions for ...
2026-03-02 20:28:20.171 [info] Getting sessions for read:user,repo,user:email,workflow...
2026-03-02 20:28:20.171 [info] Got 1 sessions for read:user,repo,user:email,workflow...
2026-03-02 20:28:20.673 [info] Getting sessions for all scopes...
2026-03-02 20:28:20.673 [info] Got 1 sessions for ...
2026-03-02 20:28:20.673 [info] Getting sessions for all scopes...
2026-03-02 20:28:20.673 [info] Got 1 sessions for ...
2026-03-02 20:28:20.674 [info] Getting sessions for read:user,repo,user:email,workflow...
2026-03-02 20:28:20.674 [info] Got 1 sessions for read:user,repo,user:email,workflow...
2026-03-02 20:28:20.680 [info] Getting sessions for all scopes...
2026-03-02 20:28:20.680 [info] Got 1 sessions for ...
2026-03-02 20:28:20.681 [info] Getting sessions for read:user,repo,user:email,workflow...
2026-03-02 20:28:20.681 [info] Got 1 sessions for read:user,repo,user:email,workflow...
2026-03-02 20:35:40.948 [info] Getting sessions for all scopes...
2026-03-02 20:35:40.948 [info] Got 1 sessions for ...
2026-03-02 20:35:40.950 [info] Getting sessions for read:user,repo,user:email,workflow...
2026-03-02 20:35:40.950 [info] Got 1 sessions for read:user,repo,user:email,workflow...
2026-03-02 20:42:37.360 [info] Getting sessions for all scopes...
2026-03-02 20:42:37.360 [info] Got 1 sessions for ...
2026-03-02 20:42:37.361 [info] Getting sessions for read:user,repo,user:email,workflow...
2026-03-02 20:42:37.361 [info] Got 1 sessions for read:user,repo,user:email,workflow...
2026-03-02 21:23:21.008 [info] Getting sessions for all scopes...
2026-03-02 21:23:21.008 [info] Got 1 sessions for ...
2026-03-02 21:23:21.010 [info] Getting sessions for read:user,repo,user:email,workflow...
2026-03-02 21:23:21.010 [info] Got 1 sessions for read:user,repo,user:email,workflow...
2026-03-02 21:23:21.385 [info] Getting sessions for all scopes...
2026-03-02 21:23:21.385 [info] Got 1 sessions for ...
2026-03-02 21:23:21.385 [info] Getting sessions for all scopes...
2026-03-02 21:23:21.385 [info] Got 1 sessions for ...
2026-03-02 21:23:21.386 [info] Getting sessions for read:user,repo,user:email,workflow...
2026-03-02 21:23:21.386 [info] Got 1 sessions for read:user,repo,user:email,workflow...
2026-03-02 21:23:21.391 [info] Getting sessions for all scopes...
2026-03-02 21:23:21.391 [info] Got 1 sessions for ...
2026-03-02 21:23:21.392 [info] Getting sessions for read:user,repo,user:email,workflow...
2026-03-02 21:23:21.392 [info] Got 1 sessions for read:user,repo,user:email,workflow...
2026-03-02 22:17:28.897 [info] Getting sessions for all scopes...
2026-03-02 22:17:28.897 [info] Got 1 sessions for ...
2026-03-02 22:17:28.899 [info] Getting sessions for read:user,repo,user:email,workflow...
2026-03-02 22:17:28.899 [info] Got 1 sessions for read:user,repo,user:email,workflow...
2026-03-02 22:17:29.401 [info] Getting sessions for all scopes...
2026-03-02 22:17:29.402 [info] Got 1 sessions for ...
2026-03-02 22:17:29.402 [info] Getting sessions for all scopes...
2026-03-02 22:17:29.403 [info] Got 1 sessions for ...
2026-03-02 22:17:29.413 [info] Getting sessions for read:user,repo,user:email,workflow...
2026-03-02 22:17:29.414 [info] Got 1 sessions for read:user,repo,user:email,workflow...
2026-03-02 22:17:29.439 [info] Getting sessions for all scopes...
2026-03-02 22:17:29.439 [info] Got 1 sessions for ...
2026-03-02 22:17:29.446 [info] Getting sessions for read:user,repo,user:email,workflow...
2026-03-02 22:17:29.447 [info] Got 1 sessions for read:user,repo,user:email,workflow...
2026-03-02 22:17:39.916 [info] Getting sessions for all scopes...
2026-03-02 22:17:39.916 [info] Got 1 sessions for ...
2026-03-02 22:17:39.920 [info] Getting sessions for read:user,repo,user:email,workflow...
2026-03-02 22:17:39.920 [info] Got 1 sessions for read:user,repo,user:email,workflow...
2026-03-02 22:48:42.825 [info] Getting sessions for all scopes...
2026-03-02 22:48:42.825 [info] Got 1 sessions for ...
2026-03-02 22:48:42.826 [info] Getting sessions for read:user,repo,user:email,workflow...
2026-03-02 22:48:42.826 [info] Got 1 sessions for read:user,repo,user:email,workflow...
2026-03-02 22:48:43.263 [info] Getting sessions for all scopes...
2026-03-02 22:48:43.263 [info] Got 1 sessions for ...
2026-03-02 22:48:43.263 [info] Getting sessions for all scopes...
2026-03-02 22:48:43.263 [info] Got 1 sessions for ...
2026-03-02 22:48:43.265 [info] Getting sessions for read:user,repo,user:email,workflow...
2026-03-02 22:48:43.265 [info] Got 1 sessions for read:user,repo,user:email,workflow...
2026-03-02 22:48:43.269 [info] Getting sessions for all scopes...
2026-03-02 22:48:43.269 [info] Got 1 sessions for ...
2026-03-02 22:48:43.270 [info] Getting sessions for read:user,repo,user:email,workflow...
2026-03-02 22:48:43.270 [info] Got 1 sessions for read:user,repo,user:email,workflow...
2026-03-02 23:07:04.607 [info] Getting sessions for all scopes...
2026-03-02 23:07:04.607 [info] Got 1 sessions for ...
2026-03-02 23:07:04.608 [info] Getting sessions for read:user,repo,user:email,workflow...
2026-03-02 23:07:04.608 [info] Got 1 sessions for read:user,repo,user:email,workflow...
2026-03-02 23:43:43.004 [info] Getting sessions for all scopes...
2026-03-02 23:43:43.004 [info] Got 1 sessions for ...
2026-03-02 23:43:43.006 [info] Getting sessions for read:user,repo,user:email,workflow...
2026-03-02 23:43:43.006 [info] Got 1 sessions for read:user,repo,user:email,workflow...
2026-03-02 23:43:43.467 [info] Getting sessions for all scopes...
2026-03-02 23:43:43.467 [info] Got 1 sessions for ...
2026-03-02 23:43:43.467 [info] Getting sessions for all scopes...
2026-03-02 23:43:43.467 [info] Got 1 sessions for ...
2026-03-02 23:43:43.468 [info] Getting sessions for read:user,repo,user:email,workflow...
2026-03-02 23:43:43.468 [info] Got 1 sessions for read:user,repo,user:email,workflow...
2026-03-02 23:43:43.472 [info] Getting sessions for all scopes...
2026-03-02 23:43:43.472 [info] Got 1 sessions for ...
2026-03-02 23:43:43.472 [info] Getting sessions for read:user,repo,user:email,workflow...
2026-03-02 23:43:43.472 [info] Got 1 sessions for read:user,repo,user:email,workflow...
2026-03-03 00:35:14.572 [info] Getting sessions for all scopes...
2026-03-03 00:35:14.572 [info] Got 1 sessions for ...
2026-03-03 00:35:14.573 [info] Getting sessions for read:user,repo,user:email,workflow...
2026-03-03 00:35:14.573 [info] Got 1 sessions for read:user,repo,user:email,workflow...
2026-03-03 00:35:17.397 [info] Getting sessions for all scopes...
2026-03-03 00:35:17.397 [info] Got 1 sessions for ...
2026-03-03 00:35:17.399 [info] Getting sessions for read:user,repo,user:email,workflow...
2026-03-03 00:35:17.399 [info] Got 1 sessions for read:user,repo,user:email,workflow...
2026-03-03 00:35:17.801 [info] Getting sessions for all scopes...
2026-03-03 00:35:17.801 [info] Got 1 sessions for ...
2026-03-03 00:35:17.801 [info] Getting sessions for all scopes...
2026-03-03 00:35:17.801 [info] Got 1 sessions for ...
2026-03-03 00:35:17.803 [info] Getting sessions for read:user,repo,user:email,workflow...
2026-03-03 00:35:17.803 [info] Got 1 sessions for read:user,repo,user:email,workflow...
2026-03-03 00:35:17.807 [info] Getting sessions for all scopes...
2026-03-03 00:35:17.807 [info] Got 1 sessions for ...
2026-03-03 00:35:17.808 [info] Getting sessions for read:user,repo,user:email,workflow...
2026-03-03 00:35:17.808 [info] Got 1 sessions for read:user,repo,user:email,workflow...
2026-03-03 01:07:04.608 [info] Getting sessions for all scopes...
2026-03-03 01:07:04.608 [info] Got 1 sessions for ...
2026-03-03 01:07:04.609 [info] Getting sessions for read:user,repo,user:email,workflow...
2026-03-03 01:07:04.609 [info] Got 1 sessions for read:user,repo,user:email,workflow...
2026-03-03 01:08:45.549 [info] Getting sessions for all scopes...
2026-03-03 01:08:45.549 [info] Got 1 sessions for ...
2026-03-03 01:08:45.550 [info] Getting sessions for read:user,repo,user:email,workflow...
2026-03-03 01:08:45.550 [info] Got 1 sessions for read:user,repo,user:email,workflow...
2026-03-03 01:08:46.025 [info] Getting sessions for all scopes...
2026-03-03 01:08:46.025 [info] Got 1 sessions for ...
2026-03-03 01:08:46.026 [info] Getting sessions for all scopes...
2026-03-03 01:08:46.026 [info] Got 1 sessions for ...
2026-03-03 01:08:46.027 [info] Getting sessions for read:user,repo,user:email,workflow...
2026-03-03 01:08:46.027 [info] Got 1 sessions for read:user,repo,user:email,workflow...
2026-03-03 01:08:46.031 [info] Getting sessions for all scopes...
2026-03-03 01:08:46.031 [info] Got 1 sessions for ...
2026-03-03 01:08:46.031 [info] Getting sessions for read:user,repo,user:email,workflow...
2026-03-03 01:08:46.031 [info] Got 1 sessions for read:user,repo,user:email,workflow...
