2026-02-26 21:36:42.633 [info] Reading sessions from keychain...
2026-02-26 21:36:42.633 [info] Getting sessions for all scopes...
2026-02-26 21:36:42.749 [info] Got 0 sessions for ...
2026-02-26 21:36:42.749 [info] Getting sessions for all scopes...
2026-02-26 21:36:42.749 [info] Got 0 sessions for ...
2026-02-26 21:36:42.749 [info] Getting sessions for all scopes...
2026-02-26 21:36:42.749 [info] Got 0 sessions for ...
2026-02-26 21:36:42.749 [info] Getting sessions for all scopes...
2026-02-26 21:36:42.749 [info] Got 0 sessions for ...
2026-02-26 21:36:42.821 [info] Getting sessions for all scopes...
2026-02-26 21:36:42.821 [info] Got 0 sessions for ...
2026-02-26 21:36:44.091 [info] Getting sessions for all scopes...
2026-02-26 21:36:44.091 [info] Got 0 sessions for ...
2026-02-26 21:36:53.540 [info] Reading sessions from keychain...
2026-02-26 21:36:53.540 [info] Getting sessions for all scopes...
2026-02-26 21:36:53.540 [info] Got 0 sessions for ...
2026-02-26 21:36:53.540 [info] Getting sessions for all scopes...
2026-02-26 21:36:53.540 [info] Got 0 sessions for ...
2026-02-26 21:36:53.540 [info] Getting sessions for all scopes...
2026-02-26 21:36:53.540 [info] Got 0 sessions for ...
2026-02-26 21:36:53.567 [info] Getting sessions for all scopes...
2026-02-26 21:36:53.567 [info] Got 0 sessions for ...
2026-02-26 21:36:53.573 [info] Getting sessions for all scopes...
2026-02-26 21:36:53.573 [info] Got 0 sessions for ...
2026-02-26 21:36:55.366 [info] Getting sessions for all scopes...
2026-02-26 21:36:55.366 [info] Got 0 sessions for ...
2026-02-26 21:38:26.888 [info] Logging in with 'any' account...
2026-02-26 21:38:26.888 [info] Logging in for the following scopes: read:user repo user:email workflow
2026-02-26 21:38:26.986 [info] Trying with local server... (read:user repo user:email workflow)
2026-02-26 21:39:14.880 [info] Exchanging code for token...
2026-02-26 21:39:15.159 [info] Token exchange success!
2026-02-26 21:39:15.160 [info] Getting user info...
2026-02-26 21:39:15.518 [info] Got account info!
2026-02-26 21:39:15.519 [info] Storing 1 sessions...
2026-02-26 21:39:15.522 [info] Reading sessions from keychain...
2026-02-26 21:39:15.522 [info] Stored 1 sessions!
2026-02-26 21:39:15.522 [info] Login success!
2026-02-26 21:39:15.523 [info] Got stored sessions!
2026-02-26 21:39:15.523 [info] Got 1 verified sessions.
2026-02-26 21:39:15.625 [info] Getting sessions for all scopes...
2026-02-26 21:39:15.625 [info] Got 1 sessions for ...
2026-02-26 21:39:15.626 [info] Getting sessions for all scopes...
2026-02-26 21:39:15.626 [info] Got 1 sessions for ...
2026-02-26 21:39:15.771 [info] FetcherService: Electron fetch failed with status: 429 
2026-02-26 21:39:15.772 [info] Unable to resolve optional EDU details. Status: 429 
2026-02-26 21:39:21.604 [info] Getting sessions for all scopes...
2026-02-26 21:39:21.604 [info] Got 1 sessions for ...
2026-02-26 21:39:21.604 [info] Getting sessions for all scopes...
2026-02-26 21:39:21.604 [info] Got 1 sessions for ...
2026-02-26 21:39:21.706 [info] Getting sessions for read:user,repo,user:email,workflow...
2026-02-26 21:39:21.706 [info] Got 1 sessions for read:user,repo,user:email,workflow...
2026-02-26 21:39:21.897 [info] Getting sessions for all scopes...
2026-02-26 21:39:21.897 [info] Got 1 sessions for ...
2026-02-26 21:39:21.897 [info] Getting sessions for all scopes...
2026-02-26 21:39:21.897 [info] Got 1 sessions for ...
2026-02-26 21:39:21.898 [info] Getting sessions for all scopes...
2026-02-26 21:39:21.898 [info] Got 1 sessions for ...
2026-02-26 21:39:21.924 [info] Getting sessions for read:user,repo,user:email,workflow...
2026-02-26 21:39:21.924 [info] Got 1 sessions for read:user,repo,user:email,workflow...
2026-02-26 21:39:22.743 [info] Getting sessions for all scopes...
2026-02-26 21:39:22.743 [info] Got 1 sessions for ...
2026-02-26 21:39:22.744 [info] Getting sessions for all scopes...
2026-02-26 21:39:22.744 [info] Got 1 sessions for ...
2026-02-26 21:39:22.788 [info] Getting sessions for read:user,repo,user:email,workflow...
2026-02-26 21:39:22.788 [info] Got 1 sessions for read:user,repo,user:email,workflow...
2026-02-26 21:39:22.952 [info] Getting sessions for all scopes...
2026-02-26 21:39:22.952 [info] Got 1 sessions for ...
2026-02-26 21:39:22.953 [info] Getting sessions for all scopes...
2026-02-26 21:39:22.953 [info] Got 1 sessions for ...
2026-02-26 21:39:22.974 [info] Getting sessions for read:user,repo,user:email,workflow...
2026-02-26 21:39:22.974 [info] Got 1 sessions for read:user,repo,user:email,workflow...
2026-02-26 21:39:22.998 [info] Getting sessions for all scopes...
2026-02-26 21:39:22.998 [info] Got 1 sessions for ...
2026-02-26 21:39:23.002 [info] Getting sessions for all scopes...
2026-02-26 21:39:23.002 [info] Got 1 sessions for ...
2026-02-26 21:39:23.193 [info] Getting sessions for all scopes...
2026-02-26 21:39:23.193 [info] Got 1 sessions for ...
2026-02-26 21:39:23.206 [info] Getting sessions for read:user,repo,user:email,workflow...
2026-02-26 21:39:23.206 [info] Got 1 sessions for read:user,repo,user:email,workflow...
2026-02-26 21:39:23.608 [info] Getting sessions for all scopes...
2026-02-26 21:39:23.608 [info] Got 1 sessions for ...
2026-02-26 21:39:23.610 [info] Getting sessions for read:user,repo,user:email,workflow...
2026-02-26 21:39:23.610 [info] Got 1 sessions for read:user,repo,user:email,workflow...
