2026-02-27 16:33:11.702 [info] Native locator: Refresh started
2026-02-27 16:33:11.702 [info] Conda environment manager found at: /opt/conda/bin/conda
2026-02-27 16:33:11.702 [info] Using conda: /opt/conda/bin/conda
2026-02-27 16:33:11.702 [info] Native locator: Refresh finished in 145 ms
2026-02-27 16:33:12.514 [info] Native locator: Refresh started
2026-02-27 16:33:12.540 [info] Native locator: Refresh started
2026-02-27 16:33:12.583 [info] > /opt/conda/bin/conda info --json
2026-02-27 16:33:12.932 [info] > pyenv which python
2026-02-27 16:33:12.932 [info] cwd: .
2026-02-27 16:33:13.387 [info] Conda environment manager found at: /opt/conda/bin/conda
2026-02-27 16:33:13.387 [info] Conda set to: /opt/conda/bin/conda
2026-02-27 16:33:13.395 [info] Native locator: Refresh finished in 882 ms
2026-02-27 16:33:13.784 [info] Python interpreter path: /opt/conda/bin/python
2026-02-27 16:33:13.786 [info] > /opt/conda/bin/conda config --get auto_activate_base
2026-02-27 16:33:13.813 [info] > /opt/conda/bin/conda run -p /opt/conda --no-capture-output python ~/.vscode/extensions/ms-python.python-2026.2.0-linux-x64/python_files/get_output_via_markers.py ~/.vscode/extensions/ms-python.python-2026.2.0-linux-x64/python_files/printEnvVariables.py
2026-02-27 16:33:13.813 [info] shell: bash
2026-02-27 16:33:13.813 [info] > /opt/conda/bin/conda run -p /opt/conda --no-capture-output python ~/.vscode/extensions/ms-python.python-2026.2.0-linux-x64/python_files/get_output_via_markers.py ~/.vscode/extensions/ms-python.python-2026.2.0-linux-x64/python_files/printEnvVariables.py
2026-02-27 16:33:13.813 [info] shell: bash
2026-02-27 16:33:13.813 [info] > /opt/conda/bin/conda run -p /opt/conda --no-capture-output python ~/.vscode/extensions/ms-python.python-2026.2.0-linux-x64/python_files/get_output_via_markers.py ~/.vscode/extensions/ms-python.python-2026.2.0-linux-x64/python_files/printEnvVariables.py
2026-02-27 16:33:13.813 [info] shell: bash
2026-02-27 16:33:16.449 [info] Starting Pylance language server.
2026-02-27 16:35:12.477 [info] Active interpreter [/root/capsule/code/260227_gfp_count_verification.ipynb]:  /opt/conda/bin/python
2026-02-27 18:35:48.339 [info] Active interpreter [/root/capsule/code/step_1_process_files.ipynb]:  /opt/conda/bin/python
2026-02-27 18:35:48.358 [info] > /opt/conda/bin/conda run -p /opt/conda --no-capture-output python ~/.vscode/extensions/ms-python.python-2026.2.0-linux-x64/python_files/get_output_via_markers.py ~/.vscode/extensions/ms-python.python-2026.2.0-linux-x64/python_files/printEnvVariables.py
2026-02-27 18:35:48.358 [info] shell: bash
2026-02-27 18:35:48.373 [info] > /opt/conda/bin/conda run -p /opt/conda --no-capture-output python ~/.vscode/extensions/ms-python.python-2026.2.0-linux-x64/python_files/get_output_via_markers.py ~/.vscode/extensions/ms-python.python-2026.2.0-linux-x64/python_files/printEnvVariables.py
2026-02-27 18:35:48.373 [info] shell: bash
2026-02-27 18:37:27.993 [info] Using interpreter path: /opt/conda/bin/python
2026-02-27 18:37:28.138 [info] > /opt/conda/bin/conda info --json
2026-02-27 18:37:29.094 [info] Using direct conda activate command: conda activate base
2026-02-27 18:37:29.095 [info] Send text to terminal: conda activate base
2026-02-27 18:39:18.285 [info] Active interpreter [/root/capsule/code/step_2_automatic_mapping_for_qc.ipynb]:  /opt/conda/bin/python
