2026-02-27 16:33:11.702 [info] Starting Python Locator /root/.vscode/extensions/ms-python.python-2026.2.0-linux-x64/python-env-tools/bin/pet server
2026-02-27 16:33:11.702 [info] Discovered manager: (Conda) /opt/conda/bin/conda
2026-02-27 16:33:11.702 [info] Discovered env: /opt/conda/bin/python
2026-02-27 16:33:11.702 [info] Discovered env: /usr/bin/python3
2026-02-27 16:33:11.702 [info] Discovered env: /bin/python3
2026-02-27 16:33:11.702 [info] Locator Conda took 56.088916ms
2026-02-27 16:33:11.702 [info] Locator Homebrew took 477.357µs
2026-02-27 16:33:11.702 [info] Locator LinuxGlobal took 68.811341ms
2026-02-27 16:33:11.702 [info] Locator PipEnv took 36.613µs
2026-02-27 16:33:11.702 [info] Locator Pixi took 125.287µs
2026-02-27 16:33:11.702 [info] Locator Poetry took 1.26782ms
2026-02-27 16:33:11.702 [info] Locator PyEnv took 1.132773ms
2026-02-27 16:33:11.702 [info] Locator Uv took 68.198µs
2026-02-27 16:33:11.702 [info] Locator Venv took 281.876µs
2026-02-27 16:33:11.702 [info] Locator VirtualEnv took 61.429µs
2026-02-27 16:33:11.702 [info] Locator VirtualEnvWrapper took 477.289µs
2026-02-27 16:33:11.702 [info] Locator GlobalVirtualEnvs took 398.181µs
2026-02-27 16:33:11.702 [info] Locator Locators took 70.835134ms
2026-02-27 16:33:11.702 [info] Locator Path took 90.195925ms
2026-02-27 16:33:11.702 [info] Locator Workspaces took 3.409935ms
2026-02-27 16:33:11.702 [info] Refresh completed in 90ms
2026-02-27 16:33:13.387 [info] Discovered manager: (Conda) /opt/conda/bin/conda
2026-02-27 16:33:13.387 [info] Discovered env: /opt/conda/bin/python
2026-02-27 16:33:13.388 [info] Resolved Python Environment /opt/conda/bin/python
2026-02-27 16:33:13.392 [info] Discovered env: /bin/python3
2026-02-27 16:33:13.393 [info] Discovered env: /usr/bin/python3
2026-02-27 16:33:13.394 [info] Locator Conda took 82.700466ms
2026-02-27 16:33:13.394 [info] Locator Homebrew took 12.858445ms
2026-02-27 16:33:13.394 [info] Locator LinuxGlobal took 74.616532ms
2026-02-27 16:33:13.394 [info] Locator PipEnv took 483.964µs
2026-02-27 16:33:13.394 [info] Locator Pixi took 92.98µs
2026-02-27 16:33:13.394 [info] Locator Poetry took 1.00448ms
2026-02-27 16:33:13.394 [info] Locator PyEnv took 375.742µs
2026-02-27 16:33:13.394 [info] Locator Uv took 208.273µs
2026-02-27 16:33:13.394 [info] Locator Venv took 226.107µs
2026-02-27 16:33:13.394 [info] Locator VirtualEnv took 389.563µs
2026-02-27 16:33:13.394 [info] Locator VirtualEnvWrapper took 214.336µs
2026-02-27 16:33:13.394 [info] Locator GlobalVirtualEnvs took 422.589µs
2026-02-27 16:33:13.394 [info] Locator Locators took 82.970374ms
2026-02-27 16:33:13.394 [info] Locator Path took 94.283921ms
2026-02-27 16:33:13.394 [info] Locator Workspaces took 34.547581ms
2026-02-27 16:33:13.395 [info] Refresh completed in 94ms
2026-02-27 16:33:13.396 [info] Resolved Python Environment /opt/conda/bin/python
2026-02-27 16:33:57.549 [info] Resolved Python Environment /opt/conda/bin/python
2026-02-27 16:34:34.515 [info] Resolved Python Environment /opt/conda/bin/python
2026-02-27 16:35:04.524 [info] Resolved Python Environment /opt/conda/bin/python
2026-02-27 16:35:36.200 [info] Resolved Python Environment /opt/conda/bin/python
2026-02-27 16:36:26.806 [info] Resolved Python Environment /opt/conda/bin/python
2026-02-27 16:37:07.516 [info] Resolved Python Environment /opt/conda/bin/python
2026-02-27 16:51:44.822 [info] Resolved Python Environment /opt/conda/bin/python
2026-02-27 17:07:45.659 [info] Resolved Python Environment /opt/conda/bin/python
2026-02-27 17:08:28.788 [info] Resolved Python Environment /opt/conda/bin/python
2026-02-27 17:09:02.510 [info] Resolved Python Environment /opt/conda/bin/python
2026-02-27 17:09:43.473 [info] Resolved Python Environment /opt/conda/bin/python
2026-02-27 17:12:02.473 [info] Resolved Python Environment /opt/conda/bin/python
2026-02-27 17:12:41.941 [info] Resolved Python Environment /opt/conda/bin/python
2026-02-27 17:13:13.197 [info] Resolved Python Environment /opt/conda/bin/python
2026-02-27 17:13:57.852 [info] Resolved Python Environment /opt/conda/bin/python
2026-02-27 17:14:36.548 [info] Resolved Python Environment /opt/conda/bin/python
2026-02-27 17:15:07.437 [info] Resolved Python Environment /opt/conda/bin/python
2026-02-27 17:15:45.599 [info] Resolved Python Environment /opt/conda/bin/python
2026-02-27 17:16:17.531 [info] Resolved Python Environment /opt/conda/bin/python
2026-02-27 17:17:01.310 [info] Resolved Python Environment /opt/conda/bin/python
2026-02-27 17:17:32.362 [info] Resolved Python Environment /opt/conda/bin/python
2026-02-27 17:18:32.032 [info] Resolved Python Environment /opt/conda/bin/python
2026-02-27 17:19:02.560 [info] Resolved Python Environment /opt/conda/bin/python
2026-02-27 17:20:19.941 [info] Resolved Python Environment /opt/conda/bin/python
2026-02-27 17:22:08.331 [info] Resolved Python Environment /opt/conda/bin/python
2026-02-27 17:23:55.580 [info] Resolved Python Environment /opt/conda/bin/python
2026-02-27 17:28:42.659 [info] Resolved Python Environment /opt/conda/bin/python
2026-02-27 17:30:50.647 [info] Resolved Python Environment /opt/conda/bin/python
2026-02-27 17:32:16.272 [info] Resolved Python Environment /opt/conda/bin/python
2026-02-27 17:33:10.638 [info] Resolved Python Environment /opt/conda/bin/python
2026-02-27 17:33:51.616 [info] Resolved Python Environment /opt/conda/bin/python
2026-02-27 17:34:28.160 [info] Resolved Python Environment /opt/conda/bin/python
2026-02-27 17:35:08.659 [info] Resolved Python Environment /opt/conda/bin/python
2026-02-27 17:35:48.954 [info] Resolved Python Environment /opt/conda/bin/python
2026-02-27 17:36:39.834 [info] Resolved Python Environment /opt/conda/bin/python
2026-02-27 17:37:45.635 [info] Resolved Python Environment /opt/conda/bin/python
2026-02-27 17:39:09.112 [info] Resolved Python Environment /opt/conda/bin/python
2026-02-27 17:39:51.919 [info] Resolved Python Environment /opt/conda/bin/python
2026-02-27 17:40:28.182 [info] Resolved Python Environment /opt/conda/bin/python
2026-02-27 17:40:58.546 [info] Resolved Python Environment /opt/conda/bin/python
2026-02-27 17:41:31.229 [info] Resolved Python Environment /opt/conda/bin/python
2026-02-27 17:52:37.139 [info] Resolved Python Environment /opt/conda/bin/python
2026-02-27 17:53:12.307 [info] Resolved Python Environment /opt/conda/bin/python
2026-02-27 17:55:49.405 [info] Resolved Python Environment /opt/conda/bin/python
2026-02-27 17:58:28.900 [info] Resolved Python Environment /opt/conda/bin/python
2026-02-27 18:00:35.343 [info] Resolved Python Environment /opt/conda/bin/python
2026-02-27 18:04:30.144 [info] Resolved Python Environment /opt/conda/bin/python
2026-02-27 18:05:29.942 [info] Resolved Python Environment /opt/conda/bin/python
2026-02-27 18:06:54.689 [info] Resolved Python Environment /opt/conda/bin/python
2026-02-27 18:07:32.186 [info] Resolved Python Environment /opt/conda/bin/python
2026-02-27 18:09:04.014 [info] Resolved Python Environment /opt/conda/bin/python
2026-02-27 18:12:17.091 [info] Resolved Python Environment /opt/conda/bin/python
2026-02-27 18:13:33.719 [info] Resolved Python Environment /opt/conda/bin/python
2026-02-27 18:14:49.442 [info] Resolved Python Environment /opt/conda/bin/python
2026-02-27 18:16:36.283 [info] Resolved Python Environment /opt/conda/bin/python
2026-02-27 18:17:17.352 [info] Resolved Python Environment /opt/conda/bin/python
2026-02-27 18:18:46.360 [info] Resolved Python Environment /opt/conda/bin/python
2026-02-27 18:19:17.859 [info] Resolved Python Environment /opt/conda/bin/python
2026-02-27 18:21:31.429 [info] Resolved Python Environment /opt/conda/bin/python
2026-02-27 18:22:15.540 [info] Resolved Python Environment /opt/conda/bin/python
2026-02-27 18:23:11.936 [info] Resolved Python Environment /opt/conda/bin/python
2026-02-27 18:23:43.900 [info] Resolved Python Environment /opt/conda/bin/python
2026-02-27 18:24:29.070 [info] Resolved Python Environment /opt/conda/bin/python
2026-02-27 18:25:44.355 [info] Resolved Python Environment /opt/conda/bin/python
2026-02-27 18:27:49.024 [info] Resolved Python Environment /opt/conda/bin/python
2026-02-27 18:29:15.318 [info] Resolved Python Environment /opt/conda/bin/python
2026-02-27 18:29:46.466 [info] Resolved Python Environment /opt/conda/bin/python
2026-02-27 18:30:34.019 [info] Resolved Python Environment /opt/conda/bin/python
2026-02-27 18:31:15.367 [info] Resolved Python Environment /opt/conda/bin/python
2026-02-27 18:32:53.537 [info] Resolved Python Environment /opt/conda/bin/python
2026-02-27 18:33:33.267 [info] Resolved Python Environment /opt/conda/bin/python
2026-02-27 18:34:28.717 [info] Resolved Python Environment /opt/conda/bin/python
2026-02-27 18:35:01.047 [info] Resolved Python Environment /opt/conda/bin/python
2026-02-27 18:35:34.402 [info] Resolved Python Environment /opt/conda/bin/python
2026-02-27 18:36:05.240 [info] Resolved Python Environment /opt/conda/bin/python
2026-02-27 18:36:37.173 [info] Resolved Python Environment /opt/conda/bin/python
2026-02-27 18:37:12.250 [info] Resolved Python Environment /opt/conda/bin/python
2026-02-27 18:37:47.037 [info] Resolved Python Environment /opt/conda/bin/python
2026-02-27 18:38:22.492 [info] Resolved Python Environment /opt/conda/bin/python
2026-02-27 18:39:06.667 [info] Resolved Python Environment /opt/conda/bin/python
2026-02-27 18:39:48.047 [info] Resolved Python Environment /opt/conda/bin/python
2026-02-27 18:42:14.816 [info] Resolved Python Environment /opt/conda/bin/python
2026-02-27 18:42:52.071 [info] Resolved Python Environment /opt/conda/bin/python
2026-02-27 18:44:02.141 [info] Resolved Python Environment /opt/conda/bin/python
2026-02-27 18:45:05.252 [info] Resolved Python Environment /opt/conda/bin/python
2026-02-27 18:45:39.479 [info] Resolved Python Environment /opt/conda/bin/python
2026-02-27 18:46:10.279 [info] Resolved Python Environment /opt/conda/bin/python
2026-02-27 18:47:08.633 [info] Resolved Python Environment /opt/conda/bin/python
2026-02-27 18:47:54.016 [info] Resolved Python Environment /opt/conda/bin/python
2026-02-27 18:48:26.972 [info] Resolved Python Environment /opt/conda/bin/python
2026-02-27 18:49:03.544 [info] Resolved Python Environment /opt/conda/bin/python
2026-02-27 18:49:50.393 [info] Resolved Python Environment /opt/conda/bin/python
2026-02-27 18:50:21.763 [info] Resolved Python Environment /opt/conda/bin/python
2026-02-27 18:50:54.575 [info] Resolved Python Environment /opt/conda/bin/python
2026-02-27 18:52:01.606 [info] Resolved Python Environment /opt/conda/bin/python
2026-02-27 18:53:09.731 [info] Resolved Python Environment /opt/conda/bin/python
2026-02-27 18:54:12.061 [info] Resolved Python Environment /opt/conda/bin/python
2026-02-27 18:54:50.619 [info] Resolved Python Environment /opt/conda/bin/python
2026-02-27 18:55:22.842 [info] Resolved Python Environment /opt/conda/bin/python
2026-02-27 18:56:10.542 [info] Resolved Python Environment /opt/conda/bin/python
2026-02-27 18:56:44.644 [info] Resolved Python Environment /opt/conda/bin/python
2026-02-27 18:57:46.259 [info] Resolved Python Environment /opt/conda/bin/python
2026-02-27 18:58:16.321 [info] Resolved Python Environment /opt/conda/bin/python
2026-02-27 18:58:49.396 [info] Resolved Python Environment /opt/conda/bin/python
2026-02-27 18:59:20.556 [info] Resolved Python Environment /opt/conda/bin/python
2026-02-27 18:59:54.597 [info] Resolved Python Environment /opt/conda/bin/python
2026-02-27 19:00:30.967 [info] Resolved Python Environment /opt/conda/bin/python
2026-02-27 19:01:01.962 [info] Resolved Python Environment /opt/conda/bin/python
2026-02-27 19:01:49.439 [info] Resolved Python Environment /opt/conda/bin/python
