
=== 788406 ===
/opt/conda/lib/python3.11/site-packages/zarr/core/metadata/v2.py:190: ZarrUserWarning: Found an empty list of filters in the array metadata document. This is contrary to the Zarr V2 specification, and will cause an error in the future. Use None (or Null in a JSON document) instead of an empty list of filters.
  warnings.warn(msg, ZarrUserWarning, stacklevel=1)
/opt/conda/lib/python3.11/site-packages/zarr/core/metadata/v2.py:190: ZarrUserWarning: Found an empty list of filters in the array metadata document. This is contrary to the Zarr V2 specification, and will cause an error in the future. Use None (or Null in a JSON document) instead of an empty list of filters.
  warnings.warn(msg, ZarrUserWarning, stacklevel=1)
/opt/conda/lib/python3.11/site-packages/zarr/core/metadata/v2.py:190: ZarrUserWarning: Found an empty list of filters in the array metadata document. This is contrary to the Zarr V2 specification, and will cause an error in the future. Use None (or Null in a JSON document) instead of an empty list of filters.
  warnings.warn(msg, ZarrUserWarning, stacklevel=1)
  p6[cpd_nonrigid]: cz=932 hcr_gfp_total=17427 hcr_crop=4440 (pad=150.0µm)
  p6[cpd_nonrigid]: solver 66.2s rigid_scale=1.000 warped_extent_zyx=[1395.5, 734.7, 724.7]
  P1=727 P4=872 P6=679
  votes=1: n= 716  in_gt= 603  hits@20=104  p@gt=0.172
  votes=2: n= 328  in_gt= 277  hits@20= 62  p@gt=0.224
  votes=3: n= 302  in_gt= 270  hits@20= 76  p@gt=0.281
  2-vote/1-vote precision ratio = 1.30x

=== 790322 ===
/opt/conda/lib/python3.11/site-packages/zarr/core/metadata/v2.py:190: ZarrUserWarning: Found an empty list of filters in the array metadata document. This is contrary to the Zarr V2 specification, and will cause an error in the future. Use None (or Null in a JSON document) instead of an empty list of filters.
  warnings.warn(msg, ZarrUserWarning, stacklevel=1)
/opt/conda/lib/python3.11/site-packages/zarr/core/metadata/v2.py:190: ZarrUserWarning: Found an empty list of filters in the array metadata document. This is contrary to the Zarr V2 specification, and will cause an error in the future. Use None (or Null in a JSON document) instead of an empty list of filters.
  warnings.warn(msg, ZarrUserWarning, stacklevel=1)
/opt/conda/lib/python3.11/site-packages/zarr/core/metadata/v2.py:190: ZarrUserWarning: Found an empty list of filters in the array metadata document. This is contrary to the Zarr V2 specification, and will cause an error in the future. Use None (or Null in a JSON document) instead of an empty list of filters.
  warnings.warn(msg, ZarrUserWarning, stacklevel=1)
  p6[cpd_nonrigid]: cz=1016 hcr_gfp_total=10131 hcr_crop=2047 (pad=150.0µm)
  p6[cpd_nonrigid]: solver 3.3s rigid_scale=1.000 warped_extent_zyx=[911.3, 693.2, 688.4]
  P1=647 P4=790 P6=603
  votes=1: n= 597  in_gt= 437  hits@20= 66  p@gt=0.151
  votes=2: n= 297  in_gt= 231  hits@20= 78  p@gt=0.338
  votes=3: n= 283  in_gt= 232  hits@20= 95  p@gt=0.409
  2-vote/1-vote precision ratio = 2.24x

=== 767018 ===
/opt/conda/lib/python3.11/site-packages/zarr/core/metadata/v2.py:190: ZarrUserWarning: Found an empty list of filters in the array metadata document. This is contrary to the Zarr V2 specification, and will cause an error in the future. Use None (or Null in a JSON document) instead of an empty list of filters.
  warnings.warn(msg, ZarrUserWarning, stacklevel=1)
/opt/conda/lib/python3.11/site-packages/zarr/core/metadata/v2.py:190: ZarrUserWarning: Found an empty list of filters in the array metadata document. This is contrary to the Zarr V2 specification, and will cause an error in the future. Use None (or Null in a JSON document) instead of an empty list of filters.
  warnings.warn(msg, ZarrUserWarning, stacklevel=1)
/opt/conda/lib/python3.11/site-packages/zarr/core/metadata/v2.py:190: ZarrUserWarning: Found an empty list of filters in the array metadata document. This is contrary to the Zarr V2 specification, and will cause an error in the future. Use None (or Null in a JSON document) instead of an empty list of filters.
  warnings.warn(msg, ZarrUserWarning, stacklevel=1)
  p6[cpd_nonrigid]: cz=785 hcr_gfp_total=9161 hcr_crop=2419 (pad=150.0µm)
  p6[cpd_nonrigid]: solver 2.5s rigid_scale=1.000 warped_extent_zyx=[1480.8, 807.8, 787.5]
  P1=580 P4=726 P6=497
  votes=1: n= 668  in_gt= 188  hits@20= 31  p@gt=0.165
  votes=2: n= 278  in_gt= 112  hits@20= 34  p@gt=0.304
  votes=3: n= 193  in_gt=  98  hits@20= 32  p@gt=0.327
  2-vote/1-vote precision ratio = 1.84x
