2026-02-26 21:36:42.954 [info] [main] Log level: Info
2026-02-26 21:36:42.954 [info] [main] Validating found git in: "git"
2026-02-26 21:36:42.954 [info] [main] Using git "2.34.1" from "git"
2026-02-26 21:36:42.954 [info] [Model][doInitialScan] Initial repository scan started
2026-02-26 21:36:42.954 [info] [Model][doInitialScan] Initial repository scan completed - repositories (0), closed repositories (0), parent repositories (0), unsafe repositories (0)
2026-02-26 21:36:56.411 [info] [main] Log level: Info
2026-02-26 21:36:56.411 [info] [main] Validating found git in: "git"
2026-02-26 21:36:56.411 [info] [main] Using git "2.34.1" from "git"
2026-02-26 21:36:56.411 [info] [Model][doInitialScan] Initial repository scan started
2026-02-26 21:36:56.411 [info] > git rev-parse --show-toplevel [7ms]
2026-02-26 21:36:56.418 [info] > git rev-parse --git-dir --git-common-dir --show-superproject-working-tree [3ms]
2026-02-26 21:36:56.430 [info] [Model][openRepository] Opened repository (path): /root/capsule
2026-02-26 21:36:56.430 [info] [Model][openRepository] Opened repository (real path): /root/capsule
2026-02-26 21:36:56.430 [info] [Model][openRepository] Opened repository (kind): repository
2026-02-26 21:36:56.442 [info] > git rev-parse --show-toplevel [3ms]
2026-02-26 21:36:56.443 [info] > git config --get commit.template [7ms]
2026-02-26 21:36:56.452 [info] > git rev-parse --show-toplevel [4ms]
2026-02-26 21:36:56.456 [info] > git for-each-ref --format=%(refname)%00%(upstream:short)%00%(objectname)%00%(upstream:track)%00%(upstream:remotename)%00%(upstream:remoteref) refs/heads/master refs/remotes/master [4ms]
2026-02-26 21:36:56.457 [info] > git rev-parse --show-toplevel [1ms]
2026-02-26 21:36:56.468 [info] > git rev-parse --show-toplevel [8ms]
2026-02-26 21:36:56.472 [info] > git for-each-ref --sort -committerdate --format %(refname)%00%(objectname)%00%(*objectname) [5ms]
2026-02-26 21:36:56.474 [info] > git rev-parse --show-toplevel [3ms]
2026-02-26 21:36:56.477 [info] [Model][doInitialScan] Initial repository scan completed - repositories (1), closed repositories (0), parent repositories (0), unsafe repositories (0)
2026-02-26 21:36:56.515 [info] > git status -z -uall [51ms]
2026-02-26 21:36:56.567 [info] > git for-each-ref --format=%(refname)%00%(upstream:short)%00%(objectname)%00%(upstream:track)%00%(upstream:remotename)%00%(upstream:remoteref) refs/heads/master refs/remotes/master [29ms]
2026-02-26 21:36:56.574 [info] > git config --get --local branch.master.vscode-merge-base [3ms]
2026-02-26 21:36:56.575 [warning] [Git][config] git config failed: Failed to execute git
2026-02-26 21:36:56.578 [info] > git config --get commit.template [15ms]
2026-02-26 21:36:56.580 [info] > git reflog master --grep-reflog=branch: Created from *. [2ms]
2026-02-26 21:36:56.587 [info] > git symbolic-ref --short refs/remotes/origin/HEAD [4ms]
2026-02-26 21:36:56.590 [info] > git for-each-ref --format=%(refname)%00%(upstream:short)%00%(objectname)%00%(upstream:track)%00%(upstream:remotename)%00%(upstream:remoteref) refs/heads/master refs/remotes/master [4ms]
2026-02-26 21:36:56.597 [info] > git for-each-ref --format=%(refname)%00%(upstream:short)%00%(objectname)%00%(upstream:track)%00%(upstream:remotename)%00%(upstream:remoteref) refs/heads/origin/master refs/remotes/origin/master [8ms]
2026-02-26 21:36:56.600 [info] > git for-each-ref --sort -committerdate --format %(refname)%00%(objectname)%00%(*objectname) [3ms]
2026-02-26 21:36:56.602 [info] > git config --add --local branch.master.vscode-merge-base origin/master [1ms]
2026-02-26 21:36:56.607 [info] > git status -z -uall [14ms] (cancelled)
2026-02-26 21:36:56.608 [info] > git config --get commit.template [2ms]
2026-02-26 21:36:56.621 [info] > git for-each-ref --format=%(refname)%00%(upstream:short)%00%(objectname)%00%(upstream:track)%00%(upstream:remotename)%00%(upstream:remoteref) refs/heads/master refs/remotes/master [11ms]
2026-02-26 21:36:56.629 [info] > git for-each-ref --sort -committerdate --format %(refname)%00%(objectname)%00%(*objectname) [1ms]
2026-02-26 21:36:56.670 [info] > git status -z -uall [46ms]
2026-02-26 21:36:56.681 [info] > git merge-base refs/heads/master refs/remotes/origin/master [4ms]
2026-02-26 21:36:56.686 [info] > git diff --raw --numstat --diff-filter=ADMR -z --find-renames=50% cad5780dbe1e9f48e48f8eeb43c62c9568de275c...refs/remotes/origin/master -- [2ms]
2026-02-26 21:36:56.687 [info] > git merge-base refs/heads/master refs/remotes/origin/master [6ms]
2026-02-26 21:36:56.691 [info] > git diff --raw --numstat --diff-filter=ADMR -z --find-renames=50% cad5780dbe1e9f48e48f8eeb43c62c9568de275c...refs/remotes/origin/master -- [1ms]
2026-02-26 21:36:56.949 [info] > git check-ignore -v -z --stdin [1ms]
2026-02-26 21:36:59.113 [info] > git check-ignore -v -z --stdin [2ms]
2026-02-26 21:37:58.570 [info] > git check-ignore -v -z --stdin [1ms]
2026-02-26 21:37:59.575 [info] > git check-ignore -v -z --stdin [1ms]
2026-02-26 21:37:59.588 [info] > git show --textconv :environment/postInstall [6ms]
2026-02-26 21:37:59.589 [info] > git ls-files --stage -- environment/postInstall [1ms]
2026-02-26 21:37:59.594 [info] > git cat-file -s 2d7fde77b9f2e4e06c23139c4870f9b4fe3404d6 [1ms]
2026-02-26 21:38:13.491 [info] > git check-ignore -v -z --stdin [1ms]
2026-02-26 21:38:15.010 [info] > git blame --root --incremental cad5780dbe1e9f48e48f8eeb43c62c9568de275c -- environment/postInstall [2ms]
2026-02-26 21:38:27.997 [info] > git config --get commit.template [5ms]
2026-02-26 21:38:27.997 [info] > git for-each-ref --format=%(refname)%00%(upstream:short)%00%(objectname)%00%(upstream:track)%00%(upstream:remotename)%00%(upstream:remoteref) refs/heads/master refs/remotes/master [1ms]
2026-02-26 21:38:28.006 [info] > git for-each-ref --sort -committerdate --format %(refname)%00%(objectname)%00%(*objectname) [1ms]
2026-02-26 21:38:28.048 [info] > git status -z -uall [47ms]
2026-02-26 21:38:28.390 [info] > git check-ignore -v -z --stdin [1ms]
2026-02-26 21:39:22.701 [info] > git config --get commit.template [17ms]
2026-02-26 21:39:22.743 [info] > git for-each-ref --format=%(refname)%00%(upstream:short)%00%(objectname)%00%(upstream:track)%00%(upstream:remotename)%00%(upstream:remoteref) refs/heads/master refs/remotes/master [29ms]
2026-02-26 21:39:22.914 [info] > git status -z -uall [133ms]
2026-02-26 21:39:22.915 [info] > git for-each-ref --sort -committerdate --format %(refname)%00%(objectname)%00%(*objectname) [127ms]
2026-02-26 21:39:22.959 [info] > git config --get commit.template [20ms]
2026-02-26 21:39:22.973 [info] > git for-each-ref --format=%(refname)%00%(upstream:short)%00%(objectname)%00%(upstream:track)%00%(upstream:remotename)%00%(upstream:remoteref) refs/heads/master refs/remotes/master [2ms]
2026-02-26 21:39:22.994 [info] > git for-each-ref --sort -committerdate --format %(refname)%00%(objectname)%00%(*objectname) [6ms]
2026-02-26 21:39:23.044 [info] > git status -z -uall [62ms]
2026-02-26 21:40:51.704 [info] > git check-ignore -v -z --stdin [1ms]
2026-02-26 21:40:53.532 [info] > git check-ignore -v -z --stdin [1ms]
2026-02-26 21:42:38.564 [info] > git check-ignore -v -z --stdin [2ms]
2026-02-26 21:42:38.593 [info] > git show --textconv :environment/postInstall [9ms]
2026-02-26 21:42:38.593 [info] > git ls-files --stage -- environment/postInstall [1ms]
2026-02-26 21:42:38.600 [info] > git cat-file -s 2d7fde77b9f2e4e06c23139c4870f9b4fe3404d6 [1ms]
2026-02-26 21:42:51.934 [info] > git check-ignore -v -z --stdin [2ms]
2026-02-26 21:42:55.507 [info] > git check-ignore -v -z --stdin [1ms]
2026-02-26 21:42:57.982 [info] > git check-ignore -v -z --stdin [1ms]
2026-02-26 21:43:00.289 [info] > git check-ignore -v -z --stdin [1ms]
2026-02-26 21:43:03.131 [info] > git check-ignore -v -z --stdin [1ms]
2026-02-26 21:43:04.202 [info] > git check-ignore -v -z --stdin [1ms]
2026-02-26 21:43:06.860 [info] > git check-ignore -v -z --stdin [5ms]
2026-02-26 21:43:09.378 [info] > git check-ignore -v -z --stdin [1ms]
2026-02-26 21:43:28.478 [info] > git check-ignore -v -z --stdin [1ms]
2026-02-26 21:43:29.451 [info] > git check-ignore -v -z --stdin [2ms]
2026-02-26 21:43:30.642 [info] > git check-ignore -v -z --stdin [1ms]
2026-02-26 21:43:33.030 [info] > git check-ignore -v -z --stdin [2ms]
2026-02-26 21:43:34.514 [info] > git check-ignore -v -z --stdin [1ms]
2026-02-26 21:45:02.771 [info] > git check-ignore -v -z --stdin [1ms]
