Visual Studio Code (1.109.5, undefined, desktop)
Jupyter Extension Version: 2025.9.1.
Python Extension Version: 2026.2.0.
Python Environment Extension Version: 1.20.1.
Pylance Extension Version: 2026.1.1.
Platform: linux (x64).
Home = /root
Temp Storage folder ~/capsule/code/vscode-data/User/globalStorage/ms-toolsai.jupyter/version-2025.9.1
Workspace folder ~/capsule
16:33:12.891 [info] Starting Kernel (Python Path: /opt/conda/bin/python, Conda, 3.10.12) for '~/capsule/code/1st_iter_generate_landmarks.ipynb' (disableUI=true)
16:33:12.894 [info] Starting Kernel (Python Path: /opt/conda/bin/python, Conda, 3.10.12) for '~/capsule/code/step_3_more_iterations.ipynb' (disableUI=true)
16:33:15.024 [info] Process Execution: /opt/conda/bin/python -m pip list
16:33:15.042 [info] Process Execution: /opt/conda/bin/python -c "import ipykernel; print(ipykernel.__version__); print("5dc3a68c-e34e-4080-9c3e-2a532b2ccb4d"); print(ipykernel.__file__)"
16:33:15.048 [info] Process Execution: /opt/conda/bin/python -m ipykernel_launcher --f=~/.local/share/jupyter/runtime/kernel-v3473dceca23a689a0d752972611a1bd76463090ad.json
    > cwd: ~/capsule/code
16:33:15.064 [info] Process Execution: /opt/conda/bin/python -c "import ipykernel; print(ipykernel.__version__); print("5dc3a68c-e34e-4080-9c3e-2a532b2ccb4d"); print(ipykernel.__file__)"
16:33:15.070 [info] Process Execution: /opt/conda/bin/python -m ipykernel_launcher --f=~/.local/share/jupyter/runtime/kernel-v371e5b5f554a7eb0fe765ffc9021c27fb74564df3.json
    > cwd: ~/capsule/code
16:33:15.820 [info] Kernel successfully started
16:33:15.829 [info] Process Execution: /opt/conda/bin/python ~/.vscode/extensions/ms-toolsai.jupyter-2025.9.1-linux-x64/pythonFiles/printJupyterDataDir.py
16:33:15.832 [info] Kernel successfully started
16:33:15.858 [error] Failed to get baseUrl [Error: ENOENT: no such file or directory, unlink '~/.vscode/extensions/ms-toolsai.jupyter-2025.9.1-linux-x64/temp/scripts/7df0c2453e49ed05d3d0f3794defcebd56ad42641b177491fc43aece0cf55ce2/jupyter/nbextensions/anywidget/extension.js'] {
  errno: -2,
  code: 'ENOENT',
  syscall: 'unlink',
  path: '~/.vscode/extensions/ms-toolsai.jupyter-2025.9.1-linux-x64/temp/scripts/7df0c2453e49ed05d3d0f3794defcebd56ad42641b177491fc43aece0cf55ce2/jupyter/nbextensions/anywidget/extension.js'
}
16:33:16.454 [error] Failed to get baseUrl [Error: ENOENT: no such file or directory, unlink '~/.vscode/extensions/ms-toolsai.jupyter-2025.9.1-linux-x64/temp/scripts/7df0c2453e49ed05d3d0f3794defcebd56ad42641b177491fc43aece0cf55ce2/jupyter/nbextensions/anywidget/extension.js'] {
  errno: -2,
  code: 'ENOENT',
  syscall: 'unlink',
  path: '~/.vscode/extensions/ms-toolsai.jupyter-2025.9.1-linux-x64/temp/scripts/7df0c2453e49ed05d3d0f3794defcebd56ad42641b177491fc43aece0cf55ce2/jupyter/nbextensions/anywidget/extension.js'
}
16:33:16.454 [warn] Failed to fetch script sources [Error: ENOENT: no such file or directory, unlink '~/.vscode/extensions/ms-toolsai.jupyter-2025.9.1-linux-x64/temp/scripts/7df0c2453e49ed05d3d0f3794defcebd56ad42641b177491fc43aece0cf55ce2/jupyter/nbextensions/anywidget/extension.js'] {
  errno: -2,
  code: 'ENOENT',
  syscall: 'unlink',
  path: '~/.vscode/extensions/ms-toolsai.jupyter-2025.9.1-linux-x64/temp/scripts/7df0c2453e49ed05d3d0f3794defcebd56ad42641b177491fc43aece0cf55ce2/jupyter/nbextensions/anywidget/extension.js'
}
16:33:17.116 [error] Widget Error: Failed to access CDN https://unpkg.com/ after 0 attempt(s), TypeError: Failed to fetch
16:33:17.116 [error] Widget Error: Failed to access CDN https://unpkg.com/ after 0 attempt(s), TypeError: Failed to fetch
16:35:12.454 [info] Starting Kernel (Python Path: /opt/conda/bin/python, Conda, 3.10.12) for '~/capsule/code/260227_gfp_count_verification.ipynb' (disableUI=true)
16:35:12.464 [info] Process Execution: /opt/conda/bin/python -c "import ipykernel; print(ipykernel.__version__); print("5dc3a68c-e34e-4080-9c3e-2a532b2ccb4d"); print(ipykernel.__file__)"
16:35:12.488 [info] Process Execution: /opt/conda/bin/python -m ipykernel_launcher --f=~/.local/share/jupyter/runtime/kernel-v32e9e80e7db15d2260caf74fc79c3916e028bf368.json
    > cwd: ~/capsule/code
16:35:13.194 [info] Kernel successfully started
16:35:13.755 [error] Widget Error: Failed to access CDN https://unpkg.com/ after 0 attempt(s), TypeError: Failed to fetch
17:12:13.704 [warn] Cell completed with errors [Iu [Error]: name 'sns' is not defined
	at n.execute (~/.vscode/extensions/ms-toolsai.jupyter-2025.9.1-linux-x64/dist/extension.node.js:302:4958)] {
  ename: 'NameError',
  evalue: "name 'sns' is not defined",
  traceback: [
    '\x1B[0;31m---------------------------------------------------------------------------\x1B[0m',
    '\x1B[0;31mNameError\x1B[0m                                 Traceback (most recent call last)',
    'Cell \x1B[0;32mIn[10], line 1\x1B[0m\n' +
      '\x1B[0;32m----> 1\x1B[0m \x1B[43msns\x1B[49m\x1B[38;5;241m.\x1B[39mhistplot(spots_488\x1B[38;5;241m.\x1B[39mSEG_ID\x1B[38;5;241m.\x1B[39mvalue_counts())\n',
    "\x1B[0;31mNameError\x1B[0m: name 'sns' is not defined"
  ]
}
17:15:37.111 [info] Disposing request as the cell (-1) was deleted ~/capsule/code/260227_gfp_count_verification.ipynb
17:16:09.498 [warn] Cell completed with errors [Iu [Error]: index 3 is out of bounds for axis 1 with size 3
	at n.execute (~/.vscode/extensions/ms-toolsai.jupyter-2025.9.1-linux-x64/dist/extension.node.js:302:4958)] {
  ename: 'IndexError',
  evalue: 'index 3 is out of bounds for axis 1 with size 3',
  traceback: [
    '\x1B[0;31m---------------------------------------------------------------------------\x1B[0m',
    '\x1B[0;31mIndexError\x1B[0m                                Traceback (most recent call last)',
    'Cell \x1B[0;32mIn[23], line 1\x1B[0m\n' +
      '\x1B[0;32m----> 1\x1B[0m HCR_cell_ids \x1B[38;5;241m=\x1B[39m \x1B[43mHCR_cell_centroids\x1B[49m\x1B[43m[\x1B[49m\x1B[43m:\x1B[49m\x1B[43m,\x1B[49m\x1B[38;5;241;43m3\x1B[39;49m\x1B[43m]\x1B[49m\n' +
      '\x1B[1;32m      2\x1B[0m HCR_cell_centroids \x1B[38;5;241m=\x1B[39m HCR_cell_centroids[:,:\x1B[38;5;241m-\x1B[39m\x1B[38;5;241m1\x1B[39m]\n' +
      '\x1B[1;32m      4\x1B[0m HCR_cell_centroids_df \x1B[38;5;241m=\x1B[39m pd\x1B[38;5;241m.\x1B[39mDataFrame()\n',
    '\x1B[0;31mIndexError\x1B[0m: index 3 is out of bounds for axis 1 with size 3'
  ]
}
17:17:23.318 [warn] Cell completed with errors [Iu [Error]: index 3 is out of bounds for axis 1 with size 3
	at n.execute (~/.vscode/extensions/ms-toolsai.jupyter-2025.9.1-linux-x64/dist/extension.node.js:302:4958)] {
  ename: 'IndexError',
  evalue: 'index 3 is out of bounds for axis 1 with size 3',
  traceback: [
    '\x1B[0;31m---------------------------------------------------------------------------\x1B[0m',
    '\x1B[0;31mIndexError\x1B[0m                                Traceback (most recent call last)',
    'Cell \x1B[0;32mIn[31], line 1\x1B[0m\n' +
      '\x1B[0;32m----> 1\x1B[0m HCR_cell_ids \x1B[38;5;241m=\x1B[39m \x1B[43mHCR_cell_centroids\x1B[49m\x1B[43m[\x1B[49m\x1B[43m:\x1B[49m\x1B[43m,\x1B[49m\x1B[38;5;241;43m3\x1B[39;49m\x1B[43m]\x1B[49m\n' +
      '\x1B[1;32m      2\x1B[0m HCR_cell_centroids \x1B[38;5;241m=\x1B[39m HCR_cell_centroids[:,:\x1B[38;5;241m-\x1B[39m\x1B[38;5;241m1\x1B[39m]\n' +
      '\x1B[1;32m      4\x1B[0m HCR_cell_centroids_df \x1B[38;5;241m=\x1B[39m pd\x1B[38;5;241m.\x1B[39mDataFrame()\n',
    '\x1B[0;31mIndexError\x1B[0m: index 3 is out of bounds for axis 1 with size 3'
  ]
}
17:18:42.381 [info] Disposing request as the cell (-1) was deleted ~/capsule/code/260227_gfp_count_verification.ipynb
18:28:20.859 [warn] Cell completed with errors [Iu [Error]: file must have 'read' and 'readline' attributes
	at n.execute (~/.vscode/extensions/ms-toolsai.jupyter-2025.9.1-linux-x64/dist/extension.node.js:302:4958)] {
  ename: 'TypeError',
  evalue: "file must have 'read' and 'readline' attributes",
  traceback: [
    '\x1B[0;31m---------------------------------------------------------------------------\x1B[0m',
    '\x1B[0;31mTypeError\x1B[0m                                 Traceback (most recent call last)',
    'Cell \x1B[0;32mIn[62], line 2\x1B[0m\n' +
      "\x1B[1;32m      1\x1B[0m pkl_fn \x1B[38;5;241m=\x1B[39m \x1B[38;5;124m'\x1B[39m\x1B[38;5;124m~/capsule/data/HCR_788406_2025-11-05_13-00-00_processed_2025-11-10_20-35-28/cell_body_segmentation/metrics.pickle\x1B[39m\x1B[38;5;124m'\x1B[39m\n" +
      '\x1B[0;32m----> 2\x1B[0m metrics \x1B[38;5;241m=\x1B[39m \x1B[43mpickle\x1B[49m\x1B[38;5;241;43m.\x1B[39;49m\x1B[43mload\x1B[49m\x1B[43m(\x1B[49m\x1B[43mpkl_fn\x1B[49m\x1B[43m)\x1B[49m\n',
    "\x1B[0;31mTypeError\x1B[0m: file must have 'read' and 'readline' attributes"
  ]
}
18:28:25.840 [warn] Cell completed with errors [Iu [Error]: module 'pickle' has no attribute 'read'
	at n.execute (~/.vscode/extensions/ms-toolsai.jupyter-2025.9.1-linux-x64/dist/extension.node.js:302:4958)] {
  ename: 'AttributeError',
  evalue: "module 'pickle' has no attribute 'read'",
  traceback: [
    '\x1B[0;31m---------------------------------------------------------------------------\x1B[0m',
    '\x1B[0;31mAttributeError\x1B[0m                            Traceback (most recent call last)',
    'Cell \x1B[0;32mIn[63], line 2\x1B[0m\n' +
      "\x1B[1;32m      1\x1B[0m pkl_fn \x1B[38;5;241m=\x1B[39m \x1B[38;5;124m'\x1B[39m\x1B[38;5;124m~/capsule/data/HCR_788406_2025-11-05_13-00-00_processed_2025-11-10_20-35-28/cell_body_segmentation/metrics.pickle\x1B[39m\x1B[38;5;124m'\x1B[39m\n" +
      '\x1B[0;32m----> 2\x1B[0m metrics \x1B[38;5;241m=\x1B[39m \x1B[43mpickle\x1B[49m\x1B[38;5;241;43m.\x1B[39;49m\x1B[43mread\x1B[49m(pkl_fn)\n',
    "\x1B[0;31mAttributeError\x1B[0m: module 'pickle' has no attribute 'read'"
  ]
}
18:30:07.618 [warn] Cell completed with errors [Iu [Error]: DataFrame.pivot() missing 1 required keyword-only argument: 'columns'
	at n.execute (~/.vscode/extensions/ms-toolsai.jupyter-2025.9.1-linux-x64/dist/extension.node.js:302:4958)] {
  ename: 'TypeError',
  evalue: "DataFrame.pivot() missing 1 required keyword-only argument: 'columns'",
  traceback: [
    '\x1B[0;31m---------------------------------------------------------------------------\x1B[0m',
    '\x1B[0;31mTypeError\x1B[0m                                 Traceback (most recent call last)',
    'Cell \x1B[0;32mIn[70], line 1\x1B[0m\n' +
      '\x1B[0;32m----> 1\x1B[0m data \x1B[38;5;241m=\x1B[39m \x1B[43mpd\x1B[49m\x1B[38;5;241;43m.\x1B[39;49m\x1B[43mDataFrame\x1B[49m\x1B[43m(\x1B[49m\x1B[43mdata\x1B[49m\x1B[43m)\x1B[49m\x1B[38;5;241;43m.\x1B[39;49m\x1B[43mpivot\x1B[49m\x1B[43m(\x1B[49m\x1B[43m)\x1B[49m\n',
    "\x1B[0;31mTypeError\x1B[0m: DataFrame.pivot() missing 1 required keyword-only argument: 'columns'"
  ]
}
18:30:19.378 [warn] Cell completed with errors [Iu [Error]: DataFrame.pivot() missing 1 required keyword-only argument: 'columns'
	at n.execute (~/.vscode/extensions/ms-toolsai.jupyter-2025.9.1-linux-x64/dist/extension.node.js:302:4958)] {
  ename: 'TypeError',
  evalue: "DataFrame.pivot() missing 1 required keyword-only argument: 'columns'",
  traceback: [
    '\x1B[0;31m---------------------------------------------------------------------------\x1B[0m',
    '\x1B[0;31mTypeError\x1B[0m                                 Traceback (most recent call last)',
    'Cell \x1B[0;32mIn[71], line 1\x1B[0m\n' +
      '\x1B[0;32m----> 1\x1B[0m data \x1B[38;5;241m=\x1B[39m \x1B[43mdata\x1B[49m\x1B[38;5;241;43m.\x1B[39;49m\x1B[43mpivot\x1B[49m\x1B[43m(\x1B[49m\x1B[43m)\x1B[49m\n',
    "\x1B[0;31mTypeError\x1B[0m: DataFrame.pivot() missing 1 required keyword-only argument: 'columns'"
  ]
}
18:35:48.341 [info] Starting Kernel (Python Path: /opt/conda/bin/python, Conda, 3.10.12) for '~/capsule/code/step_1_process_files.ipynb' (disableUI=true)
18:35:49.455 [info] Process Execution: /opt/conda/bin/python -c "import ipykernel; print(ipykernel.__version__); print("5dc3a68c-e34e-4080-9c3e-2a532b2ccb4d"); print(ipykernel.__file__)"
18:35:49.462 [info] Process Execution: /opt/conda/bin/python -m ipykernel_launcher --f=~/.local/share/jupyter/runtime/kernel-v393e13b0473edc81fec836ce426ed7af9b1ff79ba.json
    > cwd: ~/capsule/code
18:35:49.484 [info] Process Execution: /opt/conda/bin/python -m pip list
18:35:50.168 [info] Kernel successfully started
18:35:50.791 [error] Widget Error: Failed to access CDN https://unpkg.com/ after 0 attempt(s), TypeError: Failed to fetch
18:36:06.390 [warn] Cell completed with errors [Iu [Error]: name 'hcr_path' is not defined
	at n.execute (~/.vscode/extensions/ms-toolsai.jupyter-2025.9.1-linux-x64/dist/extension.node.js:302:4958)] {
  ename: 'NameError',
  evalue: "name 'hcr_path' is not defined",
  traceback: [
    '\x1B[0;31m---------------------------------------------------------------------------\x1B[0m',
    '\x1B[0;31mNameError\x1B[0m                                 Traceback (most recent call last)',
    'Cell \x1B[0;32mIn[3], line 1\x1B[0m\n' +
      "\x1B[0;32m----> 1\x1B[0m hcr_centroid_path \x1B[38;5;241m=\x1B[39m \x1B[43mhcr_path\x1B[49m \x1B[38;5;241m/\x1B[39m \x1B[38;5;124m'\x1B[39m\x1B[38;5;124mcell_body_segmentation/cell_centroids.npy\x1B[39m\x1B[38;5;124m'\x1B[39m \x1B[38;5;66;03m# from cellpose\x1B[39;00m\n" +
      '\x1B[1;32m      2\x1B[0m \x1B[38;5;28;01massert\x1B[39;00m hcr_centroid_path\x1B[38;5;241m.\x1B[39mexists()\n' +
      "\x1B[1;32m      3\x1B[0m segmentation_metrics_path \x1B[38;5;241m=\x1B[39m hcr_path \x1B[38;5;241m/\x1B[39m \x1B[38;5;124m'\x1B[39m\x1B[38;5;124mcell_body_segmentation/metrics.pickle\x1B[39m\x1B[38;5;124m'\x1B[39m \x1B[38;5;66;03m# volumen and bbox\x1B[39;00m\n",
    "\x1B[0;31mNameError\x1B[0m: name 'hcr_path' is not defined"
  ]
}
18:38:30.329 [warn] Cell completed with errors [Iu [Error]: name 'hcr_segmentation_metrics_path' is not defined
	at n.execute (~/.vscode/extensions/ms-toolsai.jupyter-2025.9.1-linux-x64/dist/extension.node.js:302:4958)] {
  ename: 'NameError',
  evalue: "name 'hcr_segmentation_metrics_path' is not defined",
  traceback: [
    '\x1B[0;31m---------------------------------------------------------------------------\x1B[0m',
    '\x1B[0;31mNameError\x1B[0m                                 Traceback (most recent call last)',
    'Cell \x1B[0;32mIn[15], line 4\x1B[0m\n' +
      '\x1B[1;32m      2\x1B[0m \x1B[38;5;28;01massert\x1B[39;00m hcr_centroid_path\x1B[38;5;241m.\x1B[39mexists()\n' +
      "\x1B[1;32m      3\x1B[0m segmentationhcr_segmentation_metrics_path_metrics_path \x1B[38;5;241m=\x1B[39m hcr_path \x1B[38;5;241m/\x1B[39m \x1B[38;5;124m'\x1B[39m\x1B[38;5;124mcell_body_segmentation/metrics.pickle\x1B[39m\x1B[38;5;124m'\x1B[39m \x1B[38;5;66;03m# volume and bbox\x1B[39;00m\n" +
      '\x1B[0;32m----> 4\x1B[0m \x1B[38;5;28;01massert\x1B[39;00m \x1B[43mhcr_segmentation_metrics_path\x1B[49m\x1B[38;5;241m.\x1B[39mexists()\n' +
      '\x1B[1;32m      5\x1B[0m \x1B[38;5;28;01mtry\x1B[39;00m:\n' +
      "\x1B[1;32m      6\x1B[0m     fused_json_file \x1B[38;5;241m=\x1B[39m \x1B[38;5;28mnext\x1B[39m(hcr_path\x1B[38;5;241m.\x1B[39mglob(\x1B[38;5;124m'\x1B[39m\x1B[38;5;124mtile_subset_corrected_ng.json\x1B[39m\x1B[38;5;124m'\x1B[39m))\n",
    "\x1B[0;31mNameError\x1B[0m: name 'hcr_segmentation_metrics_path' is not defined"
  ]
}
18:38:41.039 [warn] Cell completed with errors [Iu [Error]: invalid syntax. Perhaps you forgot a comma? (1588720807.py, line 10)
	at n.execute (~/.vscode/extensions/ms-toolsai.jupyter-2025.9.1-linux-x64/dist/extension.node.js:302:4958)] {
  ename: 'SyntaxError',
  evalue: 'invalid syntax. Perhaps you forgot a comma? (1588720807.py, line 10)',
  traceback: [
    '\x1B[0;36m  Cell \x1B[0;32mIn[17], line 10\x1B[0;36m\x1B[0m\n' +
      "\x1B[0;31m    'hcr_segmentation_metrics_path': str(hcr_segmentation_metrics_path)\x1B[0m\n" +
      '\x1B[0m                                     ^\x1B[0m\n' +
      '\x1B[0;31mSyntaxError\x1B[0m\x1B[0;31m:\x1B[0m invalid syntax. Perhaps you forgot a comma?\n'
  ]
}
18:39:18.286 [info] Starting Kernel (Python Path: /opt/conda/bin/python, Conda, 3.10.12) for '~/capsule/code/step_2_automatic_mapping_for_qc.ipynb' (disableUI=true)
18:39:18.298 [info] Process Execution: /opt/conda/bin/python -c "import ipykernel; print(ipykernel.__version__); print("5dc3a68c-e34e-4080-9c3e-2a532b2ccb4d"); print(ipykernel.__file__)"
18:39:18.312 [info] Process Execution: /opt/conda/bin/python -m ipykernel_launcher --f=~/.local/share/jupyter/runtime/kernel-v3ed57049c016dc23f4e7b652b7140e719d597643a.json
    > cwd: ~/capsule/code
18:39:19.009 [info] Kernel successfully started
18:39:19.574 [error] Widget Error: Failed to access CDN https://unpkg.com/ after 0 attempt(s), TypeError: Failed to fetch
18:42:16.959 [warn] Cell completed with errors [Iu [Error]: name 'pickle' is not defined
	at n.execute (~/.vscode/extensions/ms-toolsai.jupyter-2025.9.1-linux-x64/dist/extension.node.js:302:4958)] {
  ename: 'NameError',
  evalue: "name 'pickle' is not defined",
  traceback: [
    '\x1B[0;31m---------------------------------------------------------------------------\x1B[0m',
    '\x1B[0;31mNameError\x1B[0m                                 Traceback (most recent call last)',
    'Cell \x1B[0;32mIn[4], line 2\x1B[0m\n' +
      "\x1B[1;32m      1\x1B[0m \x1B[38;5;28;01mwith\x1B[39;00m \x1B[38;5;28mopen\x1B[39m(hcr_segmentation_metrics_path, \x1B[38;5;124m'\x1B[39m\x1B[38;5;124mrb\x1B[39m\x1B[38;5;124m'\x1B[39m) \x1B[38;5;28;01mas\x1B[39;00m f:\n" +
      '\x1B[0;32m----> 2\x1B[0m     hcr_metrics_data \x1B[38;5;241m=\x1B[39m \x1B[43mpickle\x1B[49m\x1B[38;5;241m.\x1B[39mload(f)\n' +
      '\x1B[1;32m      3\x1B[0m hcr_metrics_df \x1B[38;5;241m=\x1B[39m pd\x1B[38;5;241m.\x1B[39mDataFrame(hcr_metrics_data)\x1B[38;5;241m.\x1B[39mtranspose()\n',
    "\x1B[0;31mNameError\x1B[0m: name 'pickle' is not defined"
  ]
}
18:45:33.160 [warn] Cell completed with errors [Iu [Error]: 'NoneType' object has no attribute 'set_index'
	at n.execute (~/.vscode/extensions/ms-toolsai.jupyter-2025.9.1-linux-x64/dist/extension.node.js:302:4958)] {
  ename: 'AttributeError',
  evalue: "'NoneType' object has no attribute 'set_index'",
  traceback: [
    '\x1B[0;31m---------------------------------------------------------------------------\x1B[0m',
    '\x1B[0;31mAttributeError\x1B[0m                            Traceback (most recent call last)',
    'Cell \x1B[0;32mIn[11], line 4\x1B[0m\n' +
      '\x1B[1;32m      2\x1B[0m spots_488 \x1B[38;5;241m=\x1B[39m pd\x1B[38;5;241m.\x1B[39mread_csv(spots_488_path)\n' +
      "\x1B[1;32m      3\x1B[0m spot_488_counts \x1B[38;5;241m=\x1B[39m pd\x1B[38;5;241m.\x1B[39mDataFrame(spots_488[\x1B[38;5;124m'\x1B[39m\x1B[38;5;124mSEG_ID\x1B[39m\x1B[38;5;124m'\x1B[39m]\x1B[38;5;241m.\x1B[39mvalue_counts())\x1B[38;5;241m.\x1B[39mreset_index()\n" +
      "\x1B[0;32m----> 4\x1B[0m \x1B[43mspot_488_counts\x1B[49m\x1B[38;5;241;43m.\x1B[39;49m\x1B[43mrename\x1B[49m\x1B[43m(\x1B[49m\x1B[43mcolumns\x1B[49m\x1B[38;5;241;43m=\x1B[39;49m\x1B[43m{\x1B[49m\x1B[38;5;124;43m'\x1B[39;49m\x1B[38;5;124;43mSEG_ID\x1B[39;49m\x1B[38;5;124;43m'\x1B[39;49m\x1B[43m:\x1B[49m\x1B[43m \x1B[49m\x1B[38;5;124;43m'\x1B[39;49m\x1B[38;5;124;43mhcr_id\x1B[39;49m\x1B[38;5;124;43m'\x1B[39;49m\x1B[43m}\x1B[49m\x1B[43m,\x1B[49m\x1B[43m \x1B[49m\x1B[43minplace\x1B[49m\x1B[38;5;241;43m=\x1B[39;49m\x1B[38;5;28;43;01mTrue\x1B[39;49;00m\x1B[43m)\x1B[49m\x1B[38;5;241;43m.\x1B[39;49m\x1B[43mset_index\x1B[49m(\x1B[38;5;124m'\x1B[39m\x1B[38;5;124mhcr_id\x1B[39m\x1B[38;5;124m'\x1B[39m, inplace\x1B[38;5;241m=\x1B[39m\x1B[38;5;28;01mTrue\x1B[39;00m)\n",
    "\x1B[0;31mAttributeError\x1B[0m: 'NoneType' object has no attribute 'set_index'"
  ]
}
18:46:16.083 [warn] Cell completed with errors [Iu [Error]: No common columns to perform merge on. Merge options: left_on=None, right_on=None, left_index=False, right_index=False
	at n.execute (~/.vscode/extensions/ms-toolsai.jupyter-2025.9.1-linux-x64/dist/extension.node.js:302:4958)] {
  ename: 'MergeError',
  evalue: 'No common columns to perform merge on. Merge options: left_on=None, right_on=None, left_index=False, right_index=False',
  traceback: [
    '\x1B[0;31m---------------------------------------------------------------------------\x1B[0m',
    '\x1B[0;31mMergeError\x1B[0m                                Traceback (most recent call last)',
    'Cell \x1B[0;32mIn[15], line 1\x1B[0m\n' +
      "\x1B[0;32m----> 1\x1B[0m spot_488_counts \x1B[38;5;241m=\x1B[39m \x1B[43mspot_488_counts\x1B[49m\x1B[38;5;241;43m.\x1B[39;49m\x1B[43mmerge\x1B[49m\x1B[43m(\x1B[49m\x1B[43mhcr_metrics_df\x1B[49m\x1B[43m,\x1B[49m\x1B[43m \x1B[49m\x1B[43mhow\x1B[49m\x1B[38;5;241;43m=\x1B[39;49m\x1B[38;5;124;43m'\x1B[39;49m\x1B[38;5;124;43mleft\x1B[39;49m\x1B[38;5;124;43m'\x1B[39;49m\x1B[43m)\x1B[49m\n",
    'File \x1B[0;32m/opt/conda/lib/python3.10/site-packages/pandas/core/frame.py:10859\x1B[0m, in \x1B[0;36mDataFrame.merge\x1B[0;34m(self, right, how, on, left_on, right_on, left_index, right_index, sort, suffixes, copy, indicator, validate)\x1B[0m\n' +
      '\x1B[1;32m  10840\x1B[0m \x1B[38;5;129m@Substitution\x1B[39m(\x1B[38;5;124m"\x1B[39m\x1B[38;5;124m"\x1B[39m)\n' +
      '\x1B[1;32m  10841\x1B[0m \x1B[38;5;129m@Appender\x1B[39m(_merge_doc, indents\x1B[38;5;241m=\x1B[39m\x1B[38;5;241m2\x1B[39m)\n' +
      '\x1B[1;32m  10842\x1B[0m \x1B[38;5;28;01mdef\x1B[39;00m\x1B[38;5;250m \x1B[39m\x1B[38;5;21mmerge\x1B[39m(\n' +
      '\x1B[0;32m   (...)\x1B[0m\n' +
      '\x1B[1;32m  10855\x1B[0m     validate: MergeValidate \x1B[38;5;241m|\x1B[39m \x1B[38;5;28;01mNone\x1B[39;00m \x1B[38;5;241m=\x1B[39m \x1B[38;5;28;01mNone\x1B[39;00m,\n' +
      '\x1B[1;32m  10856\x1B[0m ) \x1B[38;5;241m-\x1B[39m\x1B[38;5;241m>\x1B[39m DataFrame:\n' +
      '\x1B[1;32m  10857\x1B[0m     \x1B[38;5;28;01mfrom\x1B[39;00m\x1B[38;5;250m \x1B[39m\x1B[38;5;21;01mpandas\x1B[39;00m\x1B[38;5;21;01m.\x1B[39;00m\x1B[38;5;21;01mcore\x1B[39;00m\x1B[38;5;21;01m.\x1B[39;00m\x1B[38;5;21;01mreshape\x1B[39;00m\x1B[38;5;21;01m.\x1B[39;00m\x1B[38;5;21;01mmerge\x1B[39;00m\x1B[38;5;250m \x1B[39m\x1B[38;5;28;01mimport\x1B[39;00m merge\n' +
      '\x1B[0;32m> 10859\x1B[0m     \x1B[38;5;28;01mreturn\x1B[39;00m \x1B[43mmerge\x1B[49m\x1B[43m(\x1B[49m\n' +
      '\x1B[1;32m  10860\x1B[0m \x1B[43m        \x1B[49m\x1B[38;5;28;43mself\x1B[39;49m\x1B[43m,\x1B[49m\n' +
      '\x1B[1;32m  10861\x1B[0m \x1B[43m        \x1B[49m\x1B[43mright\x1B[49m\x1B[43m,\x1B[49m\n' +
      '\x1B[1;32m  10862\x1B[0m \x1B[43m        \x1B[49m\x1B[43mhow\x1B[49m\x1B[38;5;241;43m=\x1B[39;49m\x1B[43mhow\x1B[49m\x1B[43m,\x1B[49m\n' +
      '\x1B[1;32m  10863\x1B[0m \x1B[43m        \x1B[49m\x1B[43mon\x1B[49m\x1B[38;5;241;43m=\x1B[39;49m\x1B[43mon\x1B[49m\x1B[43m,\x1B[49m\n' +
      '\x1B[1;32m  10864\x1B[0m \x1B[43m        \x1B[49m\x1B[43mleft_on\x1B[49m\x1B[38;5;241;43m=\x1B[39;49m\x1B[43mleft_on\x1B[49m\x1B[43m,\x1B[49m\n' +
      '\x1B[1;32m  10865\x1B[0m \x1B[43m        \x1B[49m\x1B[43mright_on\x1B[49m\x1B[38;5;241;43m=\x1B[39;49m\x1B[43mright_on\x1B[49m\x1B[43m,\x1B[49m\n' +
      '\x1B[1;32m  10866\x1B[0m \x1B[43m        \x1B[49m\x1B[43mleft_index\x1B[49m\x1B[38;5;241;43m=\x1B[39;49m\x1B[43mleft_index\x1B[49m\x1B[43m,\x1B[49m\n' +
      '\x1B[1;32m  10867\x1B[0m \x1B[43m        \x1B[49m\x1B[43mright_index\x1B[49m\x1B[38;5;241;43m=\x1B[39;49m\x1B[43mright_index\x1B[49m\x1B[43m,\x1B[49m\n' +
      '\x1B[1;32m  10868\x1B[0m \x1B[43m        \x1B[49m\x1B[43msort\x1B[49m\x1B[38;5;241;43m=\x1B[39;49m\x1B[43msort\x1B[49m\x1B[43m,\x1B[49m\n' +
      '\x1B[1;32m  10869\x1B[0m \x1B[43m        \x1B[49m\x1B[43msuffixes\x1B[49m\x1B[38;5;241;43m=\x1B[39;49m\x1B[43msuffixes\x1B[49m\x1B[43m,\x1B[49m\n' +
      '\x1B[1;32m  10870\x1B[0m \x1B[43m        \x1B[49m\x1B[43mcopy\x1B[49m\x1B[38;5;241;43m=\x1B[39;49m\x1B[43mcopy\x1B[49m\x1B[43m,\x1B[49m\n' +
      '\x1B[1;32m  10871\x1B[0m \x1B[43m        \x1B[49m\x1B[43mindicator\x1B[49m\x1B[38;5;241;43m=\x1B[39;49m\x1B[43mindicator\x1B[49m\x1B[43m,\x1B[49m\n' +
      '\x1B[1;32m  10872\x1B[0m \x1B[43m        \x1B[49m\x1B[43mvalidate\x1B[49m\x1B[38;5;241;43m=\x1B[39;49m\x1B[43mvalidate\x1B[49m\x1B[43m,\x1B[49m\n' +
      '\x1B[1;32m  10873\x1B[0m \x1B[43m    \x1B[49m\x1B[43m)\x1B[49m\n',
    'File \x1B[0;32m/opt/conda/lib/python3.10/site-packages/pandas/core/reshape/merge.py:170\x1B[0m, in \x1B[0;36mmerge\x1B[0;34m(left, right, how, on, left_on, right_on, left_index, right_index, sort, suffixes, copy, indicator, validate)\x1B[0m\n' +
      '\x1B[1;32m    155\x1B[0m     \x1B[38;5;28;01mreturn\x1B[39;00m _cross_merge(\n' +
      '\x1B[1;32m    156\x1B[0m         left_df,\n' +
      '\x1B[1;32m    157\x1B[0m         right_df,\n' +
      '\x1B[0;32m   (...)\x1B[0m\n' +
      '\x1B[1;32m    167\x1B[0m         copy\x1B[38;5;241m=\x1B[39mcopy,\n' +
      '\x1B[1;32m    168\x1B[0m     )\n' +
      '\x1B[1;32m    169\x1B[0m \x1B[38;5;28;01melse\x1B[39;00m:\n' +
      '\x1B[0;32m--> 170\x1B[0m     op \x1B[38;5;241m=\x1B[39m \x1B[43m_MergeOperation\x1B[49m\x1B[43m(\x1B[49m\n' +
      '\x1B[1;32m    171\x1B[0m \x1B[43m        \x1B[49m\x1B[43mleft_df\x1B[49m\x1B[43m,\x1B[49m\n' +
      '\x1B[1;32m    172\x1B[0m \x1B[43m        \x1B[49m\x1B[43mright_df\x1B[49m\x1B[43m,\x1B[49m\n' +
      '\x1B[1;32m    173\x1B[0m \x1B[43m        \x1B[49m\x1B[43mhow\x1B[49m\x1B[38;5;241;43m=\x1B[39;49m\x1B[43mhow\x1B[49m\x1B[43m,\x1B[49m\n' +
      '\x1B[1;32m    174\x1B[0m \x1B[43m        \x1B[49m\x1B[43mon\x1B[49m\x1B[38;5;241;43m=\x1B[39;49m\x1B[43mon\x1B[49m\x1B[43m,\x1B[49m\n' +
      '\x1B[1;32m    175\x1B[0m \x1B[43m        \x1B[49m\x1B[43mleft_on\x1B[49m\x1B[38;5;241;43m=\x1B[39;49m\x1B[43mleft_on\x1B[49m\x1B[43m,\x1B[49m\n' +
      '\x1B[1;32m    176\x1B[0m \x1B[43m        \x1B[49m\x1B[43mright_on\x1B[49m\x1B[38;5;241;43m=\x1B[39;49m\x1B[43mright_on\x1B[49m\x1B[43m,\x1B[49m\n' +
      '\x1B[1;32m    177\x1B[0m \x1B[43m        \x1B[49m\x1B[43mleft_index\x1B[49m\x1B[38;5;241;43m=\x1B[39;49m\x1B[43mleft_index\x1B[49m\x1B[43m,\x1B[49m\n' +
      '\x1B[1;32m    178\x1B[0m \x1B[43m        \x1B[49m\x1B[43mright_index\x1B[49m\x1B[38;5;241;43m=\x1B[39;49m\x1B[43mright_index\x1B[49m\x1B[43m,\x1B[49m\n' +
      '\x1B[1;32m    179\x1B[0m \x1B[43m        \x1B[49m\x1B[43msort\x1B[49m\x1B[38;5;241;43m=\x1B[39;49m\x1B[43msort\x1B[49m\x1B[43m,\x1B[49m\n' +
      '\x1B[1;32m    180\x1B[0m \x1B[43m        \x1B[49m\x1B[43msuffixes\x1B[49m\x1B[38;5;241;43m=\x1B[39;49m\x1B[43msuffixes\x1B[49m\x1B[43m,\x1B[49m\n' +
      '\x1B[1;32m    181\x1B[0m \x1B[43m        \x1B[49m\x1B[43mindicator\x1B[49m\x1B[38;5;241;43m=\x1B[39;49m\x1B[43mindicator\x1B[49m\x1B[43m,\x1B[49m\n' +
      '\x1B[1;32m    182\x1B[0m \x1B[43m        \x1B[49m\x1B[43mvalidate\x1B[49m\x1B[38;5;241;43m=\x1B[39;49m\x1B[43mvalidate\x1B[49m\x1B[43m,\x1B[49m\n' +
      '\x1B[1;32m    183\x1B[0m \x1B[43m    \x1B[49m\x1B[43m)\x1B[49m\n' +
      '\x1B[1;32m    184\x1B[0m     \x1B[38;5;28;01mreturn\x1B[39;00m op\x1B[38;5;241m.\x1B[39mget_result(copy\x1B[38;5;241m=\x1B[39mcopy)\n',
    'File \x1B[0;32m/opt/conda/lib/python3.10/site-packages/pandas/core/reshape/merge.py:786\x1B[0m, in \x1B[0;36m_MergeOperation.__init__\x1B[0;34m(self, left, right, how, on, left_on, right_on, left_index, right_index, sort, suffixes, indicator, validate)\x1B[0m\n' +
      '\x1B[1;32m    779\x1B[0m     msg \x1B[38;5;241m=\x1B[39m (\n' +
      '\x1B[1;32m    780\x1B[0m         \x1B[38;5;124m"\x1B[39m\x1B[38;5;124mNot allowed to merge between different levels. \x1B[39m\x1B[38;5;124m"\x1B[39m\n' +
      '\x1B[1;32m    781\x1B[0m         \x1B[38;5;124mf\x1B[39m\x1B[38;5;124m"\x1B[39m\x1B[38;5;124m(\x1B[39m\x1B[38;5;132;01m{\x1B[39;00m_left\x1B[38;5;241m.\x1B[39mcolumns\x1B[38;5;241m.\x1B[39mnlevels\x1B[38;5;132;01m}\x1B[39;00m\x1B[38;5;124m levels on the left, \x1B[39m\x1B[38;5;124m"\x1B[39m\n' +
      '\x1B[1;32m    782\x1B[0m         \x1B[38;5;124mf\x1B[39m\x1B[38;5;124m"\x1B[39m\x1B[38;5;132;01m{\x1B[39;00m_right\x1B[38;5;241m.\x1B[39mcolumns\x1B[38;5;241m.\x1B[39mnlevels\x1B[38;5;132;01m}\x1B[39;00m\x1B[38;5;124m on the right)\x1B[39m\x1B[38;5;124m"\x1B[39m\n' +
      '\x1B[1;32m    783\x1B[0m     )\n' +
      '\x1B[1;32m    784\x1B[0m     \x1B[38;5;28;01mraise\x1B[39;00m MergeError(msg)\n' +
      '\x1B[0;32m--> 786\x1B[0m \x1B[38;5;28mself\x1B[39m\x1B[38;5;241m.\x1B[39mleft_on, \x1B[38;5;28mself\x1B[39m\x1B[38;5;241m.\x1B[39mright_on \x1B[38;5;241m=\x1B[39m \x1B[38;5;28;43mself\x1B[39;49m\x1B[38;5;241;43m.\x1B[39;49m\x1B[43m_validate_left_right_on\x1B[49m\x1B[43m(\x1B[49m\x1B[43mleft_on\x1B[49m\x1B[43m,\x1B[49m\x1B[43m \x1B[49m\x1B[43mright_on\x1B[49m\x1B[43m)\x1B[49m\n' +
      '\x1B[1;32m    788\x1B[0m (\n' +
      '\x1B[1;32m    789\x1B[0m     \x1B[38;5;28mself\x1B[39m\x1B[38;5;241m.\x1B[39mleft_join_keys,\n' +
      '\x1B[1;32m    790\x1B[0m     \x1B[38;5;28mself\x1B[39m\x1B[38;5;241m.\x1B[39mright_join_keys,\n' +
      '\x1B[0;32m   (...)\x1B[0m\n' +
      '\x1B[1;32m    793\x1B[0m     right_drop,\n' +
      '\x1B[1;32m    794\x1B[0m ) \x1B[38;5;241m=\x1B[39m \x1B[38;5;28mself\x1B[39m\x1B[38;5;241m.\x1B[39m_get_merge_keys()\n' +
      '\x1B[1;32m    796\x1B[0m \x1B[38;5;28;01mif\x1B[39;00m left_drop:\n',
    'File \x1B[0;32m/opt/conda/lib/python3.10/site-packages/pandas/core/reshape/merge.py:1573\x1B[0m, in \x1B[0;36m_MergeOperation._validate_left_right_on\x1B[0;34m(self, left_on, right_on)\x1B[0m\n' +
      '\x1B[1;32m   1571\x1B[0m common_cols \x1B[38;5;241m=\x1B[39m left_cols\x1B[38;5;241m.\x1B[39mintersection(right_cols)\n' +
      '\x1B[1;32m   1572\x1B[0m \x1B[38;5;28;01mif\x1B[39;00m \x1B[38;5;28mlen\x1B[39m(common_cols) \x1B[38;5;241m==\x1B[39m \x1B[38;5;241m0\x1B[39m:\n' +
      '\x1B[0;32m-> 1573\x1B[0m     \x1B[38;5;28;01mraise\x1B[39;00m MergeError(\n' +
      '\x1B[1;32m   1574\x1B[0m         \x1B[38;5;124m"\x1B[39m\x1B[38;5;124mNo common columns to perform merge on. \x1B[39m\x1B[38;5;124m"\x1B[39m\n' +
      '\x1B[1;32m   1575\x1B[0m         \x1B[38;5;124mf\x1B[39m\x1B[38;5;124m"\x1B[39m\x1B[38;5;124mMerge options: left_on=\x1B[39m\x1B[38;5;132;01m{\x1B[39;00mleft_on\x1B[38;5;132;01m}\x1B[39;00m\x1B[38;5;124m, \x1B[39m\x1B[38;5;124m"\x1B[39m\n' +
      '\x1B[1;32m   1576\x1B[0m         \x1B[38;5;124mf\x1B[39m\x1B[38;5;124m"\x1B[39m\x1B[38;5;124mright_on=\x1B[39m\x1B[38;5;132;01m{\x1B[39;00mright_on\x1B[38;5;132;01m}\x1B[39;00m\x1B[38;5;124m, \x1B[39m\x1B[38;5;124m"\x1B[39m\n' +
      '\x1B[1;32m   1577\x1B[0m         \x1B[38;5;124mf\x1B[39m\x1B[38;5;124m"\x1B[39m\x1B[38;5;124mleft_index=\x1B[39m\x1B[38;5;132;01m{\x1B[39;00m\x1B[38;5;28mself\x1B[39m\x1B[38;5;241m.\x1B[39mleft_index\x1B[38;5;132;01m}\x1B[39;00m\x1B[38;5;124m, \x1B[39m\x1B[38;5;124m"\x1B[39m\n' +
      '\x1B[1;32m   1578\x1B[0m         \x1B[38;5;124mf\x1B[39m\x1B[38;5;124m"\x1B[39m\x1B[38;5;124mright_index=\x1B[39m\x1B[38;5;132;01m{\x1B[39;00m\x1B[38;5;28mself\x1B[39m\x1B[38;5;241m.\x1B[39mright_index\x1B[38;5;132;01m}\x1B[39;00m\x1B[38;5;124m"\x1B[39m\n' +
      '\x1B[1;32m   1579\x1B[0m     )\n' +
      '\x1B[1;32m   1580\x1B[0m \x1B[38;5;28;01mif\x1B[39;00m (\n' +
      '\x1B[1;32m   1581\x1B[0m     \x1B[38;5;129;01mnot\x1B[39;00m left_cols\x1B[38;5;241m.\x1B[39mjoin(common_cols, how\x1B[38;5;241m=\x1B[39m\x1B[38;5;124m"\x1B[39m\x1B[38;5;124minner\x1B[39m\x1B[38;5;124m"\x1B[39m)\x1B[38;5;241m.\x1B[39mis_unique\n' +
      '\x1B[1;32m   1582\x1B[0m     \x1B[38;5;129;01mor\x1B[39;00m \x1B[38;5;129;01mnot\x1B[39;00m right_cols\x1B[38;5;241m.\x1B[39mjoin(common_cols, how\x1B[38;5;241m=\x1B[39m\x1B[38;5;124m"\x1B[39m\x1B[38;5;124minner\x1B[39m\x1B[38;5;124m"\x1B[39m)\x1B[38;5;241m.\x1B[39mis_unique\n' +
      '\x1B[1;32m   1583\x1B[0m ):\n' +
      '\x1B[1;32m   1584\x1B[0m     \x1B[38;5;28;01mraise\x1B[39;00m MergeError(\x1B[38;5;124mf\x1B[39m\x1B[38;5;124m"\x1B[39m\x1B[38;5;124mData columns not unique: \x1B[39m\x1B[38;5;132;01m{\x1B[39;00m\x1B[38;5;28mrepr\x1B[39m(common_cols)\x1B[38;5;132;01m}\x1B[39;00m\x1B[38;5;124m"\x1B[39m)\n',
    '\x1B[0;31mMergeError\x1B[0m: No common columns to perform merge on. Merge options: left_on=None, right_on=None, left_index=False, right_index=False'
  ]
}
18:47:00.261 [warn] Cell completed with errors [Iu [Error]: unsupported operand type(s) for /: 'method' and 'float'
	at n.execute (~/.vscode/extensions/ms-toolsai.jupyter-2025.9.1-linux-x64/dist/extension.node.js:302:4958)] {
  ename: 'TypeError',
  evalue: "unsupported operand type(s) for /: 'method' and 'float'",
  traceback: [
    '\x1B[0;31m---------------------------------------------------------------------------\x1B[0m',
    '\x1B[0;31mTypeError\x1B[0m                                 Traceback (most recent call last)',
    'Cell \x1B[0;32mIn[18], line 1\x1B[0m\n' +
      "\x1B[0;32m----> 1\x1B[0m spot_488_counts[\x1B[38;5;124m'\x1B[39m\x1B[38;5;124mdensity\x1B[39m\x1B[38;5;124m'\x1B[39m] \x1B[38;5;241m=\x1B[39m \x1B[43mspot_488_counts\x1B[49m\x1B[38;5;241;43m.\x1B[39;49m\x1B[43mapply\x1B[49m\x1B[43m(\x1B[49m\x1B[38;5;28;43;01mlambda\x1B[39;49;00m\x1B[43m \x1B[49m\x1B[43mx\x1B[49m\x1B[43m:\x1B[49m\x1B[43m \x1B[49m\x1B[43mx\x1B[49m\x1B[38;5;241;43m.\x1B[39;49m\x1B[43mcount\x1B[49m\x1B[43m \x1B[49m\x1B[38;5;241;43m/\x1B[39;49m\x1B[43mx\x1B[49m\x1B[38;5;241;43m.\x1B[39;49m\x1B[43mvolume\x1B[49m\x1B[43m,\x1B[49m\x1B[43m \x1B[49m\x1B[43maxis\x1B[49m\x1B[38;5;241;43m=\x1B[39;49m\x1B[38;5;241;43m1\x1B[39;49m\x1B[43m)\x1B[49m\n",
    'File \x1B[0;32m/opt/conda/lib/python3.10/site-packages/pandas/core/frame.py:10401\x1B[0m, in \x1B[0;36mDataFrame.apply\x1B[0;34m(self, func, axis, raw, result_type, args, by_row, engine, engine_kwargs, **kwargs)\x1B[0m\n' +
      '\x1B[1;32m  10387\x1B[0m \x1B[38;5;28;01mfrom\x1B[39;00m\x1B[38;5;250m \x1B[39m\x1B[38;5;21;01mpandas\x1B[39;00m\x1B[38;5;21;01m.\x1B[39;00m\x1B[38;5;21;01mcore\x1B[39;00m\x1B[38;5;21;01m.\x1B[39;00m\x1B[38;5;21;01mapply\x1B[39;00m\x1B[38;5;250m \x1B[39m\x1B[38;5;28;01mimport\x1B[39;00m frame_apply\n' +
      '\x1B[1;32m  10389\x1B[0m op \x1B[38;5;241m=\x1B[39m frame_apply(\n' +
      '\x1B[1;32m  10390\x1B[0m     \x1B[38;5;28mself\x1B[39m,\n' +
      '\x1B[1;32m  10391\x1B[0m     func\x1B[38;5;241m=\x1B[39mfunc,\n' +
      '\x1B[0;32m   (...)\x1B[0m\n' +
      '\x1B[1;32m  10399\x1B[0m     kwargs\x1B[38;5;241m=\x1B[39mkwargs,\n' +
      '\x1B[1;32m  10400\x1B[0m )\n' +
      '\x1B[0;32m> 10401\x1B[0m \x1B[38;5;28;01mreturn\x1B[39;00m \x1B[43mop\x1B[49m\x1B[38;5;241;43m.\x1B[39;49m\x1B[43mapply\x1B[49m\x1B[43m(\x1B[49m\x1B[43m)\x1B[49m\x1B[38;5;241m.\x1B[39m__finalize__(\x1B[38;5;28mself\x1B[39m, method\x1B[38;5;241m=\x1B[39m\x1B[38;5;124m"\x1B[39m\x1B[38;5;124mapply\x1B[39m\x1B[38;5;124m"\x1B[39m)\n',
    'File \x1B[0;32m/opt/conda/lib/python3.10/site-packages/pandas/core/apply.py:916\x1B[0m, in \x1B[0;36mFrameApply.apply\x1B[0;34m(self)\x1B[0m\n' +
      '\x1B[1;32m    913\x1B[0m \x1B[38;5;28;01melif\x1B[39;00m \x1B[38;5;28mself\x1B[39m\x1B[38;5;241m.\x1B[39mraw:\n' +
      '\x1B[1;32m    914\x1B[0m     \x1B[38;5;28;01mreturn\x1B[39;00m \x1B[38;5;28mself\x1B[39m\x1B[38;5;241m.\x1B[39mapply_raw(engine\x1B[38;5;241m=\x1B[39m\x1B[38;5;28mself\x1B[39m\x1B[38;5;241m.\x1B[39mengine, engine_kwargs\x1B[38;5;241m=\x1B[39m\x1B[38;5;28mself\x1B[39m\x1B[38;5;241m.\x1B[39mengine_kwargs)\n' +
      '\x1B[0;32m--> 916\x1B[0m \x1B[38;5;28;01mreturn\x1B[39;00m \x1B[38;5;28;43mself\x1B[39;49m\x1B[38;5;241;43m.\x1B[39;49m\x1B[43mapply_standard\x1B[49m\x1B[43m(\x1B[49m\x1B[43m)\x1B[49m\n',
    'File \x1B[0;32m/opt/conda/lib/python3.10/site-packages/pandas/core/apply.py:1063\x1B[0m, in \x1B[0;36mFrameApply.apply_standard\x1B[0;34m(self)\x1B[0m\n' +
      '\x1B[1;32m   1061\x1B[0m \x1B[38;5;28;01mdef\x1B[39;00m\x1B[38;5;250m \x1B[39m\x1B[38;5;21mapply_standard\x1B[39m(\x1B[38;5;28mself\x1B[39m):\n' +
      '\x1B[1;32m   1062\x1B[0m     \x1B[38;5;28;01mif\x1B[39;00m \x1B[38;5;28mself\x1B[39m\x1B[38;5;241m.\x1B[39mengine \x1B[38;5;241m==\x1B[39m \x1B[38;5;124m"\x1B[39m\x1B[38;5;124mpython\x1B[39m\x1B[38;5;124m"\x1B[39m:\n' +
      '\x1B[0;32m-> 1063\x1B[0m         results, res_index \x1B[38;5;241m=\x1B[39m \x1B[38;5;28;43mself\x1B[39;49m\x1B[38;5;241;43m.\x1B[39;49m\x1B[43mapply_series_generator\x1B[49m\x1B[43m(\x1B[49m\x1B[43m)\x1B[49m\n' +
      '\x1B[1;32m   1064\x1B[0m     \x1B[38;5;28;01melse\x1B[39;00m:\n' +
      '\x1B[1;32m   1065\x1B[0m         results, res_index \x1B[38;5;241m=\x1B[39m \x1B[38;5;28mself\x1B[39m\x1B[38;5;241m.\x1B[39mapply_series_numba()\n',
    'File \x1B[0;32m/opt/conda/lib/python3.10/site-packages/pandas/core/apply.py:1081\x1B[0m, in \x1B[0;36mFrameApply.apply_series_generator\x1B[0;34m(self)\x1B[0m\n' +
      '\x1B[1;32m   1078\x1B[0m \x1B[38;5;28;01mwith\x1B[39;00m option_context(\x1B[38;5;124m"\x1B[39m\x1B[38;5;124mmode.chained_assignment\x1B[39m\x1B[38;5;124m"\x1B[39m, \x1B[38;5;28;01mNone\x1B[39;00m):\n' +
      '\x1B[1;32m   1079\x1B[0m     \x1B[38;5;28;01mfor\x1B[39;00m i, v \x1B[38;5;129;01min\x1B[39;00m \x1B[38;5;28menumerate\x1B[39m(series_gen):\n' +
      '\x1B[1;32m   1080\x1B[0m         \x1B[38;5;66;03m# ignore SettingWithCopy here in case the user mutates\x1B[39;00m\n' +
      '\x1B[0;32m-> 1081\x1B[0m         results[i] \x1B[38;5;241m=\x1B[39m \x1B[38;5;28;43mself\x1B[39;49m\x1B[38;5;241;43m.\x1B[39;49m\x1B[43mfunc\x1B[49m\x1B[43m(\x1B[49m\x1B[43mv\x1B[49m\x1B[43m,\x1B[49m\x1B[43m \x1B[49m\x1B[38;5;241;43m*\x1B[39;49m\x1B[38;5;28;43mself\x1B[39;49m\x1B[38;5;241;43m.\x1B[39;49m\x1B[43margs\x1B[49m\x1B[43m,\x1B[49m\x1B[43m \x1B[49m\x1B[38;5;241;43m*\x1B[39;49m\x1B[38;5;241;43m*\x1B[39;49m\x1B[38;5;28;43mself\x1B[39;49m\x1B[38;5;241;43m.\x1B[39;49m\x1B[43mkwargs\x1B[49m\x1B[43m)\x1B[49m\n' +
      '\x1B[1;32m   1082\x1B[0m         \x1B[38;5;28;01mif\x1B[39;00m \x1B[38;5;28misinstance\x1B[39m(results[i], ABCSeries):\n' +
      '\x1B[1;32m   1083\x1B[0m             \x1B[38;5;66;03m# If we have a view on v, we need to make a copy because\x1B[39;00m\n' +
      '\x1B[1;32m   1084\x1B[0m             \x1B[38;5;66;03m#  series_generator will swap out the underlying data\x1B[39;00m\n' +
      '\x1B[1;32m   1085\x1B[0m             results[i] \x1B[38;5;241m=\x1B[39m results[i]\x1B[38;5;241m.\x1B[39mcopy(deep\x1B[38;5;241m=\x1B[39m\x1B[38;5;28;01mFalse\x1B[39;00m)\n',
    'Cell \x1B[0;32mIn[18], line 1\x1B[0m, in \x1B[0;36m<lambda>\x1B[0;34m(x)\x1B[0m\n' +
      "\x1B[0;32m----> 1\x1B[0m spot_488_counts[\x1B[38;5;124m'\x1B[39m\x1B[38;5;124mdensity\x1B[39m\x1B[38;5;124m'\x1B[39m] \x1B[38;5;241m=\x1B[39m spot_488_counts\x1B[38;5;241m.\x1B[39mapply(\x1B[38;5;28;01mlambda\x1B[39;00m x: \x1B[43mx\x1B[49m\x1B[38;5;241;43m.\x1B[39;49m\x1B[43mcount\x1B[49m\x1B[43m \x1B[49m\x1B[38;5;241;43m/\x1B[39;49m\x1B[43mx\x1B[49m\x1B[38;5;241;43m.\x1B[39;49m\x1B[43mvolume\x1B[49m, axis\x1B[38;5;241m=\x1B[39m\x1B[38;5;241m1\x1B[39m)\n",
    "\x1B[0;31mTypeError\x1B[0m: unsupported operand type(s) for /: 'method' and 'float'"
  ]
}
18:48:11.208 [info] Disposing request as the cell (-1) was deleted ~/capsule/code/step_2_automatic_mapping_for_qc.ipynb
18:48:11.928 [info] Disposing request as the cell (-1) was deleted ~/capsule/code/step_2_automatic_mapping_for_qc.ipynb
18:48:11.928 [info] Disposing request as the cell (-1) was deleted ~/capsule/code/step_2_automatic_mapping_for_qc.ipynb
18:48:18.447 [info] Disposing request as the cell (-1) was deleted ~/capsule/code/step_2_automatic_mapping_for_qc.ipynb
18:49:24.481 [warn] Cell completed with errors [Iu [Error]: name 'sns' is not defined
	at n.execute (~/.vscode/extensions/ms-toolsai.jupyter-2025.9.1-linux-x64/dist/extension.node.js:302:4958)] {
  ename: 'NameError',
  evalue: "name 'sns' is not defined",
  traceback: [
    '\x1B[0;31m---------------------------------------------------------------------------\x1B[0m',
    '\x1B[0;31mNameError\x1B[0m                                 Traceback (most recent call last)',
    'Cell \x1B[0;32mIn[22], line 1\x1B[0m\n' +
      "\x1B[0;32m----> 1\x1B[0m \x1B[43msns\x1B[49m\x1B[38;5;241m.\x1B[39mscatterplot(spot_488_counts, x\x1B[38;5;241m=\x1B[39m\x1B[38;5;124m'\x1B[39m\x1B[38;5;124mcounts\x1B[39m\x1B[38;5;124m'\x1B[39m, y\x1B[38;5;241m=\x1B[39m\x1B[38;5;124m'\x1B[39m\x1B[38;5;124mdensity\x1B[39m\x1B[38;5;124m'\x1B[39m)\n",
    "\x1B[0;31mNameError\x1B[0m: name 'sns' is not defined"
  ]
}
18:50:32.358 [info] Disposing request as the cell (-1) was deleted ~/capsule/code/260227_gfp_count_verification.ipynb
18:50:32.904 [info] Disposing request as the cell (-1) was deleted ~/capsule/code/260227_gfp_count_verification.ipynb
18:50:32.904 [info] Disposing request as the cell (-1) was deleted ~/capsule/code/260227_gfp_count_verification.ipynb
18:50:44.428 [info] Disposing request as the cell (-1) was deleted ~/capsule/code/step_2_automatic_mapping_for_qc.ipynb
18:50:44.428 [info] Disposing request as the cell (-1) was deleted ~/capsule/code/step_2_automatic_mapping_for_qc.ipynb
18:50:44.428 [info] Disposing request as the cell (-1) was deleted ~/capsule/code/step_2_automatic_mapping_for_qc.ipynb
18:50:44.556 [info] Disposing request as the cell (-1) was deleted ~/capsule/code/step_2_automatic_mapping_for_qc.ipynb
18:50:44.556 [info] Disposing request as the cell (-1) was deleted ~/capsule/code/step_2_automatic_mapping_for_qc.ipynb
18:50:44.798 [info] Disposing request as the cell (-1) was deleted ~/capsule/code/step_2_automatic_mapping_for_qc.ipynb
18:50:44.798 [info] Disposing request as the cell (-1) was deleted ~/capsule/code/step_2_automatic_mapping_for_qc.ipynb
18:50:44.798 [info] Disposing request as the cell (-1) was deleted ~/capsule/code/step_2_automatic_mapping_for_qc.ipynb
18:50:45.636 [info] Disposing request as the cell (-1) was deleted ~/capsule/code/step_2_automatic_mapping_for_qc.ipynb
18:50:45.636 [info] Disposing request as the cell (-1) was deleted ~/capsule/code/step_2_automatic_mapping_for_qc.ipynb
18:50:45.636 [info] Disposing request as the cell (-1) was deleted ~/capsule/code/step_2_automatic_mapping_for_qc.ipynb
18:51:09.970 [info] Disposing request as the cell (-1) was deleted ~/capsule/code/step_2_automatic_mapping_for_qc.ipynb
18:51:09.970 [info] Disposing request as the cell (-1) was deleted ~/capsule/code/step_2_automatic_mapping_for_qc.ipynb
18:51:10.521 [info] Disposing request as the cell (-1) was deleted ~/capsule/code/step_2_automatic_mapping_for_qc.ipynb
18:51:11.463 [info] Disposing request as the cell (-1) was deleted ~/capsule/code/step_2_automatic_mapping_for_qc.ipynb
18:51:11.463 [info] Disposing request as the cell (-1) was deleted ~/capsule/code/step_2_automatic_mapping_for_qc.ipynb
18:51:11.463 [info] Disposing request as the cell (-1) was deleted ~/capsule/code/step_2_automatic_mapping_for_qc.ipynb
18:53:39.046 [warn] Cell completed with errors [Iu [Error]: Object of type PosixPath is not JSON serializable
	at n.execute (~/.vscode/extensions/ms-toolsai.jupyter-2025.9.1-linux-x64/dist/extension.node.js:302:4958)] {
  ename: 'TypeError',
  evalue: 'Object of type PosixPath is not JSON serializable',
  traceback: [
    '\x1B[0;31m---------------------------------------------------------------------------\x1B[0m',
    '\x1B[0;31mTypeError\x1B[0m                                 Traceback (most recent call last)',
    'Cell \x1B[0;32mIn[26], line 8\x1B[0m\n' +
      "\x1B[1;32m      6\x1B[0m filepaths_dict[\x1B[38;5;124m'\x1B[39m\x1B[38;5;124mspot_488_counts_path\x1B[39m\x1B[38;5;124m'\x1B[39m] \x1B[38;5;241m=\x1B[39m \x1B[38;5;28mstr\x1B[39m(spot_488_counts_path)\n" +
      "\x1B[1;32m      7\x1B[0m \x1B[38;5;28;01mwith\x1B[39;00m \x1B[38;5;28mopen\x1B[39m(filepaths_json, \x1B[38;5;124m'\x1B[39m\x1B[38;5;124mw\x1B[39m\x1B[38;5;124m'\x1B[39m) \x1B[38;5;28;01mas\x1B[39;00m f:\n" +
      '\x1B[0;32m----> 8\x1B[0m     \x1B[43mjson\x1B[49m\x1B[38;5;241;43m.\x1B[39;49m\x1B[43mdump\x1B[49m\x1B[43m(\x1B[49m\x1B[43mfilepaths_dict\x1B[49m\x1B[43m,\x1B[49m\x1B[43m \x1B[49m\x1B[43mf\x1B[49m\x1B[43m,\x1B[49m\x1B[43m \x1B[49m\x1B[43mindent\x1B[49m\x1B[38;5;241;43m=\x1B[39;49m\x1B[38;5;241;43m4\x1B[39;49m\x1B[43m)\x1B[49m\n',
    'File \x1B[0;32m/opt/conda/lib/python3.10/json/__init__.py:179\x1B[0m, in \x1B[0;36mdump\x1B[0;34m(obj, fp, skipkeys, ensure_ascii, check_circular, allow_nan, cls, indent, separators, default, sort_keys, **kw)\x1B[0m\n' +
      '\x1B[1;32m    173\x1B[0m     iterable \x1B[38;5;241m=\x1B[39m \x1B[38;5;28mcls\x1B[39m(skipkeys\x1B[38;5;241m=\x1B[39mskipkeys, ensure_ascii\x1B[38;5;241m=\x1B[39mensure_ascii,\n' +
      '\x1B[1;32m    174\x1B[0m         check_circular\x1B[38;5;241m=\x1B[39mcheck_circular, allow_nan\x1B[38;5;241m=\x1B[39mallow_nan, indent\x1B[38;5;241m=\x1B[39mindent,\n' +
      '\x1B[1;32m    175\x1B[0m         separators\x1B[38;5;241m=\x1B[39mseparators,\n' +
      '\x1B[1;32m    176\x1B[0m         default\x1B[38;5;241m=\x1B[39mdefault, sort_keys\x1B[38;5;241m=\x1B[39msort_keys, \x1B[38;5;241m*\x1B[39m\x1B[38;5;241m*\x1B[39mkw)\x1B[38;5;241m.\x1B[39miterencode(obj)\n' +
      '\x1B[1;32m    177\x1B[0m \x1B[38;5;66;03m# could accelerate with writelines in some versions of Python, at\x1B[39;00m\n' +
      '\x1B[1;32m    178\x1B[0m \x1B[38;5;66;03m# a debuggability cost\x1B[39;00m\n' +
      '\x1B[0;32m--> 179\x1B[0m \x1B[38;5;28;01mfor\x1B[39;00m chunk \x1B[38;5;129;01min\x1B[39;00m iterable:\n' +
      '\x1B[1;32m    180\x1B[0m     fp\x1B[38;5;241m.\x1B[39mwrite(chunk)\n',
    'File \x1B[0;32m/opt/conda/lib/python3.10/json/encoder.py:431\x1B[0m, in \x1B[0;36m_make_iterencode.<locals>._iterencode\x1B[0;34m(o, _current_indent_level)\x1B[0m\n' +
      '\x1B[1;32m    429\x1B[0m     \x1B[38;5;28;01myield from\x1B[39;00m _iterencode_list(o, _current_indent_level)\n' +
      '\x1B[1;32m    430\x1B[0m \x1B[38;5;28;01melif\x1B[39;00m \x1B[38;5;28misinstance\x1B[39m(o, \x1B[38;5;28mdict\x1B[39m):\n' +
      '\x1B[0;32m--> 431\x1B[0m     \x1B[38;5;28;01myield from\x1B[39;00m _iterencode_dict(o, _current_indent_level)\n' +
      '\x1B[1;32m    432\x1B[0m \x1B[38;5;28;01melse\x1B[39;00m:\n' +
      '\x1B[1;32m    433\x1B[0m     \x1B[38;5;28;01mif\x1B[39;00m markers \x1B[38;5;129;01mis\x1B[39;00m \x1B[38;5;129;01mnot\x1B[39;00m \x1B[38;5;28;01mNone\x1B[39;00m:\n',
    'File \x1B[0;32m/opt/conda/lib/python3.10/json/encoder.py:405\x1B[0m, in \x1B[0;36m_make_iterencode.<locals>._iterencode_dict\x1B[0;34m(dct, _current_indent_level)\x1B[0m\n' +
      '\x1B[1;32m    403\x1B[0m         \x1B[38;5;28;01melse\x1B[39;00m:\n' +
      '\x1B[1;32m    404\x1B[0m             chunks \x1B[38;5;241m=\x1B[39m _iterencode(value, _current_indent_level)\n' +
      '\x1B[0;32m--> 405\x1B[0m         \x1B[38;5;28;01myield from\x1B[39;00m chunks\n' +
      '\x1B[1;32m    406\x1B[0m \x1B[38;5;28;01mif\x1B[39;00m newline_indent \x1B[38;5;129;01mis\x1B[39;00m \x1B[38;5;129;01mnot\x1B[39;00m \x1B[38;5;28;01mNone\x1B[39;00m:\n' +
      '\x1B[1;32m    407\x1B[0m     _current_indent_level \x1B[38;5;241m-\x1B[39m\x1B[38;5;241m=\x1B[39m \x1B[38;5;241m1\x1B[39m\n',
    'File \x1B[0;32m/opt/conda/lib/python3.10/json/encoder.py:438\x1B[0m, in \x1B[0;36m_make_iterencode.<locals>._iterencode\x1B[0;34m(o, _current_indent_level)\x1B[0m\n' +
      '\x1B[1;32m    436\x1B[0m         \x1B[38;5;28;01mraise\x1B[39;00m \x1B[38;5;167;01mValueError\x1B[39;00m(\x1B[38;5;124m"\x1B[39m\x1B[38;5;124mCircular reference detected\x1B[39m\x1B[38;5;124m"\x1B[39m)\n' +
      '\x1B[1;32m    437\x1B[0m     markers[markerid] \x1B[38;5;241m=\x1B[39m o\n' +
      '\x1B[0;32m--> 438\x1B[0m o \x1B[38;5;241m=\x1B[39m \x1B[43m_default\x1B[49m\x1B[43m(\x1B[49m\x1B[43mo\x1B[49m\x1B[43m)\x1B[49m\n' +
      '\x1B[1;32m    439\x1B[0m \x1B[38;5;28;01myield from\x1B[39;00m _iterencode(o, _current_indent_level)\n' +
      '\x1B[1;32m    440\x1B[0m \x1B[38;5;28;01mif\x1B[39;00m markers \x1B[38;5;129;01mis\x1B[39;00m \x1B[38;5;129;01mnot\x1B[39;00m \x1B[38;5;28;01mNone\x1B[39;00m:\n',
    'File \x1B[0;32m/opt/conda/lib/python3.10/json/encoder.py:179\x1B[0m, in \x1B[0;36mJSONEncoder.default\x1B[0;34m(self, o)\x1B[0m\n' +
      '\x1B[1;32m    160\x1B[0m \x1B[38;5;28;01mdef\x1B[39;00m\x1B[38;5;250m \x1B[39m\x1B[38;5;21mdefault\x1B[39m(\x1B[38;5;28mself\x1B[39m, o):\n' +
      '\x1B[1;32m    161\x1B[0m \x1B[38;5;250m    \x1B[39m\x1B[38;5;124;03m"""Implement this method in a subclass such that it returns\x1B[39;00m\n' +
      '\x1B[1;32m    162\x1B[0m \x1B[38;5;124;03m    a serializable object for ``o``, or calls the base implementation\x1B[39;00m\n' +
      '\x1B[1;32m    163\x1B[0m \x1B[38;5;124;03m    (to raise a ``TypeError``).\x1B[39;00m\n' +
      '\x1B[0;32m   (...)\x1B[0m\n' +
      '\x1B[1;32m    177\x1B[0m \n' +
      '\x1B[1;32m    178\x1B[0m \x1B[38;5;124;03m    """\x1B[39;00m\n' +
      "\x1B[0;32m--> 179\x1B[0m     \x1B[38;5;28;01mraise\x1B[39;00m \x1B[38;5;167;01mTypeError\x1B[39;00m(\x1B[38;5;124mf\x1B[39m\x1B[38;5;124m'\x1B[39m\x1B[38;5;124mObject of type \x1B[39m\x1B[38;5;132;01m{\x1B[39;00mo\x1B[38;5;241m.\x1B[39m\x1B[38;5;18m__class__\x1B[39m\x1B[38;5;241m.\x1B[39m\x1B[38;5;18m__name__\x1B[39m\x1B[38;5;132;01m}\x1B[39;00m\x1B[38;5;124m \x1B[39m\x1B[38;5;124m'\x1B[39m\n" +
      "\x1B[1;32m    180\x1B[0m                     \x1B[38;5;124mf\x1B[39m\x1B[38;5;124m'\x1B[39m\x1B[38;5;124mis not JSON serializable\x1B[39m\x1B[38;5;124m'\x1B[39m)\n",
    '\x1B[0;31mTypeError\x1B[0m: Object of type PosixPath is not JSON serializable'
  ]
}
18:54:24.733 [info] Disposing request as the cell (-1) was deleted ~/capsule/code/step_2_automatic_mapping_for_qc.ipynb
18:57:03.818 [warn] Cell completed with errors [Iu [Error]: Expecting value: line 2 column 25 (char 26)
	at n.execute (~/.vscode/extensions/ms-toolsai.jupyter-2025.9.1-linux-x64/dist/extension.node.js:302:4958)] {
  ename: 'JSONDecodeError',
  evalue: 'Expecting value: line 2 column 25 (char 26)',
  traceback: [
    '\x1B[0;31m---------------------------------------------------------------------------\x1B[0m',
    '\x1B[0;31mJSONDecodeError\x1B[0m                           Traceback (most recent call last)',
    'Cell \x1B[0;32mIn[31], line 4\x1B[0m\n' +
      "\x1B[1;32m      2\x1B[0m filepaths_json \x1B[38;5;241m=\x1B[39m save_dir \x1B[38;5;241m/\x1B[39m \x1B[38;5;124mf\x1B[39m\x1B[38;5;124m'\x1B[39m\x1B[38;5;132;01m{\x1B[39;00msubject_id\x1B[38;5;132;01m}\x1B[39;00m\x1B[38;5;124m_\x1B[39m\x1B[38;5;132;01m{\x1B[39;00mczstack_date\x1B[38;5;132;01m}\x1B[39;00m\x1B[38;5;124m_filepaths.json\x1B[39m\x1B[38;5;124m'\x1B[39m\n" +
      "\x1B[1;32m      3\x1B[0m \x1B[38;5;28;01mwith\x1B[39;00m \x1B[38;5;28mopen\x1B[39m(filepaths_json, \x1B[38;5;124m'\x1B[39m\x1B[38;5;124mr\x1B[39m\x1B[38;5;124m'\x1B[39m) \x1B[38;5;28;01mas\x1B[39;00m f:\n" +
      '\x1B[0;32m----> 4\x1B[0m     filepaths_dict \x1B[38;5;241m=\x1B[39m \x1B[43mjson\x1B[49m\x1B[38;5;241;43m.\x1B[39;49m\x1B[43mload\x1B[49m\x1B[43m(\x1B[49m\x1B[43mf\x1B[49m\x1B[43m)\x1B[49m\n' +
      "\x1B[1;32m      6\x1B[0m filepaths_dict[\x1B[38;5;124m'\x1B[39m\x1B[38;5;124mspot_488_counts_path\x1B[39m\x1B[38;5;124m'\x1B[39m] \x1B[38;5;241m=\x1B[39m \x1B[38;5;28mstr\x1B[39m(spot_488_counts_path)\n" +
      "\x1B[1;32m      8\x1B[0m filepaths_iter_json \x1B[38;5;241m=\x1B[39m save_dir \x1B[38;5;241m/\x1B[39m \x1B[38;5;124mf\x1B[39m\x1B[38;5;124m'\x1B[39m\x1B[38;5;132;01m{\x1B[39;00msubject_id\x1B[38;5;132;01m}\x1B[39;00m\x1B[38;5;124m_\x1B[39m\x1B[38;5;132;01m{\x1B[39;00mczstack_date\x1B[38;5;132;01m}\x1B[39;00m\x1B[38;5;124m_filepaths_iter.json\x1B[39m\x1B[38;5;124m'\x1B[39m\n",
    'File \x1B[0;32m/opt/conda/lib/python3.10/json/__init__.py:293\x1B[0m, in \x1B[0;36mload\x1B[0;34m(fp, cls, object_hook, parse_float, parse_int, parse_constant, object_pairs_hook, **kw)\x1B[0m\n' +
      '\x1B[1;32m    274\x1B[0m \x1B[38;5;28;01mdef\x1B[39;00m\x1B[38;5;250m \x1B[39m\x1B[38;5;21mload\x1B[39m(fp, \x1B[38;5;241m*\x1B[39m, \x1B[38;5;28mcls\x1B[39m\x1B[38;5;241m=\x1B[39m\x1B[38;5;28;01mNone\x1B[39;00m, object_hook\x1B[38;5;241m=\x1B[39m\x1B[38;5;28;01mNone\x1B[39;00m, parse_float\x1B[38;5;241m=\x1B[39m\x1B[38;5;28;01mNone\x1B[39;00m,\n' +
      '\x1B[1;32m    275\x1B[0m         parse_int\x1B[38;5;241m=\x1B[39m\x1B[38;5;28;01mNone\x1B[39;00m, parse_constant\x1B[38;5;241m=\x1B[39m\x1B[38;5;28;01mNone\x1B[39;00m, object_pairs_hook\x1B[38;5;241m=\x1B[39m\x1B[38;5;28;01mNone\x1B[39;00m, \x1B[38;5;241m*\x1B[39m\x1B[38;5;241m*\x1B[39mkw):\n' +
      '\x1B[1;32m    276\x1B[0m \x1B[38;5;250m    \x1B[39m\x1B[38;5;124;03m"""Deserialize ``fp`` (a ``.read()``-supporting file-like object containing\x1B[39;00m\n' +
      '\x1B[1;32m    277\x1B[0m \x1B[38;5;124;03m    a JSON document) to a Python object.\x1B[39;00m\n' +
      '\x1B[1;32m    278\x1B[0m \n' +
      '\x1B[0;32m   (...)\x1B[0m\n' +
      '\x1B[1;32m    291\x1B[0m \x1B[38;5;124;03m    kwarg; otherwise ``JSONDecoder`` is used.\x1B[39;00m\n' +
      '\x1B[1;32m    292\x1B[0m \x1B[38;5;124;03m    """\x1B[39;00m\n' +
      '\x1B[0;32m--> 293\x1B[0m     \x1B[38;5;28;01mreturn\x1B[39;00m \x1B[43mloads\x1B[49m\x1B[43m(\x1B[49m\x1B[43mfp\x1B[49m\x1B[38;5;241;43m.\x1B[39;49m\x1B[43mread\x1B[49m\x1B[43m(\x1B[49m\x1B[43m)\x1B[49m\x1B[43m,\x1B[49m\n' +
      '\x1B[1;32m    294\x1B[0m \x1B[43m        \x1B[49m\x1B[38;5;28;43mcls\x1B[39;49m\x1B[38;5;241;43m=\x1B[39;49m\x1B[38;5;28;43mcls\x1B[39;49m\x1B[43m,\x1B[49m\x1B[43m \x1B[49m\x1B[43mobject_hook\x1B[49m\x1B[38;5;241;43m=\x1B[39;49m\x1B[43mobject_hook\x1B[49m\x1B[43m,\x1B[49m\n' +
      '\x1B[1;32m    295\x1B[0m \x1B[43m        \x1B[49m\x1B[43mparse_float\x1B[49m\x1B[38;5;241;43m=\x1B[39;49m\x1B[43mparse_float\x1B[49m\x1B[43m,\x1B[49m\x1B[43m \x1B[49m\x1B[43mparse_int\x1B[49m\x1B[38;5;241;43m=\x1B[39;49m\x1B[43mparse_int\x1B[49m\x1B[43m,\x1B[49m\n' +
      '\x1B[1;32m    296\x1B[0m \x1B[43m        \x1B[49m\x1B[43mparse_constant\x1B[49m\x1B[38;5;241;43m=\x1B[39;49m\x1B[43mparse_constant\x1B[49m\x1B[43m,\x1B[49m\x1B[43m \x1B[49m\x1B[43mobject_pairs_hook\x1B[49m\x1B[38;5;241;43m=\x1B[39;49m\x1B[43mobject_pairs_hook\x1B[49m\x1B[43m,\x1B[49m\x1B[43m \x1B[49m\x1B[38;5;241;43m*\x1B[39;49m\x1B[38;5;241;43m*\x1B[39;49m\x1B[43mkw\x1B[49m\x1B[43m)\x1B[49m\n',
    'File \x1B[0;32m/opt/conda/lib/python3.10/json/__init__.py:346\x1B[0m, in \x1B[0;36mloads\x1B[0;34m(s, cls, object_hook, parse_float, parse_int, parse_constant, object_pairs_hook, **kw)\x1B[0m\n' +
      "\x1B[1;32m    341\x1B[0m     s \x1B[38;5;241m=\x1B[39m s\x1B[38;5;241m.\x1B[39mdecode(detect_encoding(s), \x1B[38;5;124m'\x1B[39m\x1B[38;5;124msurrogatepass\x1B[39m\x1B[38;5;124m'\x1B[39m)\n" +
      '\x1B[1;32m    343\x1B[0m \x1B[38;5;28;01mif\x1B[39;00m (\x1B[38;5;28mcls\x1B[39m \x1B[38;5;129;01mis\x1B[39;00m \x1B[38;5;28;01mNone\x1B[39;00m \x1B[38;5;129;01mand\x1B[39;00m object_hook \x1B[38;5;129;01mis\x1B[39;00m \x1B[38;5;28;01mNone\x1B[39;00m \x1B[38;5;129;01mand\x1B[39;00m\n' +
      '\x1B[1;32m    344\x1B[0m         parse_int \x1B[38;5;129;01mis\x1B[39;00m \x1B[38;5;28;01mNone\x1B[39;00m \x1B[38;5;129;01mand\x1B[39;00m parse_float \x1B[38;5;129;01mis\x1B[39;00m \x1B[38;5;28;01mNone\x1B[39;00m \x1B[38;5;129;01mand\x1B[39;00m\n' +
      '\x1B[1;32m    345\x1B[0m         parse_constant \x1B[38;5;129;01mis\x1B[39;00m \x1B[38;5;28;01mNone\x1B[39;00m \x1B[38;5;129;01mand\x1B[39;00m object_pairs_hook \x1B[38;5;129;01mis\x1B[39;00m \x1B[38;5;28;01mNone\x1B[39;00m \x1B[38;5;129;01mand\x1B[39;00m \x1B[38;5;129;01mnot\x1B[39;00m kw):\n' +
      '\x1B[0;32m--> 346\x1B[0m     \x1B[38;5;28;01mreturn\x1B[39;00m \x1B[43m_default_decoder\x1B[49m\x1B[38;5;241;43m.\x1B[39;49m\x1B[43mdecode\x1B[49m\x1B[43m(\x1B[49m\x1B[43ms\x1B[49m\x1B[43m)\x1B[49m\n' +
      '\x1B[1;32m    347\x1B[0m \x1B[38;5;28;01mif\x1B[39;00m \x1B[38;5;28mcls\x1B[39m \x1B[38;5;129;01mis\x1B[39;00m \x1B[38;5;28;01mNone\x1B[39;00m:\n' +
      '\x1B[1;32m    348\x1B[0m     \x1B[38;5;28mcls\x1B[39m \x1B[38;5;241m=\x1B[39m JSONDecoder\n',
    'File \x1B[0;32m/opt/conda/lib/python3.10/json/decoder.py:337\x1B[0m, in \x1B[0;36mJSONDecoder.decode\x1B[0;34m(self, s, _w)\x1B[0m\n' +
      '\x1B[1;32m    332\x1B[0m \x1B[38;5;28;01mdef\x1B[39;00m\x1B[38;5;250m \x1B[39m\x1B[38;5;21mdecode\x1B[39m(\x1B[38;5;28mself\x1B[39m, s, _w\x1B[38;5;241m=\x1B[39mWHITESPACE\x1B[38;5;241m.\x1B[39mmatch):\n' +
      '\x1B[1;32m    333\x1B[0m \x1B[38;5;250m    \x1B[39m\x1B[38;5;124;03m"""Return the Python representation of ``s`` (a ``str`` instance\x1B[39;00m\n' +
      '\x1B[1;32m    334\x1B[0m \x1B[38;5;124;03m    containing a JSON document).\x1B[39;00m\n' +
      '\x1B[1;32m    335\x1B[0m \n' +
      '\x1B[1;32m    336\x1B[0m \x1B[38;5;124;03m    """\x1B[39;00m\n' +
      '\x1B[0;32m--> 337\x1B[0m     obj, end \x1B[38;5;241m=\x1B[39m \x1B[38;5;28;43mself\x1B[39;49m\x1B[38;5;241;43m.\x1B[39;49m\x1B[43mraw_decode\x1B[49m\x1B[43m(\x1B[49m\x1B[43ms\x1B[49m\x1B[43m,\x1B[49m\x1B[43m \x1B[49m\x1B[43midx\x1B[49m\x1B[38;5;241;43m=\x1B[39;49m\x1B[43m_w\x1B[49m\x1B[43m(\x1B[49m\x1B[43ms\x1B[49m\x1B[43m,\x1B[49m\x1B[43m \x1B[49m\x1B[38;5;241;43m0\x1B[39;49m\x1B[43m)\x1B[49m\x1B[38;5;241;43m.\x1B[39;49m\x1B[43mend\x1B[49m\x1B[43m(\x1B[49m\x1B[43m)\x1B[49m\x1B[43m)\x1B[49m\n' +
      '\x1B[1;32m    338\x1B[0m     end \x1B[38;5;241m=\x1B[39m _w(s, end)\x1B[38;5;241m.\x1B[39mend()\n' +
      '\x1B[1;32m    339\x1B[0m     \x1B[38;5;28;01mif\x1B[39;00m end \x1B[38;5;241m!=\x1B[39m \x1B[38;5;28mlen\x1B[39m(s):\n',
    'File \x1B[0;32m/opt/conda/lib/python3.10/json/decoder.py:355\x1B[0m, in \x1B[0;36mJSONDecoder.raw_decode\x1B[0;34m(self, s, idx)\x1B[0m\n' +
      '\x1B[1;32m    353\x1B[0m     obj, end \x1B[38;5;241m=\x1B[39m \x1B[38;5;28mself\x1B[39m\x1B[38;5;241m.\x1B[39mscan_once(s, idx)\n' +
      '\x1B[1;32m    354\x1B[0m \x1B[38;5;28;01mexcept\x1B[39;00m \x1B[38;5;167;01mStopIteration\x1B[39;00m \x1B[38;5;28;01mas\x1B[39;00m err:\n' +
      '\x1B[0;32m--> 355\x1B[0m     \x1B[38;5;28;01mraise\x1B[39;00m JSONDecodeError(\x1B[38;5;124m"\x1B[39m\x1B[38;5;124mExpecting value\x1B[39m\x1B[38;5;124m"\x1B[39m, s, err\x1B[38;5;241m.\x1B[39mvalue) \x1B[38;5;28;01mfrom\x1B[39;00m\x1B[38;5;250m \x1B[39m\x1B[38;5;28;01mNone\x1B[39;00m\n' +
      '\x1B[1;32m    356\x1B[0m \x1B[38;5;28;01mreturn\x1B[39;00m obj, end\n',
    '\x1B[0;31mJSONDecodeError\x1B[0m: Expecting value: line 2 column 25 (char 26)'
  ]
}
18:57:43.851 [warn] Cell completed with errors [Iu [Error]: Expecting value: line 2 column 25 (char 26)
	at n.execute (~/.vscode/extensions/ms-toolsai.jupyter-2025.9.1-linux-x64/dist/extension.node.js:302:4958)] {
  ename: 'JSONDecodeError',
  evalue: 'Expecting value: line 2 column 25 (char 26)',
  traceback: [
    '\x1B[0;31m---------------------------------------------------------------------------\x1B[0m',
    '\x1B[0;31mJSONDecodeError\x1B[0m                           Traceback (most recent call last)',
    'Cell \x1B[0;32mIn[32], line 4\x1B[0m\n' +
      "\x1B[1;32m      2\x1B[0m filepaths_json \x1B[38;5;241m=\x1B[39m save_dir \x1B[38;5;241m/\x1B[39m \x1B[38;5;124mf\x1B[39m\x1B[38;5;124m'\x1B[39m\x1B[38;5;132;01m{\x1B[39;00msubject_id\x1B[38;5;132;01m}\x1B[39;00m\x1B[38;5;124m_\x1B[39m\x1B[38;5;132;01m{\x1B[39;00mczstack_date\x1B[38;5;132;01m}\x1B[39;00m\x1B[38;5;124m_filepaths.json\x1B[39m\x1B[38;5;124m'\x1B[39m\n" +
      "\x1B[1;32m      3\x1B[0m \x1B[38;5;28;01mwith\x1B[39;00m \x1B[38;5;28mopen\x1B[39m(filepaths_json, \x1B[38;5;124m'\x1B[39m\x1B[38;5;124mr\x1B[39m\x1B[38;5;124m'\x1B[39m) \x1B[38;5;28;01mas\x1B[39;00m f:\n" +
      '\x1B[0;32m----> 4\x1B[0m     filepaths_dict \x1B[38;5;241m=\x1B[39m \x1B[43mjson\x1B[49m\x1B[38;5;241;43m.\x1B[39;49m\x1B[43mload\x1B[49m\x1B[43m(\x1B[49m\x1B[43mf\x1B[49m\x1B[43m)\x1B[49m\n' +
      "\x1B[1;32m      6\x1B[0m filepaths_dict[\x1B[38;5;124m'\x1B[39m\x1B[38;5;124mspot_488_counts_path\x1B[39m\x1B[38;5;124m'\x1B[39m] \x1B[38;5;241m=\x1B[39m \x1B[38;5;28mstr\x1B[39m(spot_488_counts_path)\n" +
      "\x1B[1;32m      8\x1B[0m filepaths_iter_json \x1B[38;5;241m=\x1B[39m save_dir \x1B[38;5;241m/\x1B[39m \x1B[38;5;124mf\x1B[39m\x1B[38;5;124m'\x1B[39m\x1B[38;5;132;01m{\x1B[39;00msubject_id\x1B[38;5;132;01m}\x1B[39;00m\x1B[38;5;124m_\x1B[39m\x1B[38;5;132;01m{\x1B[39;00mczstack_date\x1B[38;5;132;01m}\x1B[39;00m\x1B[38;5;124m_filepaths_iter.json\x1B[39m\x1B[38;5;124m'\x1B[39m\n",
    'File \x1B[0;32m/opt/conda/lib/python3.10/json/__init__.py:293\x1B[0m, in \x1B[0;36mload\x1B[0;34m(fp, cls, object_hook, parse_float, parse_int, parse_constant, object_pairs_hook, **kw)\x1B[0m\n' +
      '\x1B[1;32m    274\x1B[0m \x1B[38;5;28;01mdef\x1B[39;00m\x1B[38;5;250m \x1B[39m\x1B[38;5;21mload\x1B[39m(fp, \x1B[38;5;241m*\x1B[39m, \x1B[38;5;28mcls\x1B[39m\x1B[38;5;241m=\x1B[39m\x1B[38;5;28;01mNone\x1B[39;00m, object_hook\x1B[38;5;241m=\x1B[39m\x1B[38;5;28;01mNone\x1B[39;00m, parse_float\x1B[38;5;241m=\x1B[39m\x1B[38;5;28;01mNone\x1B[39;00m,\n' +
      '\x1B[1;32m    275\x1B[0m         parse_int\x1B[38;5;241m=\x1B[39m\x1B[38;5;28;01mNone\x1B[39;00m, parse_constant\x1B[38;5;241m=\x1B[39m\x1B[38;5;28;01mNone\x1B[39;00m, object_pairs_hook\x1B[38;5;241m=\x1B[39m\x1B[38;5;28;01mNone\x1B[39;00m, \x1B[38;5;241m*\x1B[39m\x1B[38;5;241m*\x1B[39mkw):\n' +
      '\x1B[1;32m    276\x1B[0m \x1B[38;5;250m    \x1B[39m\x1B[38;5;124;03m"""Deserialize ``fp`` (a ``.read()``-supporting file-like object containing\x1B[39;00m\n' +
      '\x1B[1;32m    277\x1B[0m \x1B[38;5;124;03m    a JSON document) to a Python object.\x1B[39;00m\n' +
      '\x1B[1;32m    278\x1B[0m \n' +
      '\x1B[0;32m   (...)\x1B[0m\n' +
      '\x1B[1;32m    291\x1B[0m \x1B[38;5;124;03m    kwarg; otherwise ``JSONDecoder`` is used.\x1B[39;00m\n' +
      '\x1B[1;32m    292\x1B[0m \x1B[38;5;124;03m    """\x1B[39;00m\n' +
      '\x1B[0;32m--> 293\x1B[0m     \x1B[38;5;28;01mreturn\x1B[39;00m \x1B[43mloads\x1B[49m\x1B[43m(\x1B[49m\x1B[43mfp\x1B[49m\x1B[38;5;241;43m.\x1B[39;49m\x1B[43mread\x1B[49m\x1B[43m(\x1B[49m\x1B[43m)\x1B[49m\x1B[43m,\x1B[49m\n' +
      '\x1B[1;32m    294\x1B[0m \x1B[43m        \x1B[49m\x1B[38;5;28;43mcls\x1B[39;49m\x1B[38;5;241;43m=\x1B[39;49m\x1B[38;5;28;43mcls\x1B[39;49m\x1B[43m,\x1B[49m\x1B[43m \x1B[49m\x1B[43mobject_hook\x1B[49m\x1B[38;5;241;43m=\x1B[39;49m\x1B[43mobject_hook\x1B[49m\x1B[43m,\x1B[49m\n' +
      '\x1B[1;32m    295\x1B[0m \x1B[43m        \x1B[49m\x1B[43mparse_float\x1B[49m\x1B[38;5;241;43m=\x1B[39;49m\x1B[43mparse_float\x1B[49m\x1B[43m,\x1B[49m\x1B[43m \x1B[49m\x1B[43mparse_int\x1B[49m\x1B[38;5;241;43m=\x1B[39;49m\x1B[43mparse_int\x1B[49m\x1B[43m,\x1B[49m\n' +
      '\x1B[1;32m    296\x1B[0m \x1B[43m        \x1B[49m\x1B[43mparse_constant\x1B[49m\x1B[38;5;241;43m=\x1B[39;49m\x1B[43mparse_constant\x1B[49m\x1B[43m,\x1B[49m\x1B[43m \x1B[49m\x1B[43mobject_pairs_hook\x1B[49m\x1B[38;5;241;43m=\x1B[39;49m\x1B[43mobject_pairs_hook\x1B[49m\x1B[43m,\x1B[49m\x1B[43m \x1B[49m\x1B[38;5;241;43m*\x1B[39;49m\x1B[38;5;241;43m*\x1B[39;49m\x1B[43mkw\x1B[49m\x1B[43m)\x1B[49m\n',
    'File \x1B[0;32m/opt/conda/lib/python3.10/json/__init__.py:346\x1B[0m, in \x1B[0;36mloads\x1B[0;34m(s, cls, object_hook, parse_float, parse_int, parse_constant, object_pairs_hook, **kw)\x1B[0m\n' +
      "\x1B[1;32m    341\x1B[0m     s \x1B[38;5;241m=\x1B[39m s\x1B[38;5;241m.\x1B[39mdecode(detect_encoding(s), \x1B[38;5;124m'\x1B[39m\x1B[38;5;124msurrogatepass\x1B[39m\x1B[38;5;124m'\x1B[39m)\n" +
      '\x1B[1;32m    343\x1B[0m \x1B[38;5;28;01mif\x1B[39;00m (\x1B[38;5;28mcls\x1B[39m \x1B[38;5;129;01mis\x1B[39;00m \x1B[38;5;28;01mNone\x1B[39;00m \x1B[38;5;129;01mand\x1B[39;00m object_hook \x1B[38;5;129;01mis\x1B[39;00m \x1B[38;5;28;01mNone\x1B[39;00m \x1B[38;5;129;01mand\x1B[39;00m\n' +
      '\x1B[1;32m    344\x1B[0m         parse_int \x1B[38;5;129;01mis\x1B[39;00m \x1B[38;5;28;01mNone\x1B[39;00m \x1B[38;5;129;01mand\x1B[39;00m parse_float \x1B[38;5;129;01mis\x1B[39;00m \x1B[38;5;28;01mNone\x1B[39;00m \x1B[38;5;129;01mand\x1B[39;00m\n' +
      '\x1B[1;32m    345\x1B[0m         parse_constant \x1B[38;5;129;01mis\x1B[39;00m \x1B[38;5;28;01mNone\x1B[39;00m \x1B[38;5;129;01mand\x1B[39;00m object_pairs_hook \x1B[38;5;129;01mis\x1B[39;00m \x1B[38;5;28;01mNone\x1B[39;00m \x1B[38;5;129;01mand\x1B[39;00m \x1B[38;5;129;01mnot\x1B[39;00m kw):\n' +
      '\x1B[0;32m--> 346\x1B[0m     \x1B[38;5;28;01mreturn\x1B[39;00m \x1B[43m_default_decoder\x1B[49m\x1B[38;5;241;43m.\x1B[39;49m\x1B[43mdecode\x1B[49m\x1B[43m(\x1B[49m\x1B[43ms\x1B[49m\x1B[43m)\x1B[49m\n' +
      '\x1B[1;32m    347\x1B[0m \x1B[38;5;28;01mif\x1B[39;00m \x1B[38;5;28mcls\x1B[39m \x1B[38;5;129;01mis\x1B[39;00m \x1B[38;5;28;01mNone\x1B[39;00m:\n' +
      '\x1B[1;32m    348\x1B[0m     \x1B[38;5;28mcls\x1B[39m \x1B[38;5;241m=\x1B[39m JSONDecoder\n',
    'File \x1B[0;32m/opt/conda/lib/python3.10/json/decoder.py:337\x1B[0m, in \x1B[0;36mJSONDecoder.decode\x1B[0;34m(self, s, _w)\x1B[0m\n' +
      '\x1B[1;32m    332\x1B[0m \x1B[38;5;28;01mdef\x1B[39;00m\x1B[38;5;250m \x1B[39m\x1B[38;5;21mdecode\x1B[39m(\x1B[38;5;28mself\x1B[39m, s, _w\x1B[38;5;241m=\x1B[39mWHITESPACE\x1B[38;5;241m.\x1B[39mmatch):\n' +
      '\x1B[1;32m    333\x1B[0m \x1B[38;5;250m    \x1B[39m\x1B[38;5;124;03m"""Return the Python representation of ``s`` (a ``str`` instance\x1B[39;00m\n' +
      '\x1B[1;32m    334\x1B[0m \x1B[38;5;124;03m    containing a JSON document).\x1B[39;00m\n' +
      '\x1B[1;32m    335\x1B[0m \n' +
      '\x1B[1;32m    336\x1B[0m \x1B[38;5;124;03m    """\x1B[39;00m\n' +
      '\x1B[0;32m--> 337\x1B[0m     obj, end \x1B[38;5;241m=\x1B[39m \x1B[38;5;28;43mself\x1B[39;49m\x1B[38;5;241;43m.\x1B[39;49m\x1B[43mraw_decode\x1B[49m\x1B[43m(\x1B[49m\x1B[43ms\x1B[49m\x1B[43m,\x1B[49m\x1B[43m \x1B[49m\x1B[43midx\x1B[49m\x1B[38;5;241;43m=\x1B[39;49m\x1B[43m_w\x1B[49m\x1B[43m(\x1B[49m\x1B[43ms\x1B[49m\x1B[43m,\x1B[49m\x1B[43m \x1B[49m\x1B[38;5;241;43m0\x1B[39;49m\x1B[43m)\x1B[49m\x1B[38;5;241;43m.\x1B[39;49m\x1B[43mend\x1B[49m\x1B[43m(\x1B[49m\x1B[43m)\x1B[49m\x1B[43m)\x1B[49m\n' +
      '\x1B[1;32m    338\x1B[0m     end \x1B[38;5;241m=\x1B[39m _w(s, end)\x1B[38;5;241m.\x1B[39mend()\n' +
      '\x1B[1;32m    339\x1B[0m     \x1B[38;5;28;01mif\x1B[39;00m end \x1B[38;5;241m!=\x1B[39m \x1B[38;5;28mlen\x1B[39m(s):\n',
    'File \x1B[0;32m/opt/conda/lib/python3.10/json/decoder.py:355\x1B[0m, in \x1B[0;36mJSONDecoder.raw_decode\x1B[0;34m(self, s, idx)\x1B[0m\n' +
      '\x1B[1;32m    353\x1B[0m     obj, end \x1B[38;5;241m=\x1B[39m \x1B[38;5;28mself\x1B[39m\x1B[38;5;241m.\x1B[39mscan_once(s, idx)\n' +
      '\x1B[1;32m    354\x1B[0m \x1B[38;5;28;01mexcept\x1B[39;00m \x1B[38;5;167;01mStopIteration\x1B[39;00m \x1B[38;5;28;01mas\x1B[39;00m err:\n' +
      '\x1B[0;32m--> 355\x1B[0m     \x1B[38;5;28;01mraise\x1B[39;00m JSONDecodeError(\x1B[38;5;124m"\x1B[39m\x1B[38;5;124mExpecting value\x1B[39m\x1B[38;5;124m"\x1B[39m, s, err\x1B[38;5;241m.\x1B[39mvalue) \x1B[38;5;28;01mfrom\x1B[39;00m\x1B[38;5;250m \x1B[39m\x1B[38;5;28;01mNone\x1B[39;00m\n' +
      '\x1B[1;32m    356\x1B[0m \x1B[38;5;28;01mreturn\x1B[39;00m obj, end\n',
    '\x1B[0;31mJSONDecodeError\x1B[0m: Expecting value: line 2 column 25 (char 26)'
  ]
}
18:58:59.769 [info] Disposing request as the cell (-1) was deleted ~/capsule/code/step_3_more_iterations.ipynb
18:58:59.770 [info] Disposing request as the cell (-1) was deleted ~/capsule/code/step_3_more_iterations.ipynb
18:59:00.858 [info] Disposing request as the cell (-1) was deleted ~/capsule/code/step_3_more_iterations.ipynb
18:59:01.666 [info] Disposing request as the cell (-1) was deleted ~/capsule/code/step_3_more_iterations.ipynb
18:59:02.455 [info] Disposing request as the cell (-1) was deleted ~/capsule/code/step_3_more_iterations.ipynb
18:59:03.294 [info] Disposing request as the cell (-1) was deleted ~/capsule/code/step_3_more_iterations.ipynb
18:59:03.781 [info] Disposing request as the cell (-1) was deleted ~/capsule/code/step_3_more_iterations.ipynb
18:59:04.245 [info] Disposing request as the cell (-1) was deleted ~/capsule/code/step_3_more_iterations.ipynb
18:59:04.245 [info] Disposing request as the cell (-1) was deleted ~/capsule/code/step_3_more_iterations.ipynb
18:59:04.995 [info] Disposing request as the cell (-1) was deleted ~/capsule/code/step_3_more_iterations.ipynb
18:59:27.874 [warn] Cell completed with errors [Iu [Error]: 'count'
	at n.execute (~/.vscode/extensions/ms-toolsai.jupyter-2025.9.1-linux-x64/dist/extension.node.js:302:4958)] {
  ename: 'KeyError',
  evalue: "'count'",
  traceback: [
    '\x1B[0;31m---------------------------------------------------------------------------\x1B[0m',
    '\x1B[0;31mKeyError\x1B[0m                                  Traceback (most recent call last)',
    'File \x1B[0;32m/opt/conda/lib/python3.10/site-packages/pandas/core/indexes/base.py:3812\x1B[0m, in \x1B[0;36mIndex.get_loc\x1B[0;34m(self, key)\x1B[0m\n' +
      '\x1B[1;32m   3811\x1B[0m \x1B[38;5;28;01mtry\x1B[39;00m:\n' +
      '\x1B[0;32m-> 3812\x1B[0m     \x1B[38;5;28;01mreturn\x1B[39;00m \x1B[38;5;28;43mself\x1B[39;49m\x1B[38;5;241;43m.\x1B[39;49m\x1B[43m_engine\x1B[49m\x1B[38;5;241;43m.\x1B[39;49m\x1B[43mget_loc\x1B[49m\x1B[43m(\x1B[49m\x1B[43mcasted_key\x1B[49m\x1B[43m)\x1B[49m\n' +
      '\x1B[1;32m   3813\x1B[0m \x1B[38;5;28;01mexcept\x1B[39;00m \x1B[38;5;167;01mKeyError\x1B[39;00m \x1B[38;5;28;01mas\x1B[39;00m err:\n',
    'File \x1B[0;32mpandas/_libs/index.pyx:167\x1B[0m, in \x1B[0;36mpandas._libs.index.IndexEngine.get_loc\x1B[0;34m()\x1B[0m\n',
    'File \x1B[0;32mpandas/_libs/index.pyx:196\x1B[0m, in \x1B[0;36mpandas._libs.index.IndexEngine.get_loc\x1B[0;34m()\x1B[0m\n',
    'File \x1B[0;32mpandas/_libs/hashtable_class_helper.pxi:7088\x1B[0m, in \x1B[0;36mpandas._libs.hashtable.PyObjectHashTable.get_item\x1B[0;34m()\x1B[0m\n',
    'File \x1B[0;32mpandas/_libs/hashtable_class_helper.pxi:7096\x1B[0m, in \x1B[0;36mpandas._libs.hashtable.PyObjectHashTable.get_item\x1B[0;34m()\x1B[0m\n',
    "\x1B[0;31mKeyError\x1B[0m: 'count'",
    '\nThe above exception was the direct cause of the following exception:\n',
    '\x1B[0;31mKeyError\x1B[0m                                  Traceback (most recent call last)',
    'Cell \x1B[0;32mIn[21], line 9\x1B[0m\n' +
      `\x1B[1;32m      7\x1B[0m \x1B[38;5;28mprint\x1B[39m(\x1B[38;5;124m'\x1B[39m\x1B[38;5;124mGood for protocol \x1B[39m\x1B[38;5;124m"\x1B[39m\x1B[38;5;124mnearest_point\x1B[39m\x1B[38;5;124m"\x1B[39m\x1B[38;5;124m'\x1B[39m)\n` +
      `\x1B[1;32m      8\x1B[0m \x1B[38;5;28mprint\x1B[39m(\x1B[38;5;124mf\x1B[39m\x1B[38;5;124m'\x1B[39m\x1B[38;5;124m(current protocol: \x1B[39m\x1B[38;5;124m"\x1B[39m\x1B[38;5;132;01m{\x1B[39;00mprotocol\x1B[38;5;132;01m}\x1B[39;00m\x1B[38;5;124m)\x1B[39m\x1B[38;5;124m"\x1B[39m\x1B[38;5;124m'\x1B[39m)\n` +
      "\x1B[0;32m----> 9\x1B[0m min_counts \x1B[38;5;241m=\x1B[39m \x1B[43mmatched_spot_counts\x1B[49m\x1B[43m[\x1B[49m\x1B[38;5;124;43m'\x1B[39;49m\x1B[38;5;124;43mcount\x1B[39;49m\x1B[38;5;124;43m'\x1B[39;49m\x1B[43m]\x1B[49m\x1B[38;5;241m.\x1B[39mmin() \x1B[38;5;241m*\x1B[39m filter_rate_from_min\n" +
      "\x1B[1;32m     10\x1B[0m min_density \x1B[38;5;241m=\x1B[39m matched_spot_counts[\x1B[38;5;124m'\x1B[39m\x1B[38;5;124mdensity\x1B[39m\x1B[38;5;124m'\x1B[39m]\x1B[38;5;241m.\x1B[39mmin() \x1B[38;5;241m*\x1B[39m filter_rate_from_min\n" +
      "\x1B[1;32m     11\x1B[0m leftover_spot_counts \x1B[38;5;241m=\x1B[39m nonmatched_spot_counts\x1B[38;5;241m.\x1B[39mquery(\x1B[38;5;124m'\x1B[39m\x1B[38;5;124mcount >= @min_counts and density >= @min_density\x1B[39m\x1B[38;5;124m'\x1B[39m)\n",
    'File \x1B[0;32m/opt/conda/lib/python3.10/site-packages/pandas/core/frame.py:4113\x1B[0m, in \x1B[0;36mDataFrame.__getitem__\x1B[0;34m(self, key)\x1B[0m\n' +
      '\x1B[1;32m   4111\x1B[0m \x1B[38;5;28;01mif\x1B[39;00m \x1B[38;5;28mself\x1B[39m\x1B[38;5;241m.\x1B[39mcolumns\x1B[38;5;241m.\x1B[39mnlevels \x1B[38;5;241m>\x1B[39m \x1B[38;5;241m1\x1B[39m:\n' +
      '\x1B[1;32m   4112\x1B[0m     \x1B[38;5;28;01mreturn\x1B[39;00m \x1B[38;5;28mself\x1B[39m\x1B[38;5;241m.\x1B[39m_getitem_multilevel(key)\n' +
      '\x1B[0;32m-> 4113\x1B[0m indexer \x1B[38;5;241m=\x1B[39m \x1B[38;5;28;43mself\x1B[39;49m\x1B[38;5;241;43m.\x1B[39;49m\x1B[43mcolumns\x1B[49m\x1B[38;5;241;43m.\x1B[39;49m\x1B[43mget_loc\x1B[49m\x1B[43m(\x1B[49m\x1B[43mkey\x1B[49m\x1B[43m)\x1B[49m\n' +
      '\x1B[1;32m   4114\x1B[0m \x1B[38;5;28;01mif\x1B[39;00m is_integer(indexer):\n' +
      '\x1B[1;32m   4115\x1B[0m     indexer \x1B[38;5;241m=\x1B[39m [indexer]\n',
    'File \x1B[0;32m/opt/conda/lib/python3.10/site-packages/pandas/core/indexes/base.py:3819\x1B[0m, in \x1B[0;36mIndex.get_loc\x1B[0;34m(self, key)\x1B[0m\n' +
      '\x1B[1;32m   3814\x1B[0m     \x1B[38;5;28;01mif\x1B[39;00m \x1B[38;5;28misinstance\x1B[39m(casted_key, \x1B[38;5;28mslice\x1B[39m) \x1B[38;5;129;01mor\x1B[39;00m (\n' +
      '\x1B[1;32m   3815\x1B[0m         \x1B[38;5;28misinstance\x1B[39m(casted_key, abc\x1B[38;5;241m.\x1B[39mIterable)\n' +
      '\x1B[1;32m   3816\x1B[0m         \x1B[38;5;129;01mand\x1B[39;00m \x1B[38;5;28many\x1B[39m(\x1B[38;5;28misinstance\x1B[39m(x, \x1B[38;5;28mslice\x1B[39m) \x1B[38;5;28;01mfor\x1B[39;00m x \x1B[38;5;129;01min\x1B[39;00m casted_key)\n' +
      '\x1B[1;32m   3817\x1B[0m     ):\n' +
      '\x1B[1;32m   3818\x1B[0m         \x1B[38;5;28;01mraise\x1B[39;00m InvalidIndexError(key)\n' +
      '\x1B[0;32m-> 3819\x1B[0m     \x1B[38;5;28;01mraise\x1B[39;00m \x1B[38;5;167;01mKeyError\x1B[39;00m(key) \x1B[38;5;28;01mfrom\x1B[39;00m\x1B[38;5;250m \x1B[39m\x1B[38;5;21;01merr\x1B[39;00m\n' +
      '\x1B[1;32m   3820\x1B[0m \x1B[38;5;28;01mexcept\x1B[39;00m \x1B[38;5;167;01mTypeError\x1B[39;00m:\n' +
      '\x1B[1;32m   3821\x1B[0m     \x1B[38;5;66;03m# If we have a listlike key, _check_indexing_error will raise\x1B[39;00m\n' +
      '\x1B[1;32m   3822\x1B[0m     \x1B[38;5;66;03m#  InvalidIndexError. Otherwise we fall through and re-raise\x1B[39;00m\n' +
      '\x1B[1;32m   3823\x1B[0m     \x1B[38;5;66;03m#  the TypeError.\x1B[39;00m\n' +
      '\x1B[1;32m   3824\x1B[0m     \x1B[38;5;28mself\x1B[39m\x1B[38;5;241m.\x1B[39m_check_indexing_error(key)\n',
    "\x1B[0;31mKeyError\x1B[0m: 'count'"
  ]
}
18:59:57.471 [info] Disposing request as the cell (-1) was deleted ~/capsule/code/step_3_more_iterations.ipynb
18:59:57.471 [info] Disposing request as the cell (-1) was deleted ~/capsule/code/step_3_more_iterations.ipynb
19:00:41.804 [info] Disposing request as the cell (-1) was deleted ~/capsule/code/step_3_more_iterations.ipynb
19:01:14.431 [warn] Cell completed with errors [Iu [Error]: File ~/capsule/scratch/788406_2025-07-18_coreg_cpsam/788406_2025-07-18_landmarks_matched_ext_iter4.csv exists already!
	at n.execute (~/.vscode/extensions/ms-toolsai.jupyter-2025.9.1-linux-x64/dist/extension.node.js:302:4958)] {
  ename: 'AssertionError',
  evalue: 'File ~/capsule/scratch/788406_2025-07-18_coreg_cpsam/788406_2025-07-18_landmarks_matched_ext_iter4.csv exists already!',
  traceback: [
    '\x1B[0;31m---------------------------------------------------------------------------\x1B[0m',
    '\x1B[0;31mAssertionError\x1B[0m                            Traceback (most recent call last)',
    'Cell \x1B[0;32mIn[28], line 2\x1B[0m\n' +
      "\x1B[1;32m      1\x1B[0m save_fn \x1B[38;5;241m=\x1B[39m save_dir \x1B[38;5;241m/\x1B[39m \x1B[38;5;124mf\x1B[39m\x1B[38;5;124m'\x1B[39m\x1B[38;5;132;01m{\x1B[39;00msubject_id\x1B[38;5;132;01m}\x1B[39;00m\x1B[38;5;124m_\x1B[39m\x1B[38;5;132;01m{\x1B[39;00mczstack_date\x1B[38;5;132;01m}\x1B[39;00m\x1B[38;5;124m_landmarks_matched_ext_iter\x1B[39m\x1B[38;5;132;01m{\x1B[39;00mcurrent_iter\x1B[38;5;132;01m}\x1B[39;00m\x1B[38;5;124m.csv\x1B[39m\x1B[38;5;124m'\x1B[39m\n" +
      "\x1B[0;32m----> 2\x1B[0m \x1B[38;5;28;01massert\x1B[39;00m \x1B[38;5;129;01mnot\x1B[39;00m save_fn\x1B[38;5;241m.\x1B[39mexists(), \x1B[38;5;124mf\x1B[39m\x1B[38;5;124m'\x1B[39m\x1B[38;5;124mFile \x1B[39m\x1B[38;5;132;01m{\x1B[39;00msave_fn\x1B[38;5;132;01m}\x1B[39;00m\x1B[38;5;124m exists already!\x1B[39m\x1B[38;5;124m'\x1B[39m\n" +
      '\x1B[1;32m      3\x1B[0m landmarks_ext \x1B[38;5;241m=\x1B[39m pd\x1B[38;5;241m.\x1B[39mDataFrame()\n' +
      "\x1B[1;32m      5\x1B[0m landmarks_ext[\x1B[38;5;241m0\x1B[39m] \x1B[38;5;241m=\x1B[39m [\x1B[38;5;124m'\x1B[39m\x1B[38;5;124mcz\x1B[39m\x1B[38;5;124m'\x1B[39m\x1B[38;5;241m+\x1B[39m\x1B[38;5;28mstr\x1B[39m(\x1B[38;5;28mint\x1B[39m(new_matched_hcr_df[\x1B[38;5;124m'\x1B[39m\x1B[38;5;124mczstack_cell_id\x1B[39m\x1B[38;5;124m'\x1B[39m]\x1B[38;5;241m.\x1B[39miloc[i]))\x1B[38;5;241m+\x1B[39m\x1B[38;5;124m'\x1B[39m\x1B[38;5;124m-hcr\x1B[39m\x1B[38;5;124m'\x1B[39m\x1B[38;5;241m+\x1B[39m\x1B[38;5;28mstr\x1B[39m(\x1B[38;5;28mint\x1B[39m(new_matched_hcr_df[\x1B[38;5;124m'\x1B[39m\x1B[38;5;124mhcr_cell_id\x1B[39m\x1B[38;5;124m'\x1B[39m]\x1B[38;5;241m.\x1B[39miloc[i])) \x1B[38;5;28;01mfor\x1B[39;00m i \x1B[38;5;129;01min\x1B[39;00m \x1B[38;5;28mrange\x1B[39m(\x1B[38;5;28mlen\x1B[39m(new_matched_hcr_df))]\n",
    '\x1B[0;31mAssertionError\x1B[0m: File ~/capsule/scratch/788406_2025-07-18_coreg_cpsam/788406_2025-07-18_landmarks_matched_ext_iter4.csv exists already!'
  ]
}
