2025-11-13 22:46:08.772 [info] [main] Log level: Info
2025-11-13 22:46:08.772 [info] [main] Validating found git in: "git"
2025-11-13 22:46:08.772 [info] [main] Using git "2.34.1" from "git"
2025-11-13 22:46:08.772 [info] [Model][doInitialScan] Initial repository scan started
2025-11-13 22:46:08.772 [info] > git rev-parse --show-toplevel [635ms]
2025-11-13 22:46:08.773 [info] > git rev-parse --git-dir --git-common-dir --show-superproject-working-tree [4ms]
2025-11-13 22:46:08.785 [info] [Model][openRepository] Opened repository (path): /root/capsule
2025-11-13 22:46:08.785 [info] [Model][openRepository] Opened repository (real path): /root/capsule
2025-11-13 22:46:08.785 [info] [Model][openRepository] Opened repository (kind): repository
2025-11-13 22:46:08.797 [info] > git config --get commit.template [5ms]
2025-11-13 22:46:08.836 [info] > git rev-parse --show-toplevel [41ms]
2025-11-13 22:46:08.836 [info] fatal: not a git repository (or any parent up to mount point /)
Stopping at filesystem boundary (GIT_DISCOVERY_ACROSS_FILESYSTEM not set).
2025-11-13 22:46:08.843 [info] > git for-each-ref --format=%(refname)%00%(upstream:short)%00%(objectname)%00%(upstream:track)%00%(upstream:remotename)%00%(upstream:remoteref) refs/heads/master refs/remotes/master [10ms]
2025-11-13 22:46:08.844 [info] > git rev-parse --show-toplevel [2ms]
2025-11-13 22:46:08.858 [info] > git rev-parse --show-toplevel [10ms]
2025-11-13 22:46:08.864 [info] > git for-each-ref --sort -committerdate --format %(refname)%00%(objectname)%00%(*objectname) [6ms]
2025-11-13 22:46:08.866 [info] > git rev-parse --show-toplevel [3ms]
2025-11-13 22:46:08.871 [info] > git rev-parse --show-toplevel [2ms]
2025-11-13 22:46:08.876 [info] > git rev-parse --show-toplevel [2ms]
2025-11-13 22:46:08.880 [info] [Model][doInitialScan] Initial repository scan completed - repositories (1), closed repositories (0), parent repositories (0), unsafe repositories (0)
2025-11-13 22:46:09.096 [info] > git show --textconv :scratch/767018_coreg/767018_bigwarp-project.json [5ms]
2025-11-13 22:46:09.100 [info] > git ls-files --stage -- scratch/767018_coreg/767018_bigwarp-project.json [5ms]
2025-11-13 22:46:09.104 [info] > git hash-object -t tree /dev/null [5ms]
2025-11-13 22:46:09.105 [warning] [GitFileSystemProvider][readFile] File not found - git:/root/capsule/scratch/767018_coreg/767018_bigwarp-project.json.git?%7B%22path%22%3A%22%2Froot%2Fcapsule%2Fscratch%2F767018_coreg%2F767018_bigwarp-project.json%22%2C%22ref%22%3A%22%22%7D
2025-11-13 22:46:09.105 [info] > git hash-object -t tree /dev/null [1ms]
2025-11-13 22:46:09.105 [warning] [GitFileSystemProvider][stat] File not found - git:/root/capsule/scratch/767018_coreg/767018_bigwarp-project.json.git?%7B%22path%22%3A%22%2Froot%2Fcapsule%2Fscratch%2F767018_coreg%2F767018_bigwarp-project.json%22%2C%22ref%22%3A%22%22%7D
2025-11-13 22:46:09.119 [info] > git blame --root --incremental 3bb0bf18232eb4692f3373f8824bb1a1e688ebb2 -- scratch/767018_coreg/767018_bigwarp-project.json [2ms]
2025-11-13 22:46:09.119 [info] fatal: no such path scratch/767018_coreg/767018_bigwarp-project.json in 3bb0bf18232eb4692f3373f8824bb1a1e688ebb2
2025-11-13 22:46:09.301 [info] > git status -z -uall [448ms]
2025-11-13 22:46:09.333 [info] > git for-each-ref --format=%(refname)%00%(upstream:short)%00%(objectname)%00%(upstream:track)%00%(upstream:remotename)%00%(upstream:remoteref) refs/heads/master refs/remotes/master [7ms]
2025-11-13 22:46:09.346 [info] > git check-ignore -v -z --stdin [5ms]
2025-11-13 22:46:09.349 [info] > git config --get --local branch.master.vscode-merge-base [11ms]
2025-11-13 22:46:09.349 [warning] [Git][config] git config failed: Failed to execute git
2025-11-13 22:46:09.353 [info] > git config --get commit.template [20ms]
2025-11-13 22:46:09.355 [info] > git reflog master --grep-reflog=branch: Created from *. [2ms]
2025-11-13 22:46:09.363 [info] > git symbolic-ref --short refs/remotes/origin/HEAD [5ms]
2025-11-13 22:46:09.366 [info] > git for-each-ref --format=%(refname)%00%(upstream:short)%00%(objectname)%00%(upstream:track)%00%(upstream:remotename)%00%(upstream:remoteref) refs/heads/master refs/remotes/master [4ms]
2025-11-13 22:46:09.374 [info] > git for-each-ref --format=%(refname)%00%(upstream:short)%00%(objectname)%00%(upstream:track)%00%(upstream:remotename)%00%(upstream:remoteref) refs/heads/origin/master refs/remotes/origin/master [9ms]
2025-11-13 22:46:09.379 [info] > git for-each-ref --sort -committerdate --format %(refname)%00%(objectname)%00%(*objectname) [6ms]
2025-11-13 22:46:09.380 [info] > git config --add --local branch.master.vscode-merge-base origin/master [2ms]
2025-11-13 22:46:09.385 [info] > git status -z -uall [16ms] (cancelled)
2025-11-13 22:46:09.390 [info] > git config --get commit.template [5ms]
2025-11-13 22:46:09.392 [info] > git for-each-ref --format=%(refname)%00%(upstream:short)%00%(objectname)%00%(upstream:track)%00%(upstream:remotename)%00%(upstream:remoteref) refs/heads/master refs/remotes/master [2ms]
2025-11-13 22:46:09.402 [info] > git for-each-ref --sort -committerdate --format %(refname)%00%(objectname)%00%(*objectname) [2ms]
2025-11-13 22:46:09.839 [info] > git status -z -uall [443ms]
2025-11-13 22:46:09.853 [info] > git merge-base refs/heads/master refs/remotes/origin/master [4ms]
2025-11-13 22:46:09.858 [info] > git diff --name-status -z --diff-filter=ADMR 3bb0bf18232eb4692f3373f8824bb1a1e688ebb2...refs/remotes/origin/master [2ms]
2025-11-13 22:46:09.859 [info] > git merge-base refs/heads/master refs/remotes/origin/master [7ms]
2025-11-13 22:46:09.864 [info] > git diff --name-status -z --diff-filter=ADMR 3bb0bf18232eb4692f3373f8824bb1a1e688ebb2...refs/remotes/origin/master [1ms]
2025-11-13 22:46:21.222 [info] > git config --get commit.template [4ms]
2025-11-13 22:46:21.223 [info] > git for-each-ref --format=%(refname)%00%(upstream:short)%00%(objectname)%00%(upstream:track)%00%(upstream:remotename)%00%(upstream:remoteref) refs/heads/master refs/remotes/master [2ms]
2025-11-13 22:46:21.230 [info] > git for-each-ref --sort -committerdate --format %(refname)%00%(objectname)%00%(*objectname) [1ms]
2025-11-13 22:46:21.627 [info] > git status -z -uall [401ms]
2025-11-13 22:46:32.673 [info] > git check-ignore -v -z --stdin [1ms]
2025-11-13 22:46:55.761 [info] > git check-ignore -v -z --stdin [2ms]
2025-11-13 22:47:05.697 [info] > git check-ignore -v -z --stdin [2ms]
2025-11-13 22:47:06.472 [info] > git check-ignore -v -z --stdin [2ms]
2025-11-13 22:47:11.040 [info] > git check-ignore -v -z --stdin [1ms]
2025-11-13 22:47:24.360 [info] > git check-ignore -v -z --stdin [2ms]
2025-11-13 22:47:28.518 [info] > git check-ignore -v -z --stdin [2ms]
2025-11-13 22:47:29.120 [info] > git check-ignore -v -z --stdin [1ms]
