
=== 788406 ===
  n_cz=932 n_hcr_gfp=17427 n_gt=787
/opt/conda/lib/python3.11/site-packages/zarr/core/metadata/v2.py:190: ZarrUserWarning: Found an empty list of filters in the array metadata document. This is contrary to the Zarr V2 specification, and will cause an error in the future. Use None (or Null in a JSON document) instead of an empty list of filters.
  warnings.warn(msg, ZarrUserWarning, stacklevel=1)
  I2 done in 9.9s metric=-0.011
  i2_crop600: n_hcr_in_window=5969
/opt/conda/lib/python3.11/site-packages/zarr/core/metadata/v2.py:190: ZarrUserWarning: Found an empty list of filters in the array metadata document. This is contrary to the Zarr V2 specification, and will cause an error in the future. Use None (or Null in a JSON document) instead of an empty list of filters.
  warnings.warn(msg, ZarrUserWarning, stacklevel=1)
/opt/conda/lib/python3.11/site-packages/zarr/core/metadata/v2.py:190: ZarrUserWarning: Found an empty list of filters in the array metadata document. This is contrary to the Zarr V2 specification, and will cause an error in the future. Use None (or Null in a JSON document) instead of an empty list of filters.
  warnings.warn(msg, ZarrUserWarning, stacklevel=1)
  [default     ] SS=370  r@20=0.210 r@10=0.202 r@5=0.202 rec_id=0.202 med=81µm wall=53.5s
  [i2_direct   ] SS= 36  r@20=0.000 r@10=0.000 r@5=0.000 rec_id=0.000 med=333µm wall=6.5s
  [i2_crop600  ] SS=211  r@20=0.003 r@10=0.003 r@5=0.003 rec_id=0.003 med=246µm wall=6.4s

=== 755252 ===
  n_cz=835 n_hcr_gfp=30804 n_gt=639
/opt/conda/lib/python3.11/site-packages/zarr/core/metadata/v2.py:190: ZarrUserWarning: Found an empty list of filters in the array metadata document. This is contrary to the Zarr V2 specification, and will cause an error in the future. Use None (or Null in a JSON document) instead of an empty list of filters.
  warnings.warn(msg, ZarrUserWarning, stacklevel=1)
  I2 done in 8.0s metric=-0.017
  i2_crop600: n_hcr_in_window=13686
/opt/conda/lib/python3.11/site-packages/zarr/core/metadata/v2.py:190: ZarrUserWarning: Found an empty list of filters in the array metadata document. This is contrary to the Zarr V2 specification, and will cause an error in the future. Use None (or Null in a JSON document) instead of an empty list of filters.
  warnings.warn(msg, ZarrUserWarning, stacklevel=1)
/opt/conda/lib/python3.11/site-packages/zarr/core/metadata/v2.py:190: ZarrUserWarning: Found an empty list of filters in the array metadata document. This is contrary to the Zarr V2 specification, and will cause an error in the future. Use None (or Null in a JSON document) instead of an empty list of filters.
  warnings.warn(msg, ZarrUserWarning, stacklevel=1)
  [default     ] SS=500  r@20=0.044 r@10=0.033 r@5=0.033 rec_id=0.033 med=103µm wall=51.2s
  [i2_direct   ] SS=116  r@20=0.000 r@10=0.000 r@5=0.000 rec_id=0.000 med=259µm wall=9.8s
  [i2_crop600  ] SS=459  r@20=0.000 r@10=0.000 r@5=0.000 rec_id=0.000 med=170µm wall=9.8s

=== 767022 ===
  n_cz=926 n_hcr_gfp=14239 n_gt=793
/opt/conda/lib/python3.11/site-packages/zarr/core/metadata/v2.py:190: ZarrUserWarning: Found an empty list of filters in the array metadata document. This is contrary to the Zarr V2 specification, and will cause an error in the future. Use None (or Null in a JSON document) instead of an empty list of filters.
  warnings.warn(msg, ZarrUserWarning, stacklevel=1)
  I2 done in 7.7s metric=-0.016
  i2_crop600: n_hcr_in_window=6146
/opt/conda/lib/python3.11/site-packages/zarr/core/metadata/v2.py:190: ZarrUserWarning: Found an empty list of filters in the array metadata document. This is contrary to the Zarr V2 specification, and will cause an error in the future. Use None (or Null in a JSON document) instead of an empty list of filters.
  warnings.warn(msg, ZarrUserWarning, stacklevel=1)
/opt/conda/lib/python3.11/site-packages/zarr/core/metadata/v2.py:190: ZarrUserWarning: Found an empty list of filters in the array metadata document. This is contrary to the Zarr V2 specification, and will cause an error in the future. Use None (or Null in a JSON document) instead of an empty list of filters.
  warnings.warn(msg, ZarrUserWarning, stacklevel=1)
  [default     ] SS=242  r@20=0.108 r@10=0.082 r@5=0.081 rec_id=0.081 med=107µm wall=34.6s
  [i2_direct   ] SS= 41  r@20=0.000 r@10=0.000 r@5=0.000 rec_id=0.000 med=395µm wall=4.5s
  [i2_crop600  ] SS=216  r@20=0.001 r@10=0.001 r@5=0.001 rec_id=0.001 med=312µm wall=4.6s

=== 782149 ===
  n_cz=894 n_hcr_gfp=3831 n_gt=303
/opt/conda/lib/python3.11/site-packages/zarr/core/metadata/v2.py:190: ZarrUserWarning: Found an empty list of filters in the array metadata document. This is contrary to the Zarr V2 specification, and will cause an error in the future. Use None (or Null in a JSON document) instead of an empty list of filters.
  warnings.warn(msg, ZarrUserWarning, stacklevel=1)
  I2 done in 7.5s metric=-0.010
  i2_crop600: n_hcr_in_window=1108
/opt/conda/lib/python3.11/site-packages/zarr/core/metadata/v2.py:190: ZarrUserWarning: Found an empty list of filters in the array metadata document. This is contrary to the Zarr V2 specification, and will cause an error in the future. Use None (or Null in a JSON document) instead of an empty list of filters.
  warnings.warn(msg, ZarrUserWarning, stacklevel=1)
/opt/conda/lib/python3.11/site-packages/zarr/core/metadata/v2.py:190: ZarrUserWarning: Found an empty list of filters in the array metadata document. This is contrary to the Zarr V2 specification, and will cause an error in the future. Use None (or Null in a JSON document) instead of an empty list of filters.
  warnings.warn(msg, ZarrUserWarning, stacklevel=1)
  [default     ] SS=113  r@20=0.000 r@10=0.000 r@5=0.000 rec_id=0.000 med=1136µm wall=32.9s
  [i2_direct   ] SS= 12  r@20=0.000 r@10=0.000 r@5=0.000 rec_id=0.000 med=323µm wall=1.4s
  [i2_crop600  ] SS= 81  r@20=0.000 r@10=0.000 r@5=0.000 rec_id=0.000 med=267µm wall=1.5s

=== FULL TABLE ===
subject       seed  ss       r5      r10      r20  recall_id      median  wall
 788406    default 370 0.202033 0.202033 0.209657   0.202033   81.129091  53.5
 788406  i2_direct  36 0.000000 0.000000 0.000000   0.000000  332.593974   6.5
 788406 i2_crop600 211 0.002541 0.002541 0.002541   0.002541  245.613393   6.4
 755252    default 500 0.032864 0.032864 0.043818   0.032864  102.748633  51.2
 755252  i2_direct 116 0.000000 0.000000 0.000000   0.000000  258.548787   9.8
 755252 i2_crop600 459 0.000000 0.000000 0.000000   0.000000  170.271003   9.8
 767022    default 242 0.080706 0.081967 0.108449   0.080706  107.337531  34.6
 767022  i2_direct  41 0.000000 0.000000 0.000000   0.000000  395.055715   4.5
 767022 i2_crop600 216 0.001261 0.001261 0.001261   0.001261  311.723618   4.6
 782149    default 113 0.000000 0.000000 0.000000   0.000000 1135.545684  32.9
 782149  i2_direct  12 0.000000 0.000000 0.000000   0.000000  322.739650   1.4
 782149 i2_crop600  81 0.000000 0.000000 0.000000   0.000000  266.563057   1.5

=== BEST PER SUBJECT ===
  788406: SS-pick=default      (ss=370, r@20=0.210) | ORACLE=default      r@20=0.210 | default r@20=0.210 | ✓
  755252: SS-pick=default      (ss=500, r@20=0.044) | ORACLE=default      r@20=0.044 | default r@20=0.044 | ✓
  767022: SS-pick=default      (ss=242, r@20=0.108) | ORACLE=default      r@20=0.108 | default r@20=0.108 | ✓
  782149: SS-pick=default      (ss=113, r@20=0.000) | ORACLE=default      r@20=0.000 | default r@20=0.000 | ✓
