2025-11-13 22:47:21.482 [info] Starting Python Locator /root/.vscode/extensions/ms-python.python-2025.16.0-linux-x64/python-env-tools/bin/pet server
2025-11-13 22:47:21.488 [info] Discovered manager: (Conda) /opt/conda/bin/conda
2025-11-13 22:47:21.489 [info] Discovered env: /opt/conda/bin/python
2025-11-13 22:47:21.499 [info] Discovered env: /usr/bin/python3
2025-11-13 22:47:21.499 [info] Discovered env: /bin/python3
2025-11-13 22:47:21.652 [info] Locator Conda took 54.24904ms
2025-11-13 22:47:21.662 [info] Locator Homebrew took 689.29µs
2025-11-13 22:47:21.663 [info] Locator LinuxGlobal took 67.920398ms
2025-11-13 22:47:21.663 [info] Locator PipEnv took 129.023µs
2025-11-13 22:47:21.670 [info] Locator Pixi took 362.813µs
2025-11-13 22:47:21.671 [info] Locator Poetry took 898.214µs
2025-11-13 22:47:21.672 [info] Locator PyEnv took 1.071559ms
2025-11-13 22:47:21.672 [info] Locator Venv took 52.45µs
2025-11-13 22:47:21.672 [info] Locator VirtualEnv took 51.129µs
2025-11-13 22:47:21.672 [info] Locator VirtualEnvWrapper took 261.104µs
2025-11-13 22:47:21.672 [info] Locator GlobalVirtualEnvs took 750.212µs
2025-11-13 22:47:21.672 [info] Locator Locators took 69.583679ms
2025-11-13 22:47:21.672 [info] Locator Path took 89.21906ms
2025-11-13 22:47:21.672 [info] Locator Workspaces took 3.235939ms
2025-11-13 22:47:21.672 [info] Refresh completed in 89ms
2025-11-13 22:47:21.677 [info] Resolved Python Environment /opt/conda/bin/python
2025-11-13 22:47:22.390 [info] Resolved Python Environment /usr/bin/python3
2025-11-13 22:47:45.961 [info] Resolved Python Environment /opt/conda/bin/python
2025-11-13 22:47:45.994 [info] Discovered manager: (Conda) /opt/conda/bin/conda
2025-11-13 22:47:45.996 [info] Discovered env: /opt/conda/bin/python
2025-11-13 22:47:46.021 [info] Discovered env: /bin/python3
2025-11-13 22:47:46.022 [info] Discovered env: /usr/bin/python3
2025-11-13 22:47:46.023 [info] Locator Conda took 55.595839ms
2025-11-13 22:47:46.023 [info] Locator Homebrew took 560.246µs
2025-11-13 22:47:46.023 [info] Locator LinuxGlobal took 48.000836ms
2025-11-13 22:47:46.023 [info] Locator PipEnv took 183.552µs
2025-11-13 22:47:46.023 [info] Locator Pixi took 52.884µs
2025-11-13 22:47:46.023 [info] Locator Poetry took 393.933µs
2025-11-13 22:47:46.024 [info] Locator PyEnv took 212.724µs
2025-11-13 22:47:46.024 [info] Locator Venv took 208.822µs
2025-11-13 22:47:46.024 [info] Locator VirtualEnv took 360.733µs
2025-11-13 22:47:46.024 [info] Locator VirtualEnvWrapper took 530.189µs
2025-11-13 22:47:46.024 [info] Locator GlobalVirtualEnvs took 343.177µs
2025-11-13 22:47:46.024 [info] Locator Locators took 55.835682ms
2025-11-13 22:47:46.024 [info] Locator Path took 65.167464ms
2025-11-13 22:47:46.024 [info] Locator Workspaces took 6.316017ms
2025-11-13 22:47:46.024 [info] Refresh completed in 65ms
2025-11-13 22:47:54.492 [info] Resolved Python Environment /usr/bin/python3
