2025-11-13 22:47:21.482 [info] Native locator: Refresh started
2025-11-13 22:47:21.489 [info] Conda environment manager found at: /opt/conda/bin/conda
2025-11-13 22:47:21.489 [info] Using conda: /opt/conda/bin/conda
2025-11-13 22:47:21.517 [info] Native locator: Refresh started
2025-11-13 22:47:21.547 [info] > /opt/conda/bin/conda info --json
2025-11-13 22:47:21.662 [info] > pyenv which python
2025-11-13 22:47:21.662 [info] cwd: .
2025-11-13 22:47:21.673 [info] Native locator: Refresh finished in 304 ms
2025-11-13 22:47:22.380 [info] > /opt/conda/bin/conda config --get auto_activate_base
2025-11-13 22:47:22.393 [info] Python interpreter path: /usr/bin/python3
2025-11-13 22:47:24.387 [info] Starting Pylance language server.
2025-11-13 22:47:45.853 [info] Native locator: Refresh started
2025-11-13 22:47:45.859 [info] Active interpreter [/root/capsule/code/generate_coreg_table.ipynb]:  /opt/conda/bin/python
2025-11-13 22:47:45.976 [info] > /opt/conda/bin/conda run -p /opt/conda --no-capture-output python ~/.vscode/extensions/ms-python.python-2025.16.0-linux-x64/python_files/get_output_via_markers.py ~/.vscode/extensions/ms-python.python-2025.16.0-linux-x64/python_files/printEnvVariables.py
2025-11-13 22:47:45.976 [info] shell: bash
2025-11-13 22:47:45.976 [info] > /opt/conda/bin/conda run -p /opt/conda --no-capture-output python ~/.vscode/extensions/ms-python.python-2025.16.0-linux-x64/python_files/get_output_via_markers.py ~/.vscode/extensions/ms-python.python-2025.16.0-linux-x64/python_files/printEnvVariables.py
2025-11-13 22:47:45.976 [info] shell: bash
2025-11-13 22:47:45.994 [info] Conda environment manager found at: /opt/conda/bin/conda
2025-11-13 22:47:45.994 [info] Conda set to: /opt/conda/bin/conda
2025-11-13 22:47:46.024 [info] Native locator: Refresh finished in 172 ms
